{"obj": {"type": "AssignString", "path": ["sys", "description"], "value": ""}, "version": 1, "at": 1756067015.20913}
{"obj": {"type": "AssignString", "path": ["monitoring", "d92cd52d", "hostname"], "value": "5e209612c6d1"}, "version": 2, "at": 1756067015.2096896}
{"obj": {"type": "AssignString", "path": ["sys", "hostname"], "value": "5e209612c6d1"}, "version": 3, "at": 1756067015.209909}
{"obj": {"type": "AssignString", "path": ["monitoring", "d92cd52d", "pid"], "value": "728665"}, "version": 4, "at": 1756067015.2100947}
{"obj": {"type": "AssignString", "path": ["monitoring", "d92cd52d", "tid"], "value": "281473020887072"}, "version": 5, "at": 1756067015.210272}
{"obj": {"type": "AssignBool", "path": ["sys", "failed"], "value": false}, "version": 6, "at": 1756067015.2104385}
{"obj": {"type": "LogFloats", "path": ["losses", "train", "loss"], "values": [{"value": 0.2654793135728188, "step": null, "ts": 1756067017.3772843}]}, "version": 7, "at": 1756067017.37739}
{"obj": {"type": "LogFloats", "path": ["metrics", "train", "accuracy"], "values": [{"value": 0.9243833333331793, "step": null, "ts": 1756067017.3778446}]}, "version": 8, "at": 1756067017.3778532}
{"obj": {"type": "LogFloats", "path": ["losses", "val", "loss"], "values": [{"value": 0.3519087731725795, "step": null, "ts": 1756067017.3780465}]}, "version": 9, "at": 1756067017.378053}
{"obj": {"type": "LogFloats", "path": ["metrics", "val", "accuracy"], "values": [{"value": 0.9687499999990328, "step": null, "ts": 1756067017.3782377}]}, "version": 10, "at": 1756067017.3782434}
{"obj": {"type": "LogFloats", "path": ["losses", "train", "loss"], "values": [{"value": 0.26781715807175854, "step": null, "ts": 1756067019.397366}]}, "version": 11, "at": 1756067019.3975227}
{"obj": {"type": "LogFloats", "path": ["metrics", "train", "accuracy"], "values": [{"value": 0.9228999999998462, "step": null, "ts": 1756067019.3981645}]}, "version": 12, "at": 1756067019.398176}
{"obj": {"type": "LogFloats", "path": ["losses", "val", "loss"], "values": [{"value": 0.3204936683075554, "step": null, "ts": 1756067019.3984818}]}, "version": 13, "at": 1756067019.3984945}
{"obj": {"type": "LogFloats", "path": ["metrics", "val", "accuracy"], "values": [{"value": 0.9687499999990328, "step": null, "ts": 1756067019.3987513}]}, "version": 14, "at": 1756067019.398759}
{"obj": {"type": "LogFloats", "path": ["losses", "train", "loss"], "values": [{"value": 0.266498771467377, "step": null, "ts": 1756067021.2901378}]}, "version": 15, "at": 1756067021.2901723}
{"obj": {"type": "LogFloats", "path": ["metrics", "train", "accuracy"], "values": [{"value": 0.9246333333331793, "step": null, "ts": 1756067021.2905748}]}, "version": 16, "at": 1756067021.2905865}
{"obj": {"type": "LogFloats", "path": ["losses", "val", "loss"], "values": [{"value": 0.29522669314394917, "step": null, "ts": 1756067021.2907898}]}, "version": 17, "at": 1756067021.2907972}
{"obj": {"type": "LogFloats", "path": ["metrics", "val", "accuracy"], "values": [{"value": 0.9687499999990328, "step": null, "ts": 1756067021.2909849}]}, "version": 18, "at": 1756067021.2909918}
{"obj": {"type": "LogFloats", "path": ["losses", "train", "loss"], "values": [{"value": 0.26564521580196804, "step": null, "ts": 1756067023.1134453}]}, "version": 19, "at": 1756067023.1135347}
{"obj": {"type": "LogFloats", "path": ["metrics", "train", "accuracy"], "values": [{"value": 0.9235499999998461, "step": null, "ts": 1756067023.1140976}]}, "version": 20, "at": 1756067023.1141086}
{"obj": {"type": "LogFloats", "path": ["losses", "val", "loss"], "values": [{"value": 0.3033000230692284, "step": null, "ts": 1756067023.1143868}]}, "version": 21, "at": 1756067023.1143975}
{"obj": {"type": "LogFloats", "path": ["metrics", "val", "accuracy"], "values": [{"value": 0.9687499999990328, "step": null, "ts": 1756067023.114638}]}, "version": 22, "at": 1756067023.1146457}
{"obj": {"type": "LogFloats", "path": ["losses", "train", "loss"], "values": [{"value": 0.26784664769327843, "step": null, "ts": 1756067024.8616982}]}, "version": 23, "at": 1756067024.8617218}
{"obj": {"type": "LogFloats", "path": ["metrics", "train", "accuracy"], "values": [{"value": 0.9233499999998461, "step": null, "ts": 1756067024.8621361}]}, "version": 24, "at": 1756067024.8621533}
{"obj": {"type": "LogFloats", "path": ["losses", "val", "loss"], "values": [{"value": 0.2850507199673181, "step": null, "ts": 1756067024.8623843}]}, "version": 25, "at": 1756067024.8624017}
{"obj": {"type": "LogFloats", "path": ["metrics", "val", "accuracy"], "values": [{"value": 0.9687499999990328, "step": null, "ts": 1756067024.8626087}]}, "version": 26, "at": 1756067024.8626242}
{"obj": {"type": "LogFloats", "path": ["losses", "train", "loss"], "values": [{"value": 0.2664073495651978, "step": null, "ts": 1756067026.5745556}]}, "version": 27, "at": 1756067026.5746145}
{"obj": {"type": "LogFloats", "path": ["metrics", "train", "accuracy"], "values": [{"value": 0.9236666666665128, "step": null, "ts": 1756067026.5750906}]}, "version": 28, "at": 1756067026.5751014}
{"obj": {"type": "LogFloats", "path": ["losses", "val", "loss"], "values": [{"value": 0.3236620426074572, "step": null, "ts": 1756067026.575357}]}, "version": 29, "at": 1756067026.5753639}
{"obj": {"type": "LogFloats", "path": ["metrics", "val", "accuracy"], "values": [{"value": 0.937499999999064, "step": null, "ts": 1756067026.5755908}]}, "version": 30, "at": 1756067026.5755973}
{"obj": {"type": "LogFloats", "path": ["losses", "train", "loss"], "values": [{"value": 0.2666022145465699, "step": null, "ts": 1756067028.3054311}]}, "version": 31, "at": 1756067028.3054633}
{"obj": {"type": "LogFloats", "path": ["metrics", "train", "accuracy"], "values": [{"value": 0.9234833333331794, "step": null, "ts": 1756067028.3058434}]}, "version": 32, "at": 1756067028.3058522}
{"obj": {"type": "LogFloats", "path": ["losses", "val", "loss"], "values": [{"value": 0.2908278107550211, "step": null, "ts": 1756067028.3061168}]}, "version": 33, "at": 1756067028.3061278}
{"obj": {"type": "LogFloats", "path": ["metrics", "val", "accuracy"], "values": [{"value": 0.9687499999990328, "step": null, "ts": 1756067028.3063917}]}, "version": 34, "at": 1756067028.3063993}
{"obj": {"type": "LogFloats", "path": ["losses", "train", "loss"], "values": [{"value": 0.266708569791484, "step": null, "ts": 1756067030.107383}]}, "version": 35, "at": 1756067030.107471}
{"obj": {"type": "LogFloats", "path": ["metrics", "train", "accuracy"], "values": [{"value": 0.9235999999998461, "step": null, "ts": 1756067030.1079705}]}, "version": 36, "at": 1756067030.1079855}
{"obj": {"type": "LogFloats", "path": ["losses", "val", "loss"], "values": [{"value": 0.3128411173720546, "step": null, "ts": 1756067030.1082647}]}, "version": 37, "at": 1756067030.1082764}
{"obj": {"type": "LogFloats", "path": ["metrics", "val", "accuracy"], "values": [{"value": 0.9687499999990328, "step": null, "ts": 1756067030.1085348}]}, "version": 38, "at": 1756067030.108543}
{"obj": {"type": "LogFloats", "path": ["losses", "train", "loss"], "values": [{"value": 0.26707232447223483, "step": null, "ts": 1756067032.1259606}]}, "version": 39, "at": 1756067032.126014}
{"obj": {"type": "LogFloats", "path": ["metrics", "train", "accuracy"], "values": [{"value": 0.924099999999846, "step": null, "ts": 1756067032.1265008}]}, "version": 40, "at": 1756067032.1265137}
{"obj": {"type": "LogFloats", "path": ["losses", "val", "loss"], "values": [{"value": 0.2848832905201494, "step": null, "ts": 1756067032.1267774}]}, "version": 41, "at": 1756067032.1267855}
{"obj": {"type": "LogFloats", "path": ["metrics", "val", "accuracy"], "values": [{"value": 0.9687499999990328, "step": null, "ts": 1756067032.1270227}]}, "version": 42, "at": 1756067032.1270318}
{"obj": {"type": "LogFloats", "path": ["losses", "train", "loss"], "values": [{"value": 0.26769906446939984, "step": null, "ts": 1756067033.9225242}]}, "version": 43, "at": 1756067033.922566}
{"obj": {"type": "LogFloats", "path": ["metrics", "train", "accuracy"], "values": [{"value": 0.9233833333331795, "step": null, "ts": 1756067033.9232123}]}, "version": 44, "at": 1756067033.9232252}
{"obj": {"type": "LogFloats", "path": ["losses", "val", "loss"], "values": [{"value": 0.2782224714667123, "step": null, "ts": 1756067033.9234996}]}, "version": 45, "at": 1756067033.9235077}
{"obj": {"type": "LogFloats", "path": ["metrics", "val", "accuracy"], "values": [{"value": 0.9687499999990328, "step": null, "ts": 1756067033.923738}]}, "version": 46, "at": 1756067033.9237444}
{"obj": {"type": "LogFloats", "path": ["losses", "train", "loss"], "values": [{"value": 0.26869207416232177, "step": null, "ts": 1756067035.898827}]}, "version": 47, "at": 1756067035.899002}
{"obj": {"type": "LogFloats", "path": ["metrics", "train", "accuracy"], "values": [{"value": 0.9233666666665128, "step": null, "ts": 1756067035.89979}]}, "version": 48, "at": 1756067035.899807}
{"obj": {"type": "LogFloats", "path": ["losses", "val", "loss"], "values": [{"value": 0.3299607038392506, "step": null, "ts": 1756067035.9002242}]}, "version": 49, "at": 1756067035.900235}
{"obj": {"type": "LogFloats", "path": ["metrics", "val", "accuracy"], "values": [{"value": 0.9687499999990328, "step": null, "ts": 1756067035.9005156}]}, "version": 50, "at": 1756067035.9005244}
{"obj": {"type": "LogFloats", "path": ["losses", "train", "loss"], "values": [{"value": 0.26604267344531585, "step": null, "ts": 1756067037.7544677}]}, "version": 51, "at": 1756067037.7546232}
{"obj": {"type": "LogFloats", "path": ["metrics", "train", "accuracy"], "values": [{"value": 0.9243833333331793, "step": null, "ts": 1756067037.7552464}]}, "version": 52, "at": 1756067037.755259}
{"obj": {"type": "LogFloats", "path": ["losses", "val", "loss"], "values": [{"value": 0.3593035638217573, "step": null, "ts": 1756067037.7555192}]}, "version": 53, "at": 1756067037.7555282}
{"obj": {"type": "LogFloats", "path": ["metrics", "val", "accuracy"], "values": [{"value": 0.937499999999064, "step": null, "ts": 1756067037.7557824}]}, "version": 54, "at": 1756067037.7557893}
{"obj": {"type": "LogFloats", "path": ["losses", "train", "loss"], "values": [{"value": 0.2667484563440759, "step": null, "ts": 1756067039.686537}]}, "version": 55, "at": 1756067039.6866367}
{"obj": {"type": "LogFloats", "path": ["metrics", "train", "accuracy"], "values": [{"value": 0.9233999999998461, "step": null, "ts": 1756067039.687375}]}, "version": 56, "at": 1756067039.6873953}
{"obj": {"type": "LogFloats", "path": ["losses", "val", "loss"], "values": [{"value": 0.26275467871780156, "step": null, "ts": 1756067039.687693}]}, "version": 57, "at": 1756067039.6877046}
{"obj": {"type": "LogFloats", "path": ["metrics", "val", "accuracy"], "values": [{"value": 0.9687499999990328, "step": null, "ts": 1756067039.6879556}]}, "version": 58, "at": 1756067039.6879644}
{"obj": {"type": "LogFloats", "path": ["losses", "train", "loss"], "values": [{"value": 0.2651492079919343, "step": null, "ts": 1756067041.495393}]}, "version": 59, "at": 1756067041.495413}
{"obj": {"type": "LogFloats", "path": ["metrics", "train", "accuracy"], "values": [{"value": 0.9235166666665128, "step": null, "ts": 1756067041.495773}]}, "version": 60, "at": 1756067041.4957862}
{"obj": {"type": "LogFloats", "path": ["losses", "val", "loss"], "values": [{"value": 0.271891295901195, "step": null, "ts": 1756067041.4959958}]}, "version": 61, "at": 1756067041.4960034}
{"obj": {"type": "LogFloats", "path": ["metrics", "val", "accuracy"], "values": [{"value": 0.9687499999990328, "step": null, "ts": 1756067041.4962232}]}, "version": 62, "at": 1756067041.4962323}
{"obj": {"type": "LogFloats", "path": ["losses", "train", "loss"], "values": [{"value": 0.2682375290051698, "step": null, "ts": 1756067043.5446725}]}, "version": 63, "at": 1756067043.545112}
{"obj": {"type": "LogFloats", "path": ["metrics", "train", "accuracy"], "values": [{"value": 0.9234666666665128, "step": null, "ts": 1756067043.5460088}]}, "version": 64, "at": 1756067043.5460265}
{"obj": {"type": "LogFloats", "path": ["losses", "val", "loss"], "values": [{"value": 0.2699938714417982, "step": null, "ts": 1756067043.5463498}]}, "version": 65, "at": 1756067043.5463638}
{"obj": {"type": "LogFloats", "path": ["metrics", "val", "accuracy"], "values": [{"value": 0.9687499999990328, "step": null, "ts": 1756067043.5467687}]}, "version": 66, "at": 1756067043.54678}
{"obj": {"type": "LogFloats", "path": ["losses", "train", "loss"], "values": [{"value": 0.26656964284834156, "step": null, "ts": 1756067045.5285628}]}, "version": 67, "at": 1756067045.5285869}
{"obj": {"type": "LogFloats", "path": ["metrics", "train", "accuracy"], "values": [{"value": 0.9235166666665128, "step": null, "ts": 1756067045.5292025}]}, "version": 68, "at": 1756067045.5292146}
{"obj": {"type": "LogFloats", "path": ["losses", "val", "loss"], "values": [{"value": 0.2544756531634091, "step": null, "ts": 1756067045.5294814}]}, "version": 69, "at": 1756067045.52949}
{"obj": {"type": "LogFloats", "path": ["metrics", "val", "accuracy"], "values": [{"value": 0.9687499999990328, "step": null, "ts": 1756067045.5297372}]}, "version": 70, "at": 1756067045.5297441}
{"obj": {"type": "LogFloats", "path": ["losses", "train", "loss"], "values": [{"value": 0.26594082728879875, "step": null, "ts": 1756067047.3500693}]}, "version": 71, "at": 1756067047.3501794}
{"obj": {"type": "LogFloats", "path": ["metrics", "train", "accuracy"], "values": [{"value": 0.9242166666665127, "step": null, "ts": 1756067047.3506918}]}, "version": 72, "at": 1756067047.350707}
{"obj": {"type": "LogFloats", "path": ["losses", "val", "loss"], "values": [{"value": 0.3427526354680228, "step": null, "ts": 1756067047.3509858}]}, "version": 73, "at": 1756067047.3509967}
{"obj": {"type": "LogFloats", "path": ["metrics", "val", "accuracy"], "values": [{"value": 0.9687499999990328, "step": null, "ts": 1756067047.3512561}]}, "version": 74, "at": 1756067047.3512638}
{"obj": {"type": "LogFloats", "path": ["losses", "train", "loss"], "values": [{"value": 0.2664387349452273, "step": null, "ts": 1756067049.3365724}]}, "version": 75, "at": 1756067049.3366735}
{"obj": {"type": "LogFloats", "path": ["metrics", "train", "accuracy"], "values": [{"value": 0.9237499999998461, "step": null, "ts": 1756067049.3373327}]}, "version": 76, "at": 1756067049.3373518}
{"obj": {"type": "LogFloats", "path": ["losses", "val", "loss"], "values": [{"value": 0.3138189911742085, "step": null, "ts": 1756067049.337655}]}, "version": 77, "at": 1756067049.3376656}
{"obj": {"type": "LogFloats", "path": ["metrics", "val", "accuracy"], "values": [{"value": 0.937499999999064, "step": null, "ts": 1756067049.3379622}]}, "version": 78, "at": 1756067049.3379729}
{"obj": {"type": "LogFloats", "path": ["losses", "train", "loss"], "values": [{"value": 0.26639565356629075, "step": null, "ts": 1756067051.7615654}]}, "version": 79, "at": 1756067051.7617266}
{"obj": {"type": "LogFloats", "path": ["metrics", "train", "accuracy"], "values": [{"value": 0.9240166666665127, "step": null, "ts": 1756067051.7623725}]}, "version": 80, "at": 1756067051.7623837}
{"obj": {"type": "LogFloats", "path": ["losses", "val", "loss"], "values": [{"value": 0.27586588262630296, "step": null, "ts": 1756067051.762651}]}, "version": 81, "at": 1756067051.7626617}
{"obj": {"type": "LogFloats", "path": ["metrics", "val", "accuracy"], "values": [{"value": 0.9687499999990328, "step": null, "ts": 1756067051.7629163}]}, "version": 82, "at": 1756067051.7629237}
{"obj": {"type": "LogFloats", "path": ["losses", "train", "loss"], "values": [{"value": 0.2670221672475998, "step": null, "ts": 1756067054.3440435}]}, "version": 83, "at": 1756067054.3442059}
{"obj": {"type": "LogFloats", "path": ["metrics", "train", "accuracy"], "values": [{"value": 0.9233833333331795, "step": null, "ts": 1756067054.3448179}]}, "version": 84, "at": 1756067054.3448346}
{"obj": {"type": "LogFloats", "path": ["losses", "val", "loss"], "values": [{"value": 0.32959374784370266, "step": null, "ts": 1756067054.345035}]}, "version": 85, "at": 1756067054.3450432}
{"obj": {"type": "LogFloats", "path": ["metrics", "val", "accuracy"], "values": [{"value": 0.9687499999990328, "step": null, "ts": 1756067054.345324}]}, "version": 86, "at": 1756067054.3453352}
{"obj": {"type": "LogFloats", "path": ["losses", "train", "loss"], "values": [{"value": 0.2670743074800235, "step": null, "ts": 1756067056.143076}]}, "version": 87, "at": 1756067056.1431005}
{"obj": {"type": "LogFloats", "path": ["metrics", "train", "accuracy"], "values": [{"value": 0.9230833333331795, "step": null, "ts": 1756067056.1435273}]}, "version": 88, "at": 1756067056.1435416}
{"obj": {"type": "LogFloats", "path": ["losses", "val", "loss"], "values": [{"value": 0.3247296512023175, "step": null, "ts": 1756067056.143769}]}, "version": 89, "at": 1756067056.1437788}
{"obj": {"type": "LogFloats", "path": ["metrics", "val", "accuracy"], "values": [{"value": 0.9687499999990328, "step": null, "ts": 1756067056.1439939}]}, "version": 90, "at": 1756067056.1440065}
{"obj": {"type": "LogFloats", "path": ["losses", "train", "loss"], "values": [{"value": 0.2665210675871066, "step": null, "ts": 1756067057.8887875}]}, "version": 91, "at": 1756067057.8888135}
{"obj": {"type": "LogFloats", "path": ["metrics", "train", "accuracy"], "values": [{"value": 0.9237666666665127, "step": null, "ts": 1756067057.8893552}]}, "version": 92, "at": 1756067057.889367}
{"obj": {"type": "LogFloats", "path": ["losses", "val", "loss"], "values": [{"value": 0.3126688897509816, "step": null, "ts": 1756067057.8896499}]}, "version": 93, "at": 1756067057.8896596}
{"obj": {"type": "LogFloats", "path": ["metrics", "val", "accuracy"], "values": [{"value": 0.9687499999990328, "step": null, "ts": 1756067057.8898957}]}, "version": 94, "at": 1756067057.8899028}
{"obj": {"type": "LogFloats", "path": ["losses", "train", "loss"], "values": [{"value": 0.2674786824788292, "step": null, "ts": 1756067059.9302988}]}, "version": 95, "at": 1756067059.9304597}
{"obj": {"type": "LogFloats", "path": ["metrics", "train", "accuracy"], "values": [{"value": 0.9230333333331795, "step": null, "ts": 1756067059.931131}]}, "version": 96, "at": 1756067059.9311411}
{"obj": {"type": "LogFloats", "path": ["losses", "val", "loss"], "values": [{"value": 0.31267029046013384, "step": null, "ts": 1756067059.931394}]}, "version": 97, "at": 1756067059.9314013}
{"obj": {"type": "LogFloats", "path": ["metrics", "val", "accuracy"], "values": [{"value": 0.9687499999990328, "step": null, "ts": 1756067059.9316278}]}, "version": 98, "at": 1756067059.931634}
{"obj": {"type": "LogFloats", "path": ["losses", "train", "loss"], "values": [{"value": 0.26589773243722564, "step": null, "ts": 1756067061.6987202}]}, "version": 99, "at": 1756067061.6987443}
{"obj": {"type": "LogFloats", "path": ["metrics", "train", "accuracy"], "values": [{"value": 0.9243333333331794, "step": null, "ts": 1756067061.699103}]}, "version": 100, "at": 1756067061.6991193}
{"obj": {"type": "LogFloats", "path": ["losses", "val", "loss"], "values": [{"value": 0.3438881635556025, "step": null, "ts": 1756067061.6993387}]}, "version": 101, "at": 1756067061.6993468}
{"obj": {"type": "LogFloats", "path": ["metrics", "val", "accuracy"], "values": [{"value": 0.9687499999990328, "step": null, "ts": 1756067061.6995184}]}, "version": 102, "at": 1756067061.699525}
{"obj": {"type": "LogFloats", "path": ["losses", "train", "loss"], "values": [{"value": 0.2646270331726266, "step": null, "ts": 1756067063.5086215}]}, "version": 103, "at": 1756067063.5086472}
{"obj": {"type": "LogFloats", "path": ["metrics", "train", "accuracy"], "values": [{"value": 0.9238666666665127, "step": null, "ts": 1756067063.5090473}]}, "version": 104, "at": 1756067063.5090733}
{"obj": {"type": "LogFloats", "path": ["losses", "val", "loss"], "values": [{"value": 0.2908985912706896, "step": null, "ts": 1756067063.5093877}]}, "version": 105, "at": 1756067063.5094037}
{"obj": {"type": "LogFloats", "path": ["metrics", "val", "accuracy"], "values": [{"value": 0.9687499999990328, "step": null, "ts": 1756067063.5097613}]}, "version": 106, "at": 1756067063.5097702}
{"obj": {"type": "LogFloats", "path": ["losses", "train", "loss"], "values": [{"value": 0.2639973795002527, "step": null, "ts": 1756067065.2494009}]}, "version": 107, "at": 1756067065.2494333}
{"obj": {"type": "LogFloats", "path": ["metrics", "train", "accuracy"], "values": [{"value": 0.9243666666665127, "step": null, "ts": 1756067065.2505095}]}, "version": 108, "at": 1756067065.250525}
{"obj": {"type": "LogFloats", "path": ["losses", "val", "loss"], "values": [{"value": 0.3445926606545027, "step": null, "ts": 1756067065.250797}]}, "version": 109, "at": 1756067065.2508051}
{"obj": {"type": "LogFloats", "path": ["metrics", "val", "accuracy"], "values": [{"value": 0.9687499999990328, "step": null, "ts": 1756067065.2510192}]}, "version": 110, "at": 1756067065.2510295}
{"obj": {"type": "LogFloats", "path": ["losses", "train", "loss"], "values": [{"value": 0.26772489030913776, "step": null, "ts": 1756067067.0139217}]}, "version": 111, "at": 1756067067.0140147}
{"obj": {"type": "LogFloats", "path": ["metrics", "train", "accuracy"], "values": [{"value": 0.9235833333331794, "step": null, "ts": 1756067067.0146818}]}, "version": 112, "at": 1756067067.0147007}
{"obj": {"type": "LogFloats", "path": ["losses", "val", "loss"], "values": [{"value": 0.3101344406505682, "step": null, "ts": 1756067067.0150278}]}, "version": 113, "at": 1756067067.0150402}
{"obj": {"type": "LogFloats", "path": ["metrics", "val", "accuracy"], "values": [{"value": 0.9687499999990328, "step": null, "ts": 1756067067.0153718}]}, "version": 114, "at": 1756067067.0153854}
{"obj": {"type": "LogFloats", "path": ["losses", "train", "loss"], "values": [{"value": 0.2670987368787984, "step": null, "ts": 1756067069.085485}]}, "version": 115, "at": 1756067069.0855944}
{"obj": {"type": "LogFloats", "path": ["metrics", "train", "accuracy"], "values": [{"value": 0.9233499999998461, "step": null, "ts": 1756067069.0862627}]}, "version": 116, "at": 1756067069.0862784}
{"obj": {"type": "LogFloats", "path": ["losses", "val", "loss"], "values": [{"value": 0.3128860890765362, "step": null, "ts": 1756067069.0864806}]}, "version": 117, "at": 1756067069.08649}
{"obj": {"type": "LogFloats", "path": ["metrics", "val", "accuracy"], "values": [{"value": 0.9687499999990328, "step": null, "ts": 1756067069.0866761}]}, "version": 118, "at": 1756067069.0866854}
{"obj": {"type": "LogFloats", "path": ["losses", "train", "loss"], "values": [{"value": 0.26588365238365785, "step": null, "ts": 1756067071.2233171}]}, "version": 119, "at": 1756067071.2240822}
{"obj": {"type": "LogFloats", "path": ["metrics", "train", "accuracy"], "values": [{"value": 0.9236499999998461, "step": null, "ts": 1756067071.2251134}]}, "version": 120, "at": 1756067071.225129}
{"obj": {"type": "LogFloats", "path": ["losses", "val", "loss"], "values": [{"value": 0.3501900136358913, "step": null, "ts": 1756067071.2254026}]}, "version": 121, "at": 1756067071.2254124}
{"obj": {"type": "LogFloats", "path": ["metrics", "val", "accuracy"], "values": [{"value": 0.9687499999990328, "step": null, "ts": 1756067071.225713}]}, "version": 122, "at": 1756067071.2257211}
{"obj": {"type": "LogFloats", "path": ["losses", "train", "loss"], "values": [{"value": 0.26447347542899863, "step": null, "ts": 1756067073.0638103}]}, "version": 123, "at": 1756067073.0638425}
{"obj": {"type": "LogFloats", "path": ["metrics", "train", "accuracy"], "values": [{"value": 0.9247833333331792, "step": null, "ts": 1756067073.0648332}]}, "version": 124, "at": 1756067073.0648465}
{"obj": {"type": "LogFloats", "path": ["losses", "val", "loss"], "values": [{"value": 0.28137806057031023, "step": null, "ts": 1756067073.0651197}]}, "version": 125, "at": 1756067073.0651278}
{"obj": {"type": "LogFloats", "path": ["metrics", "val", "accuracy"], "values": [{"value": 0.9687499999990328, "step": null, "ts": 1756067073.0653706}]}, "version": 126, "at": 1756067073.0653782}
{"obj": {"type": "LogFloats", "path": ["losses", "train", "loss"], "values": [{"value": 0.2699711580738928, "step": null, "ts": 1756067075.4950516}]}, "version": 127, "at": 1756067075.495267}
{"obj": {"type": "LogFloats", "path": ["metrics", "train", "accuracy"], "values": [{"value": 0.9214499999998464, "step": null, "ts": 1756067075.4961731}]}, "version": 128, "at": 1756067075.4961905}
{"obj": {"type": "LogFloats", "path": ["losses", "val", "loss"], "values": [{"value": 0.312201857556859, "step": null, "ts": 1756067075.4965065}]}, "version": 129, "at": 1756067075.4965205}
{"obj": {"type": "LogFloats", "path": ["metrics", "val", "accuracy"], "values": [{"value": 0.9687499999990328, "step": null, "ts": 1756067075.4970272}]}, "version": 130, "at": 1756067075.4970353}
{"obj": {"type": "LogFloats", "path": ["losses", "train", "loss"], "values": [{"value": 0.2673192823624262, "step": null, "ts": 1756067078.3986712}]}, "version": 131, "at": 1756067078.398898}
{"obj": {"type": "LogFloats", "path": ["metrics", "train", "accuracy"], "values": [{"value": 0.9232833333331795, "step": null, "ts": 1756067078.3996613}]}, "version": 132, "at": 1756067078.3996766}
{"obj": {"type": "LogFloats", "path": ["losses", "val", "loss"], "values": [{"value": 0.3823708593723204, "step": null, "ts": 1756067078.3998902}]}, "version": 133, "at": 1756067078.3998978}
{"obj": {"type": "LogFloats", "path": ["metrics", "val", "accuracy"], "values": [{"value": 0.9687499999990328, "step": null, "ts": 1756067078.400082}]}, "version": 134, "at": 1756067078.400091}
{"obj": {"type": "LogFloats", "path": ["losses", "train", "loss"], "values": [{"value": 0.26739431867059515, "step": null, "ts": 1756067080.3234606}]}, "version": 135, "at": 1756067080.3235154}
{"obj": {"type": "LogFloats", "path": ["metrics", "train", "accuracy"], "values": [{"value": 0.9239666666665127, "step": null, "ts": 1756067080.3238654}]}, "version": 136, "at": 1756067080.323878}
{"obj": {"type": "LogFloats", "path": ["losses", "val", "loss"], "values": [{"value": 0.33526584504963713, "step": null, "ts": 1756067080.3240786}]}, "version": 137, "at": 1756067080.3240905}
{"obj": {"type": "LogFloats", "path": ["metrics", "val", "accuracy"], "values": [{"value": 0.937499999999064, "step": null, "ts": 1756067080.3242233}]}, "version": 138, "at": 1756067080.3242302}
{"obj": {"type": "LogFloats", "path": ["losses", "train", "loss"], "values": [{"value": 0.2663090291426284, "step": null, "ts": 1756067082.1365368}]}, "version": 139, "at": 1756067082.136563}
{"obj": {"type": "LogFloats", "path": ["metrics", "train", "accuracy"], "values": [{"value": 0.9228499999998462, "step": null, "ts": 1756067082.137025}]}, "version": 140, "at": 1756067082.1370387}
{"obj": {"type": "LogFloats", "path": ["losses", "val", "loss"], "values": [{"value": 0.3604515194777723, "step": null, "ts": 1756067082.1373672}]}, "version": 141, "at": 1756067082.1373827}
{"obj": {"type": "LogFloats", "path": ["metrics", "val", "accuracy"], "values": [{"value": 0.9687499999990328, "step": null, "ts": 1756067082.137718}]}, "version": 142, "at": 1756067082.13773}
{"obj": {"type": "LogFloats", "path": ["losses", "train", "loss"], "values": [{"value": 0.2665243146713268, "step": null, "ts": 1756067083.8256853}]}, "version": 143, "at": 1756067083.8257222}
{"obj": {"type": "LogFloats", "path": ["metrics", "train", "accuracy"], "values": [{"value": 0.9242166666665127, "step": null, "ts": 1756067083.8262112}]}, "version": 144, "at": 1756067083.8262331}
{"obj": {"type": "LogFloats", "path": ["losses", "val", "loss"], "values": [{"value": 0.33528339861752293, "step": null, "ts": 1756067083.826518}]}, "version": 145, "at": 1756067083.8265278}
{"obj": {"type": "LogFloats", "path": ["metrics", "val", "accuracy"], "values": [{"value": 0.9687499999990328, "step": null, "ts": 1756067083.8267953}]}, "version": 146, "at": 1756067083.8268025}
{"obj": {"type": "LogFloats", "path": ["losses", "train", "loss"], "values": [{"value": 0.2667248455371142, "step": null, "ts": 1756067085.7021134}]}, "version": 147, "at": 1756067085.7022824}
{"obj": {"type": "LogFloats", "path": ["metrics", "train", "accuracy"], "values": [{"value": 0.9231166666665128, "step": null, "ts": 1756067085.7029717}]}, "version": 148, "at": 1756067085.702984}
{"obj": {"type": "LogFloats", "path": ["losses", "val", "loss"], "values": [{"value": 0.29591155051239654, "step": null, "ts": 1756067085.7032616}]}, "version": 149, "at": 1756067085.7032704}
{"obj": {"type": "LogFloats", "path": ["metrics", "val", "accuracy"], "values": [{"value": 0.9687499999990328, "step": null, "ts": 1756067085.7035215}]}, "version": 150, "at": 1756067085.7035286}
{"obj": {"type": "LogFloats", "path": ["losses", "train", "loss"], "values": [{"value": 0.26803684710121256, "step": null, "ts": 1756067087.4819975}]}, "version": 151, "at": 1756067087.4820418}
{"obj": {"type": "LogFloats", "path": ["metrics", "train", "accuracy"], "values": [{"value": 0.9233166666665128, "step": null, "ts": 1756067087.4825368}]}, "version": 152, "at": 1756067087.482548}
{"obj": {"type": "LogFloats", "path": ["losses", "val", "loss"], "values": [{"value": 0.3377266526114329, "step": null, "ts": 1756067087.48296}]}, "version": 153, "at": 1756067087.4829688}
{"obj": {"type": "LogFloats", "path": ["metrics", "val", "accuracy"], "values": [{"value": 0.9687499999990328, "step": null, "ts": 1756067087.483236}]}, "version": 154, "at": 1756067087.4832468}
{"obj": {"type": "LogFloats", "path": ["losses", "train", "loss"], "values": [{"value": 0.26529617343204787, "step": null, "ts": 1756067089.214438}]}, "version": 155, "at": 1756067089.2144775}
{"obj": {"type": "LogFloats", "path": ["metrics", "train", "accuracy"], "values": [{"value": 0.9247166666665126, "step": null, "ts": 1756067089.2177043}]}, "version": 156, "at": 1756067089.2177265}
{"obj": {"type": "LogFloats", "path": ["losses", "val", "loss"], "values": [{"value": 0.2554904520430001, "step": null, "ts": 1756067089.2185934}]}, "version": 157, "at": 1756067089.2186122}
{"obj": {"type": "LogFloats", "path": ["metrics", "val", "accuracy"], "values": [{"value": 0.9687499999990328, "step": null, "ts": 1756067089.2191305}]}, "version": 158, "at": 1756067089.219141}
{"obj": {"type": "LogFloats", "path": ["losses", "train", "loss"], "values": [{"value": 0.26623353489445717, "step": null, "ts": 1756067091.6202471}]}, "version": 159, "at": 1756067091.6205444}
{"obj": {"type": "LogFloats", "path": ["metrics", "train", "accuracy"], "values": [{"value": 0.9239666666665127, "step": null, "ts": 1756067091.6216493}]}, "version": 160, "at": 1756067091.6216762}
{"obj": {"type": "LogFloats", "path": ["losses", "val", "loss"], "values": [{"value": 0.34810337423166104, "step": null, "ts": 1756067091.6219468}]}, "version": 161, "at": 1756067091.6219687}
{"obj": {"type": "LogFloats", "path": ["metrics", "val", "accuracy"], "values": [{"value": 0.9687499999990328, "step": null, "ts": 1756067091.6222181}]}, "version": 162, "at": 1756067091.6222444}
{"obj": {"type": "LogFloats", "path": ["losses", "train", "loss"], "values": [{"value": 0.26630822953737804, "step": null, "ts": 1756067094.0430896}]}, "version": 163, "at": 1756067094.0432549}
{"obj": {"type": "LogFloats", "path": ["metrics", "train", "accuracy"], "values": [{"value": 0.9240333333331794, "step": null, "ts": 1756067094.0440233}]}, "version": 164, "at": 1756067094.044036}
{"obj": {"type": "LogFloats", "path": ["losses", "val", "loss"], "values": [{"value": 0.2971559166813326, "step": null, "ts": 1756067094.0442863}]}, "version": 165, "at": 1756067094.0442977}
{"obj": {"type": "LogFloats", "path": ["metrics", "val", "accuracy"], "values": [{"value": 0.9687499999990328, "step": null, "ts": 1756067094.0444975}]}, "version": 166, "at": 1756067094.0445063}
{"obj": {"type": "LogFloats", "path": ["losses", "train", "loss"], "values": [{"value": 0.2669524791618852, "step": null, "ts": 1756067096.1709683}]}, "version": 167, "at": 1756067096.1710012}
{"obj": {"type": "LogFloats", "path": ["metrics", "train", "accuracy"], "values": [{"value": 0.9232999999998461, "step": null, "ts": 1756067096.1715374}]}, "version": 168, "at": 1756067096.1715503}
{"obj": {"type": "LogFloats", "path": ["losses", "val", "loss"], "values": [{"value": 0.3110838830371651, "step": null, "ts": 1756067096.171811}]}, "version": 169, "at": 1756067096.171819}
{"obj": {"type": "LogFloats", "path": ["metrics", "val", "accuracy"], "values": [{"value": 0.937499999999064, "step": null, "ts": 1756067096.1720817}]}, "version": 170, "at": 1756067096.1720936}
{"obj": {"type": "LogFloats", "path": ["losses", "train", "loss"], "values": [{"value": 0.26580392950134774, "step": null, "ts": 1756067098.4800467}]}, "version": 171, "at": 1756067098.4803233}
{"obj": {"type": "LogFloats", "path": ["metrics", "train", "accuracy"], "values": [{"value": 0.924249999999846, "step": null, "ts": 1756067098.4811172}]}, "version": 172, "at": 1756067098.4811296}
{"obj": {"type": "LogFloats", "path": ["losses", "val", "loss"], "values": [{"value": 0.32352080940166644, "step": null, "ts": 1756067098.481444}]}, "version": 173, "at": 1756067098.4814558}
{"obj": {"type": "LogFloats", "path": ["metrics", "val", "accuracy"], "values": [{"value": 0.9687499999990328, "step": null, "ts": 1756067098.481709}]}, "version": 174, "at": 1756067098.4817176}
{"obj": {"type": "LogFloats", "path": ["losses", "train", "loss"], "values": [{"value": 0.26520182418880484, "step": null, "ts": 1756067100.4137864}]}, "version": 175, "at": 1756067100.4138312}
{"obj": {"type": "LogFloats", "path": ["metrics", "train", "accuracy"], "values": [{"value": 0.9252166666665125, "step": null, "ts": 1756067100.4154232}]}, "version": 176, "at": 1756067100.415437}
{"obj": {"type": "LogFloats", "path": ["losses", "val", "loss"], "values": [{"value": 0.30154401062955666, "step": null, "ts": 1756067100.4156868}]}, "version": 177, "at": 1756067100.4156957}
{"obj": {"type": "LogFloats", "path": ["metrics", "val", "accuracy"], "values": [{"value": 0.9687499999990328, "step": null, "ts": 1756067100.4159374}]}, "version": 178, "at": 1756067100.4159496}
{"obj": {"type": "LogFloats", "path": ["losses", "train", "loss"], "values": [{"value": 0.26726198344286795, "step": null, "ts": 1756067102.408375}]}, "version": 179, "at": 1756067102.408422}
{"obj": {"type": "LogFloats", "path": ["metrics", "train", "accuracy"], "values": [{"value": 0.9230333333331795, "step": null, "ts": 1756067102.408838}]}, "version": 180, "at": 1756067102.4088507}
{"obj": {"type": "LogFloats", "path": ["losses", "val", "loss"], "values": [{"value": 0.2676250040445655, "step": null, "ts": 1756067102.4091325}]}, "version": 181, "at": 1756067102.4091413}
{"obj": {"type": "LogFloats", "path": ["metrics", "val", "accuracy"], "values": [{"value": 0.9687499999990328, "step": null, "ts": 1756067102.409391}]}, "version": 182, "at": 1756067102.4093976}
{"obj": {"type": "LogFloats", "path": ["losses", "train", "loss"], "values": [{"value": 0.2667083009218853, "step": null, "ts": 1756067104.1962612}]}, "version": 183, "at": 1756067104.1962898}
{"obj": {"type": "LogFloats", "path": ["metrics", "train", "accuracy"], "values": [{"value": 0.9236499999998461, "step": null, "ts": 1756067104.1967509}]}, "version": 184, "at": 1756067104.1967602}
{"obj": {"type": "LogFloats", "path": ["losses", "val", "loss"], "values": [{"value": 0.35357612370315067, "step": null, "ts": 1756067104.1970255}]}, "version": 185, "at": 1756067104.1970325}
{"obj": {"type": "LogFloats", "path": ["metrics", "val", "accuracy"], "values": [{"value": 0.9687499999990328, "step": null, "ts": 1756067104.1972833}]}, "version": 186, "at": 1756067104.1972895}
{"obj": {"type": "LogFloats", "path": ["losses", "train", "loss"], "values": [{"value": 0.2652218206977607, "step": null, "ts": 1756067106.2387338}]}, "version": 187, "at": 1756067106.238844}
{"obj": {"type": "LogFloats", "path": ["metrics", "train", "accuracy"], "values": [{"value": 0.9235833333331794, "step": null, "ts": 1756067106.239907}]}, "version": 188, "at": 1756067106.2399232}
{"obj": {"type": "LogFloats", "path": ["losses", "val", "loss"], "values": [{"value": 0.38374239205088073, "step": null, "ts": 1756067106.2402534}]}, "version": 189, "at": 1756067106.2402658}
{"obj": {"type": "LogFloats", "path": ["metrics", "val", "accuracy"], "values": [{"value": 0.937499999999064, "step": null, "ts": 1756067106.2406979}]}, "version": 190, "at": 1756067106.2407086}
{"obj": {"type": "LogFloats", "path": ["losses", "train", "loss"], "values": [{"value": 0.26760510258879594, "step": null, "ts": 1756067108.557242}]}, "version": 191, "at": 1756067108.558407}
{"obj": {"type": "LogFloats", "path": ["metrics", "train", "accuracy"], "values": [{"value": 0.9234333333331795, "step": null, "ts": 1756067108.5612767}]}, "version": 192, "at": 1756067108.5612893}
{"obj": {"type": "LogFloats", "path": ["losses", "val", "loss"], "values": [{"value": 0.3338617384327081, "step": null, "ts": 1756067108.561484}]}, "version": 193, "at": 1756067108.561492}
{"obj": {"type": "LogFloats", "path": ["metrics", "val", "accuracy"], "values": [{"value": 0.9687499999990328, "step": null, "ts": 1756067108.561663}]}, "version": 194, "at": 1756067108.5616696}
{"obj": {"type": "LogFloats", "path": ["losses", "train", "loss"], "values": [{"value": 0.2680397301947683, "step": null, "ts": 1756067110.6480963}]}, "version": 195, "at": 1756067110.6481187}
{"obj": {"type": "LogFloats", "path": ["metrics", "train", "accuracy"], "values": [{"value": 0.9224999999998463, "step": null, "ts": 1756067110.6486104}]}, "version": 196, "at": 1756067110.6486251}
{"obj": {"type": "LogFloats", "path": ["losses", "val", "loss"], "values": [{"value": 0.304546743621633, "step": null, "ts": 1756067110.6489396}]}, "version": 197, "at": 1756067110.648952}
{"obj": {"type": "LogFloats", "path": ["metrics", "val", "accuracy"], "values": [{"value": 0.9687499999990328, "step": null, "ts": 1756067110.6492124}]}, "version": 198, "at": 1756067110.64922}
{"obj": {"type": "LogFloats", "path": ["losses", "train", "loss"], "values": [{"value": 0.265315744987702, "step": null, "ts": 1756067112.850374}]}, "version": 199, "at": 1756067112.8504946}
{"obj": {"type": "LogFloats", "path": ["metrics", "train", "accuracy"], "values": [{"value": 0.9239833333331794, "step": null, "ts": 1756067112.8511362}]}, "version": 200, "at": 1756067112.8511508}
{"obj": {"type": "LogFloats", "path": ["losses", "val", "loss"], "values": [{"value": 0.29883584379195094, "step": null, "ts": 1756067112.8514173}]}, "version": 201, "at": 1756067112.85143}
{"obj": {"type": "LogFloats", "path": ["metrics", "val", "accuracy"], "values": [{"value": 0.9687499999990328, "step": null, "ts": 1756067112.851685}]}, "version": 202, "at": 1756067112.8517044}
{"obj": {"type": "LogFloats", "path": ["losses", "train", "loss"], "values": [{"value": 0.26779803333040303, "step": null, "ts": 1756067116.016305}]}, "version": 203, "at": 1756067116.016467}
{"obj": {"type": "LogFloats", "path": ["metrics", "train", "accuracy"], "values": [{"value": 0.9235166666665128, "step": null, "ts": 1756067116.017156}]}, "version": 204, "at": 1756067116.0171661}
{"obj": {"type": "LogFloats", "path": ["losses", "val", "loss"], "values": [{"value": 0.266540735951491, "step": null, "ts": 1756067116.0173712}]}, "version": 205, "at": 1756067116.017378}
{"obj": {"type": "LogFloats", "path": ["metrics", "val", "accuracy"], "values": [{"value": 0.9687499999990328, "step": null, "ts": 1756067116.0175545}]}, "version": 206, "at": 1756067116.0175612}
{"obj": {"type": "LogFloats", "path": ["losses", "train", "loss"], "values": [{"value": 0.26638128363149355, "step": null, "ts": 1756067118.1089966}]}, "version": 207, "at": 1756067118.1090224}
{"obj": {"type": "LogFloats", "path": ["metrics", "train", "accuracy"], "values": [{"value": 0.924299999999846, "step": null, "ts": 1756067118.1096437}]}, "version": 208, "at": 1756067118.1096537}
{"obj": {"type": "LogFloats", "path": ["losses", "val", "loss"], "values": [{"value": 0.34613725541916285, "step": null, "ts": 1756067118.1099439}]}, "version": 209, "at": 1756067118.1099546}
{"obj": {"type": "LogFloats", "path": ["metrics", "val", "accuracy"], "values": [{"value": 0.937499999999064, "step": null, "ts": 1756067118.1102016}]}, "version": 210, "at": 1756067118.1102114}
{"obj": {"type": "LogFloats", "path": ["losses", "train", "loss"], "values": [{"value": 0.2658716841211643, "step": null, "ts": 1756067120.1054318}]}, "version": 211, "at": 1756067120.1056569}
{"obj": {"type": "LogFloats", "path": ["metrics", "train", "accuracy"], "values": [{"value": 0.9246333333331793, "step": null, "ts": 1756067120.1064222}]}, "version": 212, "at": 1756067120.1064363}
{"obj": {"type": "LogFloats", "path": ["losses", "val", "loss"], "values": [{"value": 0.29821401833535155, "step": null, "ts": 1756067120.10672}]}, "version": 213, "at": 1756067120.1067276}
{"obj": {"type": "LogFloats", "path": ["metrics", "val", "accuracy"], "values": [{"value": 0.9687499999990328, "step": null, "ts": 1756067120.1069791}]}, "version": 214, "at": 1756067120.10699}
{"obj": {"type": "LogFloats", "path": ["losses", "train", "loss"], "values": [{"value": 0.2658846332496132, "step": null, "ts": 1756067122.8501706}]}, "version": 215, "at": 1756067122.8502567}
{"obj": {"type": "LogFloats", "path": ["metrics", "train", "accuracy"], "values": [{"value": 0.9241833333331794, "step": null, "ts": 1756067122.8508003}]}, "version": 216, "at": 1756067122.8508117}
{"obj": {"type": "LogFloats", "path": ["losses", "val", "loss"], "values": [{"value": 0.31413927673289876, "step": null, "ts": 1756067122.8510835}]}, "version": 217, "at": 1756067122.851093}
{"obj": {"type": "LogFloats", "path": ["metrics", "val", "accuracy"], "values": [{"value": 0.9687499999990328, "step": null, "ts": 1756067122.851339}]}, "version": 218, "at": 1756067122.8513453}
{"obj": {"type": "LogFloats", "path": ["losses", "train", "loss"], "values": [{"value": 0.26488721831995043, "step": null, "ts": 1756067125.2311952}]}, "version": 219, "at": 1756067125.2313988}
{"obj": {"type": "LogFloats", "path": ["metrics", "train", "accuracy"], "values": [{"value": 0.9242833333331794, "step": null, "ts": 1756067125.232385}]}, "version": 220, "at": 1756067125.232396}
{"obj": {"type": "LogFloats", "path": ["losses", "val", "loss"], "values": [{"value": 0.32037034629751904, "step": null, "ts": 1756067125.2326553}]}, "version": 221, "at": 1756067125.2326686}
{"obj": {"type": "LogFloats", "path": ["metrics", "val", "accuracy"], "values": [{"value": 0.9687499999990328, "step": null, "ts": 1756067125.2329798}]}, "version": 222, "at": 1756067125.2329879}
{"obj": {"type": "LogFloats", "path": ["losses", "train", "loss"], "values": [{"value": 0.264578073442558, "step": null, "ts": 1756067127.3715632}]}, "version": 223, "at": 1756067127.3715844}
{"obj": {"type": "LogFloats", "path": ["metrics", "train", "accuracy"], "values": [{"value": 0.9252499999998458, "step": null, "ts": 1756067127.3718908}]}, "version": 224, "at": 1756067127.3719034}
{"obj": {"type": "LogFloats", "path": ["losses", "val", "loss"], "values": [{"value": 0.26684433220964476, "step": null, "ts": 1756067127.37214}]}, "version": 225, "at": 1756067127.372152}
{"obj": {"type": "LogFloats", "path": ["metrics", "val", "accuracy"], "values": [{"value": 0.9687499999990328, "step": null, "ts": 1756067127.3723426}]}, "version": 226, "at": 1756067127.3723505}
{"obj": {"type": "LogFloats", "path": ["losses", "train", "loss"], "values": [{"value": 0.26858960817313, "step": null, "ts": 1756067130.2005582}]}, "version": 227, "at": 1756067130.2019138}
{"obj": {"type": "LogFloats", "path": ["metrics", "train", "accuracy"], "values": [{"value": 0.9230333333331795, "step": null, "ts": 1756067130.2053845}]}, "version": 228, "at": 1756067130.2054026}
{"obj": {"type": "LogFloats", "path": ["losses", "val", "loss"], "values": [{"value": 0.2853452563194663, "step": null, "ts": 1756067130.2058227}]}, "version": 229, "at": 1756067130.2058377}
{"obj": {"type": "LogFloats", "path": ["metrics", "val", "accuracy"], "values": [{"value": 0.9687499999990328, "step": null, "ts": 1756067130.2065089}]}, "version": 230, "at": 1756067130.2065194}
{"obj": {"type": "LogFloats", "path": ["losses", "train", "loss"], "values": [{"value": 0.2670077576533621, "step": null, "ts": 1756067132.4627604}]}, "version": 231, "at": 1756067132.4627924}
{"obj": {"type": "LogFloats", "path": ["metrics", "train", "accuracy"], "values": [{"value": 0.9246833333331793, "step": null, "ts": 1756067132.463298}]}, "version": 232, "at": 1756067132.4633207}
{"obj": {"type": "LogFloats", "path": ["losses", "val", "loss"], "values": [{"value": 0.3197919726269595, "step": null, "ts": 1756067132.4636796}]}, "version": 233, "at": 1756067132.463694}
{"obj": {"type": "LogFloats", "path": ["metrics", "val", "accuracy"], "values": [{"value": 0.9687499999990328, "step": null, "ts": 1756067132.463962}]}, "version": 234, "at": 1756067132.4639804}
{"obj": {"type": "LogFloats", "path": ["losses", "train", "loss"], "values": [{"value": 0.2668979249746274, "step": null, "ts": 1756067134.7561188}]}, "version": 235, "at": 1756067134.7564576}
{"obj": {"type": "LogFloats", "path": ["metrics", "train", "accuracy"], "values": [{"value": 0.9233999999998461, "step": null, "ts": 1756067134.7574878}]}, "version": 236, "at": 1756067134.7575066}
{"obj": {"type": "LogFloats", "path": ["losses", "val", "loss"], "values": [{"value": 0.3470743596442916, "step": null, "ts": 1756067134.7579458}]}, "version": 237, "at": 1756067134.7579618}
{"obj": {"type": "LogFloats", "path": ["metrics", "val", "accuracy"], "values": [{"value": 0.9687499999990328, "step": null, "ts": 1756067134.758253}]}, "version": 238, "at": 1756067134.758264}
{"obj": {"type": "LogFloats", "path": ["losses", "train", "loss"], "values": [{"value": 0.264876275655208, "step": null, "ts": 1756067136.4850929}]}, "version": 239, "at": 1756067136.4851234}
{"obj": {"type": "LogFloats", "path": ["metrics", "train", "accuracy"], "values": [{"value": 0.9240666666665127, "step": null, "ts": 1756067136.4855793}]}, "version": 240, "at": 1756067136.4855914}
{"obj": {"type": "LogFloats", "path": ["losses", "val", "loss"], "values": [{"value": 0.2943366169835467, "step": null, "ts": 1756067136.4858675}]}, "version": 241, "at": 1756067136.4858768}
{"obj": {"type": "LogFloats", "path": ["metrics", "val", "accuracy"], "values": [{"value": 0.937499999999064, "step": null, "ts": 1756067136.4860957}]}, "version": 242, "at": 1756067136.4861019}
{"obj": {"type": "LogFloats", "path": ["losses", "train", "loss"], "values": [{"value": 0.26614346533971145, "step": null, "ts": 1756067138.8673377}]}, "version": 243, "at": 1756067138.8676398}
{"obj": {"type": "LogFloats", "path": ["metrics", "train", "accuracy"], "values": [{"value": 0.9240166666665127, "step": null, "ts": 1756067138.8687196}]}, "version": 244, "at": 1756067138.8687367}
{"obj": {"type": "LogFloats", "path": ["losses", "val", "loss"], "values": [{"value": 0.35058665274453643, "step": null, "ts": 1756067138.8690767}]}, "version": 245, "at": 1756067138.8690856}
{"obj": {"type": "LogFloats", "path": ["metrics", "val", "accuracy"], "values": [{"value": 0.9687499999990328, "step": null, "ts": 1756067138.8693724}]}, "version": 246, "at": 1756067138.869384}
{"obj": {"type": "LogFloats", "path": ["losses", "train", "loss"], "values": [{"value": 0.2646517933404239, "step": null, "ts": 1756067140.7839322}]}, "version": 247, "at": 1756067140.7839656}
{"obj": {"type": "LogFloats", "path": ["metrics", "train", "accuracy"], "values": [{"value": 0.9257499999998458, "step": null, "ts": 1756067140.7848043}]}, "version": 248, "at": 1756067140.7848175}
{"obj": {"type": "LogFloats", "path": ["losses", "val", "loss"], "values": [{"value": 0.3358102738749982, "step": null, "ts": 1756067140.785099}]}, "version": 249, "at": 1756067140.7851105}
{"obj": {"type": "LogFloats", "path": ["metrics", "val", "accuracy"], "values": [{"value": 0.9687499999990328, "step": null, "ts": 1756067140.7853796}]}, "version": 250, "at": 1756067140.7853875}
