{"obj": {"type": "AssignString", "path": ["sys", "description"], "value": ""}, "version": 1, "at": 1756759989.2514071}
{"obj": {"type": "AssignString", "path": ["monitoring", "93e5cf02", "hostname"], "value": "5e209612c6d1"}, "version": 2, "at": 1756759989.2522802}
{"obj": {"type": "AssignString", "path": ["sys", "hostname"], "value": "5e209612c6d1"}, "version": 3, "at": 1756759989.2528942}
{"obj": {"type": "AssignString", "path": ["monitoring", "93e5cf02", "pid"], "value": "42989"}, "version": 4, "at": 1756759989.2535303}
{"obj": {"type": "AssignString", "path": ["monitoring", "93e5cf02", "tid"], "value": "281473474052128"}, "version": 5, "at": 1756759989.2541087}
{"obj": {"type": "AssignBool", "path": ["sys", "failed"], "value": false}, "version": 6, "at": 1756759989.2546704}
{"obj": {"type": "LogFloats", "path": ["losses", "train", "loss"], "values": [{"value": 0.21553438262029775, "step": null, "ts": 1756759993.2451048}]}, "version": 7, "at": 1756759993.2456434}
{"obj": {"type": "LogFloats", "path": ["losses", "val", "loss"], "values": [{"value": 0.1752564743724107, "step": null, "ts": 1756759993.2470217}]}, "version": 8, "at": 1756759993.2470398}
{"obj": {"type": "LogFloats", "path": ["losses", "train", "loss"], "values": [{"value": 0.16446567240468368, "step": null, "ts": 1756759997.066915}]}, "version": 9, "at": 1756759997.0669355}
{"obj": {"type": "LogFloats", "path": ["losses", "val", "loss"], "values": [{"value": 0.14820814194106727, "step": null, "ts": 1756759997.0674384}]}, "version": 10, "at": 1756759997.0674534}
{"obj": {"type": "LogFloats", "path": ["losses", "train", "loss"], "values": [{"value": 0.14504467786473166, "step": null, "ts": 1756760000.458995}]}, "version": 11, "at": 1756760000.459045}
{"obj": {"type": "LogFloats", "path": ["losses", "val", "loss"], "values": [{"value": 0.1401670956671588, "step": null, "ts": 1756760000.4594846}]}, "version": 12, "at": 1756760000.4595027}
{"obj": {"type": "LogFloats", "path": ["losses", "train", "loss"], "values": [{"value": 0.13625288145866843, "step": null, "ts": 1756760003.8323705}]}, "version": 13, "at": 1756760003.8324468}
{"obj": {"type": "LogFloats", "path": ["losses", "val", "loss"], "values": [{"value": 0.12981891491223066, "step": null, "ts": 1756760003.8331437}]}, "version": 14, "at": 1756760003.83316}
{"obj": {"type": "LogFloats", "path": ["losses", "train", "loss"], "values": [{"value": 0.1298167932463716, "step": null, "ts": 1756760007.5339072}]}, "version": 15, "at": 1756760007.533994}
{"obj": {"type": "LogFloats", "path": ["losses", "val", "loss"], "values": [{"value": 0.12477406847097362, "step": null, "ts": 1756760007.5346692}]}, "version": 16, "at": 1756760007.5346844}
{"obj": {"type": "LogFloats", "path": ["losses", "train", "loss"], "values": [{"value": 0.1252504459056532, "step": null, "ts": 1756760011.149791}]}, "version": 17, "at": 1756760011.1498113}
{"obj": {"type": "LogFloats", "path": ["losses", "val", "loss"], "values": [{"value": 0.12416736138498596, "step": null, "ts": 1756760011.1502776}]}, "version": 18, "at": 1756760011.1502912}
{"obj": {"type": "LogFloats", "path": ["losses", "train", "loss"], "values": [{"value": 0.1225986881249565, "step": null, "ts": 1756760014.7351394}]}, "version": 19, "at": 1756760014.7353282}
{"obj": {"type": "LogFloats", "path": ["losses", "val", "loss"], "values": [{"value": 0.11873819135916482, "step": null, "ts": 1756760014.7360497}]}, "version": 20, "at": 1756760014.736081}
{"obj": {"type": "LogFloats", "path": ["losses", "train", "loss"], "values": [{"value": 0.12165239663456569, "step": null, "ts": 1756760018.3521736}]}, "version": 21, "at": 1756760018.3521965}
{"obj": {"type": "LogFloats", "path": ["losses", "val", "loss"], "values": [{"value": 0.11900904771905234, "step": null, "ts": 1756760018.3525918}]}, "version": 22, "at": 1756760018.352605}
{"obj": {"type": "LogFloats", "path": ["losses", "train", "loss"], "values": [{"value": 0.12045149760579402, "step": null, "ts": 1756760022.2325895}]}, "version": 23, "at": 1756760022.2328146}
{"obj": {"type": "LogFloats", "path": ["losses", "val", "loss"], "values": [{"value": 0.11915659016218597, "step": null, "ts": 1756760022.2342057}]}, "version": 24, "at": 1756760022.2342305}
{"obj": {"type": "LogFloats", "path": ["losses", "train", "loss"], "values": [{"value": 0.11947744955555456, "step": null, "ts": 1756760026.223476}]}, "version": 25, "at": 1756760026.2235446}
{"obj": {"type": "LogFloats", "path": ["losses", "val", "loss"], "values": [{"value": 0.11822142918177796, "step": null, "ts": 1756760026.2242775}]}, "version": 26, "at": 1756760026.2243056}
{"obj": {"type": "LogFloats", "path": ["losses", "train", "loss"], "values": [{"value": 0.11888364622926886, "step": null, "ts": 1756760030.2929444}]}, "version": 27, "at": 1756760030.293015}
{"obj": {"type": "LogFloats", "path": ["losses", "val", "loss"], "values": [{"value": 0.11727122345582462, "step": null, "ts": 1756760030.2938726}]}, "version": 28, "at": 1756760030.293888}
{"obj": {"type": "LogFloats", "path": ["losses", "train", "loss"], "values": [{"value": 0.11837937165038234, "step": null, "ts": 1756760033.7350135}]}, "version": 29, "at": 1756760033.7350569}
{"obj": {"type": "LogFloats", "path": ["losses", "val", "loss"], "values": [{"value": 0.11693655639608472, "step": null, "ts": 1756760033.7355793}]}, "version": 30, "at": 1756760033.735596}
{"obj": {"type": "LogFloats", "path": ["losses", "train", "loss"], "values": [{"value": 0.1178207207872147, "step": null, "ts": 1756760037.2342563}]}, "version": 31, "at": 1756760037.234327}
{"obj": {"type": "LogFloats", "path": ["losses", "val", "loss"], "values": [{"value": 0.11731708934899668, "step": null, "ts": 1756760037.2347913}]}, "version": 32, "at": 1756760037.234809}
{"obj": {"type": "LogFloats", "path": ["losses", "train", "loss"], "values": [{"value": 0.1177344558312177, "step": null, "ts": 1756760041.0087347}]}, "version": 33, "at": 1756760041.0088048}
{"obj": {"type": "LogFloats", "path": ["losses", "val", "loss"], "values": [{"value": 0.1168029518707118, "step": null, "ts": 1756760041.0093153}]}, "version": 34, "at": 1756760041.009332}
{"obj": {"type": "LogFloats", "path": ["losses", "train", "loss"], "values": [{"value": 0.11716692264017559, "step": null, "ts": 1756760044.617923}]}, "version": 35, "at": 1756760044.617988}
{"obj": {"type": "LogFloats", "path": ["losses", "val", "loss"], "values": [{"value": 0.11994907526160122, "step": null, "ts": 1756760044.618491}]}, "version": 36, "at": 1756760044.6185055}
{"obj": {"type": "LogFloats", "path": ["losses", "train", "loss"], "values": [{"value": 0.11694086519814748, "step": null, "ts": 1756760048.3933952}]}, "version": 37, "at": 1756760048.3934667}
{"obj": {"type": "LogFloats", "path": ["losses", "val", "loss"], "values": [{"value": 0.11385304818440904, "step": null, "ts": 1756760048.3944118}]}, "version": 38, "at": 1756760048.3944302}
{"obj": {"type": "LogFloats", "path": ["losses", "train", "loss"], "values": [{"value": 0.11641569454607864, "step": null, "ts": 1756760052.6684191}]}, "version": 39, "at": 1756760052.668494}
{"obj": {"type": "LogFloats", "path": ["losses", "val", "loss"], "values": [{"value": 0.11427442448223511, "step": null, "ts": 1756760052.6689086}]}, "version": 40, "at": 1756760052.6689386}
{"obj": {"type": "LogFloats", "path": ["losses", "train", "loss"], "values": [{"value": 0.11614783731637045, "step": null, "ts": 1756760056.7043653}]}, "version": 41, "at": 1756760056.7044232}
{"obj": {"type": "LogFloats", "path": ["losses", "val", "loss"], "values": [{"value": 0.11428348443584822, "step": null, "ts": 1756760056.7048447}]}, "version": 42, "at": 1756760056.7048576}
{"obj": {"type": "LogFloats", "path": ["losses", "train", "loss"], "values": [{"value": 0.11573841582872335, "step": null, "ts": 1756760060.6481838}]}, "version": 43, "at": 1756760060.6482856}
{"obj": {"type": "LogFloats", "path": ["losses", "val", "loss"], "values": [{"value": 0.11464792741959187, "step": null, "ts": 1756760060.6487548}]}, "version": 44, "at": 1756760060.6487727}
{"obj": {"type": "LogFloats", "path": ["losses", "train", "loss"], "values": [{"value": 0.11540087530551399, "step": null, "ts": 1756760064.1560068}]}, "version": 45, "at": 1756760064.1560602}
{"obj": {"type": "LogFloats", "path": ["losses", "val", "loss"], "values": [{"value": 0.11382870501906397, "step": null, "ts": 1756760064.1565406}]}, "version": 46, "at": 1756760064.1565607}
{"obj": {"type": "LogFloats", "path": ["losses", "train", "loss"], "values": [{"value": 0.11547701407609387, "step": null, "ts": 1756760067.6881125}]}, "version": 47, "at": 1756760067.688163}
{"obj": {"type": "LogFloats", "path": ["losses", "val", "loss"], "values": [{"value": 0.1169271548583452, "step": null, "ts": 1756760067.6889431}]}, "version": 48, "at": 1756760067.6889567}
{"obj": {"type": "LogFloats", "path": ["losses", "train", "loss"], "values": [{"value": 0.1152094090773478, "step": null, "ts": 1756760073.137556}]}, "version": 49, "at": 1756760073.1376793}
{"obj": {"type": "LogFloats", "path": ["losses", "val", "loss"], "values": [{"value": 0.114874975293918, "step": null, "ts": 1756760073.13861}]}, "version": 50, "at": 1756760073.1386263}
{"obj": {"type": "LogFloats", "path": ["losses", "train", "loss"], "values": [{"value": 0.11510995577512385, "step": null, "ts": 1756760077.3492079}]}, "version": 51, "at": 1756760077.3493192}
{"obj": {"type": "LogFloats", "path": ["losses", "val", "loss"], "values": [{"value": 0.11233231301146836, "step": null, "ts": 1756760077.3500478}]}, "version": 52, "at": 1756760077.3500786}
{"obj": {"type": "LogFloats", "path": ["losses", "train", "loss"], "values": [{"value": 0.11468214897650908, "step": null, "ts": 1756760080.7655835}]}, "version": 53, "at": 1756760080.7656589}
{"obj": {"type": "LogFloats", "path": ["losses", "val", "loss"], "values": [{"value": 0.11198733058718668, "step": null, "ts": 1756760080.7661438}]}, "version": 54, "at": 1756760080.7661612}
{"obj": {"type": "LogFloats", "path": ["losses", "train", "loss"], "values": [{"value": 0.11417216329911058, "step": null, "ts": 1756760084.7485373}]}, "version": 55, "at": 1756760084.748632}
{"obj": {"type": "LogFloats", "path": ["losses", "val", "loss"], "values": [{"value": 0.11684134930665449, "step": null, "ts": 1756760084.7491477}]}, "version": 56, "at": 1756760084.7491622}
{"obj": {"type": "LogFloats", "path": ["losses", "train", "loss"], "values": [{"value": 0.1138550318592675, "step": null, "ts": 1756760088.3986223}]}, "version": 57, "at": 1756760088.3986633}
{"obj": {"type": "LogFloats", "path": ["losses", "val", "loss"], "values": [{"value": 0.11157193615342888, "step": null, "ts": 1756760088.3992171}]}, "version": 58, "at": 1756760088.3992383}
{"obj": {"type": "LogFloats", "path": ["losses", "train", "loss"], "values": [{"value": 0.11361578552264973, "step": null, "ts": 1756760091.7341108}]}, "version": 59, "at": 1756760091.734209}
{"obj": {"type": "LogFloats", "path": ["losses", "val", "loss"], "values": [{"value": 0.11234384974754501, "step": null, "ts": 1756760091.734671}]}, "version": 60, "at": 1756760091.7346828}
{"obj": {"type": "LogFloats", "path": ["losses", "train", "loss"], "values": [{"value": 0.11327081106840758, "step": null, "ts": 1756760096.1404703}]}, "version": 61, "at": 1756760096.1406968}
{"obj": {"type": "LogFloats", "path": ["losses", "val", "loss"], "values": [{"value": 0.11167150107078747, "step": null, "ts": 1756760096.1413643}]}, "version": 62, "at": 1756760096.1413813}
{"obj": {"type": "LogFloats", "path": ["losses", "train", "loss"], "values": [{"value": 0.113063449938489, "step": null, "ts": 1756760099.598895}]}, "version": 63, "at": 1756760099.5989182}
{"obj": {"type": "LogFloats", "path": ["losses", "val", "loss"], "values": [{"value": 0.11174906585187036, "step": null, "ts": 1756760099.5993664}]}, "version": 64, "at": 1756760099.5993834}
{"obj": {"type": "LogFloats", "path": ["losses", "train", "loss"], "values": [{"value": 0.11300881566146344, "step": null, "ts": 1756760104.147313}]}, "version": 65, "at": 1756760104.1475534}
{"obj": {"type": "LogFloats", "path": ["losses", "val", "loss"], "values": [{"value": 0.11154216232415706, "step": null, "ts": 1756760104.1483152}]}, "version": 66, "at": 1756760104.1483333}
{"obj": {"type": "LogFloats", "path": ["losses", "train", "loss"], "values": [{"value": 0.11276865450083672, "step": null, "ts": 1756760107.7498026}]}, "version": 67, "at": 1756760107.7498302}
{"obj": {"type": "LogFloats", "path": ["losses", "val", "loss"], "values": [{"value": 0.11063515699260884, "step": null, "ts": 1756760107.750237}]}, "version": 68, "at": 1756760107.7502544}
{"obj": {"type": "LogFloats", "path": ["losses", "train", "loss"], "values": [{"value": 0.11235089484790646, "step": null, "ts": 1756760111.5953515}]}, "version": 69, "at": 1756760111.5955482}
{"obj": {"type": "LogFloats", "path": ["losses", "val", "loss"], "values": [{"value": 0.11093908893155356, "step": null, "ts": 1756760111.596208}]}, "version": 70, "at": 1756760111.5962212}
{"obj": {"type": "LogFloats", "path": ["losses", "train", "loss"], "values": [{"value": 0.11208610109825755, "step": null, "ts": 1756760115.3240507}]}, "version": 71, "at": 1756760115.3241246}
{"obj": {"type": "LogFloats", "path": ["losses", "val", "loss"], "values": [{"value": 0.1107828019823917, "step": null, "ts": 1756760115.3245838}]}, "version": 72, "at": 1756760115.324599}
{"obj": {"type": "LogFloats", "path": ["losses", "train", "loss"], "values": [{"value": 0.11157935685257213, "step": null, "ts": 1756760118.5167043}]}, "version": 73, "at": 1756760118.5168083}
{"obj": {"type": "LogFloats", "path": ["losses", "val", "loss"], "values": [{"value": 0.10932738019381429, "step": null, "ts": 1756760118.5172715}]}, "version": 74, "at": 1756760118.5172915}
{"obj": {"type": "LogFloats", "path": ["losses", "train", "loss"], "values": [{"value": 0.11109132873158016, "step": null, "ts": 1756760122.2266197}]}, "version": 75, "at": 1756760122.2266417}
{"obj": {"type": "LogFloats", "path": ["losses", "val", "loss"], "values": [{"value": 0.10917610698551478, "step": null, "ts": 1756760122.2271576}]}, "version": 76, "at": 1756760122.2271767}
{"obj": {"type": "LogFloats", "path": ["losses", "train", "loss"], "values": [{"value": 0.1108248806709101, "step": null, "ts": 1756760125.9946914}]}, "version": 77, "at": 1756760125.9948783}
{"obj": {"type": "LogFloats", "path": ["losses", "val", "loss"], "values": [{"value": 0.10930431055406827, "step": null, "ts": 1756760125.9956927}]}, "version": 78, "at": 1756760125.9957128}
{"obj": {"type": "LogFloats", "path": ["losses", "train", "loss"], "values": [{"value": 0.11049735065242328, "step": null, "ts": 1756760129.379671}]}, "version": 79, "at": 1756760129.3797178}
{"obj": {"type": "LogFloats", "path": ["losses", "val", "loss"], "values": [{"value": 0.10884899026797948, "step": null, "ts": 1756760129.38026}]}, "version": 80, "at": 1756760129.3802834}
{"obj": {"type": "LogFloats", "path": ["losses", "train", "loss"], "values": [{"value": 0.11027859372239109, "step": null, "ts": 1756760133.7702267}]}, "version": 81, "at": 1756760133.7703195}
{"obj": {"type": "LogFloats", "path": ["losses", "val", "loss"], "values": [{"value": 0.10851573841388881, "step": null, "ts": 1756760133.7707918}]}, "version": 82, "at": 1756760133.7708085}
{"obj": {"type": "LogFloats", "path": ["losses", "train", "loss"], "values": [{"value": 0.11015665657461544, "step": null, "ts": 1756760137.2373106}]}, "version": 83, "at": 1756760137.2373645}
{"obj": {"type": "LogFloats", "path": ["losses", "val", "loss"], "values": [{"value": 0.10766524068976682, "step": null, "ts": 1756760137.2378201}]}, "version": 84, "at": 1756760137.2378347}
{"obj": {"type": "LogFloats", "path": ["losses", "train", "loss"], "values": [{"value": 0.10990356861294306, "step": null, "ts": 1756760141.322933}]}, "version": 85, "at": 1756760141.3231745}
{"obj": {"type": "LogFloats", "path": ["losses", "val", "loss"], "values": [{"value": 0.10879268601617638, "step": null, "ts": 1756760141.3238916}]}, "version": 86, "at": 1756760141.323909}
{"obj": {"type": "LogFloats", "path": ["losses", "train", "loss"], "values": [{"value": 0.10974507423580768, "step": null, "ts": 1756760145.44574}]}, "version": 87, "at": 1756760145.4459789}
{"obj": {"type": "LogFloats", "path": ["losses", "val", "loss"], "values": [{"value": 0.1087109261773572, "step": null, "ts": 1756760145.4477596}]}, "version": 88, "at": 1756760145.4477797}
{"obj": {"type": "LogFloats", "path": ["losses", "train", "loss"], "values": [{"value": 0.10959643390517594, "step": null, "ts": 1756760148.9241636}]}, "version": 89, "at": 1756760148.9241881}
{"obj": {"type": "LogFloats", "path": ["losses", "val", "loss"], "values": [{"value": 0.108659864230234, "step": null, "ts": 1756760148.9245794}]}, "version": 90, "at": 1756760148.9245965}
{"obj": {"type": "LogFloats", "path": ["losses", "train", "loss"], "values": [{"value": 0.10919264664989092, "step": null, "ts": 1756760152.1153717}]}, "version": 91, "at": 1756760152.1155741}
{"obj": {"type": "LogFloats", "path": ["losses", "val", "loss"], "values": [{"value": 0.10758169337811005, "step": null, "ts": 1756760152.1162648}]}, "version": 92, "at": 1756760152.1162791}
{"obj": {"type": "LogFloats", "path": ["losses", "train", "loss"], "values": [{"value": 0.10857019304376556, "step": null, "ts": 1756760155.3365016}]}, "version": 93, "at": 1756760155.336544}
{"obj": {"type": "LogFloats", "path": ["losses", "val", "loss"], "values": [{"value": 0.10681428390990422, "step": null, "ts": 1756760155.33711}]}, "version": 94, "at": 1756760155.3371248}
{"obj": {"type": "LogFloats", "path": ["losses", "train", "loss"], "values": [{"value": 0.10804131711266435, "step": null, "ts": 1756760158.626792}]}, "version": 95, "at": 1756760158.6268382}
{"obj": {"type": "LogFloats", "path": ["losses", "val", "loss"], "values": [{"value": 0.10652232331630301, "step": null, "ts": 1756760158.627248}]}, "version": 96, "at": 1756760158.6272635}
{"obj": {"type": "LogFloats", "path": ["losses", "train", "loss"], "values": [{"value": 0.10775397007805258, "step": null, "ts": 1756760162.374916}]}, "version": 97, "at": 1756760162.3749514}
{"obj": {"type": "LogFloats", "path": ["losses", "val", "loss"], "values": [{"value": 0.10661718129961495, "step": null, "ts": 1756760162.3753471}]}, "version": 98, "at": 1756760162.3753633}
{"obj": {"type": "LogFloats", "path": ["losses", "train", "loss"], "values": [{"value": 0.10750988092365148, "step": null, "ts": 1756760165.7221656}]}, "version": 99, "at": 1756760165.7223887}
{"obj": {"type": "LogFloats", "path": ["losses", "val", "loss"], "values": [{"value": 0.10591722838837309, "step": null, "ts": 1756760165.723335}]}, "version": 100, "at": 1756760165.7233531}
{"obj": {"type": "LogFloats", "path": ["losses", "train", "loss"], "values": [{"value": 0.10733555521510417, "step": null, "ts": 1756760169.0779696}]}, "version": 101, "at": 1756760169.078005}
{"obj": {"type": "LogFloats", "path": ["losses", "val", "loss"], "values": [{"value": 0.10656025538850557, "step": null, "ts": 1756760169.0784388}]}, "version": 102, "at": 1756760169.0784535}
{"obj": {"type": "LogFloats", "path": ["losses", "train", "loss"], "values": [{"value": 0.10696990303538811, "step": null, "ts": 1756760175.8112824}]}, "version": 103, "at": 1756760175.8116543}
{"obj": {"type": "LogFloats", "path": ["losses", "val", "loss"], "values": [{"value": 0.10624260107495447, "step": null, "ts": 1756760175.813121}]}, "version": 104, "at": 1756760175.8131413}
{"obj": {"type": "LogFloats", "path": ["losses", "train", "loss"], "values": [{"value": 0.10661404259545369, "step": null, "ts": 1756760180.182222}]}, "version": 105, "at": 1756760180.1824548}
{"obj": {"type": "LogFloats", "path": ["losses", "val", "loss"], "values": [{"value": 0.10544158246614488, "step": null, "ts": 1756760180.183196}]}, "version": 106, "at": 1756760180.183212}
{"obj": {"type": "LogFloats", "path": ["losses", "train", "loss"], "values": [{"value": 0.10635565997305414, "step": null, "ts": 1756760183.6362734}]}, "version": 107, "at": 1756760183.6362977}
{"obj": {"type": "LogFloats", "path": ["losses", "val", "loss"], "values": [{"value": 0.10451978630388592, "step": null, "ts": 1756760183.6369388}]}, "version": 108, "at": 1756760183.6369576}
{"obj": {"type": "LogFloats", "path": ["losses", "train", "loss"], "values": [{"value": 0.10616870005074146, "step": null, "ts": 1756760186.740168}]}, "version": 109, "at": 1756760186.7402}
{"obj": {"type": "LogFloats", "path": ["losses", "val", "loss"], "values": [{"value": 0.10471149267050259, "step": null, "ts": 1756760186.7405527}]}, "version": 110, "at": 1756760186.740582}
{"obj": {"type": "LogFloats", "path": ["losses", "train", "loss"], "values": [{"value": 0.1059919529631048, "step": null, "ts": 1756760190.2253633}]}, "version": 111, "at": 1756760190.2254293}
{"obj": {"type": "LogFloats", "path": ["losses", "val", "loss"], "values": [{"value": 0.10508739448057752, "step": null, "ts": 1756760190.2259605}]}, "version": 112, "at": 1756760190.2259748}
{"obj": {"type": "LogFloats", "path": ["losses", "train", "loss"], "values": [{"value": 0.10583076459907674, "step": null, "ts": 1756760193.4627116}]}, "version": 113, "at": 1756760193.4627328}
{"obj": {"type": "LogFloats", "path": ["losses", "val", "loss"], "values": [{"value": 0.1044271971056789, "step": null, "ts": 1756760193.4631345}]}, "version": 114, "at": 1756760193.4631479}
{"obj": {"type": "LogFloats", "path": ["losses", "train", "loss"], "values": [{"value": 0.10572885473910211, "step": null, "ts": 1756760196.745475}]}, "version": 115, "at": 1756760196.745517}
{"obj": {"type": "LogFloats", "path": ["losses", "val", "loss"], "values": [{"value": 0.10407998417275749, "step": null, "ts": 1756760196.7468832}]}, "version": 116, "at": 1756760196.7468991}
{"obj": {"type": "LogFloats", "path": ["losses", "train", "loss"], "values": [{"value": 0.10549145671867693, "step": null, "ts": 1756760201.7342138}]}, "version": 117, "at": 1756760201.734471}
{"obj": {"type": "LogFloats", "path": ["losses", "val", "loss"], "values": [{"value": 0.10356889924257022, "step": null, "ts": 1756760201.737528}]}, "version": 118, "at": 1756760201.7375844}
{"obj": {"type": "LogFloats", "path": ["losses", "train", "loss"], "values": [{"value": 0.10529711029473414, "step": null, "ts": 1756760206.7856}]}, "version": 119, "at": 1756760206.785685}
{"obj": {"type": "LogFloats", "path": ["losses", "val", "loss"], "values": [{"value": 0.10346819272011631, "step": null, "ts": 1756760206.7861733}]}, "version": 120, "at": 1756760206.7861896}
{"obj": {"type": "LogFloats", "path": ["losses", "train", "loss"], "values": [{"value": 0.10488206760032666, "step": null, "ts": 1756760211.310908}]}, "version": 121, "at": 1756760211.3109877}
{"obj": {"type": "LogFloats", "path": ["losses", "val", "loss"], "values": [{"value": 0.1032956286089241, "step": null, "ts": 1756760211.311482}]}, "version": 122, "at": 1756760211.3114948}
{"obj": {"type": "LogFloats", "path": ["losses", "train", "loss"], "values": [{"value": 0.10444424933536775, "step": null, "ts": 1756760215.4858665}]}, "version": 123, "at": 1756760215.485955}
{"obj": {"type": "LogFloats", "path": ["losses", "val", "loss"], "values": [{"value": 0.1031291194631836, "step": null, "ts": 1756760215.4865015}]}, "version": 124, "at": 1756760215.4865174}
{"obj": {"type": "LogFloats", "path": ["losses", "train", "loss"], "values": [{"value": 0.10423937505825398, "step": null, "ts": 1756760221.1128714}]}, "version": 125, "at": 1756760221.1130543}
{"obj": {"type": "LogFloats", "path": ["losses", "val", "loss"], "values": [{"value": 0.10331543494197631, "step": null, "ts": 1756760221.113757}]}, "version": 126, "at": 1756760221.1137762}
{"obj": {"type": "LogFloats", "path": ["losses", "train", "loss"], "values": [{"value": 0.10396331000669981, "step": null, "ts": 1756760225.7187452}]}, "version": 127, "at": 1756760225.7188008}
{"obj": {"type": "LogFloats", "path": ["losses", "val", "loss"], "values": [{"value": 0.10312077509856056, "step": null, "ts": 1756760225.7192883}]}, "version": 128, "at": 1756760225.7193036}
{"obj": {"type": "LogFloats", "path": ["losses", "train", "loss"], "values": [{"value": 0.10377777389629965, "step": null, "ts": 1756760229.1939821}]}, "version": 129, "at": 1756760229.194059}
{"obj": {"type": "LogFloats", "path": ["losses", "val", "loss"], "values": [{"value": 0.10248151290298774, "step": null, "ts": 1756760229.1945934}]}, "version": 130, "at": 1756760229.1946115}
{"obj": {"type": "LogFloats", "path": ["losses", "train", "loss"], "values": [{"value": 0.10362255535070468, "step": null, "ts": 1756760233.1318336}]}, "version": 131, "at": 1756760233.1319127}
{"obj": {"type": "LogFloats", "path": ["losses", "val", "loss"], "values": [{"value": 0.10291722897385129, "step": null, "ts": 1756760233.1325364}]}, "version": 132, "at": 1756760233.1325638}
{"obj": {"type": "LogFloats", "path": ["losses", "train", "loss"], "values": [{"value": 0.10347569688106027, "step": null, "ts": 1756760237.7756255}]}, "version": 133, "at": 1756760237.7756941}
{"obj": {"type": "LogFloats", "path": ["losses", "val", "loss"], "values": [{"value": 0.10209957940754999, "step": null, "ts": 1756760237.7761157}]}, "version": 134, "at": 1756760237.7761338}
{"obj": {"type": "LogFloats", "path": ["losses", "train", "loss"], "values": [{"value": 0.10296206126555525, "step": null, "ts": 1756760241.8963227}]}, "version": 135, "at": 1756760241.896412}
{"obj": {"type": "LogFloats", "path": ["losses", "val", "loss"], "values": [{"value": 0.10141336560496615, "step": null, "ts": 1756760241.8969386}]}, "version": 136, "at": 1756760241.8969574}
{"obj": {"type": "LogFloats", "path": ["losses", "train", "loss"], "values": [{"value": 0.10235284547751199, "step": null, "ts": 1756760245.9079318}]}, "version": 137, "at": 1756760245.90803}
{"obj": {"type": "LogFloats", "path": ["losses", "val", "loss"], "values": [{"value": 0.10114924480797573, "step": null, "ts": 1756760245.9086967}]}, "version": 138, "at": 1756760245.908718}
{"obj": {"type": "LogFloats", "path": ["losses", "train", "loss"], "values": [{"value": 0.10190896574601818, "step": null, "ts": 1756760249.3652065}]}, "version": 139, "at": 1756760249.3652332}
{"obj": {"type": "LogFloats", "path": ["losses", "val", "loss"], "values": [{"value": 0.10016873761834323, "step": null, "ts": 1756760249.3661582}]}, "version": 140, "at": 1756760249.3661733}
{"obj": {"type": "LogFloats", "path": ["losses", "train", "loss"], "values": [{"value": 0.10163565428997512, "step": null, "ts": 1756760253.0982385}]}, "version": 141, "at": 1756760253.0983427}
{"obj": {"type": "LogFloats", "path": ["losses", "val", "loss"], "values": [{"value": 0.10044706072158854, "step": null, "ts": 1756760253.0988317}]}, "version": 142, "at": 1756760253.098846}
{"obj": {"type": "LogFloats", "path": ["losses", "train", "loss"], "values": [{"value": 0.10151159555063151, "step": null, "ts": 1756760257.022975}]}, "version": 143, "at": 1756760257.0230172}
{"obj": {"type": "LogFloats", "path": ["losses", "val", "loss"], "values": [{"value": 0.10062598210613524, "step": null, "ts": 1756760257.0235798}]}, "version": 144, "at": 1756760257.0235941}
{"obj": {"type": "LogFloats", "path": ["losses", "train", "loss"], "values": [{"value": 0.10140288273836733, "step": null, "ts": 1756760261.1528163}]}, "version": 145, "at": 1756760261.1529295}
{"obj": {"type": "LogFloats", "path": ["losses", "val", "loss"], "values": [{"value": 0.10000978564648985, "step": null, "ts": 1756760261.1539505}]}, "version": 146, "at": 1756760261.15397}
{"obj": {"type": "LogFloats", "path": ["losses", "train", "loss"], "values": [{"value": 0.1013301152780215, "step": null, "ts": 1756760265.9667175}]}, "version": 147, "at": 1756760265.9668117}
{"obj": {"type": "LogFloats", "path": ["losses", "val", "loss"], "values": [{"value": 0.10005845321980775, "step": null, "ts": 1756760265.9673426}]}, "version": 148, "at": 1756760265.9673808}
{"obj": {"type": "LogFloats", "path": ["losses", "train", "loss"], "values": [{"value": 0.10125498470808704, "step": null, "ts": 1756760270.6264377}]}, "version": 149, "at": 1756760270.626486}
{"obj": {"type": "LogFloats", "path": ["losses", "val", "loss"], "values": [{"value": 0.10018034693212031, "step": null, "ts": 1756760270.6279178}]}, "version": 150, "at": 1756760270.6279345}
{"obj": {"type": "LogFloats", "path": ["losses", "train", "loss"], "values": [{"value": 0.1012074981366164, "step": null, "ts": 1756760275.7572832}]}, "version": 151, "at": 1756760275.7573712}
{"obj": {"type": "LogFloats", "path": ["losses", "val", "loss"], "values": [{"value": 0.10024349867215589, "step": null, "ts": 1756760275.757906}]}, "version": 152, "at": 1756760275.757924}
{"obj": {"type": "LogFloats", "path": ["losses", "train", "loss"], "values": [{"value": 0.10113165343548562, "step": null, "ts": 1756760280.1540828}]}, "version": 153, "at": 1756760280.154141}
{"obj": {"type": "LogFloats", "path": ["losses", "val", "loss"], "values": [{"value": 0.10026140363132209, "step": null, "ts": 1756760280.1546202}]}, "version": 154, "at": 1756760280.1546402}
{"obj": {"type": "LogFloats", "path": ["losses", "train", "loss"], "values": [{"value": 0.10105519526745624, "step": null, "ts": 1756760284.3152628}]}, "version": 155, "at": 1756760284.3154972}
{"obj": {"type": "LogFloats", "path": ["losses", "val", "loss"], "values": [{"value": 0.09939615378142243, "step": null, "ts": 1756760284.3162153}]}, "version": 156, "at": 1756760284.3162374}
{"obj": {"type": "LogFloats", "path": ["losses", "train", "loss"], "values": [{"value": 0.10097452986583899, "step": null, "ts": 1756760288.5714498}]}, "version": 157, "at": 1756760288.5714743}
{"obj": {"type": "LogFloats", "path": ["losses", "val", "loss"], "values": [{"value": 0.0995573241695994, "step": null, "ts": 1756760288.572041}]}, "version": 158, "at": 1756760288.5720565}
{"obj": {"type": "LogFloats", "path": ["losses", "train", "loss"], "values": [{"value": 0.10094585923299994, "step": null, "ts": 1756760294.29266}]}, "version": 159, "at": 1756760294.2929304}
{"obj": {"type": "LogFloats", "path": ["losses", "val", "loss"], "values": [{"value": 0.09909134200746168, "step": null, "ts": 1756760294.2937849}]}, "version": 160, "at": 1756760294.293806}
{"obj": {"type": "LogFloats", "path": ["losses", "train", "loss"], "values": [{"value": 0.10086718836571622, "step": null, "ts": 1756760298.819864}]}, "version": 161, "at": 1756760298.8198884}
{"obj": {"type": "LogFloats", "path": ["losses", "val", "loss"], "values": [{"value": 0.10020051798656518, "step": null, "ts": 1756760298.82027}]}, "version": 162, "at": 1756760298.8203015}
{"obj": {"type": "LogFloats", "path": ["losses", "train", "loss"], "values": [{"value": 0.10081547333345688, "step": null, "ts": 1756760302.9874725}]}, "version": 163, "at": 1756760302.9875505}
{"obj": {"type": "LogFloats", "path": ["losses", "val", "loss"], "values": [{"value": 0.10000270821382107, "step": null, "ts": 1756760302.9882143}]}, "version": 164, "at": 1756760302.988232}
{"obj": {"type": "LogFloats", "path": ["losses", "train", "loss"], "values": [{"value": 0.10061412207231903, "step": null, "ts": 1756760306.9165058}]}, "version": 165, "at": 1756760306.9165285}
{"obj": {"type": "LogFloats", "path": ["losses", "val", "loss"], "values": [{"value": 0.09984762447391614, "step": null, "ts": 1756760306.917031}]}, "version": 166, "at": 1756760306.9170458}
{"obj": {"type": "LogFloats", "path": ["losses", "train", "loss"], "values": [{"value": 0.10047762153095063, "step": null, "ts": 1756760310.7568169}]}, "version": 167, "at": 1756760310.7568402}
{"obj": {"type": "LogFloats", "path": ["losses", "val", "loss"], "values": [{"value": 0.09942821679563163, "step": null, "ts": 1756760310.757172}]}, "version": 168, "at": 1756760310.7571874}
{"obj": {"type": "LogFloats", "path": ["losses", "train", "loss"], "values": [{"value": 0.10023516135559665, "step": null, "ts": 1756760314.4785593}]}, "version": 169, "at": 1756760314.4785838}
{"obj": {"type": "LogFloats", "path": ["losses", "val", "loss"], "values": [{"value": 0.09888859435647616, "step": null, "ts": 1756760314.4791434}]}, "version": 170, "at": 1756760314.4791589}
{"obj": {"type": "LogFloats", "path": ["losses", "train", "loss"], "values": [{"value": 0.10002918413824138, "step": null, "ts": 1756760318.259789}]}, "version": 171, "at": 1756760318.2598338}
{"obj": {"type": "LogFloats", "path": ["losses", "val", "loss"], "values": [{"value": 0.09871734571312905, "step": null, "ts": 1756760318.260184}]}, "version": 172, "at": 1756760318.260218}
{"obj": {"type": "LogFloats", "path": ["losses", "train", "loss"], "values": [{"value": 0.09976164961602729, "step": null, "ts": 1756760322.0188985}]}, "version": 173, "at": 1756760322.0189204}
{"obj": {"type": "LogFloats", "path": ["losses", "val", "loss"], "values": [{"value": 0.09873805808915012, "step": null, "ts": 1756760322.0193136}]}, "version": 174, "at": 1756760322.0193331}
{"obj": {"type": "LogFloats", "path": ["losses", "train", "loss"], "values": [{"value": 0.09958353224144913, "step": null, "ts": 1756760326.6612222}]}, "version": 175, "at": 1756760326.6613142}
{"obj": {"type": "LogFloats", "path": ["losses", "val", "loss"], "values": [{"value": 0.0985866060669163, "step": null, "ts": 1756760326.6618874}]}, "version": 176, "at": 1756760326.6619022}
{"obj": {"type": "LogFloats", "path": ["losses", "train", "loss"], "values": [{"value": 0.0994331686531168, "step": null, "ts": 1756760330.9257991}]}, "version": 177, "at": 1756760330.9258666}
{"obj": {"type": "LogFloats", "path": ["losses", "val", "loss"], "values": [{"value": 0.09820564752636698, "step": null, "ts": 1756760330.9262748}]}, "version": 178, "at": 1756760330.9262927}
{"obj": {"type": "LogFloats", "path": ["losses", "train", "loss"], "values": [{"value": 0.09924620778507708, "step": null, "ts": 1756760334.6547596}]}, "version": 179, "at": 1756760334.6548016}
{"obj": {"type": "LogFloats", "path": ["losses", "val", "loss"], "values": [{"value": 0.09840910502963357, "step": null, "ts": 1756760334.6553469}]}, "version": 180, "at": 1756760334.6553628}
{"obj": {"type": "LogFloats", "path": ["losses", "train", "loss"], "values": [{"value": 0.09912787270493092, "step": null, "ts": 1756760339.5077386}]}, "version": 181, "at": 1756760339.5080214}
{"obj": {"type": "LogFloats", "path": ["losses", "val", "loss"], "values": [{"value": 0.09815772908155375, "step": null, "ts": 1756760339.5093377}]}, "version": 182, "at": 1756760339.5093625}
{"obj": {"type": "LogFloats", "path": ["losses", "train", "loss"], "values": [{"value": 0.09901597775565427, "step": null, "ts": 1756760343.9994357}]}, "version": 183, "at": 1756760343.9994624}
{"obj": {"type": "LogFloats", "path": ["losses", "val", "loss"], "values": [{"value": 0.09789666699783788, "step": null, "ts": 1756760343.9998267}]}, "version": 184, "at": 1756760343.9998415}
{"obj": {"type": "LogFloats", "path": ["losses", "train", "loss"], "values": [{"value": 0.09893335365401593, "step": null, "ts": 1756760351.5924077}]}, "version": 185, "at": 1756760351.5926437}
{"obj": {"type": "LogFloats", "path": ["losses", "val", "loss"], "values": [{"value": 0.09815368517776886, "step": null, "ts": 1756760351.5933025}]}, "version": 186, "at": 1756760351.593317}
{"obj": {"type": "LogFloats", "path": ["losses", "train", "loss"], "values": [{"value": 0.09883852608945903, "step": null, "ts": 1756760356.2792974}]}, "version": 187, "at": 1756760356.2794607}
{"obj": {"type": "LogFloats", "path": ["losses", "val", "loss"], "values": [{"value": 0.09796460689038976, "step": null, "ts": 1756760356.280459}]}, "version": 188, "at": 1756760356.2804787}
{"obj": {"type": "LogFloats", "path": ["losses", "train", "loss"], "values": [{"value": 0.09870356541024655, "step": null, "ts": 1756760362.3588946}]}, "version": 189, "at": 1756760362.3591452}
{"obj": {"type": "LogFloats", "path": ["losses", "val", "loss"], "values": [{"value": 0.09727748566421829, "step": null, "ts": 1756760362.3599484}]}, "version": 190, "at": 1756760362.3599684}
{"obj": {"type": "LogFloats", "path": ["losses", "train", "loss"], "values": [{"value": 0.0985588454559156, "step": null, "ts": 1756760366.2341502}]}, "version": 191, "at": 1756760366.2341764}
{"obj": {"type": "LogFloats", "path": ["losses", "val", "loss"], "values": [{"value": 0.0971276741503345, "step": null, "ts": 1756760366.2345362}]}, "version": 192, "at": 1756760366.2345693}
{"obj": {"type": "LogFloats", "path": ["losses", "train", "loss"], "values": [{"value": 0.09850911836968972, "step": null, "ts": 1756760370.216855}]}, "version": 193, "at": 1756760370.2168865}
{"obj": {"type": "LogFloats", "path": ["losses", "val", "loss"], "values": [{"value": 0.09723224154937136, "step": null, "ts": 1756760370.2173314}]}, "version": 194, "at": 1756760370.2173584}
{"obj": {"type": "LogFloats", "path": ["losses", "train", "loss"], "values": [{"value": 0.09844974131134297, "step": null, "ts": 1756760374.232939}]}, "version": 195, "at": 1756760374.2330494}
{"obj": {"type": "LogFloats", "path": ["losses", "val", "loss"], "values": [{"value": 0.09739385747274652, "step": null, "ts": 1756760374.2336683}]}, "version": 196, "at": 1756760374.23369}
{"obj": {"type": "LogFloats", "path": ["losses", "train", "loss"], "values": [{"value": 0.09838555453565896, "step": null, "ts": 1756760378.014546}]}, "version": 197, "at": 1756760378.0145714}
{"obj": {"type": "LogFloats", "path": ["losses", "val", "loss"], "values": [{"value": 0.09723669354502126, "step": null, "ts": 1756760378.0151129}]}, "version": 198, "at": 1756760378.0151253}
{"obj": {"type": "LogFloats", "path": ["losses", "train", "loss"], "values": [{"value": 0.0982927126402381, "step": null, "ts": 1756760381.7908974}]}, "version": 199, "at": 1756760381.7909179}
{"obj": {"type": "LogFloats", "path": ["losses", "val", "loss"], "values": [{"value": 0.09754411816380557, "step": null, "ts": 1756760381.7916915}]}, "version": 200, "at": 1756760381.7917056}
{"obj": {"type": "LogFloats", "path": ["losses", "train", "loss"], "values": [{"value": 0.09821646040228278, "step": null, "ts": 1756760385.8559334}]}, "version": 201, "at": 1756760385.855965}
{"obj": {"type": "LogFloats", "path": ["losses", "val", "loss"], "values": [{"value": 0.09707527162238688, "step": null, "ts": 1756760385.856339}]}, "version": 202, "at": 1756760385.856368}
{"obj": {"type": "LogFloats", "path": ["losses", "train", "loss"], "values": [{"value": 0.09815245324320898, "step": null, "ts": 1756760390.0464196}]}, "version": 203, "at": 1756760390.046634}
{"obj": {"type": "LogFloats", "path": ["losses", "val", "loss"], "values": [{"value": 0.09744702562521271, "step": null, "ts": 1756760390.0471504}]}, "version": 204, "at": 1756760390.0471702}
{"obj": {"type": "LogFloats", "path": ["losses", "train", "loss"], "values": [{"value": 0.09812025663800361, "step": null, "ts": 1756760394.0102656}]}, "version": 205, "at": 1756760394.010296}
{"obj": {"type": "LogFloats", "path": ["losses", "val", "loss"], "values": [{"value": 0.09725372440588047, "step": null, "ts": 1756760394.010786}]}, "version": 206, "at": 1756760394.0108006}
{"obj": {"type": "LogFloats", "path": ["losses", "train", "loss"], "values": [{"value": 0.09803977022516097, "step": null, "ts": 1756760399.9413297}]}, "version": 207, "at": 1756760399.941647}
{"obj": {"type": "LogFloats", "path": ["losses", "val", "loss"], "values": [{"value": 0.09700469417669623, "step": null, "ts": 1756760399.942961}]}, "version": 208, "at": 1756760399.942981}
{"obj": {"type": "LogFloats", "path": ["losses", "train", "loss"], "values": [{"value": 0.09802972937372696, "step": null, "ts": 1756760405.7910006}]}, "version": 209, "at": 1756760405.7911513}
{"obj": {"type": "LogFloats", "path": ["losses", "val", "loss"], "values": [{"value": 0.09674426548754617, "step": null, "ts": 1756760405.791676}]}, "version": 210, "at": 1756760405.7917032}
{"obj": {"type": "LogFloats", "path": ["losses", "train", "loss"], "values": [{"value": 0.09798106470055776, "step": null, "ts": 1756760410.1115098}]}, "version": 211, "at": 1756760410.1115506}
{"obj": {"type": "LogFloats", "path": ["losses", "val", "loss"], "values": [{"value": 0.09696054106012562, "step": null, "ts": 1756760410.1119764}]}, "version": 212, "at": 1756760410.1119943}
{"obj": {"type": "LogFloats", "path": ["losses", "train", "loss"], "values": [{"value": 0.09795977790303438, "step": null, "ts": 1756760415.0605538}]}, "version": 213, "at": 1756760415.060668}
{"obj": {"type": "LogFloats", "path": ["losses", "val", "loss"], "values": [{"value": 0.09710969128142297, "step": null, "ts": 1756760415.061346}]}, "version": 214, "at": 1756760415.0613914}
{"obj": {"type": "LogFloats", "path": ["losses", "train", "loss"], "values": [{"value": 0.0979129438434783, "step": null, "ts": 1756760420.1820502}]}, "version": 215, "at": 1756760420.1821375}
{"obj": {"type": "LogFloats", "path": ["losses", "val", "loss"], "values": [{"value": 0.09725477729431801, "step": null, "ts": 1756760420.1826262}]}, "version": 216, "at": 1756760420.1826403}
{"obj": {"type": "LogFloats", "path": ["losses", "train", "loss"], "values": [{"value": 0.09766452950981823, "step": null, "ts": 1756760424.9454937}]}, "version": 217, "at": 1756760424.9455833}
{"obj": {"type": "LogFloats", "path": ["losses", "val", "loss"], "values": [{"value": 0.09632163725414213, "step": null, "ts": 1756760424.946199}]}, "version": 218, "at": 1756760424.9462175}
{"obj": {"type": "LogFloats", "path": ["losses", "train", "loss"], "values": [{"value": 0.09755304187086848, "step": null, "ts": 1756760429.0736482}]}, "version": 219, "at": 1756760429.0736773}
{"obj": {"type": "LogFloats", "path": ["losses", "val", "loss"], "values": [{"value": 0.09688662344536178, "step": null, "ts": 1756760429.074189}]}, "version": 220, "at": 1756760429.0742042}
{"obj": {"type": "LogFloats", "path": ["losses", "train", "loss"], "values": [{"value": 0.09750257727253094, "step": null, "ts": 1756760433.1032526}]}, "version": 221, "at": 1756760433.1033523}
{"obj": {"type": "LogFloats", "path": ["losses", "val", "loss"], "values": [{"value": 0.09634596513746566, "step": null, "ts": 1756760433.1038904}]}, "version": 222, "at": 1756760433.1039085}
{"obj": {"type": "LogFloats", "path": ["losses", "train", "loss"], "values": [{"value": 0.09740665069766546, "step": null, "ts": 1756760437.4146352}]}, "version": 223, "at": 1756760437.4147916}
{"obj": {"type": "LogFloats", "path": ["losses", "val", "loss"], "values": [{"value": 0.09606124348512542, "step": null, "ts": 1756760437.415891}]}, "version": 224, "at": 1756760437.41591}
{"obj": {"type": "LogFloats", "path": ["losses", "train", "loss"], "values": [{"value": 0.09736144382504354, "step": null, "ts": 1756760441.4761007}]}, "version": 225, "at": 1756760441.4761872}
{"obj": {"type": "LogFloats", "path": ["losses", "val", "loss"], "values": [{"value": 0.09625027609306629, "step": null, "ts": 1756760441.476643}]}, "version": 226, "at": 1756760441.4766774}
{"obj": {"type": "LogFloats", "path": ["losses", "train", "loss"], "values": [{"value": 0.09727457154142635, "step": null, "ts": 1756760445.5459158}]}, "version": 227, "at": 1756760445.5461473}
{"obj": {"type": "LogFloats", "path": ["losses", "val", "loss"], "values": [{"value": 0.09613585705076755, "step": null, "ts": 1756760445.547825}]}, "version": 228, "at": 1756760445.547846}
{"obj": {"type": "LogFloats", "path": ["losses", "train", "loss"], "values": [{"value": 0.09723662369199393, "step": null, "ts": 1756760450.543489}]}, "version": 229, "at": 1756760450.5437448}
{"obj": {"type": "LogFloats", "path": ["losses", "val", "loss"], "values": [{"value": 0.09610654225343256, "step": null, "ts": 1756760450.5443802}]}, "version": 230, "at": 1756760450.5443993}
{"obj": {"type": "LogFloats", "path": ["losses", "train", "loss"], "values": [{"value": 0.09717170821773839, "step": null, "ts": 1756760455.4476037}]}, "version": 231, "at": 1756760455.447933}
{"obj": {"type": "LogFloats", "path": ["losses", "val", "loss"], "values": [{"value": 0.09645433495102174, "step": null, "ts": 1756760455.449463}]}, "version": 232, "at": 1756760455.4495466}
{"obj": {"type": "LogFloats", "path": ["losses", "train", "loss"], "values": [{"value": 0.09713759676960955, "step": null, "ts": 1756760462.821736}]}, "version": 233, "at": 1756760462.8219943}
{"obj": {"type": "LogFloats", "path": ["losses", "val", "loss"], "values": [{"value": 0.09613172114540437, "step": null, "ts": 1756760462.8227446}]}, "version": 234, "at": 1756760462.8227715}
{"obj": {"type": "LogFloats", "path": ["losses", "train", "loss"], "values": [{"value": 0.0970719231997717, "step": null, "ts": 1756760468.463244}]}, "version": 235, "at": 1756760468.4633904}
{"obj": {"type": "LogFloats", "path": ["losses", "val", "loss"], "values": [{"value": 0.09574531861081607, "step": null, "ts": 1756760468.463987}]}, "version": 236, "at": 1756760468.4640038}
{"obj": {"type": "LogFloats", "path": ["losses", "train", "loss"], "values": [{"value": 0.09701384334909834, "step": null, "ts": 1756760472.422869}]}, "version": 237, "at": 1756760472.4228992}
{"obj": {"type": "LogFloats", "path": ["losses", "val", "loss"], "values": [{"value": 0.09587207302954161, "step": null, "ts": 1756760472.423806}]}, "version": 238, "at": 1756760472.4238439}
{"obj": {"type": "LogFloats", "path": ["losses", "train", "loss"], "values": [{"value": 0.09687822306899219, "step": null, "ts": 1756760479.113982}]}, "version": 239, "at": 1756760479.1142814}
{"obj": {"type": "LogFloats", "path": ["losses", "val", "loss"], "values": [{"value": 0.0958630735851166, "step": null, "ts": 1756760479.1151395}]}, "version": 240, "at": 1756760479.1151593}
{"obj": {"type": "LogFloats", "path": ["losses", "train", "loss"], "values": [{"value": 0.0968463455830813, "step": null, "ts": 1756760484.1682522}]}, "version": 241, "at": 1756760484.16835}
{"obj": {"type": "LogFloats", "path": ["losses", "val", "loss"], "values": [{"value": 0.09545375456425052, "step": null, "ts": 1756760484.1689715}]}, "version": 242, "at": 1756760484.1689847}
{"obj": {"type": "LogFloats", "path": ["losses", "train", "loss"], "values": [{"value": 0.09684534492441026, "step": null, "ts": 1756760489.4567225}]}, "version": 243, "at": 1756760489.4568295}
{"obj": {"type": "LogFloats", "path": ["losses", "val", "loss"], "values": [{"value": 0.09587468908787437, "step": null, "ts": 1756760489.4575615}]}, "version": 244, "at": 1756760489.4575748}
{"obj": {"type": "LogFloats", "path": ["losses", "train", "loss"], "values": [{"value": 0.09678384678709546, "step": null, "ts": 1756760494.88076}]}, "version": 245, "at": 1756760494.880853}
{"obj": {"type": "LogFloats", "path": ["losses", "val", "loss"], "values": [{"value": 0.0956897886481045, "step": null, "ts": 1756760494.8813388}]}, "version": 246, "at": 1756760494.8813796}
{"obj": {"type": "LogFloats", "path": ["losses", "train", "loss"], "values": [{"value": 0.0967915718987389, "step": null, "ts": 1756760499.1799207}]}, "version": 247, "at": 1756760499.1799688}
{"obj": {"type": "LogFloats", "path": ["losses", "val", "loss"], "values": [{"value": 0.09594173017380406, "step": null, "ts": 1756760499.180429}]}, "version": 248, "at": 1756760499.1804442}
{"obj": {"type": "LogFloats", "path": ["losses", "train", "loss"], "values": [{"value": 0.09673539688138233, "step": null, "ts": 1756760503.4689531}]}, "version": 249, "at": 1756760503.4689872}
{"obj": {"type": "LogFloats", "path": ["losses", "val", "loss"], "values": [{"value": 0.09560911533245253, "step": null, "ts": 1756760503.469583}]}, "version": 250, "at": 1756760503.469595}
{"obj": {"type": "LogFloats", "path": ["losses", "train", "loss"], "values": [{"value": 0.09672259525009069, "step": null, "ts": 1756760507.3295033}]}, "version": 251, "at": 1756760507.3295515}
{"obj": {"type": "LogFloats", "path": ["losses", "val", "loss"], "values": [{"value": 0.09671586296976827, "step": null, "ts": 1756760507.3306122}]}, "version": 252, "at": 1756760507.330626}
{"obj": {"type": "LogFloats", "path": ["losses", "train", "loss"], "values": [{"value": 0.09667150684940914, "step": null, "ts": 1756760511.0854027}]}, "version": 253, "at": 1756760511.085445}
{"obj": {"type": "LogFloats", "path": ["losses", "val", "loss"], "values": [{"value": 0.09535521009078841, "step": null, "ts": 1756760511.0858777}]}, "version": 254, "at": 1756760511.0858905}
{"obj": {"type": "LogFloats", "path": ["losses", "train", "loss"], "values": [{"value": 0.09665322024770687, "step": null, "ts": 1756760514.719968}]}, "version": 255, "at": 1756760514.7199914}
{"obj": {"type": "LogFloats", "path": ["losses", "val", "loss"], "values": [{"value": 0.09536553062074868, "step": null, "ts": 1756760514.720362}]}, "version": 256, "at": 1756760514.7203748}
{"obj": {"type": "LogFloats", "path": ["losses", "train", "loss"], "values": [{"value": 0.09663521061686794, "step": null, "ts": 1756760518.687253}]}, "version": 257, "at": 1756760518.6873505}
{"obj": {"type": "LogFloats", "path": ["losses", "val", "loss"], "values": [{"value": 0.09563245128879827, "step": null, "ts": 1756760518.6880372}]}, "version": 258, "at": 1756760518.6880581}
{"obj": {"type": "LogFloats", "path": ["losses", "train", "loss"], "values": [{"value": 0.09659292712160093, "step": null, "ts": 1756760524.594677}]}, "version": 259, "at": 1756760524.5954096}
{"obj": {"type": "LogFloats", "path": ["losses", "val", "loss"], "values": [{"value": 0.0951399332530655, "step": null, "ts": 1756760524.597107}]}, "version": 260, "at": 1756760524.5971315}
{"obj": {"type": "LogFloats", "path": ["losses", "train", "loss"], "values": [{"value": 0.09654637539732623, "step": null, "ts": 1756760529.0903761}]}, "version": 261, "at": 1756760529.0905323}
{"obj": {"type": "LogFloats", "path": ["losses", "val", "loss"], "values": [{"value": 0.09528078733618163, "step": null, "ts": 1756760529.0912085}]}, "version": 262, "at": 1756760529.091224}
{"obj": {"type": "LogFloats", "path": ["losses", "train", "loss"], "values": [{"value": 0.09654028603581757, "step": null, "ts": 1756760534.1562405}]}, "version": 263, "at": 1756760534.1565127}
{"obj": {"type": "LogFloats", "path": ["losses", "val", "loss"], "values": [{"value": 0.09530670276446278, "step": null, "ts": 1756760534.157734}]}, "version": 264, "at": 1756760534.157755}
{"obj": {"type": "LogFloats", "path": ["losses", "train", "loss"], "values": [{"value": 0.09646160479335202, "step": null, "ts": 1756760538.186352}]}, "version": 265, "at": 1756760538.1863809}
{"obj": {"type": "LogFloats", "path": ["losses", "val", "loss"], "values": [{"value": 0.09550486823697, "step": null, "ts": 1756760538.18963}]}, "version": 266, "at": 1756760538.1896486}
{"obj": {"type": "LogFloats", "path": ["losses", "train", "loss"], "values": [{"value": 0.0964585459425868, "step": null, "ts": 1756760542.9921165}]}, "version": 267, "at": 1756760542.9922009}
{"obj": {"type": "LogFloats", "path": ["losses", "val", "loss"], "values": [{"value": 0.09504869644235374, "step": null, "ts": 1756760542.9927726}]}, "version": 268, "at": 1756760542.992792}
{"obj": {"type": "LogFloats", "path": ["losses", "train", "loss"], "values": [{"value": 0.09638249595511214, "step": null, "ts": 1756760546.9475586}]}, "version": 269, "at": 1756760546.9475968}
{"obj": {"type": "LogFloats", "path": ["losses", "val", "loss"], "values": [{"value": 0.09525766206702074, "step": null, "ts": 1756760546.9480152}]}, "version": 270, "at": 1756760546.9480274}
{"obj": {"type": "LogFloats", "path": ["losses", "train", "loss"], "values": [{"value": 0.09637472257165372, "step": null, "ts": 1756760552.2351983}]}, "version": 271, "at": 1756760552.2352905}
{"obj": {"type": "LogFloats", "path": ["losses", "val", "loss"], "values": [{"value": 0.09527156358881425, "step": null, "ts": 1756760552.235785}]}, "version": 272, "at": 1756760552.2358027}
{"obj": {"type": "LogFloats", "path": ["losses", "train", "loss"], "values": [{"value": 0.09632256347286987, "step": null, "ts": 1756760557.6263022}]}, "version": 273, "at": 1756760557.6265638}
{"obj": {"type": "LogFloats", "path": ["losses", "val", "loss"], "values": [{"value": 0.09505937300532993, "step": null, "ts": 1756760557.6294}]}, "version": 274, "at": 1756760557.6294248}
{"obj": {"type": "LogFloats", "path": ["losses", "train", "loss"], "values": [{"value": 0.09628541139710255, "step": null, "ts": 1756760561.8798764}]}, "version": 275, "at": 1756760561.8799071}
{"obj": {"type": "LogFloats", "path": ["losses", "val", "loss"], "values": [{"value": 0.09549484023156231, "step": null, "ts": 1756760561.8804286}]}, "version": 276, "at": 1756760561.880446}
{"obj": {"type": "LogFloats", "path": ["losses", "train", "loss"], "values": [{"value": 0.09625256720332628, "step": null, "ts": 1756760566.2909184}]}, "version": 277, "at": 1756760566.2910187}
{"obj": {"type": "LogFloats", "path": ["losses", "val", "loss"], "values": [{"value": 0.09549555191673381, "step": null, "ts": 1756760566.2917104}]}, "version": 278, "at": 1756760566.2917295}
{"obj": {"type": "LogFloats", "path": ["losses", "train", "loss"], "values": [{"value": 0.09626835628299234, "step": null, "ts": 1756760574.9727218}]}, "version": 279, "at": 1756760574.9729567}
{"obj": {"type": "LogFloats", "path": ["losses", "val", "loss"], "values": [{"value": 0.09514602992272551, "step": null, "ts": 1756760574.9737487}]}, "version": 280, "at": 1756760574.9737732}
{"obj": {"type": "LogFloats", "path": ["losses", "train", "loss"], "values": [{"value": 0.09621162204293755, "step": null, "ts": 1756760582.00612}]}, "version": 281, "at": 1756760582.006411}
{"obj": {"type": "LogFloats", "path": ["losses", "val", "loss"], "values": [{"value": 0.0951784147163229, "step": null, "ts": 1756760582.007385}]}, "version": 282, "at": 1756760582.0074255}
{"obj": {"type": "LogFloats", "path": ["losses", "train", "loss"], "values": [{"value": 0.09618018749901021, "step": null, "ts": 1756760587.0532033}]}, "version": 283, "at": 1756760587.0533137}
{"obj": {"type": "LogFloats", "path": ["losses", "val", "loss"], "values": [{"value": 0.09505118991126135, "step": null, "ts": 1756760587.0542293}]}, "version": 284, "at": 1756760587.0542445}
{"obj": {"type": "LogFloats", "path": ["losses", "train", "loss"], "values": [{"value": 0.0961729918077426, "step": null, "ts": 1756760591.6577582}]}, "version": 285, "at": 1756760591.6577923}
{"obj": {"type": "LogFloats", "path": ["losses", "val", "loss"], "values": [{"value": 0.09525977605619713, "step": null, "ts": 1756760591.6582305}]}, "version": 286, "at": 1756760591.6582508}
{"obj": {"type": "LogFloats", "path": ["losses", "train", "loss"], "values": [{"value": 0.09606468216526931, "step": null, "ts": 1756760596.0277786}]}, "version": 287, "at": 1756760596.0282142}
{"obj": {"type": "LogFloats", "path": ["losses", "val", "loss"], "values": [{"value": 0.09487992451005885, "step": null, "ts": 1756760596.0293186}]}, "version": 288, "at": 1756760596.0293362}
{"obj": {"type": "LogFloats", "path": ["losses", "train", "loss"], "values": [{"value": 0.09601302368192328, "step": null, "ts": 1756760600.0877323}]}, "version": 289, "at": 1756760600.0877612}
{"obj": {"type": "LogFloats", "path": ["losses", "val", "loss"], "values": [{"value": 0.09515934363417634, "step": null, "ts": 1756760600.08823}]}, "version": 290, "at": 1756760600.0882452}
{"obj": {"type": "LogFloats", "path": ["losses", "train", "loss"], "values": [{"value": 0.09598925760535863, "step": null, "ts": 1756760604.0039265}]}, "version": 291, "at": 1756760604.0040283}
{"obj": {"type": "LogFloats", "path": ["losses", "val", "loss"], "values": [{"value": 0.09513596178415842, "step": null, "ts": 1756760604.004624}]}, "version": 292, "at": 1756760604.00464}
{"obj": {"type": "LogFloats", "path": ["losses", "train", "loss"], "values": [{"value": 0.09594092194982859, "step": null, "ts": 1756760607.8586037}]}, "version": 293, "at": 1756760607.8586302}
{"obj": {"type": "LogFloats", "path": ["losses", "val", "loss"], "values": [{"value": 0.09462824561137437, "step": null, "ts": 1756760607.8591745}]}, "version": 294, "at": 1756760607.859191}
{"obj": {"type": "LogFloats", "path": ["losses", "train", "loss"], "values": [{"value": 0.09595764816948259, "step": null, "ts": 1756760611.7749784}]}, "version": 295, "at": 1756760611.775006}
{"obj": {"type": "LogFloats", "path": ["losses", "val", "loss"], "values": [{"value": 0.09512144819597872, "step": null, "ts": 1756760611.775428}]}, "version": 296, "at": 1756760611.775445}
{"obj": {"type": "LogFloats", "path": ["losses", "train", "loss"], "values": [{"value": 0.09588115642814363, "step": null, "ts": 1756760615.6264164}]}, "version": 297, "at": 1756760615.6267228}
{"obj": {"type": "LogFloats", "path": ["losses", "val", "loss"], "values": [{"value": 0.09479589043507101, "step": null, "ts": 1756760615.6288524}]}, "version": 298, "at": 1756760615.6288707}
{"obj": {"type": "LogFloats", "path": ["losses", "train", "loss"], "values": [{"value": 0.09583044208634448, "step": null, "ts": 1756760620.2972183}]}, "version": 299, "at": 1756760620.2974882}
{"obj": {"type": "LogFloats", "path": ["losses", "val", "loss"], "values": [{"value": 0.09449559873554772, "step": null, "ts": 1756760620.2986488}]}, "version": 300, "at": 1756760620.2986667}
{"obj": {"type": "LogFloats", "path": ["losses", "train", "loss"], "values": [{"value": 0.09582871865777724, "step": null, "ts": 1756760625.492541}]}, "version": 301, "at": 1756760625.492775}
{"obj": {"type": "LogFloats", "path": ["losses", "val", "loss"], "values": [{"value": 0.09433250347916189, "step": null, "ts": 1756760625.4938538}]}, "version": 302, "at": 1756760625.493873}
{"obj": {"type": "LogFloats", "path": ["losses", "train", "loss"], "values": [{"value": 0.09579299457419486, "step": null, "ts": 1756760632.7732642}]}, "version": 303, "at": 1756760632.7735603}
{"obj": {"type": "LogFloats", "path": ["losses", "val", "loss"], "values": [{"value": 0.0947384887579732, "step": null, "ts": 1756760632.7743504}]}, "version": 304, "at": 1756760632.7743707}
{"obj": {"type": "LogFloats", "path": ["losses", "train", "loss"], "values": [{"value": 0.0957995401933647, "step": null, "ts": 1756760637.508333}]}, "version": 305, "at": 1756760637.5084586}
{"obj": {"type": "LogFloats", "path": ["losses", "val", "loss"], "values": [{"value": 0.09477568924505095, "step": null, "ts": 1756760637.5090852}]}, "version": 306, "at": 1756760637.5091107}
{"obj": {"type": "LogFloats", "path": ["losses", "train", "loss"], "values": [{"value": 0.09573751382776699, "step": null, "ts": 1756760644.6844287}]}, "version": 307, "at": 1756760644.6845493}
{"obj": {"type": "LogFloats", "path": ["losses", "val", "loss"], "values": [{"value": 0.09452262325297181, "step": null, "ts": 1756760644.6851425}]}, "version": 308, "at": 1756760644.68518}
{"obj": {"type": "LogFloats", "path": ["losses", "train", "loss"], "values": [{"value": 0.09575302683063938, "step": null, "ts": 1756760650.323172}]}, "version": 309, "at": 1756760650.3237922}
{"obj": {"type": "LogFloats", "path": ["losses", "val", "loss"], "values": [{"value": 0.09444638846003486, "step": null, "ts": 1756760650.327636}]}, "version": 310, "at": 1756760650.327678}
{"obj": {"type": "LogFloats", "path": ["losses", "train", "loss"], "values": [{"value": 0.09571160012035188, "step": null, "ts": 1756760656.2821412}]}, "version": 311, "at": 1756760656.2824957}
{"obj": {"type": "LogFloats", "path": ["losses", "val", "loss"], "values": [{"value": 0.09438249592281478, "step": null, "ts": 1756760656.283274}]}, "version": 312, "at": 1756760656.2832897}
{"obj": {"type": "LogFloats", "path": ["losses", "train", "loss"], "values": [{"value": 0.09570128580280762, "step": null, "ts": 1756760661.796202}]}, "version": 313, "at": 1756760661.7964845}
{"obj": {"type": "LogFloats", "path": ["losses", "val", "loss"], "values": [{"value": 0.09466911049870202, "step": null, "ts": 1756760661.797232}]}, "version": 314, "at": 1756760661.7972496}
{"obj": {"type": "LogFloats", "path": ["losses", "train", "loss"], "values": [{"value": 0.09567934980738792, "step": null, "ts": 1756760666.4632642}]}, "version": 315, "at": 1756760666.463404}
{"obj": {"type": "LogFloats", "path": ["losses", "val", "loss"], "values": [{"value": 0.09464266110421019, "step": null, "ts": 1756760666.4644449}]}, "version": 316, "at": 1756760666.46447}
{"obj": {"type": "LogFloats", "path": ["losses", "train", "loss"], "values": [{"value": 0.0956419359519944, "step": null, "ts": 1756760672.05271}]}, "version": 317, "at": 1756760672.060133}
{"obj": {"type": "LogFloats", "path": ["losses", "val", "loss"], "values": [{"value": 0.09466436807323149, "step": null, "ts": 1756760672.0619946}]}, "version": 318, "at": 1756760672.0620534}
{"obj": {"type": "LogFloats", "path": ["losses", "train", "loss"], "values": [{"value": 0.09559037788260659, "step": null, "ts": 1756760678.1517413}]}, "version": 319, "at": 1756760678.15203}
{"obj": {"type": "LogFloats", "path": ["losses", "val", "loss"], "values": [{"value": 0.09471839285203612, "step": null, "ts": 1756760678.1530886}]}, "version": 320, "at": 1756760678.1531117}
{"obj": {"type": "LogFloats", "path": ["losses", "train", "loss"], "values": [{"value": 0.09562920010833602, "step": null, "ts": 1756760684.2335005}]}, "version": 321, "at": 1756760684.2337213}
{"obj": {"type": "LogFloats", "path": ["losses", "val", "loss"], "values": [{"value": 0.09474744180884681, "step": null, "ts": 1756760684.2345936}]}, "version": 322, "at": 1756760684.234616}
{"obj": {"type": "LogFloats", "path": ["losses", "train", "loss"], "values": [{"value": 0.09559198825705727, "step": null, "ts": 1756760690.4924457}]}, "version": 323, "at": 1756760690.4925346}
{"obj": {"type": "LogFloats", "path": ["losses", "val", "loss"], "values": [{"value": 0.09475959034946817, "step": null, "ts": 1756760690.493309}]}, "version": 324, "at": 1756760690.4933283}
