{"obj": {"type": "AssignString", "path": ["sys", "description"], "value": ""}, "version": 1, "at": 1756850877.674693}
{"obj": {"type": "AssignString", "path": ["monitoring", "2f619e9a", "hostname"], "value": "5e209612c6d1"}, "version": 2, "at": 1756850877.677678}
{"obj": {"type": "AssignString", "path": ["sys", "hostname"], "value": "5e209612c6d1"}, "version": 3, "at": 1756850877.6778853}
{"obj": {"type": "AssignString", "path": ["monitoring", "2f619e9a", "pid"], "value": "384140"}, "version": 4, "at": 1756850877.6780932}
{"obj": {"type": "AssignString", "path": ["monitoring", "2f619e9a", "tid"], "value": "281473281916960"}, "version": 5, "at": 1756850877.6782804}
{"obj": {"type": "AssignBool", "path": ["sys", "failed"], "value": false}, "version": 6, "at": 1756850877.6786997}
{"obj": {"type": "LogFloats", "path": ["losses", "train", "loss"], "values": [{"value": 0.24936847143040222, "step": null, "ts": 1756850881.7570999}]}, "version": 7, "at": 1756850881.757503}
{"obj": {"type": "LogFloats", "path": ["losses", "val", "loss"], "values": [{"value": 0.2514573711190765, "step": null, "ts": 1756850881.7596843}]}, "version": 8, "at": 1756850881.7597039}
{"obj": {"type": "LogFloats", "path": ["losses", "train", "loss"], "values": [{"value": 0.24936847134298207, "step": null, "ts": 1756850885.6972394}]}, "version": 9, "at": 1756850885.7004385}
{"obj": {"type": "LogFloats", "path": ["losses", "val", "loss"], "values": [{"value": 0.2514573711190765, "step": null, "ts": 1756850885.7032127}]}, "version": 10, "at": 1756850885.703236}
{"obj": {"type": "LogFloats", "path": ["losses", "train", "loss"], "values": [{"value": 0.24936847051646435, "step": null, "ts": 1756850888.9734516}]}, "version": 11, "at": 1756850888.9737935}
{"obj": {"type": "LogFloats", "path": ["losses", "val", "loss"], "values": [{"value": 0.2514573711190765, "step": null, "ts": 1756850888.9753585}]}, "version": 12, "at": 1756850888.9754462}
{"obj": {"type": "LogFloats", "path": ["losses", "train", "loss"], "values": [{"value": 0.2493684713827185, "step": null, "ts": 1756850892.2599003}]}, "version": 13, "at": 1756850892.2603178}
{"obj": {"type": "LogFloats", "path": ["losses", "val", "loss"], "values": [{"value": 0.2514573711190765, "step": null, "ts": 1756850892.2615886}]}, "version": 14, "at": 1756850892.261612}
{"obj": {"type": "LogFloats", "path": ["losses", "train", "loss"], "values": [{"value": 0.2493684716767681, "step": null, "ts": 1756850895.8580806}]}, "version": 15, "at": 1756850895.860502}
{"obj": {"type": "LogFloats", "path": ["losses", "val", "loss"], "values": [{"value": 0.2514573711190765, "step": null, "ts": 1756850895.8633256}]}, "version": 16, "at": 1756850895.8633482}
{"obj": {"type": "LogFloats", "path": ["losses", "train", "loss"], "values": [{"value": 0.24936847181981925, "step": null, "ts": 1756850899.1453671}]}, "version": 17, "at": 1756850899.1454582}
{"obj": {"type": "LogFloats", "path": ["losses", "val", "loss"], "values": [{"value": 0.2514573711190765, "step": null, "ts": 1756850899.145917}]}, "version": 18, "at": 1756850899.1459324}
{"obj": {"type": "LogFloats", "path": ["losses", "train", "loss"], "values": [{"value": 0.2493684711601945, "step": null, "ts": 1756850901.9383287}]}, "version": 19, "at": 1756850901.9383612}
{"obj": {"type": "LogFloats", "path": ["losses", "val", "loss"], "values": [{"value": 0.2514573711190765, "step": null, "ts": 1756850901.9391403}]}, "version": 20, "at": 1756850901.9391599}
{"obj": {"type": "LogFloats", "path": ["losses", "train", "loss"], "values": [{"value": 0.2493684719469758, "step": null, "ts": 1756850905.3249865}]}, "version": 21, "at": 1756850905.3258774}
{"obj": {"type": "LogFloats", "path": ["losses", "val", "loss"], "values": [{"value": 0.2514573711190765, "step": null, "ts": 1756850905.3267357}]}, "version": 22, "at": 1756850905.3267543}
{"obj": {"type": "LogFloats", "path": ["losses", "train", "loss"], "values": [{"value": 0.24936847130324566, "step": null, "ts": 1756850909.391366}]}, "version": 23, "at": 1756850909.39163}
{"obj": {"type": "LogFloats", "path": ["losses", "val", "loss"], "values": [{"value": 0.2514573711190765, "step": null, "ts": 1756850909.3921354}]}, "version": 24, "at": 1756850909.39215}
{"obj": {"type": "LogFloats", "path": ["losses", "train", "loss"], "values": [{"value": 0.2493684712237728, "step": null, "ts": 1756850912.9222085}]}, "version": 25, "at": 1756850912.9224489}
{"obj": {"type": "LogFloats", "path": ["losses", "val", "loss"], "values": [{"value": 0.2514573711190765, "step": null, "ts": 1756850912.9235628}]}, "version": 26, "at": 1756850912.9235818}
{"obj": {"type": "LogFloats", "path": ["losses", "train", "loss"], "values": [{"value": 0.2493684708184612, "step": null, "ts": 1756850917.100767}]}, "version": 27, "at": 1756850917.1011822}
{"obj": {"type": "LogFloats", "path": ["losses", "val", "loss"], "values": [{"value": 0.2514573711190765, "step": null, "ts": 1756850917.1033115}]}, "version": 28, "at": 1756850917.1033363}
{"obj": {"type": "LogFloats", "path": ["losses", "train", "loss"], "values": [{"value": 0.24936847141450766, "step": null, "ts": 1756850920.8983648}]}, "version": 29, "at": 1756850920.8985045}
{"obj": {"type": "LogFloats", "path": ["losses", "val", "loss"], "values": [{"value": 0.2514573711190765, "step": null, "ts": 1756850920.8991635}]}, "version": 30, "at": 1756850920.8991792}
{"obj": {"type": "LogFloats", "path": ["losses", "train", "loss"], "values": [{"value": 0.24936847123172007, "step": null, "ts": 1756850925.3306952}]}, "version": 31, "at": 1756850925.3321495}
{"obj": {"type": "LogFloats", "path": ["losses", "val", "loss"], "values": [{"value": 0.2514573711190765, "step": null, "ts": 1756850925.3368442}]}, "version": 32, "at": 1756850925.33691}
{"obj": {"type": "LogFloats", "path": ["losses", "train", "loss"], "values": [{"value": 0.24936847067541007, "step": null, "ts": 1756850930.0806391}]}, "version": 33, "at": 1756850930.0808563}
{"obj": {"type": "LogFloats", "path": ["losses", "val", "loss"], "values": [{"value": 0.2514573711190765, "step": null, "ts": 1756850930.0814786}]}, "version": 34, "at": 1756850930.0814998}
{"obj": {"type": "LogFloats", "path": ["losses", "train", "loss"], "values": [{"value": 0.2493684708264085, "step": null, "ts": 1756850934.5771952}]}, "version": 35, "at": 1756850934.5774403}
{"obj": {"type": "LogFloats", "path": ["losses", "val", "loss"], "values": [{"value": 0.2514573711190765, "step": null, "ts": 1756850934.5783572}]}, "version": 36, "at": 1756850934.5783792}
{"obj": {"type": "LogFloats", "path": ["losses", "train", "loss"], "values": [{"value": 0.24936847118403635, "step": null, "ts": 1756850937.8237143}]}, "version": 37, "at": 1756850937.823744}
{"obj": {"type": "LogFloats", "path": ["losses", "val", "loss"], "values": [{"value": 0.2514573711190765, "step": null, "ts": 1756850937.8242126}]}, "version": 38, "at": 1756850937.824228}
{"obj": {"type": "LogFloats", "path": ["losses", "train", "loss"], "values": [{"value": 0.24936847096945963, "step": null, "ts": 1756850942.1256967}]}, "version": 39, "at": 1756850942.1261191}
{"obj": {"type": "LogFloats", "path": ["losses", "val", "loss"], "values": [{"value": 0.2514573711190765, "step": null, "ts": 1756850942.127916}]}, "version": 40, "at": 1756850942.1279435}
{"obj": {"type": "LogFloats", "path": ["losses", "train", "loss"], "values": [{"value": 0.24936847139066579, "step": null, "ts": 1756850946.5338178}]}, "version": 41, "at": 1756850946.5342727}
{"obj": {"type": "LogFloats", "path": ["losses", "val", "loss"], "values": [{"value": 0.2514573711190765, "step": null, "ts": 1756850946.53651}]}, "version": 42, "at": 1756850946.5365431}
{"obj": {"type": "LogFloats", "path": ["losses", "train", "loss"], "values": [{"value": 0.24936847130324566, "step": null, "ts": 1756850950.6808803}]}, "version": 43, "at": 1756850950.681182}
{"obj": {"type": "LogFloats", "path": ["losses", "val", "loss"], "values": [{"value": 0.2514573711190765, "step": null, "ts": 1756850950.6822789}]}, "version": 44, "at": 1756850950.6822994}
{"obj": {"type": "LogFloats", "path": ["losses", "train", "loss"], "values": [{"value": 0.24936847101714335, "step": null, "ts": 1756850954.9847486}]}, "version": 45, "at": 1756850954.9850574}
{"obj": {"type": "LogFloats", "path": ["losses", "val", "loss"], "values": [{"value": 0.2514573711190765, "step": null, "ts": 1756850954.986033}]}, "version": 46, "at": 1756850954.9860892}
{"obj": {"type": "LogFloats", "path": ["losses", "train", "loss"], "values": [{"value": 0.24936847153371694, "step": null, "ts": 1756850959.0789533}]}, "version": 47, "at": 1756850959.0793126}
{"obj": {"type": "LogFloats", "path": ["losses", "val", "loss"], "values": [{"value": 0.2514573711190765, "step": null, "ts": 1756850959.0807936}]}, "version": 48, "at": 1756850959.0808556}
{"obj": {"type": "LogFloats", "path": ["losses", "train", "loss"], "values": [{"value": 0.24936847055620076, "step": null, "ts": 1756850963.2462554}]}, "version": 49, "at": 1756850963.2467866}
{"obj": {"type": "LogFloats", "path": ["losses", "val", "loss"], "values": [{"value": 0.2514573711190765, "step": null, "ts": 1756850963.248691}]}, "version": 50, "at": 1756850963.2487087}
{"obj": {"type": "LogFloats", "path": ["losses", "train", "loss"], "values": [{"value": 0.24936847119993094, "step": null, "ts": 1756850967.7650247}]}, "version": 51, "at": 1756850967.765418}
{"obj": {"type": "LogFloats", "path": ["losses", "val", "loss"], "values": [{"value": 0.2514573711190765, "step": null, "ts": 1756850967.7662492}]}, "version": 52, "at": 1756850967.766273}
{"obj": {"type": "LogFloats", "path": ["losses", "train", "loss"], "values": [{"value": 0.24936847114429994, "step": null, "ts": 1756850975.9798481}]}, "version": 53, "at": 1756850975.9821756}
{"obj": {"type": "LogFloats", "path": ["losses", "val", "loss"], "values": [{"value": 0.2514573711190765, "step": null, "ts": 1756850975.9892669}]}, "version": 54, "at": 1756850975.989296}
{"obj": {"type": "LogFloats", "path": ["losses", "train", "loss"], "values": [{"value": 0.24936847148603322, "step": null, "ts": 1756850981.0337179}]}, "version": 55, "at": 1756850981.033986}
{"obj": {"type": "LogFloats", "path": ["losses", "val", "loss"], "values": [{"value": 0.2514573711190765, "step": null, "ts": 1756850981.0346603}]}, "version": 56, "at": 1756850981.0346851}
{"obj": {"type": "LogFloats", "path": ["losses", "train", "loss"], "values": [{"value": 0.24936847085025035, "step": null, "ts": 1756850985.8635097}]}, "version": 57, "at": 1756850985.8639805}
{"obj": {"type": "LogFloats", "path": ["losses", "val", "loss"], "values": [{"value": 0.2514573711190765, "step": null, "ts": 1756850985.8648467}]}, "version": 58, "at": 1756850985.8648763}
{"obj": {"type": "LogFloats", "path": ["losses", "train", "loss"], "values": [{"value": 0.2493684713986131, "step": null, "ts": 1756850991.1058822}]}, "version": 59, "at": 1756850991.106121}
{"obj": {"type": "LogFloats", "path": ["losses", "val", "loss"], "values": [{"value": 0.2514573711190765, "step": null, "ts": 1756850991.1067805}]}, "version": 60, "at": 1756850991.1068}
{"obj": {"type": "LogFloats", "path": ["losses", "train", "loss"], "values": [{"value": 0.2493684708184612, "step": null, "ts": 1756850995.874308}]}, "version": 61, "at": 1756850995.8746026}
{"obj": {"type": "LogFloats", "path": ["losses", "val", "loss"], "values": [{"value": 0.2514573711190765, "step": null, "ts": 1756850995.8754747}]}, "version": 62, "at": 1756850995.8754923}
{"obj": {"type": "LogFloats", "path": ["losses", "train", "loss"], "values": [{"value": 0.24936847123172007, "step": null, "ts": 1756851000.269423}]}, "version": 63, "at": 1756851000.2697098}
{"obj": {"type": "LogFloats", "path": ["losses", "val", "loss"], "values": [{"value": 0.2514573711190765, "step": null, "ts": 1756851000.270308}]}, "version": 64, "at": 1756851000.2703245}
{"obj": {"type": "LogFloats", "path": ["losses", "train", "loss"], "values": [{"value": 0.24936847123966735, "step": null, "ts": 1756851004.5896847}]}, "version": 65, "at": 1756851004.5901115}
{"obj": {"type": "LogFloats", "path": ["losses", "val", "loss"], "values": [{"value": 0.2514573711190765, "step": null, "ts": 1756851004.5910943}]}, "version": 66, "at": 1756851004.5911145}
{"obj": {"type": "LogFloats", "path": ["losses", "train", "loss"], "values": [{"value": 0.24936847053235892, "step": null, "ts": 1756851008.842078}]}, "version": 67, "at": 1756851008.8424087}
{"obj": {"type": "LogFloats", "path": ["losses", "val", "loss"], "values": [{"value": 0.2514573711190765, "step": null, "ts": 1756851008.8432043}]}, "version": 68, "at": 1756851008.8432295}
{"obj": {"type": "LogFloats", "path": ["losses", "train", "loss"], "values": [{"value": 0.24936847125556194, "step": null, "ts": 1756851013.731634}]}, "version": 69, "at": 1756851013.7320576}
{"obj": {"type": "LogFloats", "path": ["losses", "val", "loss"], "values": [{"value": 0.2514573711190765, "step": null, "ts": 1756851013.733022}]}, "version": 70, "at": 1756851013.7330472}
{"obj": {"type": "LogFloats", "path": ["losses", "train", "loss"], "values": [{"value": 0.24936847112840535, "step": null, "ts": 1756851017.8490415}]}, "version": 71, "at": 1756851017.8493805}
{"obj": {"type": "LogFloats", "path": ["losses", "val", "loss"], "values": [{"value": 0.2514573711190765, "step": null, "ts": 1756851017.850319}]}, "version": 72, "at": 1756851017.8503406}
{"obj": {"type": "LogFloats", "path": ["losses", "train", "loss"], "values": [{"value": 0.2493684710012488, "step": null, "ts": 1756851021.581767}]}, "version": 73, "at": 1756851021.5821743}
{"obj": {"type": "LogFloats", "path": ["losses", "val", "loss"], "values": [{"value": 0.2514573711190765, "step": null, "ts": 1756851021.587114}]}, "version": 74, "at": 1756851021.5871491}
{"obj": {"type": "LogFloats", "path": ["losses", "train", "loss"], "values": [{"value": 0.24936847124761466, "step": null, "ts": 1756851025.7347581}]}, "version": 75, "at": 1756851025.735209}
{"obj": {"type": "LogFloats", "path": ["losses", "val", "loss"], "values": [{"value": 0.2514573711190765, "step": null, "ts": 1756851025.7363539}]}, "version": 76, "at": 1756851025.736378}
{"obj": {"type": "LogFloats", "path": ["losses", "train", "loss"], "values": [{"value": 0.24936847141450766, "step": null, "ts": 1756851029.5143316}]}, "version": 77, "at": 1756851029.5145757}
{"obj": {"type": "LogFloats", "path": ["losses", "val", "loss"], "values": [{"value": 0.2514573711190765, "step": null, "ts": 1756851029.5156612}]}, "version": 78, "at": 1756851029.515727}
{"obj": {"type": "LogFloats", "path": ["losses", "train", "loss"], "values": [{"value": 0.24936847062772635, "step": null, "ts": 1756851033.7521968}]}, "version": 79, "at": 1756851033.7528832}
{"obj": {"type": "LogFloats", "path": ["losses", "val", "loss"], "values": [{"value": 0.2514573711190765, "step": null, "ts": 1756851033.7544363}]}, "version": 80, "at": 1756851033.7544572}
{"obj": {"type": "LogFloats", "path": ["losses", "train", "loss"], "values": [{"value": 0.24936847154166422, "step": null, "ts": 1756851038.2827735}]}, "version": 81, "at": 1756851038.283115}
{"obj": {"type": "LogFloats", "path": ["losses", "val", "loss"], "values": [{"value": 0.2514573711190765, "step": null, "ts": 1756851038.2844944}]}, "version": 82, "at": 1756851038.284565}
{"obj": {"type": "LogFloats", "path": ["losses", "train", "loss"], "values": [{"value": 0.24936847115224722, "step": null, "ts": 1756851042.1649148}]}, "version": 83, "at": 1756851042.1653128}
{"obj": {"type": "LogFloats", "path": ["losses", "val", "loss"], "values": [{"value": 0.2514573711190765, "step": null, "ts": 1756851042.1665378}]}, "version": 84, "at": 1756851042.1665635}
{"obj": {"type": "LogFloats", "path": ["losses", "train", "loss"], "values": [{"value": 0.24936847077077748, "step": null, "ts": 1756851046.0795233}]}, "version": 85, "at": 1756851046.0797532}
{"obj": {"type": "LogFloats", "path": ["losses", "val", "loss"], "values": [{"value": 0.2514573711190765, "step": null, "ts": 1756851046.080523}]}, "version": 86, "at": 1756851046.0805411}
{"obj": {"type": "LogFloats", "path": ["losses", "train", "loss"], "values": [{"value": 0.24936847104098522, "step": null, "ts": 1756851050.566203}]}, "version": 87, "at": 1756851050.5666556}
{"obj": {"type": "LogFloats", "path": ["losses", "val", "loss"], "values": [{"value": 0.2514573711190765, "step": null, "ts": 1756851050.5681422}]}, "version": 88, "at": 1756851050.5681841}
{"obj": {"type": "LogFloats", "path": ["losses", "train", "loss"], "values": [{"value": 0.24936847060388448, "step": null, "ts": 1756851055.2115932}]}, "version": 89, "at": 1756851055.2120717}
{"obj": {"type": "LogFloats", "path": ["losses", "val", "loss"], "values": [{"value": 0.2514573711190765, "step": null, "ts": 1756851055.2130954}]}, "version": 90, "at": 1756851055.2131202}
{"obj": {"type": "LogFloats", "path": ["losses", "train", "loss"], "values": [{"value": 0.2493684710012488, "step": null, "ts": 1756851060.0407114}]}, "version": 91, "at": 1756851060.0425024}
{"obj": {"type": "LogFloats", "path": ["losses", "val", "loss"], "values": [{"value": 0.2514573711190765, "step": null, "ts": 1756851060.0452483}]}, "version": 92, "at": 1756851060.0452728}
{"obj": {"type": "LogFloats", "path": ["losses", "train", "loss"], "values": [{"value": 0.24936847170855725, "step": null, "ts": 1756851064.1126096}]}, "version": 93, "at": 1756851064.1130066}
{"obj": {"type": "LogFloats", "path": ["losses", "val", "loss"], "values": [{"value": 0.2514573711190765, "step": null, "ts": 1756851064.1138196}]}, "version": 94, "at": 1756851064.1138377}
{"obj": {"type": "LogFloats", "path": ["losses", "train", "loss"], "values": [{"value": 0.2493684708740922, "step": null, "ts": 1756851069.4600108}]}, "version": 95, "at": 1756851069.460386}
{"obj": {"type": "LogFloats", "path": ["losses", "val", "loss"], "values": [{"value": 0.2514573711190765, "step": null, "ts": 1756851069.4614618}]}, "version": 96, "at": 1756851069.4614973}
{"obj": {"type": "LogFloats", "path": ["losses", "train", "loss"], "values": [{"value": 0.2493684712237728, "step": null, "ts": 1756851074.4940555}]}, "version": 97, "at": 1756851074.4943802}
{"obj": {"type": "LogFloats", "path": ["losses", "val", "loss"], "values": [{"value": 0.2514573711190765, "step": null, "ts": 1756851074.4950192}]}, "version": 98, "at": 1756851074.4950323}
{"obj": {"type": "LogFloats", "path": ["losses", "train", "loss"], "values": [{"value": 0.24936847141450766, "step": null, "ts": 1756851079.6400075}]}, "version": 99, "at": 1756851079.6402793}
{"obj": {"type": "LogFloats", "path": ["losses", "val", "loss"], "values": [{"value": 0.2514573711190765, "step": null, "ts": 1756851079.6411374}]}, "version": 100, "at": 1756851079.6411607}
{"obj": {"type": "LogFloats", "path": ["losses", "train", "loss"], "values": [{"value": 0.24936847115224722, "step": null, "ts": 1756851084.7106662}]}, "version": 101, "at": 1756851084.7110388}
{"obj": {"type": "LogFloats", "path": ["losses", "val", "loss"], "values": [{"value": 0.2514573711190765, "step": null, "ts": 1756851084.7118218}]}, "version": 102, "at": 1756851084.711856}
{"obj": {"type": "LogFloats", "path": ["losses", "train", "loss"], "values": [{"value": 0.24936847124761466, "step": null, "ts": 1756851090.0537982}]}, "version": 103, "at": 1756851090.055508}
{"obj": {"type": "LogFloats", "path": ["losses", "val", "loss"], "values": [{"value": 0.2514573711190765, "step": null, "ts": 1756851090.0569866}]}, "version": 104, "at": 1756851090.0570114}
{"obj": {"type": "LogFloats", "path": ["losses", "train", "loss"], "values": [{"value": 0.24936847066746276, "step": null, "ts": 1756851094.092144}]}, "version": 105, "at": 1756851094.0921814}
{"obj": {"type": "LogFloats", "path": ["losses", "val", "loss"], "values": [{"value": 0.2514573711190765, "step": null, "ts": 1756851094.0926437}]}, "version": 106, "at": 1756851094.0926619}
{"obj": {"type": "LogFloats", "path": ["losses", "train", "loss"], "values": [{"value": 0.24936847092972322, "step": null, "ts": 1756851097.8782036}]}, "version": 107, "at": 1756851097.8784165}
{"obj": {"type": "LogFloats", "path": ["losses", "val", "loss"], "values": [{"value": 0.2514573711190765, "step": null, "ts": 1756851097.8791783}]}, "version": 108, "at": 1756851097.879197}
{"obj": {"type": "LogFloats", "path": ["losses", "train", "loss"], "values": [{"value": 0.24936847106482707, "step": null, "ts": 1756851101.607864}]}, "version": 109, "at": 1756851101.6080048}
{"obj": {"type": "LogFloats", "path": ["losses", "val", "loss"], "values": [{"value": 0.2514573711190765, "step": null, "ts": 1756851101.60869}]}, "version": 110, "at": 1756851101.608709}
{"obj": {"type": "LogFloats", "path": ["losses", "train", "loss"], "values": [{"value": 0.24936847119198366, "step": null, "ts": 1756851105.4656696}]}, "version": 111, "at": 1756851105.468537}
{"obj": {"type": "LogFloats", "path": ["losses", "val", "loss"], "values": [{"value": 0.2514573711190765, "step": null, "ts": 1756851105.469534}]}, "version": 112, "at": 1756851105.4695501}
{"obj": {"type": "LogFloats", "path": ["losses", "train", "loss"], "values": [{"value": 0.2493684712158255, "step": null, "ts": 1756851109.9728184}]}, "version": 113, "at": 1756851109.9731753}
{"obj": {"type": "LogFloats", "path": ["losses", "val", "loss"], "values": [{"value": 0.2514573711190765, "step": null, "ts": 1756851109.9739835}]}, "version": 114, "at": 1756851109.974008}
{"obj": {"type": "LogFloats", "path": ["losses", "train", "loss"], "values": [{"value": 0.24936847140656038, "step": null, "ts": 1756851114.1005478}]}, "version": 115, "at": 1756851114.1009119}
{"obj": {"type": "LogFloats", "path": ["losses", "val", "loss"], "values": [{"value": 0.2514573711190765, "step": null, "ts": 1756851114.1020434}]}, "version": 116, "at": 1756851114.1020646}
{"obj": {"type": "LogFloats", "path": ["losses", "train", "loss"], "values": [{"value": 0.2493684709376705, "step": null, "ts": 1756851117.9596772}]}, "version": 117, "at": 1756851117.9597201}
{"obj": {"type": "LogFloats", "path": ["losses", "val", "loss"], "values": [{"value": 0.2514573711190765, "step": null, "ts": 1756851117.9615338}]}, "version": 118, "at": 1756851117.961552}
{"obj": {"type": "LogFloats", "path": ["losses", "train", "loss"], "values": [{"value": 0.2493684709456178, "step": null, "ts": 1756851122.2822766}]}, "version": 119, "at": 1756851122.2827394}
{"obj": {"type": "LogFloats", "path": ["losses", "val", "loss"], "values": [{"value": 0.2514573711190765, "step": null, "ts": 1756851122.2851803}]}, "version": 120, "at": 1756851122.285203}
