{"obj": {"type": "AssignString", "path": ["sys", "description"], "value": ""}, "version": 1, "at": 1756580151.2048614}
{"obj": {"type": "AssignString", "path": ["monitoring", "12b3ece2", "hostname"], "value": "5e209612c6d1"}, "version": 2, "at": 1756580151.205451}
{"obj": {"type": "AssignString", "path": ["sys", "hostname"], "value": "5e209612c6d1"}, "version": 3, "at": 1756580151.2057476}
{"obj": {"type": "AssignString", "path": ["monitoring", "12b3ece2", "pid"], "value": "11188"}, "version": 4, "at": 1756580151.2060277}
{"obj": {"type": "AssignString", "path": ["monitoring", "12b3ece2", "tid"], "value": "281473812197408"}, "version": 5, "at": 1756580151.2062979}
{"obj": {"type": "AssignBool", "path": ["sys", "failed"], "value": false}, "version": 6, "at": 1756580151.2068045}
{"obj": {"type": "LogFloats", "path": ["losses", "train", "loss"], "values": [{"value": 0.2816331765477737, "step": null, "ts": 1756580155.164587}]}, "version": 7, "at": 1756580155.1647508}
{"obj": {"type": "LogFloats", "path": ["losses", "val", "loss"], "values": [{"value": 0.253530977386915, "step": null, "ts": 1756580155.165422}]}, "version": 8, "at": 1756580155.1654403}
{"obj": {"type": "LogFloats", "path": ["losses", "train", "loss"], "values": [{"value": 0.2517168416407194, "step": null, "ts": 1756580158.524304}]}, "version": 9, "at": 1756580158.5243297}
{"obj": {"type": "LogFloats", "path": ["losses", "val", "loss"], "values": [{"value": 0.2541159057117054, "step": null, "ts": 1756580158.5247777}]}, "version": 10, "at": 1756580158.5247893}
{"obj": {"type": "LogFloats", "path": ["losses", "train", "loss"], "values": [{"value": 0.2513428454385704, "step": null, "ts": 1756580163.3434167}]}, "version": 11, "at": 1756580163.3436239}
{"obj": {"type": "LogFloats", "path": ["losses", "val", "loss"], "values": [{"value": 0.2530906984900397, "step": null, "ts": 1756580163.3444564}]}, "version": 12, "at": 1756580163.3444746}
{"obj": {"type": "LogFloats", "path": ["losses", "train", "loss"], "values": [{"value": 0.25116689618294596, "step": null, "ts": 1756580167.99079}]}, "version": 13, "at": 1756580167.9908967}
{"obj": {"type": "LogFloats", "path": ["losses", "val", "loss"], "values": [{"value": 0.25259183265485363, "step": null, "ts": 1756580167.9916418}]}, "version": 14, "at": 1756580167.9916673}
{"obj": {"type": "LogFloats", "path": ["losses", "train", "loss"], "values": [{"value": 0.2511010806547124, "step": null, "ts": 1756580171.7471254}]}, "version": 15, "at": 1756580171.7471488}
{"obj": {"type": "LogFloats", "path": ["losses", "val", "loss"], "values": [{"value": 0.25277203130219156, "step": null, "ts": 1756580171.7481124}]}, "version": 16, "at": 1756580171.7481284}
{"obj": {"type": "LogFloats", "path": ["losses", "train", "loss"], "values": [{"value": 0.25085687285925273, "step": null, "ts": 1756580175.93386}]}, "version": 17, "at": 1756580175.9341743}
{"obj": {"type": "LogFloats", "path": ["losses", "val", "loss"], "values": [{"value": 0.25216159580761144, "step": null, "ts": 1756580175.9350004}]}, "version": 18, "at": 1756580175.9350193}
{"obj": {"type": "LogFloats", "path": ["losses", "train", "loss"], "values": [{"value": 0.24468535239566006, "step": null, "ts": 1756580180.5073593}]}, "version": 19, "at": 1756580180.5073888}
{"obj": {"type": "LogFloats", "path": ["losses", "val", "loss"], "values": [{"value": 0.2343084003713355, "step": null, "ts": 1756580180.5078564}]}, "version": 20, "at": 1756580180.5078712}
{"obj": {"type": "LogFloats", "path": ["losses", "train", "loss"], "values": [{"value": 0.23315573452189392, "step": null, "ts": 1756580184.1628504}]}, "version": 21, "at": 1756580184.162961}
{"obj": {"type": "LogFloats", "path": ["losses", "val", "loss"], "values": [{"value": 0.23360955166946334, "step": null, "ts": 1756580184.1634247}]}, "version": 22, "at": 1756580184.1634383}
{"obj": {"type": "LogFloats", "path": ["losses", "train", "loss"], "values": [{"value": 0.2328109930502873, "step": null, "ts": 1756580187.6902034}]}, "version": 23, "at": 1756580187.6902337}
{"obj": {"type": "LogFloats", "path": ["losses", "val", "loss"], "values": [{"value": 0.23282576482534756, "step": null, "ts": 1756580187.690633}]}, "version": 24, "at": 1756580187.6906428}
{"obj": {"type": "LogFloats", "path": ["losses", "train", "loss"], "values": [{"value": 0.23255554048096289, "step": null, "ts": 1756580191.9031084}]}, "version": 25, "at": 1756580191.9031308}
{"obj": {"type": "LogFloats", "path": ["losses", "val", "loss"], "values": [{"value": 0.23312379704704078, "step": null, "ts": 1756580191.9035509}]}, "version": 26, "at": 1756580191.9035614}
{"obj": {"type": "LogFloats", "path": ["losses", "train", "loss"], "values": [{"value": 0.23256084915672884, "step": null, "ts": 1756580196.3239164}]}, "version": 27, "at": 1756580196.3241365}
{"obj": {"type": "LogFloats", "path": ["losses", "val", "loss"], "values": [{"value": 0.23303220560773563, "step": null, "ts": 1756580196.3247983}]}, "version": 28, "at": 1756580196.324814}
{"obj": {"type": "LogFloats", "path": ["losses", "train", "loss"], "values": [{"value": 0.23247897159134537, "step": null, "ts": 1756580200.4883761}]}, "version": 29, "at": 1756580200.4884758}
{"obj": {"type": "LogFloats", "path": ["losses", "val", "loss"], "values": [{"value": 0.23347370406705914, "step": null, "ts": 1756580200.488972}]}, "version": 30, "at": 1756580200.488982}
{"obj": {"type": "LogFloats", "path": ["losses", "train", "loss"], "values": [{"value": 0.232430012248707, "step": null, "ts": 1756580205.0025535}]}, "version": 31, "at": 1756580205.002643}
{"obj": {"type": "LogFloats", "path": ["losses", "val", "loss"], "values": [{"value": 0.23287578764261338, "step": null, "ts": 1756580205.0031044}]}, "version": 32, "at": 1756580205.0031142}
{"obj": {"type": "LogFloats", "path": ["losses", "train", "loss"], "values": [{"value": 0.23242461337124526, "step": null, "ts": 1756580208.7264643}]}, "version": 33, "at": 1756580208.7264915}
{"obj": {"type": "LogFloats", "path": ["losses", "val", "loss"], "values": [{"value": 0.23299213571878102, "step": null, "ts": 1756580208.7269113}]}, "version": 34, "at": 1756580208.7269256}
{"obj": {"type": "LogFloats", "path": ["losses", "train", "loss"], "values": [{"value": 0.23236433536882453, "step": null, "ts": 1756580213.3005805}]}, "version": 35, "at": 1756580213.3007073}
{"obj": {"type": "LogFloats", "path": ["losses", "val", "loss"], "values": [{"value": 0.23294310423339873, "step": null, "ts": 1756580213.301256}]}, "version": 36, "at": 1756580213.3012695}
{"obj": {"type": "LogFloats", "path": ["losses", "train", "loss"], "values": [{"value": 0.23232354920581255, "step": null, "ts": 1756580217.2926688}]}, "version": 37, "at": 1756580217.2926939}
{"obj": {"type": "LogFloats", "path": ["losses", "val", "loss"], "values": [{"value": 0.23285290407695208, "step": null, "ts": 1756580217.2930458}]}, "version": 38, "at": 1756580217.293056}
{"obj": {"type": "LogFloats", "path": ["losses", "train", "loss"], "values": [{"value": 0.2324075606095317, "step": null, "ts": 1756580220.8453708}]}, "version": 39, "at": 1756580220.8454242}
{"obj": {"type": "LogFloats", "path": ["losses", "val", "loss"], "values": [{"value": 0.23235445590274734, "step": null, "ts": 1756580220.8463337}]}, "version": 40, "at": 1756580220.8463624}
{"obj": {"type": "LogFloats", "path": ["losses", "train", "loss"], "values": [{"value": 0.23225197681462081, "step": null, "ts": 1756580224.489248}]}, "version": 41, "at": 1756580224.4893014}
{"obj": {"type": "LogFloats", "path": ["losses", "val", "loss"], "values": [{"value": 0.23271986070169734, "step": null, "ts": 1756580224.489747}]}, "version": 42, "at": 1756580224.4897575}
{"obj": {"type": "LogFloats", "path": ["losses", "train", "loss"], "values": [{"value": 0.23222096729949443, "step": null, "ts": 1756580228.2024825}]}, "version": 43, "at": 1756580228.2025075}
{"obj": {"type": "LogFloats", "path": ["losses", "val", "loss"], "values": [{"value": 0.2324244306607379, "step": null, "ts": 1756580228.2028694}]}, "version": 44, "at": 1756580228.2028787}
{"obj": {"type": "LogFloats", "path": ["losses", "train", "loss"], "values": [{"value": 0.23222907972211962, "step": null, "ts": 1756580231.816073}]}, "version": 45, "at": 1756580231.816098}
{"obj": {"type": "LogFloats", "path": ["losses", "val", "loss"], "values": [{"value": 0.23235868388110012, "step": null, "ts": 1756580231.8164394}]}, "version": 46, "at": 1756580231.816451}
{"obj": {"type": "LogFloats", "path": ["losses", "train", "loss"], "values": [{"value": 0.2321366690384882, "step": null, "ts": 1756580235.5137305}]}, "version": 47, "at": 1756580235.5137749}
{"obj": {"type": "LogFloats", "path": ["losses", "val", "loss"], "values": [{"value": 0.23231617229644175, "step": null, "ts": 1756580235.5143256}]}, "version": 48, "at": 1756580235.5143383}
{"obj": {"type": "LogFloats", "path": ["losses", "train", "loss"], "values": [{"value": 0.23203819969371386, "step": null, "ts": 1756580239.1072123}]}, "version": 49, "at": 1756580239.1072428}
{"obj": {"type": "LogFloats", "path": ["losses", "val", "loss"], "values": [{"value": 0.23211766454949873, "step": null, "ts": 1756580239.1077027}]}, "version": 50, "at": 1756580239.107714}
{"obj": {"type": "LogFloats", "path": ["losses", "train", "loss"], "values": [{"value": 0.23172004067774213, "step": null, "ts": 1756580242.7722063}]}, "version": 51, "at": 1756580242.7722683}
{"obj": {"type": "LogFloats", "path": ["losses", "val", "loss"], "values": [{"value": 0.2337298166086854, "step": null, "ts": 1756580242.7727268}]}, "version": 52, "at": 1756580242.7727466}
{"obj": {"type": "LogFloats", "path": ["losses", "train", "loss"], "values": [{"value": 0.23124120839313522, "step": null, "ts": 1756580246.6214}]}, "version": 53, "at": 1756580246.6214774}
{"obj": {"type": "LogFloats", "path": ["losses", "val", "loss"], "values": [{"value": 0.23156048280574845, "step": null, "ts": 1756580246.6220088}]}, "version": 54, "at": 1756580246.622019}
{"obj": {"type": "LogFloats", "path": ["losses", "train", "loss"], "values": [{"value": 0.23014890823241513, "step": null, "ts": 1756580250.2497838}]}, "version": 55, "at": 1756580250.2498083}
{"obj": {"type": "LogFloats", "path": ["losses", "val", "loss"], "values": [{"value": 0.22972588745006325, "step": null, "ts": 1756580250.2502437}]}, "version": 56, "at": 1756580250.2502546}
{"obj": {"type": "LogFloats", "path": ["losses", "train", "loss"], "values": [{"value": 0.22823279529290866, "step": null, "ts": 1756580253.7643573}]}, "version": 57, "at": 1756580253.7643774}
{"obj": {"type": "LogFloats", "path": ["losses", "val", "loss"], "values": [{"value": 0.22751785423653362, "step": null, "ts": 1756580253.764736}]}, "version": 58, "at": 1756580253.7647462}
{"obj": {"type": "LogFloats", "path": ["losses", "train", "loss"], "values": [{"value": 0.22623156270860179, "step": null, "ts": 1756580257.3720632}]}, "version": 59, "at": 1756580257.3720899}
{"obj": {"type": "LogFloats", "path": ["losses", "val", "loss"], "values": [{"value": 0.22641560482179277, "step": null, "ts": 1756580257.3724613}]}, "version": 60, "at": 1756580257.3724713}
{"obj": {"type": "LogFloats", "path": ["losses", "train", "loss"], "values": [{"value": 0.22529021042862585, "step": null, "ts": 1756580261.2415829}]}, "version": 61, "at": 1756580261.241704}
{"obj": {"type": "LogFloats", "path": ["losses", "val", "loss"], "values": [{"value": 0.22568633142411443, "step": null, "ts": 1756580261.2423465}]}, "version": 62, "at": 1756580261.2423718}
{"obj": {"type": "LogFloats", "path": ["losses", "train", "loss"], "values": [{"value": 0.22481646273016237, "step": null, "ts": 1756580265.2873952}]}, "version": 63, "at": 1756580265.2874286}
{"obj": {"type": "LogFloats", "path": ["losses", "val", "loss"], "values": [{"value": 0.22538206318548068, "step": null, "ts": 1756580265.2878182}]}, "version": 64, "at": 1756580265.2878475}
{"obj": {"type": "LogFloats", "path": ["losses", "train", "loss"], "values": [{"value": 0.22435337870001348, "step": null, "ts": 1756580268.7557068}]}, "version": 65, "at": 1756580268.7557323}
{"obj": {"type": "LogFloats", "path": ["losses", "val", "loss"], "values": [{"value": 0.2249202683924609, "step": null, "ts": 1756580268.7561212}]}, "version": 66, "at": 1756580268.7561312}
{"obj": {"type": "LogFloats", "path": ["losses", "train", "loss"], "values": [{"value": 0.2238779563573977, "step": null, "ts": 1756580272.3054233}]}, "version": 67, "at": 1756580272.3054495}
{"obj": {"type": "LogFloats", "path": ["losses", "val", "loss"], "values": [{"value": 0.22387365986600855, "step": null, "ts": 1756580272.3058531}]}, "version": 68, "at": 1756580272.3058627}
{"obj": {"type": "LogFloats", "path": ["losses", "train", "loss"], "values": [{"value": 0.2230942402986708, "step": null, "ts": 1756580276.8520713}]}, "version": 69, "at": 1756580276.8521645}
{"obj": {"type": "LogFloats", "path": ["losses", "val", "loss"], "values": [{"value": 0.22275049536232533, "step": null, "ts": 1756580276.853366}]}, "version": 70, "at": 1756580276.853383}
{"obj": {"type": "LogFloats", "path": ["losses", "train", "loss"], "values": [{"value": 0.22095250622313597, "step": null, "ts": 1756580281.1446445}]}, "version": 71, "at": 1756580281.1450455}
{"obj": {"type": "LogFloats", "path": ["losses", "val", "loss"], "values": [{"value": 0.21831588884385872, "step": null, "ts": 1756580281.1454842}]}, "version": 72, "at": 1756580281.1455283}
{"obj": {"type": "LogFloats", "path": ["losses", "train", "loss"], "values": [{"value": 0.21587707203908862, "step": null, "ts": 1756580285.039522}]}, "version": 73, "at": 1756580285.0396545}
{"obj": {"type": "LogFloats", "path": ["losses", "val", "loss"], "values": [{"value": 0.21413417431189882, "step": null, "ts": 1756580285.0403178}]}, "version": 74, "at": 1756580285.040333}
{"obj": {"type": "LogFloats", "path": ["losses", "train", "loss"], "values": [{"value": 0.21340488577569952, "step": null, "ts": 1756580288.767715}]}, "version": 75, "at": 1756580288.7677436}
{"obj": {"type": "LogFloats", "path": ["losses", "val", "loss"], "values": [{"value": 0.2127920456234067, "step": null, "ts": 1756580288.7681243}]}, "version": 76, "at": 1756580288.7681398}
{"obj": {"type": "LogFloats", "path": ["losses", "train", "loss"], "values": [{"value": 0.21238568986938375, "step": null, "ts": 1756580292.7093852}]}, "version": 77, "at": 1756580292.709487}
{"obj": {"type": "LogFloats", "path": ["losses", "val", "loss"], "values": [{"value": 0.2120132000614717, "step": null, "ts": 1756580292.7098947}]}, "version": 78, "at": 1756580292.7099097}
{"obj": {"type": "LogFloats", "path": ["losses", "train", "loss"], "values": [{"value": 0.2118224782614537, "step": null, "ts": 1756580296.3281755}]}, "version": 79, "at": 1756580296.3281987}
{"obj": {"type": "LogFloats", "path": ["losses", "val", "loss"], "values": [{"value": 0.211710696396447, "step": null, "ts": 1756580296.3285587}]}, "version": 80, "at": 1756580296.328571}
{"obj": {"type": "LogFloats", "path": ["losses", "train", "loss"], "values": [{"value": 0.2113970330783378, "step": null, "ts": 1756580300.2446208}]}, "version": 81, "at": 1756580300.244663}
{"obj": {"type": "LogFloats", "path": ["losses", "val", "loss"], "values": [{"value": 0.2112313586520237, "step": null, "ts": 1756580300.2450926}]}, "version": 82, "at": 1756580300.24511}
{"obj": {"type": "LogFloats", "path": ["losses", "train", "loss"], "values": [{"value": 0.21081257620540084, "step": null, "ts": 1756580304.3172567}]}, "version": 83, "at": 1756580304.3174703}
{"obj": {"type": "LogFloats", "path": ["losses", "val", "loss"], "values": [{"value": 0.20982100844855467, "step": null, "ts": 1756580304.3181918}]}, "version": 84, "at": 1756580304.3182142}
{"obj": {"type": "LogFloats", "path": ["losses", "train", "loss"], "values": [{"value": 0.20883600760984306, "step": null, "ts": 1756580308.3283355}]}, "version": 85, "at": 1756580308.3283873}
{"obj": {"type": "LogFloats", "path": ["losses", "val", "loss"], "values": [{"value": 0.2067541791827748, "step": null, "ts": 1756580308.3288736}]}, "version": 86, "at": 1756580308.3288932}
{"obj": {"type": "LogFloats", "path": ["losses", "train", "loss"], "values": [{"value": 0.20615834769297958, "step": null, "ts": 1756580312.4126308}]}, "version": 87, "at": 1756580312.4128456}
{"obj": {"type": "LogFloats", "path": ["losses", "val", "loss"], "values": [{"value": 0.20536364157274997, "step": null, "ts": 1756580312.4137154}]}, "version": 88, "at": 1756580312.4137275}
{"obj": {"type": "LogFloats", "path": ["losses", "train", "loss"], "values": [{"value": 0.20520518720040554, "step": null, "ts": 1756580316.6002095}]}, "version": 89, "at": 1756580316.6002524}
{"obj": {"type": "LogFloats", "path": ["losses", "val", "loss"], "values": [{"value": 0.20464713270970158, "step": null, "ts": 1756580316.6008499}]}, "version": 90, "at": 1756580316.6008716}
{"obj": {"type": "LogFloats", "path": ["losses", "train", "loss"], "values": [{"value": 0.20467825539002932, "step": null, "ts": 1756580320.9773839}]}, "version": 91, "at": 1756580320.977519}
{"obj": {"type": "LogFloats", "path": ["losses", "val", "loss"], "values": [{"value": 0.2041749459992097, "step": null, "ts": 1756580320.9780087}]}, "version": 92, "at": 1756580320.9780235}
{"obj": {"type": "LogFloats", "path": ["losses", "train", "loss"], "values": [{"value": 0.2044722822734736, "step": null, "ts": 1756580325.4083273}]}, "version": 93, "at": 1756580325.4083567}
{"obj": {"type": "LogFloats", "path": ["losses", "val", "loss"], "values": [{"value": 0.2042185875965265, "step": null, "ts": 1756580325.4087076}]}, "version": 94, "at": 1756580325.4087174}
{"obj": {"type": "LogFloats", "path": ["losses", "train", "loss"], "values": [{"value": 0.20405767207036862, "step": null, "ts": 1756580329.2114396}]}, "version": 95, "at": 1756580329.2114902}
{"obj": {"type": "LogFloats", "path": ["losses", "val", "loss"], "values": [{"value": 0.20361215741981706, "step": null, "ts": 1756580329.2120101}]}, "version": 96, "at": 1756580329.21203}
{"obj": {"type": "LogFloats", "path": ["losses", "train", "loss"], "values": [{"value": 0.20381210017095586, "step": null, "ts": 1756580332.9271517}]}, "version": 97, "at": 1756580332.927194}
{"obj": {"type": "LogFloats", "path": ["losses", "val", "loss"], "values": [{"value": 0.20353971211595118, "step": null, "ts": 1756580332.9276073}]}, "version": 98, "at": 1756580332.9276204}
{"obj": {"type": "LogFloats", "path": ["losses", "train", "loss"], "values": [{"value": 0.203342629272648, "step": null, "ts": 1756580336.6261744}]}, "version": 99, "at": 1756580336.6261978}
{"obj": {"type": "LogFloats", "path": ["losses", "val", "loss"], "values": [{"value": 0.20263174594515124, "step": null, "ts": 1756580336.6264694}]}, "version": 100, "at": 1756580336.6264794}
{"obj": {"type": "LogFloats", "path": ["losses", "train", "loss"], "values": [{"value": 0.20223764679324055, "step": null, "ts": 1756580342.7875926}]}, "version": 101, "at": 1756580342.7880342}
{"obj": {"type": "LogFloats", "path": ["losses", "val", "loss"], "values": [{"value": 0.20091573269723167, "step": null, "ts": 1756580342.7896605}]}, "version": 102, "at": 1756580342.7897434}
{"obj": {"type": "LogFloats", "path": ["losses", "train", "loss"], "values": [{"value": 0.19935311527145877, "step": null, "ts": 1756580348.1358836}]}, "version": 103, "at": 1756580348.136192}
{"obj": {"type": "LogFloats", "path": ["losses", "val", "loss"], "values": [{"value": 0.19803791966239764, "step": null, "ts": 1756580348.1369555}]}, "version": 104, "at": 1756580348.136988}
{"obj": {"type": "LogFloats", "path": ["losses", "train", "loss"], "values": [{"value": 0.19732033936077423, "step": null, "ts": 1756580352.3713434}]}, "version": 105, "at": 1756580352.3713872}
{"obj": {"type": "LogFloats", "path": ["losses", "val", "loss"], "values": [{"value": 0.1961808892041133, "step": null, "ts": 1756580352.3718474}]}, "version": 106, "at": 1756580352.371861}
