{"obj": {"type": "AssignString", "path": ["sys", "description"], "value": ""}, "version": 1, "at": 1756082080.1632001}
{"obj": {"type": "AssignString", "path": ["monitoring", "499c8e69", "hostname"], "value": "5e209612c6d1"}, "version": 2, "at": 1756082080.1636798}
{"obj": {"type": "AssignString", "path": ["sys", "hostname"], "value": "5e209612c6d1"}, "version": 3, "at": 1756082080.1640308}
{"obj": {"type": "AssignString", "path": ["monitoring", "499c8e69", "pid"], "value": "751786"}, "version": 4, "at": 1756082080.1643763}
{"obj": {"type": "AssignString", "path": ["monitoring", "499c8e69", "tid"], "value": "281472966197280"}, "version": 5, "at": 1756082080.1646855}
{"obj": {"type": "AssignBool", "path": ["sys", "failed"], "value": false}, "version": 6, "at": 1756082080.1650043}
{"obj": {"type": "ClearStringLog", "path": ["monitoring", "499c8e69", "stdout"]}, "version": 7, "at": 1756082080.1653368}
{"obj": {"type": "ClearStringLog", "path": ["monitoring", "499c8e69", "stderr"]}, "version": 8, "at": 1756082080.165645}
{"obj": {"type": "AssignString", "path": ["source_code", "entrypoint"], "value": "task.py"}, "version": 9, "at": 1756082080.1660795}
{"obj": {"type": "UploadFileSet", "path": ["source_code", "files"], "file_globs": ["/workspaces/neural-networks/.laborantum/texts/course/2-Fully-Connected-NNs/1-Shallow-Feedforward-NNs/dist/task.py"], "reset": "False"}, "version": 10, "at": 1756082080.166378}
{"obj": {"type": "LogStrings", "path": ["monitoring", "499c8e69", "stderr"], "values": [{"value": "[neptune] [warning] <frozen task>:394: NeptuneWarning: Info (NVML): NVML Shared Library Not Found. GPU usage metrics may not be reported. For more information, see https://docs-legacy.neptune.ai/help/nvml_error/\n", "step": null, "ts": 1756082080.173056}]}, "version": 11, "at": 1756082080.1730733}
{"obj": {"type": "ConfigFloatSeries", "path": ["monitoring", "499c8e69", "cpu"], "min": 0.0, "max": 100.0, "unit": "%"}, "version": 12, "at": 1756082080.173499}
{"obj": {"type": "ClearFloatLog", "path": ["monitoring", "499c8e69", "cpu"]}, "version": 13, "at": 1756082080.1737773}
{"obj": {"type": "ConfigFloatSeries", "path": ["monitoring", "499c8e69", "memory"], "min": 0.0, "max": 7.185558319091797, "unit": "GB"}, "version": 14, "at": 1756082080.174053}
{"obj": {"type": "ClearFloatLog", "path": ["monitoring", "499c8e69", "memory"]}, "version": 15, "at": 1756082080.1742575}
{"obj": {"type": "LogStrings", "path": ["monitoring", "499c8e69", "stdout"], "values": [{"value": "1", "step": null, "ts": 1756082080.174921}]}, "version": 16, "at": 1756082080.174934}
{"obj": {"type": "LogFloats", "path": ["monitoring", "499c8e69", "memory"], "values": [{"value": 4.314830780029297, "step": null, "ts": 1756082080.1745334}]}, "version": 17, "at": 1756082080.1761582}
{"obj": {"type": "LogStrings", "path": ["monitoring", "499c8e69", "stdout"], "values": [{"value": " ", "step": null, "ts": 1756082080.1764197}]}, "version": 18, "at": 1756082080.1764343}
{"obj": {"type": "LogStrings", "path": ["monitoring", "499c8e69", "stderr"], "values": [{"value": "\r  0%|          | 0/1875 [00:00<?, ?it/s]", "step": null, "ts": 1756082080.1768813}]}, "version": 19, "at": 1756082080.1769114}
{"obj": {"type": "LogStrings", "path": ["monitoring", "499c8e69", "stdout"], "values": [{"value": "/", "step": null, "ts": 1756082080.1772344}]}, "version": 20, "at": 1756082080.1772423}
{"obj": {"type": "LogStrings", "path": ["monitoring", "499c8e69", "stdout"], "values": [{"value": " ", "step": null, "ts": 1756082080.177535}]}, "version": 21, "at": 1756082080.1775408}
{"obj": {"type": "LogStrings", "path": ["monitoring", "499c8e69", "stdout"], "values": [{"value": "5", "step": null, "ts": 1756082080.177792}]}, "version": 22, "at": 1756082080.1778011}
{"obj": {"type": "LogStrings", "path": ["monitoring", "499c8e69", "stdout"], "values": [{"value": "\n", "step": null, "ts": 1756082080.1808972}]}, "version": 23, "at": 1756082080.180914}
{"obj": {"type": "LogStrings", "path": ["monitoring", "499c8e69", "stderr"], "values": [{"value": "\r  3%|\u258e         | 63/1875 [00:00<00:02, 625.45it/s]", "step": null, "ts": 1756082080.2769988}]}, "version": 24, "at": 1756082080.2770178}
{"obj": {"type": "LogStrings", "path": ["monitoring", "499c8e69", "stderr"], "values": [{"value": "\r  8%|\u258a         | 155/1875 [00:00<00:02, 797.72it/s]", "step": null, "ts": 1756082080.3770964}]}, "version": 25, "at": 1756082080.3771152}
{"obj": {"type": "LogStrings", "path": ["monitoring", "499c8e69", "stderr"], "values": [{"value": "\r 13%|\u2588\u258e        | 248/1875 [00:00<00:01, 855.65it/s]", "step": null, "ts": 1756082080.4778194}]}, "version": 26, "at": 1756082080.4778442}
{"obj": {"type": "LogStrings", "path": ["monitoring", "499c8e69", "stderr"], "values": [{"value": "\r 18%|\u2588\u258a        | 334/1875 [00:00<00:02, 621.06it/s]", "step": null, "ts": 1756082080.674659}]}, "version": 27, "at": 1756082080.674695}
{"obj": {"type": "LogStrings", "path": ["monitoring", "499c8e69", "stderr"], "values": [{"value": "\r 22%|\u2588\u2588\u258f       | 408/1875 [00:00<00:02, 654.81it/s]", "step": null, "ts": 1756082080.774804}]}, "version": 28, "at": 1756082080.77484}
{"obj": {"type": "LogStrings", "path": ["monitoring", "499c8e69", "stderr"], "values": [{"value": "\r 26%|\u2588\u2588\u258c       | 491/1875 [00:00<00:01, 702.18it/s]", "step": null, "ts": 1756082080.876732}]}, "version": 29, "at": 1756082080.8768013}
{"obj": {"type": "LogStrings", "path": ["monitoring", "499c8e69", "stderr"], "values": [{"value": "\r 30%|\u2588\u2588\u2588       | 571/1875 [00:00<00:01, 730.21it/s]", "step": null, "ts": 1756082080.9769833}]}, "version": 30, "at": 1756082080.9770555}
{"obj": {"type": "LogStrings", "path": ["monitoring", "499c8e69", "stderr"], "values": [{"value": "\r 36%|\u2588\u2588\u2588\u258c      | 670/1875 [00:00<00:01, 805.61it/s]", "step": null, "ts": 1756082081.077493}]}, "version": 31, "at": 1756082081.0775263}
{"obj": {"type": "LogStrings", "path": ["monitoring", "499c8e69", "stderr"], "values": [{"value": "\r 41%|\u2588\u2588\u2588\u2588      | 771/1875 [00:01<00:01, 865.50it/s]", "step": null, "ts": 1756082081.1776855}]}, "version": 32, "at": 1756082081.1777072}
{"obj": {"type": "LogStrings", "path": ["monitoring", "499c8e69", "stderr"], "values": [{"value": "\r 46%|\u2588\u2588\u2588\u2588\u258c     | 860/1875 [00:01<00:01, 817.36it/s]", "step": null, "ts": 1756082081.300664}]}, "version": 33, "at": 1756082081.3006933}
{"obj": {"type": "LogStrings", "path": ["monitoring", "499c8e69", "stderr"], "values": [{"value": "\r 50%|\u2588\u2588\u2588\u2588\u2588     | 944/1875 [00:01<00:01, 621.80it/s]", "step": null, "ts": 1756082081.515527}]}, "version": 34, "at": 1756082081.5158095}
{"obj": {"type": "LogStrings", "path": ["monitoring", "499c8e69", "stderr"], "values": [{"value": "\r 54%|\u2588\u2588\u2588\u2588\u2588\u258d    | 1015/1875 [00:01<00:01, 597.44it/s]", "step": null, "ts": 1756082081.6470222}]}, "version": 35, "at": 1756082081.6470487}
{"obj": {"type": "LogStrings", "path": ["monitoring", "499c8e69", "stderr"], "values": [{"value": "\r 58%|\u2588\u2588\u2588\u2588\u2588\u258a    | 1081/1875 [00:01<00:01, 583.65it/s]", "step": null, "ts": 1756082081.7677367}]}, "version": 36, "at": 1756082081.7677855}
{"obj": {"type": "LogStrings", "path": ["monitoring", "499c8e69", "stderr"], "values": [{"value": "\r 63%|\u2588\u2588\u2588\u2588\u2588\u2588\u258e   | 1173/1875 [00:01<00:01, 665.84it/s]", "step": null, "ts": 1756082081.8675241}]}, "version": 37, "at": 1756082081.8675537}
{"obj": {"type": "LogStrings", "path": ["monitoring", "499c8e69", "stderr"], "values": [{"value": "\r 68%|\u2588\u2588\u2588\u2588\u2588\u2588\u258a   | 1277/1875 [00:01<00:00, 762.30it/s]", "step": null, "ts": 1756082081.9677653}]}, "version": 38, "at": 1756082081.9677935}
{"obj": {"type": "LogStrings", "path": ["monitoring", "499c8e69", "stderr"], "values": [{"value": "\r 74%|\u2588\u2588\u2588\u2588\u2588\u2588\u2588\u258e  | 1382/1875 [00:01<00:00, 838.99it/s]", "step": null, "ts": 1756082082.0681589}]}, "version": 39, "at": 1756082082.0681796}
{"obj": {"type": "LogStrings", "path": ["monitoring", "499c8e69", "stderr"], "values": [{"value": "\r 78%|\u2588\u2588\u2588\u2588\u2588\u2588\u2588\u258a  | 1471/1875 [00:02<00:00, 733.48it/s]", "step": null, "ts": 1756082082.2270935}]}, "version": 40, "at": 1756082082.227125}
{"obj": {"type": "LogStrings", "path": ["monitoring", "499c8e69", "stderr"], "values": [{"value": "\r 83%|\u2588\u2588\u2588\u2588\u2588\u2588\u2588\u2588\u258e | 1550/1875 [00:02<00:00, 698.95it/s]", "step": null, "ts": 1756082082.354449}]}, "version": 41, "at": 1756082082.3545063}
{"obj": {"type": "LogStrings", "path": ["monitoring", "499c8e69", "stderr"], "values": [{"value": "\r 88%|\u2588\u2588\u2588\u2588\u2588\u2588\u2588\u2588\u258a | 1644/1875 [00:02<00:00, 760.01it/s]", "step": null, "ts": 1756082082.4544818}]}, "version": 42, "at": 1756082082.4545472}
{"obj": {"type": "LogStrings", "path": ["monitoring", "499c8e69", "stderr"], "values": [{"value": "\r 93%|\u2588\u2588\u2588\u2588\u2588\u2588\u2588\u2588\u2588\u258e| 1739/1875 [00:02<00:00, 809.97it/s]", "step": null, "ts": 1756082082.5548668}]}, "version": 43, "at": 1756082082.5549216}
{"obj": {"type": "LogStrings", "path": ["monitoring", "499c8e69", "stderr"], "values": [{"value": "\r 98%|\u2588\u2588\u2588\u2588\u2588\u2588\u2588\u2588\u2588\u258a| 1839/1875 [00:02<00:00, 861.60it/s]", "step": null, "ts": 1756082082.654962}]}, "version": 44, "at": 1756082082.6549802}
{"obj": {"type": "LogStrings", "path": ["monitoring", "499c8e69", "stderr"], "values": [{"value": "", "step": null, "ts": 1756082082.6948013}]}, "version": 45, "at": 1756082082.6948247}
{"obj": {"type": "LogStrings", "path": ["monitoring", "499c8e69", "stderr"], "values": [{"value": "\r100%|\u2588\u2588\u2588\u2588\u2588\u2588\u2588\u2588\u2588\u2588| 1875/1875 [00:02<00:00, 744.45it/s]", "step": null, "ts": 1756082082.6964152}]}, "version": 46, "at": 1756082082.6964276}
{"obj": {"type": "LogStrings", "path": ["monitoring", "499c8e69", "stderr"], "values": [{"value": "\n", "step": null, "ts": 1756082082.6967418}]}, "version": 47, "at": 1756082082.6967487}
{"obj": {"type": "LogStrings", "path": ["monitoring", "499c8e69", "stderr"], "values": [{"value": "\r  0%|          | 0/313 [00:00<?, ?it/s]", "step": null, "ts": 1756082082.6972966}]}, "version": 48, "at": 1756082082.6973033}
{"obj": {"type": "LogStrings", "path": ["monitoring", "499c8e69", "stderr"], "values": [{"value": "\r 44%|\u2588\u2588\u2588\u2588\u258d     | 138/313 [00:00<00:00, 1376.75it/s]", "step": null, "ts": 1756082082.796301}]}, "version": 49, "at": 1756082082.7963262}
{"obj": {"type": "LogStrings", "path": ["monitoring", "499c8e69", "stderr"], "values": [{"value": "\r 88%|\u2588\u2588\u2588\u2588\u2588\u2588\u2588\u2588\u258a | 276/313 [00:00<00:00, 1286.09it/s]", "step": null, "ts": 1756082082.908484}]}, "version": 50, "at": 1756082082.9085174}
{"obj": {"type": "LogFloats", "path": ["losses", "train", "loss"], "values": [{"value": 110.41630521043064, "step": null, "ts": 1756082082.9375951}]}, "version": 51, "at": 1756082082.9377031}
{"obj": {"type": "LogFloats", "path": ["metrics", "train", "accuracy"], "values": [{"value": 0.5075833333332488, "step": null, "ts": 1756082082.938154}]}, "version": 52, "at": 1756082082.9381704}
{"obj": {"type": "LogStrings", "path": ["monitoring", "499c8e69", "stdout"], "values": [{"value": "7760.0", "step": null, "ts": 1756082082.9384794}]}, "version": 53, "at": 1756082082.9384885}
{"obj": {"type": "LogStrings", "path": ["monitoring", "499c8e69", "stdout"], "values": [{"value": " ", "step": null, "ts": 1756082082.9387834}]}, "version": 54, "at": 1756082082.9387925}
{"obj": {"type": "LogStrings", "path": ["monitoring", "499c8e69", "stdout"], "values": [{"value": "10000.00000001", "step": null, "ts": 1756082082.9390728}]}, "version": 55, "at": 1756082082.9390793}
{"obj": {"type": "LogStrings", "path": ["monitoring", "499c8e69", "stdout"], "values": [{"value": " ", "step": null, "ts": 1756082082.93933}]}, "version": 56, "at": 1756082082.9393368}
{"obj": {"type": "LogStrings", "path": ["monitoring", "499c8e69", "stdout"], "values": [{"value": "<- Validation accuracy debug", "step": null, "ts": 1756082082.9395792}]}, "version": 57, "at": 1756082082.939585}
{"obj": {"type": "LogStrings", "path": ["monitoring", "499c8e69", "stdout"], "values": [{"value": "\n", "step": null, "ts": 1756082082.9398303}]}, "version": 58, "at": 1756082082.9398365}
{"obj": {"type": "LogFloats", "path": ["losses", "val", "loss"], "values": [{"value": 3.3955734104005564, "step": null, "ts": 1756082082.9401076}]}, "version": 59, "at": 1756082082.9401193}
{"obj": {"type": "LogFloats", "path": ["metrics", "val", "accuracy"], "values": [{"value": 0.775999999999224, "step": null, "ts": 1756082082.9403753}]}, "version": 60, "at": 1756082082.9403834}
{"obj": {"type": "LogStrings", "path": ["monitoring", "499c8e69", "stderr"], "values": [{"value": "", "step": null, "ts": 1756082082.940855}]}, "version": 61, "at": 1756082082.9408643}
{"obj": {"type": "LogStrings", "path": ["monitoring", "499c8e69", "stderr"], "values": [{"value": "\r100%|\u2588\u2588\u2588\u2588\u2588\u2588\u2588\u2588\u2588\u2588| 313/313 [00:00<00:00, 1296.27it/s]", "step": null, "ts": 1756082082.9418378}]}, "version": 62, "at": 1756082082.9418468}
{"obj": {"type": "LogStrings", "path": ["monitoring", "499c8e69", "stdout"], "values": [{"value": "2", "step": null, "ts": 1756082082.942334}]}, "version": 63, "at": 1756082082.942342}
{"obj": {"type": "LogStrings", "path": ["monitoring", "499c8e69", "stdout"], "values": [{"value": " ", "step": null, "ts": 1756082082.9427845}]}, "version": 64, "at": 1756082082.94279}
{"obj": {"type": "LogStrings", "path": ["monitoring", "499c8e69", "stdout"], "values": [{"value": "/", "step": null, "ts": 1756082082.9430232}]}, "version": 65, "at": 1756082082.9430287}
{"obj": {"type": "LogStrings", "path": ["monitoring", "499c8e69", "stdout"], "values": [{"value": " ", "step": null, "ts": 1756082082.9436586}]}, "version": 66, "at": 1756082082.9436646}
{"obj": {"type": "LogStrings", "path": ["monitoring", "499c8e69", "stdout"], "values": [{"value": "5", "step": null, "ts": 1756082082.9440494}]}, "version": 67, "at": 1756082082.9440546}
{"obj": {"type": "LogStrings", "path": ["monitoring", "499c8e69", "stderr"], "values": [{"value": "\n", "step": null, "ts": 1756082082.9443693}]}, "version": 68, "at": 1756082082.9443753}
{"obj": {"type": "LogStrings", "path": ["monitoring", "499c8e69", "stderr"], "values": [{"value": "\r  0%|          | 0/1875 [00:00<?, ?it/s]", "step": null, "ts": 1756082082.9446814}]}, "version": 69, "at": 1756082082.944689}
{"obj": {"type": "LogStrings", "path": ["monitoring", "499c8e69", "stdout"], "values": [{"value": "\n", "step": null, "ts": 1756082082.9453392}]}, "version": 70, "at": 1756082082.9453478}
{"obj": {"type": "LogStrings", "path": ["monitoring", "499c8e69", "stderr"], "values": [{"value": "\r  5%|\u258c         | 99/1875 [00:00<00:01, 985.23it/s]", "step": null, "ts": 1756082083.0416834}]}, "version": 71, "at": 1756082083.0417018}
{"obj": {"type": "LogStrings", "path": ["monitoring", "499c8e69", "stderr"], "values": [{"value": "\r 11%|\u2588         | 208/1875 [00:00<00:01, 1042.54it/s]", "step": null, "ts": 1756082083.1424417}]}, "version": 72, "at": 1756082083.1424685}
{"obj": {"type": "LogStrings", "path": ["monitoring", "499c8e69", "stderr"], "values": [{"value": "\r 17%|\u2588\u258b        | 316/1875 [00:00<00:01, 1059.45it/s]", "step": null, "ts": 1756082083.2423744}]}, "version": 73, "at": 1756082083.242396}
{"obj": {"type": "LogStrings", "path": ["monitoring", "499c8e69", "stderr"], "values": [{"value": "\r 23%|\u2588\u2588\u258e       | 422/1875 [00:00<00:01, 1017.39it/s]", "step": null, "ts": 1756082083.3531227}]}, "version": 74, "at": 1756082083.3531606}
{"obj": {"type": "LogStrings", "path": ["monitoring", "499c8e69", "stderr"], "values": [{"value": "\r 28%|\u2588\u2588\u258a       | 524/1875 [00:00<00:01, 963.43it/s] ", "step": null, "ts": 1756082083.4691663}]}, "version": 75, "at": 1756082083.4692078}
{"obj": {"type": "LogStrings", "path": ["monitoring", "499c8e69", "stderr"], "values": [{"value": "\r 34%|\u2588\u2588\u2588\u258d      | 637/1875 [00:00<00:01, 1016.87it/s]", "step": null, "ts": 1756082083.5691493}]}, "version": 76, "at": 1756082083.5691833}
{"obj": {"type": "LogStrings", "path": ["monitoring", "499c8e69", "stderr"], "values": [{"value": "\r 40%|\u2588\u2588\u2588\u2589      | 746/1875 [00:00<00:01, 1037.68it/s]", "step": null, "ts": 1756082083.6699865}]}, "version": 77, "at": 1756082083.6700132}
{"obj": {"type": "LogStrings", "path": ["monitoring", "499c8e69", "stderr"], "values": [{"value": "\r 45%|\u2588\u2588\u2588\u2588\u258c     | 851/1875 [00:00<00:01, 1023.82it/s]", "step": null, "ts": 1756082083.7754457}]}, "version": 78, "at": 1756082083.7754648}
{"obj": {"type": "LogStrings", "path": ["monitoring", "499c8e69", "stderr"], "values": [{"value": "\r 51%|\u2588\u2588\u2588\u2588\u2588\u258f    | 965/1875 [00:00<00:00, 1057.66it/s]", "step": null, "ts": 1756082083.8758676}]}, "version": 79, "at": 1756082083.8758843}
{"obj": {"type": "LogStrings", "path": ["monitoring", "499c8e69", "stderr"], "values": [{"value": "\r 57%|\u2588\u2588\u2588\u2588\u2588\u258b    | 1072/1875 [00:01<00:00, 984.77it/s]", "step": null, "ts": 1756082084.001629}]}, "version": 80, "at": 1756082084.001656}
{"obj": {"type": "LogStrings", "path": ["monitoring", "499c8e69", "stderr"], "values": [{"value": "\r 63%|\u2588\u2588\u2588\u2588\u2588\u2588\u258e   | 1181/1875 [00:01<00:00, 1014.48it/s]", "step": null, "ts": 1756082084.1018283}]}, "version": 81, "at": 1756082084.1018422}
{"obj": {"type": "LogStrings", "path": ["monitoring", "499c8e69", "stderr"], "values": [{"value": "\r 69%|\u2588\u2588\u2588\u2588\u2588\u2588\u2589   | 1300/1875 [00:01<00:00, 1063.83it/s]", "step": null, "ts": 1756082084.2022665}]}, "version": 82, "at": 1756082084.2022853}
{"obj": {"type": "LogStrings", "path": ["monitoring", "499c8e69", "stderr"], "values": [{"value": "\r 75%|\u2588\u2588\u2588\u2588\u2588\u2588\u2588\u258c  | 1415/1875 [00:01<00:00, 1087.81it/s]", "step": null, "ts": 1756082084.3026373}]}, "version": 83, "at": 1756082084.302655}
{"obj": {"type": "LogStrings", "path": ["monitoring", "499c8e69", "stderr"], "values": [{"value": "\r 82%|\u2588\u2588\u2588\u2588\u2588\u2588\u2588\u2588\u258f | 1535/1875 [00:01<00:00, 1118.90it/s]", "step": null, "ts": 1756082084.403198}]}, "version": 84, "at": 1756082084.403214}
{"obj": {"type": "LogStrings", "path": ["monitoring", "499c8e69", "stderr"], "values": [{"value": "\r 88%|\u2588\u2588\u2588\u2588\u2588\u2588\u2588\u2588\u258a | 1649/1875 [00:01<00:00, 1122.63it/s]", "step": null, "ts": 1756082084.5040398}]}, "version": 85, "at": 1756082084.504057}
{"obj": {"type": "LogStrings", "path": ["monitoring", "499c8e69", "stderr"], "values": [{"value": "\r 94%|\u2588\u2588\u2588\u2588\u2588\u2588\u2588\u2588\u2588\u258d| 1762/1875 [00:01<00:00, 1120.61it/s]", "step": null, "ts": 1756082084.6054678}]}, "version": 86, "at": 1756082084.6054845}
{"obj": {"type": "LogStrings", "path": ["monitoring", "499c8e69", "stderr"], "values": [{"value": "\r100%|\u2588\u2588\u2588\u2588\u2588\u2588\u2588\u2588\u2588\u2588| 1875/1875 [00:01<00:00, 900.36it/s] ", "step": null, "ts": 1756082084.7890465}]}, "version": 87, "at": 1756082084.7890682}
{"obj": {"type": "LogStrings", "path": ["monitoring", "499c8e69", "stderr"], "values": [{"value": "", "step": null, "ts": 1756082084.7905731}]}, "version": 88, "at": 1756082084.7905836}
{"obj": {"type": "LogStrings", "path": ["monitoring", "499c8e69", "stderr"], "values": [{"value": "\r100%|\u2588\u2588\u2588\u2588\u2588\u2588\u2588\u2588\u2588\u2588| 1875/1875 [00:01<00:00, 1013.97it/s]", "step": null, "ts": 1756082084.7908072}]}, "version": 89, "at": 1756082084.790817}
{"obj": {"type": "LogStrings", "path": ["monitoring", "499c8e69", "stderr"], "values": [{"value": "\n", "step": null, "ts": 1756082084.791517}]}, "version": 90, "at": 1756082084.7915232}
{"obj": {"type": "LogStrings", "path": ["monitoring", "499c8e69", "stderr"], "values": [{"value": "\r  0%|          | 0/313 [00:00<?, ?it/s]", "step": null, "ts": 1756082084.7921748}]}, "version": 91, "at": 1756082084.792182}
{"obj": {"type": "LogStrings", "path": ["monitoring", "499c8e69", "stderr"], "values": [{"value": "\r 45%|\u2588\u2588\u2588\u2588\u258c     | 142/313 [00:00<00:00, 1418.29it/s]", "step": null, "ts": 1756082084.890662}]}, "version": 92, "at": 1756082084.8906794}
{"obj": {"type": "LogStrings", "path": ["monitoring", "499c8e69", "stderr"], "values": [{"value": "\r 93%|\u2588\u2588\u2588\u2588\u2588\u2588\u2588\u2588\u2588\u258e| 290/313 [00:00<00:00, 1450.10it/s]", "step": null, "ts": 1756082084.991406}]}, "version": 93, "at": 1756082084.991423}
{"obj": {"type": "LogFloats", "path": ["losses", "train", "loss"], "values": [{"value": 1.9010309531348883, "step": null, "ts": 1756082085.0072844}]}, "version": 94, "at": 1756082085.0073044}
{"obj": {"type": "LogFloats", "path": ["metrics", "train", "accuracy"], "values": [{"value": 0.8272166666665288, "step": null, "ts": 1756082085.0077076}]}, "version": 95, "at": 1756082085.0077245}
{"obj": {"type": "LogFloats", "path": ["losses", "val", "loss"], "values": [{"value": 0.8995810846231812, "step": null, "ts": 1756082085.0080998}]}, "version": 96, "at": 1756082085.008121}
{"obj": {"type": "LogFloats", "path": ["metrics", "val", "accuracy"], "values": [{"value": 0.8811999999991187, "step": null, "ts": 1756082085.0084603}]}, "version": 97, "at": 1756082085.0084755}
{"obj": {"type": "LogStrings", "path": ["monitoring", "499c8e69", "stdout"], "values": [{"value": "8812.0", "step": null, "ts": 1756082085.0090766}]}, "version": 98, "at": 1756082085.0090852}
{"obj": {"type": "LogStrings", "path": ["monitoring", "499c8e69", "stdout"], "values": [{"value": " ", "step": null, "ts": 1756082085.0098722}]}, "version": 99, "at": 1756082085.00988}
{"obj": {"type": "LogStrings", "path": ["monitoring", "499c8e69", "stdout"], "values": [{"value": "10000.00000001", "step": null, "ts": 1756082085.0102837}]}, "version": 100, "at": 1756082085.0102928}
{"obj": {"type": "LogStrings", "path": ["monitoring", "499c8e69", "stderr"], "values": [{"value": "", "step": null, "ts": 1756082085.0106714}]}, "version": 101, "at": 1756082085.0106783}
{"obj": {"type": "LogStrings", "path": ["monitoring", "499c8e69", "stderr"], "values": [{"value": "\r100%|\u2588\u2588\u2588\u2588\u2588\u2588\u2588\u2588\u2588\u2588| 313/313 [00:00<00:00, 1443.49it/s]", "step": null, "ts": 1756082085.0110111}]}, "version": 102, "at": 1756082085.0110168}
{"obj": {"type": "LogStrings", "path": ["monitoring", "499c8e69", "stdout"], "values": [{"value": " ", "step": null, "ts": 1756082085.0114467}]}, "version": 103, "at": 1756082085.0114522}
{"obj": {"type": "LogStrings", "path": ["monitoring", "499c8e69", "stdout"], "values": [{"value": "<- Validation accuracy debug", "step": null, "ts": 1756082085.0116909}]}, "version": 104, "at": 1756082085.011696}
{"obj": {"type": "LogStrings", "path": ["monitoring", "499c8e69", "stderr"], "values": [{"value": "\n", "step": null, "ts": 1756082085.0139625}]}, "version": 105, "at": 1756082085.0139716}
{"obj": {"type": "LogStrings", "path": ["monitoring", "499c8e69", "stderr"], "values": [{"value": "\r  0%|          | 0/1875 [00:00<?, ?it/s]", "step": null, "ts": 1756082085.0142996}]}, "version": 106, "at": 1756082085.0143082}
{"obj": {"type": "LogStrings", "path": ["monitoring", "499c8e69", "stdout"], "values": [{"value": "\n", "step": null, "ts": 1756082085.0147736}]}, "version": 107, "at": 1756082085.0147812}
{"obj": {"type": "LogStrings", "path": ["monitoring", "499c8e69", "stdout"], "values": [{"value": "3", "step": null, "ts": 1756082085.0170772}]}, "version": 108, "at": 1756082085.0170858}
{"obj": {"type": "LogStrings", "path": ["monitoring", "499c8e69", "stdout"], "values": [{"value": " ", "step": null, "ts": 1756082085.01743}]}, "version": 109, "at": 1756082085.0174375}
{"obj": {"type": "LogStrings", "path": ["monitoring", "499c8e69", "stdout"], "values": [{"value": "/", "step": null, "ts": 1756082085.017734}]}, "version": 110, "at": 1756082085.0177395}
{"obj": {"type": "LogStrings", "path": ["monitoring", "499c8e69", "stdout"], "values": [{"value": " ", "step": null, "ts": 1756082085.0180316}]}, "version": 111, "at": 1756082085.0180364}
{"obj": {"type": "LogStrings", "path": ["monitoring", "499c8e69", "stdout"], "values": [{"value": "5", "step": null, "ts": 1756082085.0183818}]}, "version": 112, "at": 1756082085.0183887}
{"obj": {"type": "LogStrings", "path": ["monitoring", "499c8e69", "stdout"], "values": [{"value": "\n", "step": null, "ts": 1756082085.018806}]}, "version": 113, "at": 1756082085.0188122}
{"obj": {"type": "LogStrings", "path": ["monitoring", "499c8e69", "stderr"], "values": [{"value": "\r  6%|\u258c         | 113/1875 [00:00<00:01, 1122.80it/s]", "step": null, "ts": 1756082085.1098883}]}, "version": 114, "at": 1756082085.109921}
{"obj": {"type": "LogStrings", "path": ["monitoring", "499c8e69", "stderr"], "values": [{"value": "\r 12%|\u2588\u258f        | 231/1875 [00:00<00:01, 1155.32it/s]", "step": null, "ts": 1756082085.2099752}]}, "version": 115, "at": 1756082085.2099895}
{"obj": {"type": "LogStrings", "path": ["monitoring", "499c8e69", "stderr"], "values": [{"value": "\r 19%|\u2588\u258a        | 347/1875 [00:00<00:01, 1103.85it/s]", "step": null, "ts": 1756082085.3206575}]}, "version": 116, "at": 1756082085.3206737}
{"obj": {"type": "LogStrings", "path": ["monitoring", "499c8e69", "stderr"], "values": [{"value": "\r 25%|\u2588\u2588\u258d       | 466/1875 [00:00<00:01, 1133.54it/s]", "step": null, "ts": 1756082085.4214272}]}, "version": 117, "at": 1756082085.4214444}
{"obj": {"type": "LogStrings", "path": ["monitoring", "499c8e69", "stderr"], "values": [{"value": "\r 31%|\u2588\u2588\u2588       | 580/1875 [00:00<00:01, 1066.62it/s]", "step": null, "ts": 1756082085.5398211}]}, "version": 118, "at": 1756082085.5398424}
{"obj": {"type": "LogStrings", "path": ["monitoring", "499c8e69", "stderr"], "values": [{"value": "\r 37%|\u2588\u2588\u2588\u258b      | 690/1875 [00:00<00:01, 1074.74it/s]", "step": null, "ts": 1756082085.6405385}]}, "version": 119, "at": 1756082085.6405554}
{"obj": {"type": "LogStrings", "path": ["monitoring", "499c8e69", "stderr"], "values": [{"value": "\r 43%|\u2588\u2588\u2588\u2588\u258e     | 800/1875 [00:00<00:00, 1082.47it/s]", "step": null, "ts": 1756082085.7406352}]}, "version": 120, "at": 1756082085.740654}
{"obj": {"type": "LogStrings", "path": ["monitoring", "499c8e69", "stderr"], "values": [{"value": "\r 49%|\u2588\u2588\u2588\u2588\u2589     | 918/1875 [00:00<00:00, 1110.50it/s]", "step": null, "ts": 1756082085.8412235}]}, "version": 121, "at": 1756082085.8412383}
{"obj": {"type": "LogStrings", "path": ["monitoring", "499c8e69", "stderr"], "values": [{"value": "\r 55%|\u2588\u2588\u2588\u2588\u2588\u258c    | 1039/1875 [00:00<00:00, 1139.85it/s]", "step": null, "ts": 1756082085.9415696}]}, "version": 122, "at": 1756082085.9415843}
{"obj": {"type": "LogStrings", "path": ["monitoring", "499c8e69", "stderr"], "values": [{"value": "\r 62%|\u2588\u2588\u2588\u2588\u2588\u2588\u258f   | 1154/1875 [00:01<00:00, 1136.93it/s]", "step": null, "ts": 1756082086.04336}]}, "version": 123, "at": 1756082086.0433805}
{"obj": {"type": "LogStrings", "path": ["monitoring", "499c8e69", "stderr"], "values": [{"value": "\r 68%|\u2588\u2588\u2588\u2588\u2588\u2588\u258a   | 1278/1875 [00:01<00:00, 1165.43it/s]", "step": null, "ts": 1756082086.144042}]}, "version": 124, "at": 1756082086.144056}
{"obj": {"type": "LogStrings", "path": ["monitoring", "499c8e69", "stderr"], "values": [{"value": "\r 74%|\u2588\u2588\u2588\u2588\u2588\u2588\u2588\u258d  | 1395/1875 [00:01<00:00, 1165.90it/s]", "step": null, "ts": 1756082086.244288}]}, "version": 125, "at": 1756082086.2443042}
{"obj": {"type": "LogStrings", "path": ["monitoring", "499c8e69", "stderr"], "values": [{"value": "\r 81%|\u2588\u2588\u2588\u2588\u2588\u2588\u2588\u2588  | 1513/1875 [00:01<00:00, 1169.29it/s]", "step": null, "ts": 1756082086.3445349}]}, "version": 126, "at": 1756082086.3445487}
{"obj": {"type": "LogStrings", "path": ["monitoring", "499c8e69", "stderr"], "values": [{"value": "\r 87%|\u2588\u2588\u2588\u2588\u2588\u2588\u2588\u2588\u258b | 1631/1875 [00:01<00:00, 1171.82it/s]", "step": null, "ts": 1756082086.4447384}]}, "version": 127, "at": 1756082086.4447525}
{"obj": {"type": "LogStrings", "path": ["monitoring", "499c8e69", "stderr"], "values": [{"value": "\r 93%|\u2588\u2588\u2588\u2588\u2588\u2588\u2588\u2588\u2588\u258e| 1749/1875 [00:01<00:00, 1166.30it/s]", "step": null, "ts": 1756082086.547108}]}, "version": 128, "at": 1756082086.5471265}
{"obj": {"type": "LogStrings", "path": ["monitoring", "499c8e69", "stderr"], "values": [{"value": "\r100%|\u2588\u2588\u2588\u2588\u2588\u2588\u2588\u2588\u2588\u2589| 1871/1875 [00:01<00:00, 1181.10it/s]", "step": null, "ts": 1756082086.6473484}]}, "version": 129, "at": 1756082086.6473637}
{"obj": {"type": "LogStrings", "path": ["monitoring", "499c8e69", "stderr"], "values": [{"value": "", "step": null, "ts": 1756082086.6525435}]}, "version": 130, "at": 1756082086.6525567}
{"obj": {"type": "LogStrings", "path": ["monitoring", "499c8e69", "stderr"], "values": [{"value": "\r100%|\u2588\u2588\u2588\u2588\u2588\u2588\u2588\u2588\u2588\u2588| 1875/1875 [00:01<00:00, 1141.05it/s]", "step": null, "ts": 1756082086.6535492}]}, "version": 131, "at": 1756082086.6535559}
{"obj": {"type": "LogStrings", "path": ["monitoring", "499c8e69", "stderr"], "values": [{"value": "\n", "step": null, "ts": 1756082086.6540072}]}, "version": 132, "at": 1756082086.6540132}
{"obj": {"type": "LogStrings", "path": ["monitoring", "499c8e69", "stderr"], "values": [{"value": "\r  0%|          | 0/313 [00:00<?, ?it/s]", "step": null, "ts": 1756082086.6544876}]}, "version": 133, "at": 1756082086.6544964}
{"obj": {"type": "LogStrings", "path": ["monitoring", "499c8e69", "stderr"], "values": [{"value": "\r 46%|\u2588\u2588\u2588\u2588\u258b     | 145/313 [00:00<00:00, 1440.96it/s]", "step": null, "ts": 1756082086.7535255}]}, "version": 134, "at": 1756082086.7535748}
{"obj": {"type": "LogStrings", "path": ["monitoring", "499c8e69", "stderr"], "values": [{"value": "\r 93%|\u2588\u2588\u2588\u2588\u2588\u2588\u2588\u2588\u2588\u258e| 292/313 [00:00<00:00, 1457.37it/s]", "step": null, "ts": 1756082086.8533552}]}, "version": 135, "at": 1756082086.8533742}
{"obj": {"type": "LogStrings", "path": ["monitoring", "499c8e69", "stderr"], "values": [{"value": "", "step": null, "ts": 1756082086.86755}]}, "version": 136, "at": 1756082086.867566}
{"obj": {"type": "LogStrings", "path": ["monitoring", "499c8e69", "stderr"], "values": [{"value": "\r100%|\u2588\u2588\u2588\u2588\u2588\u2588\u2588\u2588\u2588\u2588| 313/313 [00:00<00:00, 1455.75it/s]", "step": null, "ts": 1756082086.8678963}]}, "version": 137, "at": 1756082086.8679242}
{"obj": {"type": "LogStrings", "path": ["monitoring", "499c8e69", "stdout"], "values": [{"value": "9028.0", "step": null, "ts": 1756082086.8682554}]}, "version": 138, "at": 1756082086.8682654}
{"obj": {"type": "LogStrings", "path": ["monitoring", "499c8e69", "stdout"], "values": [{"value": " ", "step": null, "ts": 1756082086.8685286}]}, "version": 139, "at": 1756082086.8685355}
{"obj": {"type": "LogStrings", "path": ["monitoring", "499c8e69", "stdout"], "values": [{"value": "10000.00000001", "step": null, "ts": 1756082086.8687992}]}, "version": 140, "at": 1756082086.868811}
{"obj": {"type": "LogStrings", "path": ["monitoring", "499c8e69", "stdout"], "values": [{"value": " ", "step": null, "ts": 1756082086.8690686}]}, "version": 141, "at": 1756082086.869075}
{"obj": {"type": "LogStrings", "path": ["monitoring", "499c8e69", "stdout"], "values": [{"value": "<- Validation accuracy debug", "step": null, "ts": 1756082086.86933}]}, "version": 142, "at": 1756082086.8693373}
{"obj": {"type": "LogStrings", "path": ["monitoring", "499c8e69", "stdout"], "values": [{"value": "\n", "step": null, "ts": 1756082086.869598}]}, "version": 143, "at": 1756082086.8696067}
{"obj": {"type": "LogStrings", "path": ["monitoring", "499c8e69", "stderr"], "values": [{"value": "\n", "step": null, "ts": 1756082086.8698983}]}, "version": 144, "at": 1756082086.8699205}
{"obj": {"type": "LogFloats", "path": ["losses", "train", "loss"], "values": [{"value": 0.7197975520413474, "step": null, "ts": 1756082086.8702219}]}, "version": 145, "at": 1756082086.8702404}
{"obj": {"type": "LogFloats", "path": ["metrics", "train", "accuracy"], "values": [{"value": 0.8847333333331859, "step": null, "ts": 1756082086.8704634}]}, "version": 146, "at": 1756082086.8704724}
{"obj": {"type": "LogFloats", "path": ["losses", "val", "loss"], "values": [{"value": 0.5158893080799378, "step": null, "ts": 1756082086.870654}]}, "version": 147, "at": 1756082086.8706608}
{"obj": {"type": "LogFloats", "path": ["metrics", "val", "accuracy"], "values": [{"value": 0.9027999999990971, "step": null, "ts": 1756082086.8708613}]}, "version": 148, "at": 1756082086.8708675}
{"obj": {"type": "LogStrings", "path": ["monitoring", "499c8e69", "stdout"], "values": [{"value": "4", "step": null, "ts": 1756082086.8712914}]}, "version": 149, "at": 1756082086.8712997}
{"obj": {"type": "LogStrings", "path": ["monitoring", "499c8e69", "stdout"], "values": [{"value": " ", "step": null, "ts": 1756082086.871645}]}, "version": 150, "at": 1756082086.8716512}
{"obj": {"type": "LogStrings", "path": ["monitoring", "499c8e69", "stdout"], "values": [{"value": "/", "step": null, "ts": 1756082086.871933}]}, "version": 151, "at": 1756082086.87194}
{"obj": {"type": "LogStrings", "path": ["monitoring", "499c8e69", "stdout"], "values": [{"value": " ", "step": null, "ts": 1756082086.872193}]}, "version": 152, "at": 1756082086.8722005}
{"obj": {"type": "LogStrings", "path": ["monitoring", "499c8e69", "stdout"], "values": [{"value": "5", "step": null, "ts": 1756082086.8724253}]}, "version": 153, "at": 1756082086.8724327}
{"obj": {"type": "LogStrings", "path": ["monitoring", "499c8e69", "stdout"], "values": [{"value": "\n", "step": null, "ts": 1756082086.8745246}]}, "version": 154, "at": 1756082086.874533}
{"obj": {"type": "LogStrings", "path": ["monitoring", "499c8e69", "stderr"], "values": [{"value": "\r  0%|          | 0/1875 [00:00<?, ?it/s]", "step": null, "ts": 1756082086.874858}]}, "version": 155, "at": 1756082086.874866}
{"obj": {"type": "LogStrings", "path": ["monitoring", "499c8e69", "stderr"], "values": [{"value": "\r  6%|\u258c         | 111/1875 [00:00<00:01, 1106.05it/s]", "step": null, "ts": 1756082086.97176}]}, "version": 156, "at": 1756082086.9717765}
{"obj": {"type": "LogStrings", "path": ["monitoring", "499c8e69", "stderr"], "values": [{"value": "\r 12%|\u2588\u258f        | 231/1875 [00:00<00:01, 1160.29it/s]", "step": null, "ts": 1756082087.0718768}]}, "version": 157, "at": 1756082087.0719116}
{"obj": {"type": "LogStrings", "path": ["monitoring", "499c8e69", "stderr"], "values": [{"value": "\r 19%|\u2588\u258a        | 351/1875 [00:00<00:01, 1176.44it/s]", "step": null, "ts": 1756082087.172268}]}, "version": 158, "at": 1756082087.1722841}
{"obj": {"type": "LogStrings", "path": ["monitoring", "499c8e69", "stderr"], "values": [{"value": "\r 25%|\u2588\u2588\u258c       | 469/1875 [00:00<00:01, 918.65it/s] ", "step": null, "ts": 1756082087.3439412}]}, "version": 159, "at": 1756082087.343966}
{"obj": {"type": "LogStrings", "path": ["monitoring", "499c8e69", "stderr"], "values": [{"value": "\r 30%|\u2588\u2588\u2588       | 568/1875 [00:00<00:01, 846.60it/s]", "step": null, "ts": 1756082087.4802563}]}, "version": 160, "at": 1756082087.4802802}
{"obj": {"type": "LogStrings", "path": ["monitoring", "499c8e69", "stderr"], "values": [{"value": "\r 36%|\u2588\u2588\u2588\u258b      | 681/1875 [00:00<00:01, 924.93it/s]", "step": null, "ts": 1756082087.5809407}]}, "version": 161, "at": 1756082087.5809593}
{"obj": {"type": "LogStrings", "path": ["monitoring", "499c8e69", "stderr"], "values": [{"value": "\r 42%|\u2588\u2588\u2588\u2588\u258f     | 781/1875 [00:00<00:01, 945.34it/s]", "step": null, "ts": 1756082087.6812122}]}, "version": 162, "at": 1756082087.6812308}
{"obj": {"type": "LogStrings", "path": ["monitoring", "499c8e69", "stderr"], "values": [{"value": "\r 48%|\u2588\u2588\u2588\u2588\u258a     | 896/1875 [00:00<00:00, 1004.60it/s]", "step": null, "ts": 1756082087.7812376}]}, "version": 163, "at": 1756082087.781254}
{"obj": {"type": "LogStrings", "path": ["monitoring", "499c8e69", "stderr"], "values": [{"value": "\r 54%|\u2588\u2588\u2588\u2588\u2588\u258d    | 1017/1875 [00:01<00:00, 1063.18it/s]", "step": null, "ts": 1756082087.8817475}]}, "version": 164, "at": 1756082087.881764}
{"obj": {"type": "LogStrings", "path": ["monitoring", "499c8e69", "stderr"], "values": [{"value": "\r 60%|\u2588\u2588\u2588\u2588\u2588\u2588    | 1126/1875 [00:01<00:00, 1068.95it/s]", "step": null, "ts": 1756082087.9826815}]}, "version": 165, "at": 1756082087.9827025}
{"obj": {"type": "LogStrings", "path": ["monitoring", "499c8e69", "stderr"], "values": [{"value": "\r 66%|\u2588\u2588\u2588\u2588\u2588\u2588\u258c   | 1235/1875 [00:01<00:00, 1073.02it/s]", "step": null, "ts": 1756082088.0831542}]}, "version": 166, "at": 1756082088.0831778}
{"obj": {"type": "LogStrings", "path": ["monitoring", "499c8e69", "stderr"], "values": [{"value": "\r 72%|\u2588\u2588\u2588\u2588\u2588\u2588\u2588\u258f  | 1356/1875 [00:01<00:00, 1112.73it/s]", "step": null, "ts": 1756082088.1833916}]}, "version": 167, "at": 1756082088.1834059}
{"obj": {"type": "LogStrings", "path": ["monitoring", "499c8e69", "stderr"], "values": [{"value": "\r 79%|\u2588\u2588\u2588\u2588\u2588\u2588\u2588\u2589  | 1478/1875 [00:01<00:00, 1144.18it/s]", "step": null, "ts": 1756082088.2835116}]}, "version": 168, "at": 1756082088.283527}
{"obj": {"type": "LogStrings", "path": ["monitoring", "499c8e69", "stderr"], "values": [{"value": "\r 85%|\u2588\u2588\u2588\u2588\u2588\u2588\u2588\u2588\u258c | 1599/1875 [00:01<00:00, 1163.47it/s]", "step": null, "ts": 1756082088.3836644}]}, "version": 169, "at": 1756082088.3836792}
{"obj": {"type": "LogStrings", "path": ["monitoring", "499c8e69", "stderr"], "values": [{"value": "\r 92%|\u2588\u2588\u2588\u2588\u2588\u2588\u2588\u2588\u2588\u258f| 1719/1875 [00:01<00:00, 1172.90it/s]", "step": null, "ts": 1756082088.4840631}]}, "version": 170, "at": 1756082088.4840772}
{"obj": {"type": "LogStrings", "path": ["monitoring", "499c8e69", "stderr"], "values": [{"value": "\r 98%|\u2588\u2588\u2588\u2588\u2588\u2588\u2588\u2588\u2588\u258a| 1843/1875 [00:01<00:00, 1190.59it/s]", "step": null, "ts": 1756082088.5846975}]}, "version": 171, "at": 1756082088.584711}
{"obj": {"type": "LogStrings", "path": ["monitoring", "499c8e69", "stderr"], "values": [{"value": "", "step": null, "ts": 1756082088.6138701}]}, "version": 172, "at": 1756082088.6138809}
{"obj": {"type": "LogStrings", "path": ["monitoring", "499c8e69", "stderr"], "values": [{"value": "\r100%|\u2588\u2588\u2588\u2588\u2588\u2588\u2588\u2588\u2588\u2588| 1875/1875 [00:01<00:00, 1076.29it/s]", "step": null, "ts": 1756082088.6143057}]}, "version": 173, "at": 1756082088.6143177}
{"obj": {"type": "LogStrings", "path": ["monitoring", "499c8e69", "stderr"], "values": [{"value": "\n", "step": null, "ts": 1756082088.6149256}]}, "version": 174, "at": 1756082088.6149354}
{"obj": {"type": "LogStrings", "path": ["monitoring", "499c8e69", "stderr"], "values": [{"value": "\r  0%|          | 0/313 [00:00<?, ?it/s]", "step": null, "ts": 1756082088.615375}]}, "version": 175, "at": 1756082088.6153815}
{"obj": {"type": "LogStrings", "path": ["monitoring", "499c8e69", "stderr"], "values": [{"value": "\r 44%|\u2588\u2588\u2588\u2588\u258d     | 137/313 [00:00<00:00, 1366.20it/s]", "step": null, "ts": 1756082088.7143004}]}, "version": 176, "at": 1756082088.7143347}
{"obj": {"type": "LogStrings", "path": ["monitoring", "499c8e69", "stderr"], "values": [{"value": "\r 88%|\u2588\u2588\u2588\u2588\u2588\u2588\u2588\u2588\u258a | 275/313 [00:00<00:00, 1370.60it/s]", "step": null, "ts": 1756082088.8148293}]}, "version": 177, "at": 1756082088.8149192}
{"obj": {"type": "LogFloats", "path": ["losses", "train", "loss"], "values": [{"value": 0.44886793658965846, "step": null, "ts": 1756082089.550228}]}, "version": 178, "at": 1756082089.5517893}
{"obj": {"type": "LogStrings", "path": ["monitoring", "499c8e69", "stderr"], "values": [{"value": "", "step": null, "ts": 1756082089.5561051}]}, "version": 179, "at": 1756082089.5561657}
{"obj": {"type": "LogStrings", "path": ["monitoring", "499c8e69", "stderr"], "values": [{"value": "\r100%|\u2588\u2588\u2588\u2588\u2588\u2588\u2588\u2588\u2588\u2588| 313/313 [00:00<00:00, 335.05it/s] ", "step": null, "ts": 1756082089.556561}]}, "version": 180, "at": 1756082089.556576}
{"obj": {"type": "LogStrings", "path": ["monitoring", "499c8e69", "stderr"], "values": [{"value": "\n", "step": null, "ts": 1756082089.5577343}]}, "version": 181, "at": 1756082089.5577734}
{"obj": {"type": "LogStrings", "path": ["monitoring", "499c8e69", "stdout"], "values": [{"value": "9072.0", "step": null, "ts": 1756082089.5626755}]}, "version": 182, "at": 1756082089.5626936}
{"obj": {"type": "LogFloats", "path": ["metrics", "train", "accuracy"], "values": [{"value": 0.9016499999998497, "step": null, "ts": 1756082089.5637853}]}, "version": 183, "at": 1756082089.5638056}
{"obj": {"type": "LogStrings", "path": ["monitoring", "499c8e69", "stdout"], "values": [{"value": " ", "step": null, "ts": 1756082089.5647366}]}, "version": 184, "at": 1756082089.564749}
{"obj": {"type": "LogStrings", "path": ["monitoring", "499c8e69", "stdout"], "values": [{"value": "10000.00000001", "step": null, "ts": 1756082089.5676363}]}, "version": 185, "at": 1756082089.567647}
{"obj": {"type": "LogStrings", "path": ["monitoring", "499c8e69", "stdout"], "values": [{"value": " ", "step": null, "ts": 1756082089.570408}]}, "version": 186, "at": 1756082089.5704203}
{"obj": {"type": "LogStrings", "path": ["monitoring", "499c8e69", "stdout"], "values": [{"value": "<- Validation accuracy debug", "step": null, "ts": 1756082089.5723124}]}, "version": 187, "at": 1756082089.5723217}
{"obj": {"type": "LogStrings", "path": ["monitoring", "499c8e69", "stdout"], "values": [{"value": "\n", "step": null, "ts": 1756082089.5805776}]}, "version": 188, "at": 1756082089.5805912}
{"obj": {"type": "LogFloats", "path": ["losses", "val", "loss"], "values": [{"value": 0.4025067705748184, "step": null, "ts": 1756082089.5833843}]}, "version": 189, "at": 1756082089.5834033}
{"obj": {"type": "LogFloats", "path": ["metrics", "val", "accuracy"], "values": [{"value": 0.9071999999990927, "step": null, "ts": 1756082089.58667}]}, "version": 190, "at": 1756082089.58669}
{"obj": {"type": "LogStrings", "path": ["monitoring", "499c8e69", "stdout"], "values": [{"value": "5", "step": null, "ts": 1756082089.590942}]}, "version": 191, "at": 1756082089.591035}
{"obj": {"type": "LogStrings", "path": ["monitoring", "499c8e69", "stdout"], "values": [{"value": " ", "step": null, "ts": 1756082089.6001835}]}, "version": 192, "at": 1756082089.6002083}
{"obj": {"type": "LogStrings", "path": ["monitoring", "499c8e69", "stderr"], "values": [{"value": "\r  0%|          | 0/1875 [00:00<?, ?it/s]", "step": null, "ts": 1756082089.6006532}]}, "version": 193, "at": 1756082089.6007252}
{"obj": {"type": "LogStrings", "path": ["monitoring", "499c8e69", "stdout"], "values": [{"value": "/", "step": null, "ts": 1756082089.6033194}]}, "version": 194, "at": 1756082089.6033373}
{"obj": {"type": "LogStrings", "path": ["monitoring", "499c8e69", "stdout"], "values": [{"value": " ", "step": null, "ts": 1756082089.6040194}]}, "version": 195, "at": 1756082089.6040306}
{"obj": {"type": "LogStrings", "path": ["monitoring", "499c8e69", "stdout"], "values": [{"value": "5", "step": null, "ts": 1756082089.604593}]}, "version": 196, "at": 1756082089.6046028}
{"obj": {"type": "LogStrings", "path": ["monitoring", "499c8e69", "stdout"], "values": [{"value": "\n", "step": null, "ts": 1756082089.6050785}]}, "version": 197, "at": 1756082089.6050875}
{"obj": {"type": "LogStrings", "path": ["monitoring", "499c8e69", "stderr"], "values": [{"value": "\r  1%|          | 15/1875 [00:00<00:12, 148.69it/s]", "step": null, "ts": 1756082089.6916153}]}, "version": 198, "at": 1756082089.6916506}
{"obj": {"type": "LogStrings", "path": ["monitoring", "499c8e69", "stderr"], "values": [{"value": "\r  2%|\u258f         | 30/1875 [00:00<00:17, 104.89it/s]", "step": null, "ts": 1756082089.8674889}]}, "version": 199, "at": 1756082089.8675864}
{"obj": {"type": "LogStrings", "path": ["monitoring", "499c8e69", "stderr"], "values": [{"value": "\r  2%|\u258f         | 42/1875 [00:00<00:20, 91.28it/s] ", "step": null, "ts": 1756082090.0232868}]}, "version": 200, "at": 1756082090.0233643}
{"obj": {"type": "LogStrings", "path": ["monitoring", "499c8e69", "stderr"], "values": [{"value": "\r  3%|\u258e         | 52/1875 [00:00<00:21, 84.39it/s]", "step": null, "ts": 1756082090.160177}]}, "version": 201, "at": 1756082090.1602325}
{"obj": {"type": "LogFloats", "path": ["monitoring", "499c8e69", "cpu"], "values": [{"value": 53.9, "step": null, "ts": 1756082090.1882434}]}, "version": 202, "at": 1756082090.2219672}
{"obj": {"type": "LogFloats", "path": ["monitoring", "499c8e69", "memory"], "values": [{"value": 4.245857238769531, "step": null, "ts": 1756082090.1882434}]}, "version": 203, "at": 1756082090.240807}
{"obj": {"type": "LogStrings", "path": ["monitoring", "499c8e69", "stderr"], "values": [{"value": "\r  3%|\u258e         | 61/1875 [00:00<00:23, 76.00it/s]", "step": null, "ts": 1756082090.3053977}]}, "version": 204, "at": 1756082090.3054519}
{"obj": {"type": "LogStrings", "path": ["monitoring", "499c8e69", "stderr"], "values": [{"value": "\r  4%|\u258d         | 80/1875 [00:00<00:17, 104.77it/s]", "step": null, "ts": 1756082090.410101}]}, "version": 205, "at": 1756082090.4101422}
{"obj": {"type": "LogStrings", "path": ["monitoring", "499c8e69", "stderr"], "values": [{"value": "\r  5%|\u258c         | 97/1875 [00:00<00:14, 121.09it/s]", "step": null, "ts": 1756082090.51386}]}, "version": 206, "at": 1756082090.5139434}
{"obj": {"type": "LogStrings", "path": ["monitoring", "499c8e69", "stderr"], "values": [{"value": "\r  6%|\u258c         | 110/1875 [00:01<00:18, 93.78it/s]", "step": null, "ts": 1756082090.7298908}]}, "version": 207, "at": 1756082090.729928}
{"obj": {"type": "LogStrings", "path": ["monitoring", "499c8e69", "stderr"], "values": [{"value": "\r  7%|\u258b         | 134/1875 [00:01<00:13, 127.38it/s]", "step": null, "ts": 1756082090.8280172}]}, "version": 208, "at": 1756082090.8280416}
{"obj": {"type": "LogStrings", "path": ["monitoring", "499c8e69", "stderr"], "values": [{"value": "\r  8%|\u258a         | 156/1875 [00:01<00:11, 150.28it/s]", "step": null, "ts": 1756082090.92892}]}, "version": 209, "at": 1756082090.929025}
{"obj": {"type": "LogStrings", "path": ["monitoring", "499c8e69", "stderr"], "values": [{"value": "\r 10%|\u2589         | 187/1875 [00:01<00:08, 191.64it/s]", "step": null, "ts": 1756082091.0292597}]}, "version": 210, "at": 1756082091.0293143}
{"obj": {"type": "LogStrings", "path": ["monitoring", "499c8e69", "stderr"], "values": [{"value": "\r 12%|\u2588\u258f        | 224/1875 [00:01<00:06, 239.35it/s]", "step": null, "ts": 1756082091.1299918}]}, "version": 211, "at": 1756082091.1300232}
{"obj": {"type": "LogStrings", "path": ["monitoring", "499c8e69", "stderr"], "values": [{"value": "\r 14%|\u2588\u258d        | 259/1875 [00:01<00:06, 267.83it/s]", "step": null, "ts": 1756082091.2337213}]}, "version": 212, "at": 1756082091.2337525}
{"obj": {"type": "LogStrings", "path": ["monitoring", "499c8e69", "stderr"], "values": [{"value": "\r 16%|\u2588\u258c        | 298/1875 [00:01<00:05, 299.15it/s]", "step": null, "ts": 1756082091.3372765}]}, "version": 213, "at": 1756082091.3373013}
{"obj": {"type": "LogStrings", "path": ["monitoring", "499c8e69", "stderr"], "values": [{"value": "\r 18%|\u2588\u258a        | 342/1875 [00:01<00:04, 337.40it/s]", "step": null, "ts": 1756082091.438981}]}, "version": 214, "at": 1756082091.4389994}
{"obj": {"type": "LogStrings", "path": ["monitoring", "499c8e69", "stderr"], "values": [{"value": "\r 21%|\u2588\u2588        | 385/1875 [00:01<00:04, 364.10it/s]", "step": null, "ts": 1756082091.5391164}]}, "version": 215, "at": 1756082091.5391383}
{"obj": {"type": "LogStrings", "path": ["monitoring", "499c8e69", "stderr"], "values": [{"value": "\r 23%|\u2588\u2588\u258e       | 437/1875 [00:02<00:03, 407.92it/s]", "step": null, "ts": 1756082091.640977}]}, "version": 216, "at": 1756082091.6410294}
{"obj": {"type": "LogStrings", "path": ["monitoring", "499c8e69", "stderr"], "values": [{"value": "\r 27%|\u2588\u2588\u258b       | 503/1875 [00:02<00:02, 480.74it/s]", "step": null, "ts": 1756082091.7412686}]}, "version": 217, "at": 1756082091.7412994}
{"obj": {"type": "LogStrings", "path": ["monitoring", "499c8e69", "stderr"], "values": [{"value": "\r 32%|\u2588\u2588\u2588\u258f      | 595/1875 [00:02<00:02, 609.91it/s]", "step": null, "ts": 1756082091.8414578}]}, "version": 218, "at": 1756082091.841479}
{"obj": {"type": "LogStrings", "path": ["monitoring", "499c8e69", "stderr"], "values": [{"value": "\r 37%|\u2588\u2588\u2588\u258b      | 691/1875 [00:02<00:01, 711.71it/s]", "step": null, "ts": 1756082091.9425824}]}, "version": 219, "at": 1756082091.942617}
{"obj": {"type": "LogStrings", "path": ["monitoring", "499c8e69", "stderr"], "values": [{"value": "\r 41%|\u2588\u2588\u2588\u2588      | 766/1875 [00:02<00:01, 722.04it/s]", "step": null, "ts": 1756082092.0429437}]}, "version": 220, "at": 1756082092.0429723}
{"obj": {"type": "LogStrings", "path": ["monitoring", "499c8e69", "stderr"], "values": [{"value": "\r 45%|\u2588\u2588\u2588\u2588\u258d     | 839/1875 [00:02<00:01, 685.58it/s]", "step": null, "ts": 1756082092.1619122}]}, "version": 221, "at": 1756082092.1619337}
{"obj": {"type": "LogStrings", "path": ["monitoring", "499c8e69", "stderr"], "values": [{"value": "\r 49%|\u2588\u2588\u2588\u2588\u258a     | 914/1875 [00:02<00:01, 702.61it/s]", "step": null, "ts": 1756082092.2626085}]}, "version": 222, "at": 1756082092.2626274}
{"obj": {"type": "LogStrings", "path": ["monitoring", "499c8e69", "stderr"], "values": [{"value": "\r 53%|\u2588\u2588\u2588\u2588\u2588\u258e    | 998/1875 [00:02<00:01, 742.42it/s]", "step": null, "ts": 1756082092.3626156}]}, "version": 223, "at": 1756082092.3626418}
{"obj": {"type": "LogStrings", "path": ["monitoring", "499c8e69", "stderr"], "values": [{"value": "\r 57%|\u2588\u2588\u2588\u2588\u2588\u258b    | 1073/1875 [00:02<00:01, 718.96it/s]", "step": null, "ts": 1756082092.4748642}]}, "version": 224, "at": 1756082092.4748867}
{"obj": {"type": "LogStrings", "path": ["monitoring", "499c8e69", "stderr"], "values": [{"value": "\r 61%|\u2588\u2588\u2588\u2588\u2588\u2588    | 1146/1875 [00:03<00:01, 566.24it/s]", "step": null, "ts": 1756082092.6705499}]}, "version": 225, "at": 1756082092.670576}
{"obj": {"type": "LogStrings", "path": ["monitoring", "499c8e69", "stderr"], "values": [{"value": "\r 66%|\u2588\u2588\u2588\u2588\u2588\u2588\u258b   | 1244/1875 [00:03<00:00, 666.06it/s]", "step": null, "ts": 1756082092.7711358}]}, "version": 226, "at": 1756082092.7711587}
{"obj": {"type": "LogStrings", "path": ["monitoring", "499c8e69", "stderr"], "values": [{"value": "\r 70%|\u2588\u2588\u2588\u2588\u2588\u2588\u2588   | 1321/1875 [00:03<00:00, 692.24it/s]", "step": null, "ts": 1756082092.8714879}]}, "version": 227, "at": 1756082092.8715124}
{"obj": {"type": "LogStrings", "path": ["monitoring", "499c8e69", "stderr"], "values": [{"value": "\r 74%|\u2588\u2588\u2588\u2588\u2588\u2588\u2588\u258d  | 1395/1875 [00:03<00:00, 625.00it/s]", "step": null, "ts": 1756082093.0190678}]}, "version": 228, "at": 1756082093.0190892}
{"obj": {"type": "LogStrings", "path": ["monitoring", "499c8e69", "stderr"], "values": [{"value": "\r 80%|\u2588\u2588\u2588\u2588\u2588\u2588\u2588\u2589  | 1492/1875 [00:03<00:00, 711.11it/s]", "step": null, "ts": 1756082093.1202}]}, "version": 229, "at": 1756082093.1202245}
{"obj": {"type": "LogStrings", "path": ["monitoring", "499c8e69", "stderr"], "values": [{"value": "\r 84%|\u2588\u2588\u2588\u2588\u2588\u2588\u2588\u2588\u258e | 1569/1875 [00:03<00:00, 716.34it/s]", "step": null, "ts": 1756082093.2291148}]}, "version": 230, "at": 1756082093.2291517}
{"obj": {"type": "LogStrings", "path": ["monitoring", "499c8e69", "stderr"], "values": [{"value": "\r 88%|\u2588\u2588\u2588\u2588\u2588\u2588\u2588\u2588\u258a | 1644/1875 [00:03<00:00, 651.18it/s]", "step": null, "ts": 1756082093.3673954}]}, "version": 231, "at": 1756082093.3674207}
{"obj": {"type": "LogStrings", "path": ["monitoring", "499c8e69", "stderr"], "values": [{"value": "\r 92%|\u2588\u2588\u2588\u2588\u2588\u2588\u2588\u2588\u2588\u258f| 1720/1875 [00:03<00:00, 676.66it/s]", "step": null, "ts": 1756082093.4689155}]}, "version": 232, "at": 1756082093.468939}
{"obj": {"type": "LogStrings", "path": ["monitoring", "499c8e69", "stderr"], "values": [{"value": "\r 97%|\u2588\u2588\u2588\u2588\u2588\u2588\u2588\u2588\u2588\u258b| 1813/1875 [00:03<00:00, 744.03it/s]", "step": null, "ts": 1756082093.5693123}]}, "version": 233, "at": 1756082093.5693336}
{"obj": {"type": "LogStrings", "path": ["monitoring", "499c8e69", "stderr"], "values": [{"value": "", "step": null, "ts": 1756082093.6578412}]}, "version": 234, "at": 1756082093.6578681}
{"obj": {"type": "LogStrings", "path": ["monitoring", "499c8e69", "stderr"], "values": [{"value": "\r100%|\u2588\u2588\u2588\u2588\u2588\u2588\u2588\u2588\u2588\u2588| 1875/1875 [00:04<00:00, 461.01it/s]", "step": null, "ts": 1756082093.6607795}]}, "version": 235, "at": 1756082093.6607938}
{"obj": {"type": "LogStrings", "path": ["monitoring", "499c8e69", "stderr"], "values": [{"value": "\n", "step": null, "ts": 1756082093.6611567}]}, "version": 236, "at": 1756082093.6611671}
{"obj": {"type": "LogStrings", "path": ["monitoring", "499c8e69", "stderr"], "values": [{"value": "\r  0%|          | 0/313 [00:00<?, ?it/s]", "step": null, "ts": 1756082093.661424}]}, "version": 237, "at": 1756082093.661432}
{"obj": {"type": "LogStrings", "path": ["monitoring", "499c8e69", "stderr"], "values": [{"value": "\r 26%|\u2588\u2588\u258c       | 81/313 [00:00<00:00, 806.19it/s]", "step": null, "ts": 1756082093.7593653}]}, "version": 238, "at": 1756082093.759389}
{"obj": {"type": "LogStrings", "path": ["monitoring", "499c8e69", "stderr"], "values": [{"value": "\r 59%|\u2588\u2588\u2588\u2588\u2588\u2589    | 185/313 [00:00<00:00, 939.92it/s]", "step": null, "ts": 1756082093.860149}]}, "version": 239, "at": 1756082093.8601863}
{"obj": {"type": "LogStrings", "path": ["monitoring", "499c8e69", "stderr"], "values": [{"value": "\r 89%|\u2588\u2588\u2588\u2588\u2588\u2588\u2588\u2588\u2589 | 279/313 [00:00<00:00, 805.15it/s]", "step": null, "ts": 1756082093.996832}]}, "version": 240, "at": 1756082093.9968605}
{"obj": {"type": "LogStrings", "path": ["monitoring", "499c8e69", "stderr"], "values": [{"value": "", "step": null, "ts": 1756082094.0407214}]}, "version": 241, "at": 1756082094.0407488}
{"obj": {"type": "LogStrings", "path": ["monitoring", "499c8e69", "stderr"], "values": [{"value": "\r100%|\u2588\u2588\u2588\u2588\u2588\u2588\u2588\u2588\u2588\u2588| 313/313 [00:00<00:00, 819.65it/s]", "step": null, "ts": 1756082094.041329}]}, "version": 242, "at": 1756082094.0413387}
{"obj": {"type": "LogStrings", "path": ["monitoring", "499c8e69", "stderr"], "values": [{"value": "\n", "step": null, "ts": 1756082094.0417151}]}, "version": 243, "at": 1756082094.041735}
{"obj": {"type": "LogFloats", "path": ["losses", "train", "loss"], "values": [{"value": 0.3477258788075379, "step": null, "ts": 1756082094.042002}]}, "version": 244, "at": 1756082094.042088}
{"obj": {"type": "LogFloats", "path": ["metrics", "train", "accuracy"], "values": [{"value": 0.9103499999998483, "step": null, "ts": 1756082094.0424066}]}, "version": 245, "at": 1756082094.042415}
{"obj": {"type": "LogFloats", "path": ["losses", "val", "loss"], "values": [{"value": 0.31175499536460816, "step": null, "ts": 1756082094.0426288}]}, "version": 246, "at": 1756082094.0426414}
{"obj": {"type": "LogStrings", "path": ["monitoring", "499c8e69", "stdout"], "values": [{"value": "9171.0", "step": null, "ts": 1756082094.042916}]}, "version": 247, "at": 1756082094.0429246}
{"obj": {"type": "LogStrings", "path": ["monitoring", "499c8e69", "stdout"], "values": [{"value": " ", "step": null, "ts": 1756082094.043121}]}, "version": 248, "at": 1756082094.043127}
{"obj": {"type": "LogStrings", "path": ["monitoring", "499c8e69", "stdout"], "values": [{"value": "10000.00000001", "step": null, "ts": 1756082094.04338}]}, "version": 249, "at": 1756082094.0433855}
{"obj": {"type": "LogStrings", "path": ["monitoring", "499c8e69", "stdout"], "values": [{"value": " ", "step": null, "ts": 1756082094.04358}]}, "version": 250, "at": 1756082094.0435886}
{"obj": {"type": "LogStrings", "path": ["monitoring", "499c8e69", "stdout"], "values": [{"value": "<- Validation accuracy debug", "step": null, "ts": 1756082094.0438254}]}, "version": 251, "at": 1756082094.043831}
{"obj": {"type": "LogStrings", "path": ["monitoring", "499c8e69", "stdout"], "values": [{"value": "\n", "step": null, "ts": 1756082094.0440361}]}, "version": 252, "at": 1756082094.044043}
{"obj": {"type": "LogFloats", "path": ["metrics", "val", "accuracy"], "values": [{"value": 0.9170999999990829, "step": null, "ts": 1756082094.0443428}]}, "version": 253, "at": 1756082094.0443525}
{"obj": {"type": "LogStrings", "path": ["monitoring", "499c8e69", "stdout"], "values": [{"value": "[neptune] [info   ] Shutting down background jobs, please wait a moment...\n", "step": null, "ts": 1756082094.047063}]}, "version": 254, "at": 1756082094.0470812}
