{"obj": {"type": "AssignString", "path": ["sys", "description"], "value": ""}, "version": 1, "at": 1756850059.5726976}
{"obj": {"type": "AssignString", "path": ["monitoring", "2f619e9a", "hostname"], "value": "5e209612c6d1"}, "version": 2, "at": 1756850059.5732105}
{"obj": {"type": "AssignString", "path": ["sys", "hostname"], "value": "5e209612c6d1"}, "version": 3, "at": 1756850059.5734482}
{"obj": {"type": "AssignString", "path": ["monitoring", "2f619e9a", "pid"], "value": "384140"}, "version": 4, "at": 1756850059.5736647}
{"obj": {"type": "AssignString", "path": ["monitoring", "2f619e9a", "tid"], "value": "281473281916960"}, "version": 5, "at": 1756850059.5739882}
{"obj": {"type": "AssignBool", "path": ["sys", "failed"], "value": false}, "version": 6, "at": 1756850059.5744493}
{"obj": {"type": "LogFloats", "path": ["losses", "train", "loss"], "values": [{"value": 0.21814793539725624, "step": null, "ts": 1756850064.1554317}]}, "version": 7, "at": 1756850064.1557307}
{"obj": {"type": "LogFloats", "path": ["losses", "val", "loss"], "values": [{"value": 0.18178493488510986, "step": null, "ts": 1756850064.1565216}]}, "version": 8, "at": 1756850064.1565437}
{"obj": {"type": "LogFloats", "path": ["losses", "train", "loss"], "values": [{"value": 0.16658530987014936, "step": null, "ts": 1756850068.786675}]}, "version": 9, "at": 1756850068.788827}
{"obj": {"type": "LogFloats", "path": ["losses", "val", "loss"], "values": [{"value": 0.1510253333863858, "step": null, "ts": 1756850068.79172}]}, "version": 10, "at": 1756850068.7917428}
{"obj": {"type": "LogFloats", "path": ["losses", "train", "loss"], "values": [{"value": 0.14709710477909474, "step": null, "ts": 1756850074.0788586}]}, "version": 11, "at": 1756850074.0791318}
{"obj": {"type": "LogFloats", "path": ["losses", "val", "loss"], "values": [{"value": 0.13786887253280444, "step": null, "ts": 1756850074.079863}]}, "version": 12, "at": 1756850074.0798812}
{"obj": {"type": "LogFloats", "path": ["losses", "train", "loss"], "values": [{"value": 0.1367598919265129, "step": null, "ts": 1756850078.9936879}]}, "version": 13, "at": 1756850078.9940557}
{"obj": {"type": "LogFloats", "path": ["losses", "val", "loss"], "values": [{"value": 0.13058096565150837, "step": null, "ts": 1756850078.9954119}]}, "version": 14, "at": 1756850078.9954312}
{"obj": {"type": "LogFloats", "path": ["losses", "train", "loss"], "values": [{"value": 0.13097690499951128, "step": null, "ts": 1756850085.0618157}]}, "version": 15, "at": 1756850085.062133}
{"obj": {"type": "LogFloats", "path": ["losses", "val", "loss"], "values": [{"value": 0.12495712123816685, "step": null, "ts": 1756850085.0631413}]}, "version": 16, "at": 1756850085.0631642}
{"obj": {"type": "LogFloats", "path": ["losses", "train", "loss"], "values": [{"value": 0.12534759819043384, "step": null, "ts": 1756850089.9265175}]}, "version": 17, "at": 1756850089.9268138}
{"obj": {"type": "LogFloats", "path": ["losses", "val", "loss"], "values": [{"value": 0.12027855676485338, "step": null, "ts": 1756850089.928266}]}, "version": 18, "at": 1756850089.9282856}
{"obj": {"type": "LogFloats", "path": ["losses", "train", "loss"], "values": [{"value": 0.12171891113454752, "step": null, "ts": 1756850094.038382}]}, "version": 19, "at": 1756850094.038524}
{"obj": {"type": "LogFloats", "path": ["losses", "val", "loss"], "values": [{"value": 0.11886614041778941, "step": null, "ts": 1756850094.0395098}]}, "version": 20, "at": 1756850094.039531}
{"obj": {"type": "LogFloats", "path": ["losses", "train", "loss"], "values": [{"value": 0.11990228239631284, "step": null, "ts": 1756850098.974179}]}, "version": 21, "at": 1756850098.975396}
{"obj": {"type": "LogFloats", "path": ["losses", "val", "loss"], "values": [{"value": 0.11577390721917845, "step": null, "ts": 1756850098.9775646}]}, "version": 22, "at": 1756850098.9775841}
{"obj": {"type": "LogFloats", "path": ["losses", "train", "loss"], "values": [{"value": 0.11771820237573784, "step": null, "ts": 1756850103.6107872}]}, "version": 23, "at": 1756850103.611056}
{"obj": {"type": "LogFloats", "path": ["losses", "val", "loss"], "values": [{"value": 0.11813980021609655, "step": null, "ts": 1756850103.613305}]}, "version": 24, "at": 1756850103.6133232}
{"obj": {"type": "LogFloats", "path": ["losses", "train", "loss"], "values": [{"value": 0.11675242373086334, "step": null, "ts": 1756850107.4245765}]}, "version": 25, "at": 1756850107.4249566}
{"obj": {"type": "LogFloats", "path": ["losses", "val", "loss"], "values": [{"value": 0.11699753639899334, "step": null, "ts": 1756850107.4269998}]}, "version": 26, "at": 1756850107.427023}
{"obj": {"type": "LogFloats", "path": ["losses", "train", "loss"], "values": [{"value": 0.11574198271371784, "step": null, "ts": 1756850111.8690157}]}, "version": 27, "at": 1756850111.869243}
{"obj": {"type": "LogFloats", "path": ["losses", "val", "loss"], "values": [{"value": 0.1135174010995773, "step": null, "ts": 1756850111.8697636}]}, "version": 28, "at": 1756850111.8698173}
{"obj": {"type": "LogFloats", "path": ["losses", "train", "loss"], "values": [{"value": 0.11560761004624699, "step": null, "ts": 1756850116.2444677}]}, "version": 29, "at": 1756850116.2446675}
{"obj": {"type": "LogFloats", "path": ["losses", "val", "loss"], "values": [{"value": 0.11335797631340318, "step": null, "ts": 1756850116.2451255}]}, "version": 30, "at": 1756850116.2451417}
{"obj": {"type": "LogFloats", "path": ["losses", "train", "loss"], "values": [{"value": 0.11555011765497888, "step": null, "ts": 1756850120.7400477}]}, "version": 31, "at": 1756850120.740342}
{"obj": {"type": "LogFloats", "path": ["losses", "val", "loss"], "values": [{"value": 0.11441919749933378, "step": null, "ts": 1756850120.7412004}]}, "version": 32, "at": 1756850120.7412245}
{"obj": {"type": "LogFloats", "path": ["losses", "train", "loss"], "values": [{"value": 0.11513921174544281, "step": null, "ts": 1756850125.1143792}]}, "version": 33, "at": 1756850125.1147895}
{"obj": {"type": "LogFloats", "path": ["losses", "val", "loss"], "values": [{"value": 0.11279156751356123, "step": null, "ts": 1756850125.1159744}]}, "version": 34, "at": 1756850125.1159935}
{"obj": {"type": "LogFloats", "path": ["losses", "train", "loss"], "values": [{"value": 0.11462921874064663, "step": null, "ts": 1756850129.367089}]}, "version": 35, "at": 1756850129.3674612}
{"obj": {"type": "LogFloats", "path": ["losses", "val", "loss"], "values": [{"value": 0.11124407809122232, "step": null, "ts": 1756850129.3690178}]}, "version": 36, "at": 1756850129.3690414}
{"obj": {"type": "LogFloats", "path": ["losses", "train", "loss"], "values": [{"value": 0.11421392754255416, "step": null, "ts": 1756850133.3915477}]}, "version": 37, "at": 1756850133.39173}
{"obj": {"type": "LogFloats", "path": ["losses", "val", "loss"], "values": [{"value": 0.11216858685991277, "step": null, "ts": 1756850133.3928895}]}, "version": 38, "at": 1756850133.392912}
{"obj": {"type": "LogFloats", "path": ["losses", "train", "loss"], "values": [{"value": 0.11391286684611285, "step": null, "ts": 1756850138.0440671}]}, "version": 39, "at": 1756850138.0442686}
{"obj": {"type": "LogFloats", "path": ["losses", "val", "loss"], "values": [{"value": 0.11165353231751264, "step": null, "ts": 1756850138.0447688}]}, "version": 40, "at": 1756850138.0447876}
{"obj": {"type": "LogFloats", "path": ["losses", "train", "loss"], "values": [{"value": 0.11383674631058062, "step": null, "ts": 1756850141.8934333}]}, "version": 41, "at": 1756850141.8935385}
{"obj": {"type": "LogFloats", "path": ["losses", "val", "loss"], "values": [{"value": 0.11152458864208403, "step": null, "ts": 1756850141.8940501}]}, "version": 42, "at": 1756850141.8940682}
{"obj": {"type": "LogFloats", "path": ["losses", "train", "loss"], "values": [{"value": 0.11384841172634441, "step": null, "ts": 1756850145.7584124}]}, "version": 43, "at": 1756850145.7586777}
{"obj": {"type": "LogFloats", "path": ["losses", "val", "loss"], "values": [{"value": 0.111992438138714, "step": null, "ts": 1756850145.7601085}]}, "version": 44, "at": 1756850145.7601316}
{"obj": {"type": "LogFloats", "path": ["losses", "train", "loss"], "values": [{"value": 0.11348443817634457, "step": null, "ts": 1756850150.3423107}]}, "version": 45, "at": 1756850150.3425944}
{"obj": {"type": "LogFloats", "path": ["losses", "val", "loss"], "values": [{"value": 0.11273018958299819, "step": null, "ts": 1756850150.3433065}]}, "version": 46, "at": 1756850150.3433309}
{"obj": {"type": "LogFloats", "path": ["losses", "train", "loss"], "values": [{"value": 0.11343067884782058, "step": null, "ts": 1756850154.500121}]}, "version": 47, "at": 1756850154.500243}
{"obj": {"type": "LogFloats", "path": ["losses", "val", "loss"], "values": [{"value": 0.11301993866336962, "step": null, "ts": 1756850154.5007524}]}, "version": 48, "at": 1756850154.5007715}
{"obj": {"type": "LogFloats", "path": ["losses", "train", "loss"], "values": [{"value": 0.11340562676130847, "step": null, "ts": 1756850159.0987659}]}, "version": 49, "at": 1756850159.0991092}
{"obj": {"type": "LogFloats", "path": ["losses", "val", "loss"], "values": [{"value": 0.1119526682010888, "step": null, "ts": 1756850159.0999868}]}, "version": 50, "at": 1756850159.100006}
{"obj": {"type": "LogFloats", "path": ["losses", "train", "loss"], "values": [{"value": 0.1133441280517891, "step": null, "ts": 1756850163.7531607}]}, "version": 51, "at": 1756850163.7533596}
{"obj": {"type": "LogFloats", "path": ["losses", "val", "loss"], "values": [{"value": 0.11122138240873244, "step": null, "ts": 1756850163.7539098}]}, "version": 52, "at": 1756850163.753927}
{"obj": {"type": "LogFloats", "path": ["losses", "train", "loss"], "values": [{"value": 0.1131422003143952, "step": null, "ts": 1756850169.0796633}]}, "version": 53, "at": 1756850169.079971}
{"obj": {"type": "LogFloats", "path": ["losses", "val", "loss"], "values": [{"value": 0.1138173360519715, "step": null, "ts": 1756850169.0806491}]}, "version": 54, "at": 1756850169.0806832}
{"obj": {"type": "LogFloats", "path": ["losses", "train", "loss"], "values": [{"value": 0.11307605438569479, "step": null, "ts": 1756850173.5611706}]}, "version": 55, "at": 1756850173.561448}
{"obj": {"type": "LogFloats", "path": ["losses", "val", "loss"], "values": [{"value": 0.11413492790442521, "step": null, "ts": 1756850173.5621762}]}, "version": 56, "at": 1756850173.5621967}
{"obj": {"type": "LogFloats", "path": ["losses", "train", "loss"], "values": [{"value": 0.11298140694637442, "step": null, "ts": 1756850177.7511241}]}, "version": 57, "at": 1756850177.7513459}
{"obj": {"type": "LogFloats", "path": ["losses", "val", "loss"], "values": [{"value": 0.11259060916830374, "step": null, "ts": 1756850177.7519612}]}, "version": 58, "at": 1756850177.7519796}
{"obj": {"type": "LogFloats", "path": ["losses", "train", "loss"], "values": [{"value": 0.11297608141441491, "step": null, "ts": 1756850181.6082048}]}, "version": 59, "at": 1756850181.6084983}
{"obj": {"type": "LogFloats", "path": ["losses", "val", "loss"], "values": [{"value": 0.11159748488460429, "step": null, "ts": 1756850181.6097054}]}, "version": 60, "at": 1756850181.6097655}
{"obj": {"type": "LogFloats", "path": ["losses", "train", "loss"], "values": [{"value": 0.11273676522115346, "step": null, "ts": 1756850185.9247305}]}, "version": 61, "at": 1756850185.925122}
{"obj": {"type": "LogFloats", "path": ["losses", "val", "loss"], "values": [{"value": 0.1132074104579887, "step": null, "ts": 1756850185.9268742}]}, "version": 62, "at": 1756850185.9268942}
{"obj": {"type": "LogFloats", "path": ["losses", "train", "loss"], "values": [{"value": 0.11298860212901572, "step": null, "ts": 1756850190.9461992}]}, "version": 63, "at": 1756850190.9466696}
{"obj": {"type": "LogFloats", "path": ["losses", "val", "loss"], "values": [{"value": 0.11122203018077646, "step": null, "ts": 1756850190.9490242}]}, "version": 64, "at": 1756850190.949049}
{"obj": {"type": "LogFloats", "path": ["losses", "train", "loss"], "values": [{"value": 0.11265998514433222, "step": null, "ts": 1756850196.367585}]}, "version": 65, "at": 1756850196.3684773}
{"obj": {"type": "LogFloats", "path": ["losses", "val", "loss"], "values": [{"value": 0.1112621747659672, "step": null, "ts": 1756850196.3696446}]}, "version": 66, "at": 1756850196.36966}
{"obj": {"type": "LogFloats", "path": ["losses", "train", "loss"], "values": [{"value": 0.11248907993971913, "step": null, "ts": 1756850201.2743611}]}, "version": 67, "at": 1756850201.274752}
{"obj": {"type": "LogFloats", "path": ["losses", "val", "loss"], "values": [{"value": 0.11177238976350753, "step": null, "ts": 1756850201.2762039}]}, "version": 68, "at": 1756850201.2762282}
{"obj": {"type": "LogFloats", "path": ["losses", "train", "loss"], "values": [{"value": 0.11248877604345092, "step": null, "ts": 1756850206.113474}]}, "version": 69, "at": 1756850206.1139197}
{"obj": {"type": "LogFloats", "path": ["losses", "val", "loss"], "values": [{"value": 0.11074452737391188, "step": null, "ts": 1756850206.115477}]}, "version": 70, "at": 1756850206.115497}
{"obj": {"type": "LogFloats", "path": ["losses", "train", "loss"], "values": [{"value": 0.11243036451677124, "step": null, "ts": 1756850211.6769772}]}, "version": 71, "at": 1756850211.6774805}
{"obj": {"type": "LogFloats", "path": ["losses", "val", "loss"], "values": [{"value": 0.1116035412782823, "step": null, "ts": 1756850211.679354}]}, "version": 72, "at": 1756850211.6793737}
{"obj": {"type": "LogFloats", "path": ["losses", "train", "loss"], "values": [{"value": 0.1123579521371889, "step": null, "ts": 1756850216.95145}]}, "version": 73, "at": 1756850216.9525957}
{"obj": {"type": "LogFloats", "path": ["losses", "val", "loss"], "values": [{"value": 0.11081331734676494, "step": null, "ts": 1756850216.9547517}]}, "version": 74, "at": 1756850216.9547782}
{"obj": {"type": "LogFloats", "path": ["losses", "train", "loss"], "values": [{"value": 0.11231993688285052, "step": null, "ts": 1756850221.611794}]}, "version": 75, "at": 1756850221.6121361}
{"obj": {"type": "LogFloats", "path": ["losses", "val", "loss"], "values": [{"value": 0.11169439165856145, "step": null, "ts": 1756850221.6129827}]}, "version": 76, "at": 1756850221.6129994}
{"obj": {"type": "LogFloats", "path": ["losses", "train", "loss"], "values": [{"value": 0.11229922817885588, "step": null, "ts": 1756850226.348191}]}, "version": 77, "at": 1756850226.3504555}
{"obj": {"type": "LogFloats", "path": ["losses", "val", "loss"], "values": [{"value": 0.11084644222343369, "step": null, "ts": 1756850226.352303}]}, "version": 78, "at": 1756850226.352332}
{"obj": {"type": "LogFloats", "path": ["losses", "train", "loss"], "values": [{"value": 0.11203703633884442, "step": null, "ts": 1756850231.8025343}]}, "version": 79, "at": 1756850231.8053286}
{"obj": {"type": "LogFloats", "path": ["losses", "val", "loss"], "values": [{"value": 0.11015969566863151, "step": null, "ts": 1756850231.8083696}]}, "version": 80, "at": 1756850231.8083887}
{"obj": {"type": "LogFloats", "path": ["losses", "train", "loss"], "values": [{"value": 0.11203767395357143, "step": null, "ts": 1756850236.6218169}]}, "version": 81, "at": 1756850236.622139}
{"obj": {"type": "LogFloats", "path": ["losses", "val", "loss"], "values": [{"value": 0.11041799625296847, "step": null, "ts": 1756850236.622951}]}, "version": 82, "at": 1756850236.622971}
{"obj": {"type": "LogFloats", "path": ["losses", "train", "loss"], "values": [{"value": 0.11193188257555076, "step": null, "ts": 1756850242.154188}]}, "version": 83, "at": 1756850242.1546404}
{"obj": {"type": "LogFloats", "path": ["losses", "val", "loss"], "values": [{"value": 0.1100077725697523, "step": null, "ts": 1756850242.155843}]}, "version": 84, "at": 1756850242.1558692}
{"obj": {"type": "LogFloats", "path": ["losses", "train", "loss"], "values": [{"value": 0.11160667595803819, "step": null, "ts": 1756850249.6284077}]}, "version": 85, "at": 1756850249.62883}
{"obj": {"type": "LogFloats", "path": ["losses", "val", "loss"], "values": [{"value": 0.10989807790966502, "step": null, "ts": 1756850249.6296988}]}, "version": 86, "at": 1756850249.6297634}
{"obj": {"type": "LogFloats", "path": ["losses", "train", "loss"], "values": [{"value": 0.11106509757380062, "step": null, "ts": 1756850256.2449584}]}, "version": 87, "at": 1756850256.245268}
{"obj": {"type": "LogFloats", "path": ["losses", "val", "loss"], "values": [{"value": 0.10988446972175231, "step": null, "ts": 1756850256.2460904}]}, "version": 88, "at": 1756850256.2461128}
{"obj": {"type": "LogFloats", "path": ["losses", "train", "loss"], "values": [{"value": 0.11084248985787722, "step": null, "ts": 1756850262.1838956}]}, "version": 89, "at": 1756850262.1842184}
{"obj": {"type": "LogFloats", "path": ["losses", "val", "loss"], "values": [{"value": 0.10974385003437782, "step": null, "ts": 1756850262.1851847}]}, "version": 90, "at": 1756850262.1852076}
{"obj": {"type": "LogFloats", "path": ["losses", "train", "loss"], "values": [{"value": 0.11070487451494303, "step": null, "ts": 1756850268.1791399}]}, "version": 91, "at": 1756850268.1795797}
{"obj": {"type": "LogFloats", "path": ["losses", "val", "loss"], "values": [{"value": 0.10894915175546879, "step": null, "ts": 1756850268.1813}]}, "version": 92, "at": 1756850268.1813564}
{"obj": {"type": "LogFloats", "path": ["losses", "train", "loss"], "values": [{"value": 0.11067824652533313, "step": null, "ts": 1756850273.7244098}]}, "version": 93, "at": 1756850273.724853}
{"obj": {"type": "LogFloats", "path": ["losses", "val", "loss"], "values": [{"value": 0.10929502722585988, "step": null, "ts": 1756850273.7264638}]}, "version": 94, "at": 1756850273.7264845}
{"obj": {"type": "LogFloats", "path": ["losses", "train", "loss"], "values": [{"value": 0.11049069818994087, "step": null, "ts": 1756850279.5450943}]}, "version": 95, "at": 1756850279.5477433}
{"obj": {"type": "LogFloats", "path": ["losses", "val", "loss"], "values": [{"value": 0.10907471936573622, "step": null, "ts": 1756850279.5500727}]}, "version": 96, "at": 1756850279.550096}
{"obj": {"type": "LogFloats", "path": ["losses", "train", "loss"], "values": [{"value": 0.11044508220295812, "step": null, "ts": 1756850285.80958}]}, "version": 97, "at": 1756850285.8098564}
{"obj": {"type": "LogFloats", "path": ["losses", "val", "loss"], "values": [{"value": 0.10849325325195741, "step": null, "ts": 1756850285.810555}]}, "version": 98, "at": 1756850285.8105786}
{"obj": {"type": "LogFloats", "path": ["losses", "train", "loss"], "values": [{"value": 0.1103299939666268, "step": null, "ts": 1756850292.3072946}]}, "version": 99, "at": 1756850292.307533}
{"obj": {"type": "LogFloats", "path": ["losses", "val", "loss"], "values": [{"value": 0.10932719197739008, "step": null, "ts": 1756850292.30888}]}, "version": 100, "at": 1756850292.3088977}
{"obj": {"type": "LogFloats", "path": ["losses", "train", "loss"], "values": [{"value": 0.11020692907513016, "step": null, "ts": 1756850298.6918576}]}, "version": 101, "at": 1756850298.6923428}
{"obj": {"type": "LogFloats", "path": ["losses", "val", "loss"], "values": [{"value": 0.10858956033748973, "step": null, "ts": 1756850298.6936107}]}, "version": 102, "at": 1756850298.693664}
{"obj": {"type": "LogFloats", "path": ["losses", "train", "loss"], "values": [{"value": 0.10957757884602916, "step": null, "ts": 1756850306.0192525}]}, "version": 103, "at": 1756850306.0195782}
{"obj": {"type": "LogFloats", "path": ["losses", "val", "loss"], "values": [{"value": 0.10791066874176085, "step": null, "ts": 1756850306.0204191}]}, "version": 104, "at": 1756850306.0204427}
{"obj": {"type": "LogFloats", "path": ["losses", "train", "loss"], "values": [{"value": 0.10916743660312286, "step": null, "ts": 1756850312.4200022}]}, "version": 105, "at": 1756850312.4202573}
{"obj": {"type": "LogFloats", "path": ["losses", "val", "loss"], "values": [{"value": 0.10753076092350584, "step": null, "ts": 1756850312.4210145}]}, "version": 106, "at": 1756850312.4210334}
{"obj": {"type": "LogFloats", "path": ["losses", "train", "loss"], "values": [{"value": 0.10900358497243604, "step": null, "ts": 1756850318.945339}]}, "version": 107, "at": 1756850318.9457636}
{"obj": {"type": "LogFloats", "path": ["losses", "val", "loss"], "values": [{"value": 0.10742312000524834, "step": null, "ts": 1756850318.9465694}]}, "version": 108, "at": 1756850318.9465923}
{"obj": {"type": "LogFloats", "path": ["losses", "train", "loss"], "values": [{"value": 0.10875625367106609, "step": null, "ts": 1756850324.1502254}]}, "version": 109, "at": 1756850324.150592}
{"obj": {"type": "LogFloats", "path": ["losses", "val", "loss"], "values": [{"value": 0.10669260219398397, "step": null, "ts": 1756850324.1514256}]}, "version": 110, "at": 1756850324.1514504}
{"obj": {"type": "LogFloats", "path": ["losses", "train", "loss"], "values": [{"value": 0.10839534984769231, "step": null, "ts": 1756850330.611936}]}, "version": 111, "at": 1756850330.6123478}
{"obj": {"type": "LogFloats", "path": ["losses", "val", "loss"], "values": [{"value": 0.10740939679750994, "step": null, "ts": 1756850330.613243}]}, "version": 112, "at": 1756850330.6132667}
{"obj": {"type": "LogFloats", "path": ["losses", "train", "loss"], "values": [{"value": 0.10811490546009896, "step": null, "ts": 1756850336.2622178}]}, "version": 113, "at": 1756850336.2625415}
{"obj": {"type": "LogFloats", "path": ["losses", "val", "loss"], "values": [{"value": 0.10627257730769853, "step": null, "ts": 1756850336.2640026}]}, "version": 114, "at": 1756850336.2640274}
{"obj": {"type": "LogFloats", "path": ["losses", "train", "loss"], "values": [{"value": 0.1078846634541162, "step": null, "ts": 1756850343.3096054}]}, "version": 115, "at": 1756850343.3098176}
{"obj": {"type": "LogFloats", "path": ["losses", "val", "loss"], "values": [{"value": 0.10690080038504574, "step": null, "ts": 1756850343.3110068}]}, "version": 116, "at": 1756850343.3110347}
{"obj": {"type": "LogFloats", "path": ["losses", "train", "loss"], "values": [{"value": 0.10772614794912105, "step": null, "ts": 1756850350.5363505}]}, "version": 117, "at": 1756850350.5367115}
{"obj": {"type": "LogFloats", "path": ["losses", "val", "loss"], "values": [{"value": 0.10604085070679539, "step": null, "ts": 1756850350.5382824}]}, "version": 118, "at": 1756850350.5383027}
{"obj": {"type": "LogFloats", "path": ["losses", "train", "loss"], "values": [{"value": 0.10754757668914658, "step": null, "ts": 1756850357.100076}]}, "version": 119, "at": 1756850357.1004126}
{"obj": {"type": "LogFloats", "path": ["losses", "val", "loss"], "values": [{"value": 0.10630741338991977, "step": null, "ts": 1756850357.1013753}]}, "version": 120, "at": 1756850357.1013992}
{"obj": {"type": "LogFloats", "path": ["losses", "train", "loss"], "values": [{"value": 0.10748023952983118, "step": null, "ts": 1756850363.1698418}]}, "version": 121, "at": 1756850363.170048}
{"obj": {"type": "LogFloats", "path": ["losses", "val", "loss"], "values": [{"value": 0.10634302183312704, "step": null, "ts": 1756850363.1715007}]}, "version": 122, "at": 1756850363.1715183}
{"obj": {"type": "LogFloats", "path": ["losses", "train", "loss"], "values": [{"value": 0.10736955653371769, "step": null, "ts": 1756850370.1923282}]}, "version": 123, "at": 1756850370.1928985}
{"obj": {"type": "LogFloats", "path": ["losses", "val", "loss"], "values": [{"value": 0.10583472258695091, "step": null, "ts": 1756850370.1941469}]}, "version": 124, "at": 1756850370.194171}
{"obj": {"type": "LogFloats", "path": ["losses", "train", "loss"], "values": [{"value": 0.10725168456179321, "step": null, "ts": 1756850377.2311966}]}, "version": 125, "at": 1756850377.231553}
{"obj": {"type": "LogFloats", "path": ["losses", "val", "loss"], "values": [{"value": 0.10551019619587099, "step": null, "ts": 1756850377.2325883}]}, "version": 126, "at": 1756850377.2326128}
{"obj": {"type": "LogFloats", "path": ["losses", "train", "loss"], "values": [{"value": 0.10721040795189582, "step": null, "ts": 1756850383.2831564}]}, "version": 127, "at": 1756850383.2834108}
{"obj": {"type": "LogFloats", "path": ["losses", "val", "loss"], "values": [{"value": 0.10586250908691647, "step": null, "ts": 1756850383.2840626}]}, "version": 128, "at": 1756850383.2840836}
{"obj": {"type": "LogFloats", "path": ["losses", "train", "loss"], "values": [{"value": 0.10708142123562606, "step": null, "ts": 1756850389.0751557}]}, "version": 129, "at": 1756850389.0756075}
{"obj": {"type": "LogFloats", "path": ["losses", "val", "loss"], "values": [{"value": 0.10601438141235028, "step": null, "ts": 1756850389.0770702}]}, "version": 130, "at": 1756850389.0770962}
{"obj": {"type": "LogFloats", "path": ["losses", "train", "loss"], "values": [{"value": 0.1070428123547885, "step": null, "ts": 1756850395.070209}]}, "version": 131, "at": 1756850395.070506}
{"obj": {"type": "LogFloats", "path": ["losses", "val", "loss"], "values": [{"value": 0.10588174067789678, "step": null, "ts": 1756850395.0716407}]}, "version": 132, "at": 1756850395.0716662}
{"obj": {"type": "LogFloats", "path": ["losses", "train", "loss"], "values": [{"value": 0.10700740884088031, "step": null, "ts": 1756850403.663003}]}, "version": 133, "at": 1756850403.6637733}
{"obj": {"type": "LogFloats", "path": ["losses", "val", "loss"], "values": [{"value": 0.10548720951226995, "step": null, "ts": 1756850403.6670263}]}, "version": 134, "at": 1756850403.6670485}
{"obj": {"type": "LogFloats", "path": ["losses", "train", "loss"], "values": [{"value": 0.10691740688425898, "step": null, "ts": 1756850414.045263}]}, "version": 135, "at": 1756850414.0490437}
{"obj": {"type": "LogFloats", "path": ["losses", "val", "loss"], "values": [{"value": 0.10521864012356902, "step": null, "ts": 1756850414.0644042}]}, "version": 136, "at": 1756850414.064481}
{"obj": {"type": "LogFloats", "path": ["losses", "train", "loss"], "values": [{"value": 0.10682341753982157, "step": null, "ts": 1756850429.562495}]}, "version": 137, "at": 1756850429.5629623}
{"obj": {"type": "LogFloats", "path": ["losses", "val", "loss"], "values": [{"value": 0.10550312319070376, "step": null, "ts": 1756850429.5652092}]}, "version": 138, "at": 1756850429.5662522}
{"obj": {"type": "LogFloats", "path": ["losses", "train", "loss"], "values": [{"value": 0.10676549074195506, "step": null, "ts": 1756850441.080647}]}, "version": 139, "at": 1756850441.0811203}
{"obj": {"type": "LogFloats", "path": ["losses", "val", "loss"], "values": [{"value": 0.10525681492283337, "step": null, "ts": 1756850441.0822308}]}, "version": 140, "at": 1756850441.08226}
{"obj": {"type": "LogFloats", "path": ["losses", "train", "loss"], "values": [{"value": 0.10671345504068046, "step": null, "ts": 1756850450.618124}]}, "version": 141, "at": 1756850450.6186867}
{"obj": {"type": "LogFloats", "path": ["losses", "val", "loss"], "values": [{"value": 0.10527783308210793, "step": null, "ts": 1756850450.624491}]}, "version": 142, "at": 1756850450.624576}
{"obj": {"type": "LogFloats", "path": ["losses", "train", "loss"], "values": [{"value": 0.10661834425074618, "step": null, "ts": 1756850458.3073978}]}, "version": 143, "at": 1756850458.307786}
{"obj": {"type": "LogFloats", "path": ["losses", "val", "loss"], "values": [{"value": 0.10512270230594979, "step": null, "ts": 1756850458.30933}]}, "version": 144, "at": 1756850458.3093567}
{"obj": {"type": "LogFloats", "path": ["losses", "train", "loss"], "values": [{"value": 0.1065418896709164, "step": null, "ts": 1756850468.4351344}]}, "version": 145, "at": 1756850468.4354928}
{"obj": {"type": "LogFloats", "path": ["losses", "val", "loss"], "values": [{"value": 0.10512902599218217, "step": null, "ts": 1756850468.43682}]}, "version": 146, "at": 1756850468.4368837}
{"obj": {"type": "LogFloats", "path": ["losses", "train", "loss"], "values": [{"value": 0.10648301441215309, "step": null, "ts": 1756850479.0481684}]}, "version": 147, "at": 1756850479.048532}
{"obj": {"type": "LogFloats", "path": ["losses", "val", "loss"], "values": [{"value": 0.10485090234074138, "step": null, "ts": 1756850479.049445}]}, "version": 148, "at": 1756850479.0494685}
{"obj": {"type": "LogFloats", "path": ["losses", "train", "loss"], "values": [{"value": 0.10632547250134665, "step": null, "ts": 1756850488.451579}]}, "version": 149, "at": 1756850488.4519653}
{"obj": {"type": "LogFloats", "path": ["losses", "val", "loss"], "values": [{"value": 0.10503796044960904, "step": null, "ts": 1756850488.4529986}]}, "version": 150, "at": 1756850488.4530222}
{"obj": {"type": "LogFloats", "path": ["losses", "train", "loss"], "values": [{"value": 0.10621677842878278, "step": null, "ts": 1756850501.2523541}]}, "version": 151, "at": 1756850501.2536762}
{"obj": {"type": "LogFloats", "path": ["losses", "val", "loss"], "values": [{"value": 0.1049772160088269, "step": null, "ts": 1756850501.2576604}]}, "version": 152, "at": 1756850501.2576914}
{"obj": {"type": "LogFloats", "path": ["losses", "train", "loss"], "values": [{"value": 0.10602526713155785, "step": null, "ts": 1756850510.0250778}]}, "version": 153, "at": 1756850510.0255237}
{"obj": {"type": "LogFloats", "path": ["losses", "val", "loss"], "values": [{"value": 0.10454130865085255, "step": null, "ts": 1756850510.0277264}]}, "version": 154, "at": 1756850510.027756}
{"obj": {"type": "LogFloats", "path": ["losses", "train", "loss"], "values": [{"value": 0.10588398091339225, "step": null, "ts": 1756850518.2505262}]}, "version": 155, "at": 1756850518.2509391}
{"obj": {"type": "LogFloats", "path": ["losses", "val", "loss"], "values": [{"value": 0.10404148709422573, "step": null, "ts": 1756850518.2522109}]}, "version": 156, "at": 1756850518.252237}
{"obj": {"type": "LogFloats", "path": ["losses", "train", "loss"], "values": [{"value": 0.10560256464027669, "step": null, "ts": 1756850532.7330816}]}, "version": 157, "at": 1756850532.7337494}
{"obj": {"type": "LogFloats", "path": ["losses", "val", "loss"], "values": [{"value": 0.10438557821007334, "step": null, "ts": 1756850532.7356124}]}, "version": 158, "at": 1756850532.7356606}
{"obj": {"type": "LogFloats", "path": ["losses", "train", "loss"], "values": [{"value": 0.10511527719838984, "step": null, "ts": 1756850544.4766462}]}, "version": 159, "at": 1756850544.4769926}
{"obj": {"type": "LogFloats", "path": ["losses", "val", "loss"], "values": [{"value": 0.10368667868714825, "step": null, "ts": 1756850544.478935}]}, "version": 160, "at": 1756850544.4789598}
{"obj": {"type": "LogFloats", "path": ["losses", "train", "loss"], "values": [{"value": 0.10482462071521802, "step": null, "ts": 1756850555.1615107}]}, "version": 161, "at": 1756850555.1620753}
{"obj": {"type": "LogFloats", "path": ["losses", "val", "loss"], "values": [{"value": 0.10360808832055415, "step": null, "ts": 1756850555.1646035}]}, "version": 162, "at": 1756850555.1646821}
{"obj": {"type": "LogFloats", "path": ["losses", "train", "loss"], "values": [{"value": 0.10465572988533789, "step": null, "ts": 1756850565.4800496}]}, "version": 163, "at": 1756850565.4804916}
{"obj": {"type": "LogFloats", "path": ["losses", "val", "loss"], "values": [{"value": 0.10274998312517504, "step": null, "ts": 1756850565.4818785}]}, "version": 164, "at": 1756850565.481906}
{"obj": {"type": "LogFloats", "path": ["losses", "train", "loss"], "values": [{"value": 0.10431003750109673, "step": null, "ts": 1756850576.08301}]}, "version": 165, "at": 1756850576.0834124}
{"obj": {"type": "LogFloats", "path": ["losses", "val", "loss"], "values": [{"value": 0.10222560162225268, "step": null, "ts": 1756850576.084501}]}, "version": 166, "at": 1756850576.0845463}
{"obj": {"type": "LogFloats", "path": ["losses", "train", "loss"], "values": [{"value": 0.10416175739709616, "step": null, "ts": 1756850584.0225577}]}, "version": 167, "at": 1756850584.0228822}
{"obj": {"type": "LogFloats", "path": ["losses", "val", "loss"], "values": [{"value": 0.10247036290679273, "step": null, "ts": 1756850584.023727}]}, "version": 168, "at": 1756850584.023749}
{"obj": {"type": "LogFloats", "path": ["losses", "train", "loss"], "values": [{"value": 0.10403889548723047, "step": null, "ts": 1756850591.6364799}]}, "version": 169, "at": 1756850591.6369886}
{"obj": {"type": "LogFloats", "path": ["losses", "val", "loss"], "values": [{"value": 0.10245485374965814, "step": null, "ts": 1756850591.6389475}]}, "version": 170, "at": 1756850591.6389732}
{"obj": {"type": "LogFloats", "path": ["losses", "train", "loss"], "values": [{"value": 0.10394670297646716, "step": null, "ts": 1756850604.8095725}]}, "version": 171, "at": 1756850604.8099756}
{"obj": {"type": "LogFloats", "path": ["losses", "val", "loss"], "values": [{"value": 0.10242541483945661, "step": null, "ts": 1756850604.8112786}]}, "version": 172, "at": 1756850604.8113053}
{"obj": {"type": "LogFloats", "path": ["losses", "train", "loss"], "values": [{"value": 0.10388549628997075, "step": null, "ts": 1756850613.5144985}]}, "version": 173, "at": 1756850613.514902}
{"obj": {"type": "LogFloats", "path": ["losses", "val", "loss"], "values": [{"value": 0.10218159175678121, "step": null, "ts": 1756850613.516124}]}, "version": 174, "at": 1756850613.5161533}
{"obj": {"type": "LogFloats", "path": ["losses", "train", "loss"], "values": [{"value": 0.10368064075653094, "step": null, "ts": 1756850620.7492967}]}, "version": 175, "at": 1756850620.7497408}
{"obj": {"type": "LogFloats", "path": ["losses", "val", "loss"], "values": [{"value": 0.10220552871075925, "step": null, "ts": 1756850620.7508893}]}, "version": 176, "at": 1756850620.7509174}
{"obj": {"type": "LogFloats", "path": ["losses", "train", "loss"], "values": [{"value": 0.10351092318638591, "step": null, "ts": 1756850630.9990237}]}, "version": 177, "at": 1756850630.9994373}
{"obj": {"type": "LogFloats", "path": ["losses", "val", "loss"], "values": [{"value": 0.10212665645989862, "step": null, "ts": 1756850631.0002613}]}, "version": 178, "at": 1756850631.000282}
{"obj": {"type": "LogFloats", "path": ["losses", "train", "loss"], "values": [{"value": 0.1034071226750263, "step": null, "ts": 1756850642.7062933}]}, "version": 179, "at": 1756850642.7069056}
{"obj": {"type": "LogFloats", "path": ["losses", "val", "loss"], "values": [{"value": 0.1020643796989096, "step": null, "ts": 1756850642.7083304}]}, "version": 180, "at": 1756850642.7083695}
{"obj": {"type": "LogFloats", "path": ["losses", "train", "loss"], "values": [{"value": 0.10328546597505162, "step": null, "ts": 1756850651.9417393}]}, "version": 181, "at": 1756850651.9421463}
{"obj": {"type": "LogFloats", "path": ["losses", "val", "loss"], "values": [{"value": 0.10212300615148168, "step": null, "ts": 1756850651.9437108}]}, "version": 182, "at": 1756850651.9437327}
{"obj": {"type": "LogFloats", "path": ["losses", "train", "loss"], "values": [{"value": 0.10307501875504516, "step": null, "ts": 1756850659.072684}]}, "version": 183, "at": 1756850659.0730863}
{"obj": {"type": "LogFloats", "path": ["losses", "val", "loss"], "values": [{"value": 0.101348113562923, "step": null, "ts": 1756850659.0742533}]}, "version": 184, "at": 1756850659.0742888}
{"obj": {"type": "LogFloats", "path": ["losses", "train", "loss"], "values": [{"value": 0.10290537626688434, "step": null, "ts": 1756850668.3950036}]}, "version": 185, "at": 1756850668.3954158}
{"obj": {"type": "LogFloats", "path": ["losses", "val", "loss"], "values": [{"value": 0.10133554405259604, "step": null, "ts": 1756850668.396537}]}, "version": 186, "at": 1756850668.3965585}
{"obj": {"type": "LogFloats", "path": ["losses", "train", "loss"], "values": [{"value": 0.1026081094736349, "step": null, "ts": 1756850677.283726}]}, "version": 187, "at": 1756850677.2841349}
{"obj": {"type": "LogFloats", "path": ["losses", "val", "loss"], "values": [{"value": 0.10138613237607026, "step": null, "ts": 1756850677.285116}]}, "version": 188, "at": 1756850677.2851546}
{"obj": {"type": "LogFloats", "path": ["losses", "train", "loss"], "values": [{"value": 0.10241886025215204, "step": null, "ts": 1756850689.1310182}]}, "version": 189, "at": 1756850689.1313915}
{"obj": {"type": "LogFloats", "path": ["losses", "val", "loss"], "values": [{"value": 0.10069684322137533, "step": null, "ts": 1756850689.1323946}]}, "version": 190, "at": 1756850689.1324186}
{"obj": {"type": "LogFloats", "path": ["losses", "train", "loss"], "values": [{"value": 0.10228784678722506, "step": null, "ts": 1756850694.8955479}]}, "version": 191, "at": 1756850694.8959212}
{"obj": {"type": "LogFloats", "path": ["losses", "val", "loss"], "values": [{"value": 0.10080111866715015, "step": null, "ts": 1756850694.89745}]}, "version": 192, "at": 1756850694.8974712}
{"obj": {"type": "LogFloats", "path": ["losses", "train", "loss"], "values": [{"value": 0.10217879576231186, "step": null, "ts": 1756850700.5810728}]}, "version": 193, "at": 1756850700.584193}
{"obj": {"type": "LogFloats", "path": ["losses", "val", "loss"], "values": [{"value": 0.1005313447837886, "step": null, "ts": 1756850700.587913}]}, "version": 194, "at": 1756850700.5879369}
{"obj": {"type": "LogFloats", "path": ["losses", "train", "loss"], "values": [{"value": 0.1018402705703708, "step": null, "ts": 1756850706.1348825}]}, "version": 195, "at": 1756850706.135234}
{"obj": {"type": "LogFloats", "path": ["losses", "val", "loss"], "values": [{"value": 0.10003602037856692, "step": null, "ts": 1756850706.1362097}]}, "version": 196, "at": 1756850706.1362357}
{"obj": {"type": "LogFloats", "path": ["losses", "train", "loss"], "values": [{"value": 0.1015725558951047, "step": null, "ts": 1756850712.3537993}]}, "version": 197, "at": 1756850712.356171}
{"obj": {"type": "LogFloats", "path": ["losses", "val", "loss"], "values": [{"value": 0.10056134222569339, "step": null, "ts": 1756850712.3569992}]}, "version": 198, "at": 1756850712.3570168}
{"obj": {"type": "LogFloats", "path": ["losses", "train", "loss"], "values": [{"value": 0.10141758427565846, "step": null, "ts": 1756850717.8345413}]}, "version": 199, "at": 1756850717.8348253}
{"obj": {"type": "LogFloats", "path": ["losses", "val", "loss"], "values": [{"value": 0.09992331170868866, "step": null, "ts": 1756850717.8356404}]}, "version": 200, "at": 1756850717.8356633}
{"obj": {"type": "LogFloats", "path": ["losses", "train", "loss"], "values": [{"value": 0.10124854837204658, "step": null, "ts": 1756850722.8505309}]}, "version": 201, "at": 1756850722.8508725}
{"obj": {"type": "LogFloats", "path": ["losses", "val", "loss"], "values": [{"value": 0.09979074005278114, "step": null, "ts": 1756850722.852156}]}, "version": 202, "at": 1756850722.8521767}
{"obj": {"type": "LogFloats", "path": ["losses", "train", "loss"], "values": [{"value": 0.10091640004660508, "step": null, "ts": 1756850729.652228}]}, "version": 203, "at": 1756850729.6525319}
{"obj": {"type": "LogFloats", "path": ["losses", "val", "loss"], "values": [{"value": 0.09948734719785805, "step": null, "ts": 1756850729.6533542}]}, "version": 204, "at": 1756850729.6533768}
{"obj": {"type": "LogFloats", "path": ["losses", "train", "loss"], "values": [{"value": 0.10066365422751464, "step": null, "ts": 1756850736.0877168}]}, "version": 205, "at": 1756850736.088168}
{"obj": {"type": "LogFloats", "path": ["losses", "val", "loss"], "values": [{"value": 0.09926230395818034, "step": null, "ts": 1756850736.08999}]}, "version": 206, "at": 1756850736.0900116}
{"obj": {"type": "LogFloats", "path": ["losses", "train", "loss"], "values": [{"value": 0.10054800648635645, "step": null, "ts": 1756850750.4035175}]}, "version": 207, "at": 1756850750.404254}
{"obj": {"type": "LogFloats", "path": ["losses", "val", "loss"], "values": [{"value": 0.09930430230971332, "step": null, "ts": 1756850750.408775}]}, "version": 208, "at": 1756850750.4087994}
{"obj": {"type": "LogFloats", "path": ["losses", "train", "loss"], "values": [{"value": 0.10051560811545487, "step": null, "ts": 1756850758.8248265}]}, "version": 209, "at": 1756850758.825293}
{"obj": {"type": "LogFloats", "path": ["losses", "val", "loss"], "values": [{"value": 0.09955185653841495, "step": null, "ts": 1756850758.8262475}]}, "version": 210, "at": 1756850758.8262732}
{"obj": {"type": "LogFloats", "path": ["losses", "train", "loss"], "values": [{"value": 0.10036991120920692, "step": null, "ts": 1756850767.1068614}]}, "version": 211, "at": 1756850767.1072457}
{"obj": {"type": "LogFloats", "path": ["losses", "val", "loss"], "values": [{"value": 0.09926135387823351, "step": null, "ts": 1756850767.1093464}]}, "version": 212, "at": 1756850767.109372}
{"obj": {"type": "LogFloats", "path": ["losses", "train", "loss"], "values": [{"value": 0.10033361878738935, "step": null, "ts": 1756850778.8418434}]}, "version": 213, "at": 1756850778.8432171}
{"obj": {"type": "LogFloats", "path": ["losses", "val", "loss"], "values": [{"value": 0.09904573210005235, "step": null, "ts": 1756850778.8452203}]}, "version": 214, "at": 1756850778.8452504}
{"obj": {"type": "LogFloats", "path": ["losses", "train", "loss"], "values": [{"value": 0.10028140869881871, "step": null, "ts": 1756850788.7196543}]}, "version": 215, "at": 1756850788.7201767}
{"obj": {"type": "LogFloats", "path": ["losses", "val", "loss"], "values": [{"value": 0.09901125738289193, "step": null, "ts": 1756850788.7233093}]}, "version": 216, "at": 1756850788.7234862}
{"obj": {"type": "LogFloats", "path": ["losses", "train", "loss"], "values": [{"value": 0.10021468587662974, "step": null, "ts": 1756850799.4009073}]}, "version": 217, "at": 1756850799.4013705}
{"obj": {"type": "LogFloats", "path": ["losses", "val", "loss"], "values": [{"value": 0.09866683953647157, "step": null, "ts": 1756850799.4027765}]}, "version": 218, "at": 1756850799.402847}
{"obj": {"type": "LogFloats", "path": ["losses", "train", "loss"], "values": [{"value": 0.1001555742417398, "step": null, "ts": 1756850814.4050481}]}, "version": 219, "at": 1756850814.4055383}
{"obj": {"type": "LogFloats", "path": ["losses", "val", "loss"], "values": [{"value": 0.09898734939810427, "step": null, "ts": 1756850814.4070256}]}, "version": 220, "at": 1756850814.4070497}
{"obj": {"type": "LogFloats", "path": ["losses", "train", "loss"], "values": [{"value": 0.10011180808490766, "step": null, "ts": 1756850823.6487567}]}, "version": 221, "at": 1756850823.6491778}
{"obj": {"type": "LogFloats", "path": ["losses", "val", "loss"], "values": [{"value": 0.09895339115138221, "step": null, "ts": 1756850823.650056}]}, "version": 222, "at": 1756850823.6500857}
{"obj": {"type": "LogFloats", "path": ["losses", "train", "loss"], "values": [{"value": 0.09999531301604028, "step": null, "ts": 1756850831.8138285}]}, "version": 223, "at": 1756850831.8143883}
{"obj": {"type": "LogFloats", "path": ["losses", "val", "loss"], "values": [{"value": 0.09869449635348795, "step": null, "ts": 1756850831.8172019}]}, "version": 224, "at": 1756850831.8172348}
{"obj": {"type": "LogFloats", "path": ["losses", "train", "loss"], "values": [{"value": 0.09989158245271813, "step": null, "ts": 1756850839.7977335}]}, "version": 225, "at": 1756850839.798159}
{"obj": {"type": "LogFloats", "path": ["losses", "val", "loss"], "values": [{"value": 0.09878357844676965, "step": null, "ts": 1756850839.7990663}]}, "version": 226, "at": 1756850839.7990837}
