{"obj": {"type": "AssignString", "path": ["sys", "description"], "value": ""}, "version": 1, "at": 1756068993.2148561}
{"obj": {"type": "AssignString", "path": ["monitoring", "e887afdd", "hostname"], "value": "5e209612c6d1"}, "version": 2, "at": 1756068993.2154875}
{"obj": {"type": "AssignString", "path": ["sys", "hostname"], "value": "5e209612c6d1"}, "version": 3, "at": 1756068993.2158666}
{"obj": {"type": "AssignString", "path": ["monitoring", "e887afdd", "pid"], "value": "735466"}, "version": 4, "at": 1756068993.2162125}
{"obj": {"type": "AssignString", "path": ["monitoring", "e887afdd", "tid"], "value": "281472822169632"}, "version": 5, "at": 1756068993.2165072}
{"obj": {"type": "AssignBool", "path": ["sys", "failed"], "value": false}, "version": 6, "at": 1756068993.216781}
{"obj": {"type": "LogFloats", "path": ["losses", "train", "loss"], "values": [{"value": 110.41630521043064, "step": null, "ts": 1756068995.469557}]}, "version": 7, "at": 1756068995.4696932}
{"obj": {"type": "LogFloats", "path": ["metrics", "train", "accuracy"], "values": [{"value": 0.5075833333332488, "step": null, "ts": 1756068995.4706647}]}, "version": 8, "at": 1756068995.4706867}
{"obj": {"type": "LogFloats", "path": ["losses", "val", "loss"], "values": [{"value": 1.076449632610262, "step": null, "ts": 1756068995.4714336}]}, "version": 9, "at": 1756068995.4714496}
{"obj": {"type": "LogFloats", "path": ["metrics", "val", "accuracy"], "values": [{"value": 0.8749999999991264, "step": null, "ts": 1756068995.471733}]}, "version": 10, "at": 1756068995.4717448}
{"obj": {"type": "LogFloats", "path": ["losses", "train", "loss"], "values": [{"value": 1.8976214639006181, "step": null, "ts": 1756068997.8457727}]}, "version": 11, "at": 1756068997.8459306}
{"obj": {"type": "LogFloats", "path": ["metrics", "train", "accuracy"], "values": [{"value": 0.8259999999998624, "step": null, "ts": 1756068997.8470066}]}, "version": 12, "at": 1756068997.8470201}
{"obj": {"type": "LogFloats", "path": ["losses", "val", "loss"], "values": [{"value": 0.3377037346255175, "step": null, "ts": 1756068997.8472915}]}, "version": 13, "at": 1756068997.8473}
{"obj": {"type": "LogFloats", "path": ["metrics", "val", "accuracy"], "values": [{"value": 0.9687499999990328, "step": null, "ts": 1756068997.8475208}]}, "version": 14, "at": 1756068997.8475351}
{"obj": {"type": "LogFloats", "path": ["losses", "train", "loss"], "values": [{"value": 0.7182733102022547, "step": null, "ts": 1756069000.2751143}]}, "version": 15, "at": 1756069000.2752728}
{"obj": {"type": "LogFloats", "path": ["metrics", "train", "accuracy"], "values": [{"value": 0.883733333333186, "step": null, "ts": 1756069000.2759805}]}, "version": 16, "at": 1756069000.2759924}
{"obj": {"type": "LogFloats", "path": ["losses", "val", "loss"], "values": [{"value": 0.2902091443445947, "step": null, "ts": 1756069000.2762115}]}, "version": 17, "at": 1756069000.2762232}
{"obj": {"type": "LogFloats", "path": ["metrics", "val", "accuracy"], "values": [{"value": 0.9687499999990328, "step": null, "ts": 1756069000.2764025}]}, "version": 18, "at": 1756069000.276411}
{"obj": {"type": "LogFloats", "path": ["losses", "train", "loss"], "values": [{"value": 0.44793635526035747, "step": null, "ts": 1756069002.4357133}]}, "version": 19, "at": 1756069002.4358635}
{"obj": {"type": "LogFloats", "path": ["metrics", "train", "accuracy"], "values": [{"value": 0.9033999999998494, "step": null, "ts": 1756069002.4364626}]}, "version": 20, "at": 1756069002.4364727}
{"obj": {"type": "LogFloats", "path": ["losses", "val", "loss"], "values": [{"value": 0.295540928831195, "step": null, "ts": 1756069002.4367306}]}, "version": 21, "at": 1756069002.4367416}
{"obj": {"type": "LogFloats", "path": ["metrics", "val", "accuracy"], "values": [{"value": 0.9687499999990328, "step": null, "ts": 1756069002.4369707}]}, "version": 22, "at": 1756069002.436979}
{"obj": {"type": "LogFloats", "path": ["losses", "train", "loss"], "values": [{"value": 0.34777030932767483, "step": null, "ts": 1756069004.6365757}]}, "version": 23, "at": 1756069004.637452}
{"obj": {"type": "LogFloats", "path": ["metrics", "train", "accuracy"], "values": [{"value": 0.9103999999998483, "step": null, "ts": 1756069004.6395888}]}, "version": 24, "at": 1756069004.639606}
{"obj": {"type": "LogFloats", "path": ["losses", "val", "loss"], "values": [{"value": 0.23868782817554832, "step": null, "ts": 1756069004.639906}]}, "version": 25, "at": 1756069004.639916}
{"obj": {"type": "LogFloats", "path": ["metrics", "val", "accuracy"], "values": [{"value": 0.9687499999990328, "step": null, "ts": 1756069004.6401515}]}, "version": 26, "at": 1756069004.6401598}
{"obj": {"type": "LogFloats", "path": ["losses", "train", "loss"], "values": [{"value": 0.3135005513810286, "step": null, "ts": 1756069006.5077245}]}, "version": 27, "at": 1756069006.5078247}
{"obj": {"type": "LogFloats", "path": ["metrics", "train", "accuracy"], "values": [{"value": 0.9152499999998475, "step": null, "ts": 1756069006.5096679}]}, "version": 28, "at": 1756069006.509684}
{"obj": {"type": "LogFloats", "path": ["losses", "val", "loss"], "values": [{"value": 0.30306801198944755, "step": null, "ts": 1756069006.5100265}]}, "version": 29, "at": 1756069006.5100396}
{"obj": {"type": "LogFloats", "path": ["metrics", "val", "accuracy"], "values": [{"value": 0.9687499999990328, "step": null, "ts": 1756069006.510371}]}, "version": 30, "at": 1756069006.5103815}
{"obj": {"type": "LogFloats", "path": ["losses", "train", "loss"], "values": [{"value": 0.30073087089646405, "step": null, "ts": 1756069008.3771906}]}, "version": 31, "at": 1756069008.3772528}
{"obj": {"type": "LogFloats", "path": ["metrics", "train", "accuracy"], "values": [{"value": 0.916416666666514, "step": null, "ts": 1756069008.3776667}]}, "version": 32, "at": 1756069008.3776793}
{"obj": {"type": "LogFloats", "path": ["losses", "val", "loss"], "values": [{"value": 0.2721078991803018, "step": null, "ts": 1756069008.3779547}]}, "version": 33, "at": 1756069008.3779655}
{"obj": {"type": "LogFloats", "path": ["metrics", "val", "accuracy"], "values": [{"value": 0.9687499999990328, "step": null, "ts": 1756069008.378211}]}, "version": 34, "at": 1756069008.378219}
{"obj": {"type": "LogFloats", "path": ["losses", "train", "loss"], "values": [{"value": 0.294751825738368, "step": null, "ts": 1756069010.297301}]}, "version": 35, "at": 1756069010.297374}
{"obj": {"type": "LogFloats", "path": ["metrics", "train", "accuracy"], "values": [{"value": 0.916766666666514, "step": null, "ts": 1756069010.2979531}]}, "version": 36, "at": 1756069010.297969}
{"obj": {"type": "LogFloats", "path": ["losses", "val", "loss"], "values": [{"value": 0.3006716370486519, "step": null, "ts": 1756069010.298333}]}, "version": 37, "at": 1756069010.2983432}
{"obj": {"type": "LogFloats", "path": ["metrics", "val", "accuracy"], "values": [{"value": 0.9687499999990328, "step": null, "ts": 1756069010.2985978}]}, "version": 38, "at": 1756069010.298611}
{"obj": {"type": "LogFloats", "path": ["losses", "train", "loss"], "values": [{"value": 0.29098507007503294, "step": null, "ts": 1756069012.2295148}]}, "version": 39, "at": 1756069012.229614}
{"obj": {"type": "LogFloats", "path": ["metrics", "train", "accuracy"], "values": [{"value": 0.918149999999847, "step": null, "ts": 1756069012.2312052}]}, "version": 40, "at": 1756069012.231235}
{"obj": {"type": "LogFloats", "path": ["losses", "val", "loss"], "values": [{"value": 0.25250843166498255, "step": null, "ts": 1756069012.2315593}]}, "version": 41, "at": 1756069012.2315714}
{"obj": {"type": "LogFloats", "path": ["metrics", "val", "accuracy"], "values": [{"value": 0.9687499999990328, "step": null, "ts": 1756069012.2330723}]}, "version": 42, "at": 1756069012.2330818}
{"obj": {"type": "LogFloats", "path": ["losses", "train", "loss"], "values": [{"value": 0.289075760109671, "step": null, "ts": 1756069014.3560865}]}, "version": 43, "at": 1756069014.3561895}
{"obj": {"type": "LogFloats", "path": ["metrics", "train", "accuracy"], "values": [{"value": 0.918149999999847, "step": null, "ts": 1756069014.3567917}]}, "version": 44, "at": 1756069014.3568056}
{"obj": {"type": "LogFloats", "path": ["losses", "val", "loss"], "values": [{"value": 0.3269310295477367, "step": null, "ts": 1756069014.3570406}]}, "version": 45, "at": 1756069014.3570487}
{"obj": {"type": "LogFloats", "path": ["metrics", "val", "accuracy"], "values": [{"value": 0.9687499999990328, "step": null, "ts": 1756069014.3572435}]}, "version": 46, "at": 1756069014.3572512}
{"obj": {"type": "LogFloats", "path": ["losses", "train", "loss"], "values": [{"value": 0.28720111502752516, "step": null, "ts": 1756069016.1344054}]}, "version": 47, "at": 1756069016.134476}
{"obj": {"type": "LogFloats", "path": ["metrics", "train", "accuracy"], "values": [{"value": 0.918649999999847, "step": null, "ts": 1756069016.1348424}]}, "version": 48, "at": 1756069016.1348526}
{"obj": {"type": "LogFloats", "path": ["losses", "val", "loss"], "values": [{"value": 0.269796431055986, "step": null, "ts": 1756069016.135051}]}, "version": 49, "at": 1756069016.1350706}
{"obj": {"type": "LogFloats", "path": ["metrics", "val", "accuracy"], "values": [{"value": 0.9687499999990328, "step": null, "ts": 1756069016.1352565}]}, "version": 50, "at": 1756069016.1352632}
{"obj": {"type": "LogFloats", "path": ["losses", "train", "loss"], "values": [{"value": 0.285089073378314, "step": null, "ts": 1756069018.7347393}]}, "version": 51, "at": 1756069018.7349923}
{"obj": {"type": "LogFloats", "path": ["metrics", "train", "accuracy"], "values": [{"value": 0.9186666666665136, "step": null, "ts": 1756069018.736041}]}, "version": 52, "at": 1756069018.7360709}
{"obj": {"type": "LogFloats", "path": ["losses", "val", "loss"], "values": [{"value": 0.3376206457507033, "step": null, "ts": 1756069018.7363515}]}, "version": 53, "at": 1756069018.7363608}
{"obj": {"type": "LogFloats", "path": ["metrics", "val", "accuracy"], "values": [{"value": 0.9687499999990328, "step": null, "ts": 1756069018.736545}]}, "version": 54, "at": 1756069018.7365572}
{"obj": {"type": "LogFloats", "path": ["losses", "train", "loss"], "values": [{"value": 0.28437463071095276, "step": null, "ts": 1756069020.9496276}]}, "version": 55, "at": 1756069020.949668}
{"obj": {"type": "LogFloats", "path": ["metrics", "train", "accuracy"], "values": [{"value": 0.9200666666665134, "step": null, "ts": 1756069020.9500093}]}, "version": 56, "at": 1756069020.9500213}
{"obj": {"type": "LogFloats", "path": ["losses", "val", "loss"], "values": [{"value": 0.23751157521442715, "step": null, "ts": 1756069020.950219}]}, "version": 57, "at": 1756069020.9502258}
{"obj": {"type": "LogFloats", "path": ["metrics", "val", "accuracy"], "values": [{"value": 0.9687499999990328, "step": null, "ts": 1756069020.950399}]}, "version": 58, "at": 1756069020.9504054}
{"obj": {"type": "LogFloats", "path": ["losses", "train", "loss"], "values": [{"value": 0.28386659564125144, "step": null, "ts": 1756069023.1241488}]}, "version": 59, "at": 1756069023.1245022}
{"obj": {"type": "LogFloats", "path": ["metrics", "train", "accuracy"], "values": [{"value": 0.9191166666665135, "step": null, "ts": 1756069023.125493}]}, "version": 60, "at": 1756069023.1255052}
{"obj": {"type": "LogFloats", "path": ["losses", "val", "loss"], "values": [{"value": 0.2471323460261544, "step": null, "ts": 1756069023.125796}]}, "version": 61, "at": 1756069023.1258037}
{"obj": {"type": "LogFloats", "path": ["metrics", "val", "accuracy"], "values": [{"value": 0.9687499999990328, "step": null, "ts": 1756069023.1260777}]}, "version": 62, "at": 1756069023.12609}
{"obj": {"type": "LogFloats", "path": ["losses", "train", "loss"], "values": [{"value": 0.2815966830755156, "step": null, "ts": 1756069025.2804604}]}, "version": 63, "at": 1756069025.2804947}
{"obj": {"type": "LogFloats", "path": ["metrics", "train", "accuracy"], "values": [{"value": 0.9204166666665133, "step": null, "ts": 1756069025.2814298}]}, "version": 64, "at": 1756069025.281445}
{"obj": {"type": "LogFloats", "path": ["losses", "val", "loss"], "values": [{"value": 0.2712683081540225, "step": null, "ts": 1756069025.2821276}]}, "version": 65, "at": 1756069025.282161}
{"obj": {"type": "LogFloats", "path": ["metrics", "val", "accuracy"], "values": [{"value": 0.9687499999990328, "step": null, "ts": 1756069025.2825322}]}, "version": 66, "at": 1756069025.2825427}
{"obj": {"type": "LogFloats", "path": ["losses", "train", "loss"], "values": [{"value": 0.2811977283711139, "step": null, "ts": 1756069027.2173147}]}, "version": 67, "at": 1756069027.2176673}
{"obj": {"type": "LogFloats", "path": ["metrics", "train", "accuracy"], "values": [{"value": 0.9205999999998467, "step": null, "ts": 1756069027.2184234}]}, "version": 68, "at": 1756069027.2184346}
{"obj": {"type": "LogFloats", "path": ["losses", "val", "loss"], "values": [{"value": 0.3095418810745526, "step": null, "ts": 1756069027.2187126}]}, "version": 69, "at": 1756069027.2187238}
{"obj": {"type": "LogFloats", "path": ["metrics", "val", "accuracy"], "values": [{"value": 0.9687499999990328, "step": null, "ts": 1756069027.2189662}]}, "version": 70, "at": 1756069027.2189739}
{"obj": {"type": "LogFloats", "path": ["losses", "train", "loss"], "values": [{"value": 0.2798269345079836, "step": null, "ts": 1756069029.1259768}]}, "version": 71, "at": 1756069029.1260006}
{"obj": {"type": "LogFloats", "path": ["metrics", "train", "accuracy"], "values": [{"value": 0.9201999999998467, "step": null, "ts": 1756069029.1263485}]}, "version": 72, "at": 1756069029.1263587}
{"obj": {"type": "LogFloats", "path": ["losses", "val", "loss"], "values": [{"value": 0.282534480085883, "step": null, "ts": 1756069029.1265733}]}, "version": 73, "at": 1756069029.1265817}
{"obj": {"type": "LogFloats", "path": ["metrics", "val", "accuracy"], "values": [{"value": 0.9687499999990328, "step": null, "ts": 1756069029.126777}]}, "version": 74, "at": 1756069029.1267834}
{"obj": {"type": "LogFloats", "path": ["losses", "train", "loss"], "values": [{"value": 0.2768699780002371, "step": null, "ts": 1756069031.8156805}]}, "version": 75, "at": 1756069031.8160472}
{"obj": {"type": "LogFloats", "path": ["metrics", "train", "accuracy"], "values": [{"value": 0.9212166666665131, "step": null, "ts": 1756069031.81701}]}, "version": 76, "at": 1756069031.8170245}
{"obj": {"type": "LogFloats", "path": ["losses", "val", "loss"], "values": [{"value": 0.27306661008916094, "step": null, "ts": 1756069031.8175054}]}, "version": 77, "at": 1756069031.8175173}
{"obj": {"type": "LogFloats", "path": ["metrics", "val", "accuracy"], "values": [{"value": 0.9687499999990328, "step": null, "ts": 1756069031.8178174}]}, "version": 78, "at": 1756069031.8178322}
{"obj": {"type": "LogFloats", "path": ["losses", "train", "loss"], "values": [{"value": 0.27936886062572414, "step": null, "ts": 1756069033.6061652}]}, "version": 79, "at": 1756069033.6061904}
{"obj": {"type": "LogFloats", "path": ["metrics", "train", "accuracy"], "values": [{"value": 0.9211833333331798, "step": null, "ts": 1756069033.606612}]}, "version": 80, "at": 1756069033.606623}
{"obj": {"type": "LogFloats", "path": ["losses", "val", "loss"], "values": [{"value": 0.28569748996775524, "step": null, "ts": 1756069033.606894}]}, "version": 81, "at": 1756069033.606905}
{"obj": {"type": "LogFloats", "path": ["metrics", "val", "accuracy"], "values": [{"value": 0.9687499999990328, "step": null, "ts": 1756069033.6071784}]}, "version": 82, "at": 1756069033.6071942}
{"obj": {"type": "LogFloats", "path": ["losses", "train", "loss"], "values": [{"value": 0.27852965836475757, "step": null, "ts": 1756069035.753245}]}, "version": 83, "at": 1756069035.7535315}
{"obj": {"type": "LogFloats", "path": ["metrics", "train", "accuracy"], "values": [{"value": 0.9214666666665131, "step": null, "ts": 1756069035.7558315}]}, "version": 84, "at": 1756069035.7559385}
{"obj": {"type": "LogFloats", "path": ["losses", "val", "loss"], "values": [{"value": 0.22434335946319992, "step": null, "ts": 1756069035.7575452}]}, "version": 85, "at": 1756069035.757613}
{"obj": {"type": "LogFloats", "path": ["metrics", "val", "accuracy"], "values": [{"value": 0.9687499999990328, "step": null, "ts": 1756069035.7589996}]}, "version": 86, "at": 1756069035.759016}
{"obj": {"type": "LogFloats", "path": ["losses", "train", "loss"], "values": [{"value": 0.2764356650009909, "step": null, "ts": 1756069037.602546}]}, "version": 87, "at": 1756069037.6025803}
{"obj": {"type": "LogFloats", "path": ["metrics", "train", "accuracy"], "values": [{"value": 0.9217499999998464, "step": null, "ts": 1756069037.6029906}]}, "version": 88, "at": 1756069037.603003}
{"obj": {"type": "LogFloats", "path": ["losses", "val", "loss"], "values": [{"value": 0.328606486309997, "step": null, "ts": 1756069037.6033502}]}, "version": 89, "at": 1756069037.6033628}
{"obj": {"type": "LogFloats", "path": ["metrics", "val", "accuracy"], "values": [{"value": 0.9687499999990328, "step": null, "ts": 1756069037.6036544}]}, "version": 90, "at": 1756069037.6036623}
{"obj": {"type": "LogFloats", "path": ["losses", "train", "loss"], "values": [{"value": 0.27647398428074094, "step": null, "ts": 1756069039.5067184}]}, "version": 91, "at": 1756069039.5067456}
{"obj": {"type": "LogFloats", "path": ["metrics", "train", "accuracy"], "values": [{"value": 0.9220499999998464, "step": null, "ts": 1756069039.5074444}]}, "version": 92, "at": 1756069039.5074599}
{"obj": {"type": "LogFloats", "path": ["losses", "val", "loss"], "values": [{"value": 0.2965850531960145, "step": null, "ts": 1756069039.5079455}]}, "version": 93, "at": 1756069039.5079553}
{"obj": {"type": "LogFloats", "path": ["metrics", "val", "accuracy"], "values": [{"value": 0.9687499999990328, "step": null, "ts": 1756069039.508247}]}, "version": 94, "at": 1756069039.5082545}
{"obj": {"type": "LogFloats", "path": ["losses", "train", "loss"], "values": [{"value": 0.27780828769555543, "step": null, "ts": 1756069043.1187103}]}, "version": 95, "at": 1756069043.1191068}
{"obj": {"type": "LogFloats", "path": ["metrics", "train", "accuracy"], "values": [{"value": 0.9206166666665133, "step": null, "ts": 1756069043.120095}]}, "version": 96, "at": 1756069043.1201108}
{"obj": {"type": "LogFloats", "path": ["losses", "val", "loss"], "values": [{"value": 0.2855061888603547, "step": null, "ts": 1756069043.1203907}]}, "version": 97, "at": 1756069043.1203985}
{"obj": {"type": "LogFloats", "path": ["metrics", "val", "accuracy"], "values": [{"value": 0.9687499999990328, "step": null, "ts": 1756069043.12064}]}, "version": 98, "at": 1756069043.1206472}
{"obj": {"type": "LogFloats", "path": ["losses", "train", "loss"], "values": [{"value": 0.27640666459552055, "step": null, "ts": 1756069045.13133}]}, "version": 99, "at": 1756069045.1313608}
{"obj": {"type": "LogFloats", "path": ["metrics", "train", "accuracy"], "values": [{"value": 0.92028333333318, "step": null, "ts": 1756069045.1317844}]}, "version": 100, "at": 1756069045.1317956}
{"obj": {"type": "LogFloats", "path": ["losses", "val", "loss"], "values": [{"value": 0.24706704913780503, "step": null, "ts": 1756069045.1320667}]}, "version": 101, "at": 1756069045.1320794}
{"obj": {"type": "LogFloats", "path": ["metrics", "val", "accuracy"], "values": [{"value": 0.9687499999990328, "step": null, "ts": 1756069045.1323152}]}, "version": 102, "at": 1756069045.1323218}
{"obj": {"type": "LogFloats", "path": ["losses", "train", "loss"], "values": [{"value": 0.2744771295989816, "step": null, "ts": 1756069048.5731294}]}, "version": 103, "at": 1756069048.5735283}
{"obj": {"type": "LogFloats", "path": ["metrics", "train", "accuracy"], "values": [{"value": 0.9230499999998462, "step": null, "ts": 1756069048.5743623}]}, "version": 104, "at": 1756069048.5743773}
{"obj": {"type": "LogFloats", "path": ["losses", "val", "loss"], "values": [{"value": 0.359730988729428, "step": null, "ts": 1756069048.574601}]}, "version": 105, "at": 1756069048.5746121}
{"obj": {"type": "LogFloats", "path": ["metrics", "val", "accuracy"], "values": [{"value": 0.9687499999990328, "step": null, "ts": 1756069048.5748127}]}, "version": 106, "at": 1756069048.5748203}
{"obj": {"type": "LogFloats", "path": ["losses", "train", "loss"], "values": [{"value": 0.27395711492451946, "step": null, "ts": 1756069050.9590368}]}, "version": 107, "at": 1756069050.9590838}
{"obj": {"type": "LogFloats", "path": ["metrics", "train", "accuracy"], "values": [{"value": 0.9229333333331795, "step": null, "ts": 1756069050.959539}]}, "version": 108, "at": 1756069050.9595501}
{"obj": {"type": "LogFloats", "path": ["losses", "val", "loss"], "values": [{"value": 0.31553295253699243, "step": null, "ts": 1756069050.9598124}]}, "version": 109, "at": 1756069050.9598255}
{"obj": {"type": "LogFloats", "path": ["metrics", "val", "accuracy"], "values": [{"value": 0.9687499999990328, "step": null, "ts": 1756069050.9600847}]}, "version": 110, "at": 1756069050.9600952}
{"obj": {"type": "LogFloats", "path": ["losses", "train", "loss"], "values": [{"value": 0.2756974019095499, "step": null, "ts": 1756069055.8239589}]}, "version": 111, "at": 1756069055.824211}
{"obj": {"type": "LogFloats", "path": ["metrics", "train", "accuracy"], "values": [{"value": 0.9216333333331798, "step": null, "ts": 1756069055.8248804}]}, "version": 112, "at": 1756069055.8248966}
{"obj": {"type": "LogFloats", "path": ["losses", "val", "loss"], "values": [{"value": 0.23932261764238594, "step": null, "ts": 1756069055.825198}]}, "version": 113, "at": 1756069055.8252084}
{"obj": {"type": "LogFloats", "path": ["metrics", "val", "accuracy"], "values": [{"value": 0.9687499999990328, "step": null, "ts": 1756069055.8254907}]}, "version": 114, "at": 1756069055.8255038}
{"obj": {"type": "LogFloats", "path": ["losses", "train", "loss"], "values": [{"value": 0.2740057314103136, "step": null, "ts": 1756069058.7178285}]}, "version": 115, "at": 1756069058.7180681}
{"obj": {"type": "LogFloats", "path": ["metrics", "train", "accuracy"], "values": [{"value": 0.922216666666513, "step": null, "ts": 1756069058.7191224}]}, "version": 116, "at": 1756069058.7191389}
{"obj": {"type": "LogFloats", "path": ["losses", "val", "loss"], "values": [{"value": 0.3053980469606103, "step": null, "ts": 1756069058.7194247}]}, "version": 117, "at": 1756069058.7194405}
{"obj": {"type": "LogFloats", "path": ["metrics", "val", "accuracy"], "values": [{"value": 0.9687499999990328, "step": null, "ts": 1756069058.7197196}]}, "version": 118, "at": 1756069058.7197337}
{"obj": {"type": "LogFloats", "path": ["losses", "train", "loss"], "values": [{"value": 0.27449778449885676, "step": null, "ts": 1756069063.5580335}]}, "version": 119, "at": 1756069063.558487}
{"obj": {"type": "LogFloats", "path": ["metrics", "train", "accuracy"], "values": [{"value": 0.9232333333331795, "step": null, "ts": 1756069063.560339}]}, "version": 120, "at": 1756069063.5603566}
{"obj": {"type": "LogFloats", "path": ["losses", "val", "loss"], "values": [{"value": 0.2764748334796313, "step": null, "ts": 1756069063.5606706}]}, "version": 121, "at": 1756069063.5606816}
{"obj": {"type": "LogFloats", "path": ["metrics", "val", "accuracy"], "values": [{"value": 0.9687499999990328, "step": null, "ts": 1756069063.5610292}]}, "version": 122, "at": 1756069063.561043}
{"obj": {"type": "LogFloats", "path": ["losses", "train", "loss"], "values": [{"value": 0.2738381991545656, "step": null, "ts": 1756069067.1430485}]}, "version": 123, "at": 1756069067.1434767}
{"obj": {"type": "LogFloats", "path": ["metrics", "train", "accuracy"], "values": [{"value": 0.922166666666513, "step": null, "ts": 1756069067.1446776}]}, "version": 124, "at": 1756069067.1446927}
{"obj": {"type": "LogFloats", "path": ["losses", "val", "loss"], "values": [{"value": 0.2855100035576202, "step": null, "ts": 1756069067.1450193}]}, "version": 125, "at": 1756069067.1450303}
{"obj": {"type": "LogFloats", "path": ["metrics", "val", "accuracy"], "values": [{"value": 0.9687499999990328, "step": null, "ts": 1756069067.1453567}]}, "version": 126, "at": 1756069067.1453722}
{"obj": {"type": "LogFloats", "path": ["losses", "train", "loss"], "values": [{"value": 0.2722000152245548, "step": null, "ts": 1756069070.3983603}]}, "version": 127, "at": 1756069070.39851}
{"obj": {"type": "LogFloats", "path": ["metrics", "train", "accuracy"], "values": [{"value": 0.9218333333331797, "step": null, "ts": 1756069070.3990998}]}, "version": 128, "at": 1756069070.3991137}
{"obj": {"type": "LogFloats", "path": ["losses", "val", "loss"], "values": [{"value": 0.33882632850518135, "step": null, "ts": 1756069070.3993392}]}, "version": 129, "at": 1756069070.3993502}
{"obj": {"type": "LogFloats", "path": ["metrics", "val", "accuracy"], "values": [{"value": 0.9687499999990328, "step": null, "ts": 1756069070.3995364}]}, "version": 130, "at": 1756069070.3995447}
{"obj": {"type": "LogFloats", "path": ["losses", "train", "loss"], "values": [{"value": 0.2745000530218346, "step": null, "ts": 1756069073.7141187}]}, "version": 131, "at": 1756069073.7144136}
{"obj": {"type": "LogFloats", "path": ["metrics", "train", "accuracy"], "values": [{"value": 0.9213166666665131, "step": null, "ts": 1756069073.7251601}]}, "version": 132, "at": 1756069073.7251947}
{"obj": {"type": "LogFloats", "path": ["losses", "val", "loss"], "values": [{"value": 0.3266356289282393, "step": null, "ts": 1756069073.7438633}]}, "version": 133, "at": 1756069073.743903}
{"obj": {"type": "LogFloats", "path": ["metrics", "val", "accuracy"], "values": [{"value": 0.9687499999990328, "step": null, "ts": 1756069073.7744315}]}, "version": 134, "at": 1756069073.7744765}
{"obj": {"type": "LogFloats", "path": ["losses", "train", "loss"], "values": [{"value": 0.27305785313897735, "step": null, "ts": 1756069077.713358}]}, "version": 135, "at": 1756069077.713958}
{"obj": {"type": "LogFloats", "path": ["metrics", "train", "accuracy"], "values": [{"value": 0.9224499999998463, "step": null, "ts": 1756069077.7159047}]}, "version": 136, "at": 1756069077.7159333}
{"obj": {"type": "LogFloats", "path": ["losses", "val", "loss"], "values": [{"value": 0.31197336315111984, "step": null, "ts": 1756069077.7177203}]}, "version": 137, "at": 1756069077.717741}
{"obj": {"type": "LogFloats", "path": ["metrics", "val", "accuracy"], "values": [{"value": 0.937499999999064, "step": null, "ts": 1756069077.718763}]}, "version": 138, "at": 1756069077.7187839}
{"obj": {"type": "LogFloats", "path": ["losses", "train", "loss"], "values": [{"value": 0.2719882847324409, "step": null, "ts": 1756069082.8439739}]}, "version": 139, "at": 1756069082.8441556}
{"obj": {"type": "LogFloats", "path": ["metrics", "train", "accuracy"], "values": [{"value": 0.9232666666665128, "step": null, "ts": 1756069082.844857}]}, "version": 140, "at": 1756069082.844885}
{"obj": {"type": "LogFloats", "path": ["losses", "val", "loss"], "values": [{"value": 0.29977780579562874, "step": null, "ts": 1756069082.845281}]}, "version": 141, "at": 1756069082.8453038}
{"obj": {"type": "LogFloats", "path": ["metrics", "val", "accuracy"], "values": [{"value": 0.9687499999990328, "step": null, "ts": 1756069082.845629}]}, "version": 142, "at": 1756069082.8456473}
{"obj": {"type": "LogFloats", "path": ["losses", "train", "loss"], "values": [{"value": 0.2733129835759925, "step": null, "ts": 1756069088.2125874}]}, "version": 143, "at": 1756069088.2128725}
{"obj": {"type": "LogFloats", "path": ["metrics", "train", "accuracy"], "values": [{"value": 0.922166666666513, "step": null, "ts": 1756069088.2137887}]}, "version": 144, "at": 1756069088.2138112}
{"obj": {"type": "LogFloats", "path": ["losses", "val", "loss"], "values": [{"value": 0.2880090176967158, "step": null, "ts": 1756069088.2142348}]}, "version": 145, "at": 1756069088.214251}
{"obj": {"type": "LogFloats", "path": ["metrics", "val", "accuracy"], "values": [{"value": 0.9687499999990328, "step": null, "ts": 1756069088.2147849}]}, "version": 146, "at": 1756069088.2148287}
{"obj": {"type": "LogFloats", "path": ["losses", "train", "loss"], "values": [{"value": 0.27335083280357964, "step": null, "ts": 1756069097.7767355}]}, "version": 147, "at": 1756069097.7774026}
{"obj": {"type": "LogFloats", "path": ["metrics", "train", "accuracy"], "values": [{"value": 0.9208833333331798, "step": null, "ts": 1756069097.779136}]}, "version": 148, "at": 1756069097.7791743}
{"obj": {"type": "LogFloats", "path": ["losses", "val", "loss"], "values": [{"value": 0.32034599780012907, "step": null, "ts": 1756069097.7798824}]}, "version": 149, "at": 1756069097.779904}
{"obj": {"type": "LogFloats", "path": ["metrics", "val", "accuracy"], "values": [{"value": 0.9687499999990328, "step": null, "ts": 1756069097.7804484}]}, "version": 150, "at": 1756069097.7804668}
{"obj": {"type": "LogFloats", "path": ["losses", "train", "loss"], "values": [{"value": 0.2712816816553906, "step": null, "ts": 1756069122.255578}]}, "version": 151, "at": 1756069122.256223}
{"obj": {"type": "LogFloats", "path": ["metrics", "train", "accuracy"], "values": [{"value": 0.9227333333331796, "step": null, "ts": 1756069122.259252}]}, "version": 152, "at": 1756069122.259317}
{"obj": {"type": "LogFloats", "path": ["losses", "val", "loss"], "values": [{"value": 0.28689095377005475, "step": null, "ts": 1756069122.2635713}]}, "version": 153, "at": 1756069122.2636154}
{"obj": {"type": "LogFloats", "path": ["metrics", "val", "accuracy"], "values": [{"value": 0.9687499999990328, "step": null, "ts": 1756069122.2660484}]}, "version": 154, "at": 1756069122.2661257}
{"obj": {"type": "LogFloats", "path": ["losses", "train", "loss"], "values": [{"value": 0.2716695999101217, "step": null, "ts": 1756069143.6004744}]}, "version": 155, "at": 1756069143.6016443}
{"obj": {"type": "LogFloats", "path": ["metrics", "train", "accuracy"], "values": [{"value": 0.922566666666513, "step": null, "ts": 1756069143.6049}]}, "version": 156, "at": 1756069143.604962}
{"obj": {"type": "LogFloats", "path": ["losses", "val", "loss"], "values": [{"value": 0.29900890587805073, "step": null, "ts": 1756069143.6061778}]}, "version": 157, "at": 1756069143.606259}
{"obj": {"type": "LogFloats", "path": ["metrics", "val", "accuracy"], "values": [{"value": 0.9687499999990328, "step": null, "ts": 1756069143.6082785}]}, "version": 158, "at": 1756069143.608313}
{"obj": {"type": "LogFloats", "path": ["losses", "train", "loss"], "values": [{"value": 0.27064591673964955, "step": null, "ts": 1756069157.1608052}]}, "version": 159, "at": 1756069157.164479}
{"obj": {"type": "LogFloats", "path": ["metrics", "train", "accuracy"], "values": [{"value": 0.922316666666513, "step": null, "ts": 1756069157.1699216}]}, "version": 160, "at": 1756069157.1699605}
{"obj": {"type": "LogFloats", "path": ["losses", "val", "loss"], "values": [{"value": 0.27273237704359365, "step": null, "ts": 1756069157.1705587}]}, "version": 161, "at": 1756069157.1705859}
{"obj": {"type": "LogFloats", "path": ["metrics", "val", "accuracy"], "values": [{"value": 0.9687499999990328, "step": null, "ts": 1756069157.171196}]}, "version": 162, "at": 1756069157.1712291}
{"obj": {"type": "LogFloats", "path": ["losses", "train", "loss"], "values": [{"value": 0.27192882174654814, "step": null, "ts": 1756069170.4272673}]}, "version": 163, "at": 1756069170.4337645}
{"obj": {"type": "LogFloats", "path": ["metrics", "train", "accuracy"], "values": [{"value": 0.9227999999998463, "step": null, "ts": 1756069170.438735}]}, "version": 164, "at": 1756069170.4388056}
{"obj": {"type": "LogFloats", "path": ["losses", "val", "loss"], "values": [{"value": 0.32793372868443865, "step": null, "ts": 1756069170.4397624}]}, "version": 165, "at": 1756069170.4398046}
{"obj": {"type": "LogFloats", "path": ["metrics", "val", "accuracy"], "values": [{"value": 0.937499999999064, "step": null, "ts": 1756069170.4405715}]}, "version": 166, "at": 1756069170.4405942}
{"obj": {"type": "LogFloats", "path": ["losses", "train", "loss"], "values": [{"value": 0.270401149456251, "step": null, "ts": 1756069174.716442}]}, "version": 167, "at": 1756069174.7166424}
{"obj": {"type": "LogFloats", "path": ["metrics", "train", "accuracy"], "values": [{"value": 0.9235999999998461, "step": null, "ts": 1756069174.717785}]}, "version": 168, "at": 1756069174.7178228}
{"obj": {"type": "LogFloats", "path": ["losses", "val", "loss"], "values": [{"value": 0.2322316318676186, "step": null, "ts": 1756069174.7182505}]}, "version": 169, "at": 1756069174.718283}
{"obj": {"type": "LogFloats", "path": ["metrics", "val", "accuracy"], "values": [{"value": 0.9687499999990328, "step": null, "ts": 1756069174.7187357}]}, "version": 170, "at": 1756069174.7187624}
{"obj": {"type": "LogFloats", "path": ["losses", "train", "loss"], "values": [{"value": 0.26998475542123174, "step": null, "ts": 1756069188.3053932}]}, "version": 171, "at": 1756069188.3057504}
{"obj": {"type": "LogFloats", "path": ["metrics", "train", "accuracy"], "values": [{"value": 0.9232499999998461, "step": null, "ts": 1756069188.3067856}]}, "version": 172, "at": 1756069188.30681}
{"obj": {"type": "LogFloats", "path": ["losses", "val", "loss"], "values": [{"value": 0.2997922301196639, "step": null, "ts": 1756069188.3072023}]}, "version": 173, "at": 1756069188.3072174}
{"obj": {"type": "LogFloats", "path": ["metrics", "val", "accuracy"], "values": [{"value": 0.9687499999990328, "step": null, "ts": 1756069188.3077}]}, "version": 174, "at": 1756069188.3077228}
{"obj": {"type": "LogFloats", "path": ["losses", "train", "loss"], "values": [{"value": 0.27045202957843545, "step": null, "ts": 1756069197.4437237}]}, "version": 175, "at": 1756069197.4442036}
{"obj": {"type": "LogFloats", "path": ["metrics", "train", "accuracy"], "values": [{"value": 0.9242166666665127, "step": null, "ts": 1756069197.446465}]}, "version": 176, "at": 1756069197.446494}
{"obj": {"type": "LogFloats", "path": ["losses", "val", "loss"], "values": [{"value": 0.33437135814552144, "step": null, "ts": 1756069197.4476995}]}, "version": 177, "at": 1756069197.4477398}
{"obj": {"type": "LogFloats", "path": ["metrics", "val", "accuracy"], "values": [{"value": 0.9687499999990328, "step": null, "ts": 1756069197.4489892}]}, "version": 178, "at": 1756069197.4490142}
{"obj": {"type": "LogFloats", "path": ["losses", "train", "loss"], "values": [{"value": 0.2715221463536643, "step": null, "ts": 1756069202.3198633}]}, "version": 179, "at": 1756069202.3202055}
{"obj": {"type": "LogFloats", "path": ["metrics", "train", "accuracy"], "values": [{"value": 0.9214499999998464, "step": null, "ts": 1756069202.3210843}]}, "version": 180, "at": 1756069202.3211007}
{"obj": {"type": "LogFloats", "path": ["losses", "val", "loss"], "values": [{"value": 0.2751477062614272, "step": null, "ts": 1756069202.321573}]}, "version": 181, "at": 1756069202.3215919}
{"obj": {"type": "LogFloats", "path": ["metrics", "val", "accuracy"], "values": [{"value": 0.9687499999990328, "step": null, "ts": 1756069202.3219347}]}, "version": 182, "at": 1756069202.3219469}
{"obj": {"type": "LogFloats", "path": ["losses", "train", "loss"], "values": [{"value": 0.2705114272242265, "step": null, "ts": 1756069207.764113}]}, "version": 183, "at": 1756069207.76957}
{"obj": {"type": "LogFloats", "path": ["metrics", "train", "accuracy"], "values": [{"value": 0.922266666666513, "step": null, "ts": 1756069207.7737868}]}, "version": 184, "at": 1756069207.773831}
{"obj": {"type": "LogFloats", "path": ["losses", "val", "loss"], "values": [{"value": 0.3207838535206351, "step": null, "ts": 1756069207.775979}]}, "version": 185, "at": 1756069207.7760072}
{"obj": {"type": "LogFloats", "path": ["metrics", "val", "accuracy"], "values": [{"value": 0.9687499999990328, "step": null, "ts": 1756069207.7767754}]}, "version": 186, "at": 1756069207.776795}
{"obj": {"type": "LogFloats", "path": ["losses", "train", "loss"], "values": [{"value": 0.2708404968808551, "step": null, "ts": 1756069212.278318}]}, "version": 187, "at": 1756069212.2805126}
{"obj": {"type": "LogFloats", "path": ["metrics", "train", "accuracy"], "values": [{"value": 0.922566666666513, "step": null, "ts": 1756069212.283893}]}, "version": 188, "at": 1756069212.2839196}
{"obj": {"type": "LogFloats", "path": ["losses", "val", "loss"], "values": [{"value": 0.29128229617141893, "step": null, "ts": 1756069212.2843459}]}, "version": 189, "at": 1756069212.2843647}
{"obj": {"type": "LogFloats", "path": ["metrics", "val", "accuracy"], "values": [{"value": 0.9687499999990328, "step": null, "ts": 1756069212.284694}]}, "version": 190, "at": 1756069212.284707}
{"obj": {"type": "LogFloats", "path": ["losses", "train", "loss"], "values": [{"value": 0.27051340113137934, "step": null, "ts": 1756069217.2088528}]}, "version": 191, "at": 1756069217.209263}
{"obj": {"type": "LogFloats", "path": ["metrics", "train", "accuracy"], "values": [{"value": 0.9226833333331796, "step": null, "ts": 1756069217.2105405}]}, "version": 192, "at": 1756069217.2105668}
{"obj": {"type": "LogFloats", "path": ["losses", "val", "loss"], "values": [{"value": 0.3136513829131054, "step": null, "ts": 1756069217.2110915}]}, "version": 193, "at": 1756069217.2111113}
{"obj": {"type": "LogFloats", "path": ["metrics", "val", "accuracy"], "values": [{"value": 0.9687499999990328, "step": null, "ts": 1756069217.2114997}]}, "version": 194, "at": 1756069217.2115138}
{"obj": {"type": "LogFloats", "path": ["losses", "train", "loss"], "values": [{"value": 0.26842026005740854, "step": null, "ts": 1756069224.3425329}]}, "version": 195, "at": 1756069224.3428588}
{"obj": {"type": "LogFloats", "path": ["metrics", "train", "accuracy"], "values": [{"value": 0.9232333333331795, "step": null, "ts": 1756069224.3447976}]}, "version": 196, "at": 1756069224.3448415}
{"obj": {"type": "LogFloats", "path": ["losses", "val", "loss"], "values": [{"value": 0.31797540186819795, "step": null, "ts": 1756069224.3458323}]}, "version": 197, "at": 1756069224.3458576}
{"obj": {"type": "LogFloats", "path": ["metrics", "val", "accuracy"], "values": [{"value": 0.9687499999990328, "step": null, "ts": 1756069224.3463802}]}, "version": 198, "at": 1756069224.34641}
{"obj": {"type": "LogFloats", "path": ["losses", "train", "loss"], "values": [{"value": 0.2689500657355349, "step": null, "ts": 1756069232.409801}]}, "version": 199, "at": 1756069232.4101424}
{"obj": {"type": "LogFloats", "path": ["metrics", "train", "accuracy"], "values": [{"value": 0.922666666666513, "step": null, "ts": 1756069232.411372}]}, "version": 200, "at": 1756069232.4114}
{"obj": {"type": "LogFloats", "path": ["losses", "val", "loss"], "values": [{"value": 0.26185071467516685, "step": null, "ts": 1756069232.4119048}]}, "version": 201, "at": 1756069232.4119253}
{"obj": {"type": "LogFloats", "path": ["metrics", "val", "accuracy"], "values": [{"value": 0.9687499999990328, "step": null, "ts": 1756069232.4123507}]}, "version": 202, "at": 1756069232.4123662}
{"obj": {"type": "LogFloats", "path": ["losses", "train", "loss"], "values": [{"value": 0.268990131284352, "step": null, "ts": 1756069239.205823}]}, "version": 203, "at": 1756069239.2062624}
{"obj": {"type": "LogFloats", "path": ["metrics", "train", "accuracy"], "values": [{"value": 0.9225333333331797, "step": null, "ts": 1756069239.2079954}]}, "version": 204, "at": 1756069239.208023}
{"obj": {"type": "LogFloats", "path": ["losses", "val", "loss"], "values": [{"value": 0.3490596711524069, "step": null, "ts": 1756069239.2085137}]}, "version": 205, "at": 1756069239.208537}
{"obj": {"type": "LogFloats", "path": ["metrics", "val", "accuracy"], "values": [{"value": 0.9687499999990328, "step": null, "ts": 1756069239.2089224}]}, "version": 206, "at": 1756069239.2089405}
{"obj": {"type": "LogFloats", "path": ["losses", "train", "loss"], "values": [{"value": 0.26863570188538016, "step": null, "ts": 1756069247.0902514}]}, "version": 207, "at": 1756069247.090461}
{"obj": {"type": "LogFloats", "path": ["metrics", "train", "accuracy"], "values": [{"value": 0.9235499999998461, "step": null, "ts": 1756069247.09127}]}, "version": 208, "at": 1756069247.0912912}
{"obj": {"type": "LogFloats", "path": ["losses", "val", "loss"], "values": [{"value": 0.24244312941253465, "step": null, "ts": 1756069247.0916388}]}, "version": 209, "at": 1756069247.0916538}
{"obj": {"type": "LogFloats", "path": ["metrics", "val", "accuracy"], "values": [{"value": 0.9687499999990328, "step": null, "ts": 1756069247.0919437}]}, "version": 210, "at": 1756069247.0919576}
{"obj": {"type": "LogFloats", "path": ["losses", "train", "loss"], "values": [{"value": 0.2703966205761317, "step": null, "ts": 1756069253.555124}]}, "version": 211, "at": 1756069253.5555935}
{"obj": {"type": "LogFloats", "path": ["metrics", "train", "accuracy"], "values": [{"value": 0.9228499999998462, "step": null, "ts": 1756069253.5576644}]}, "version": 212, "at": 1756069253.5577152}
{"obj": {"type": "LogFloats", "path": ["losses", "val", "loss"], "values": [{"value": 0.31342038511228576, "step": null, "ts": 1756069253.5584097}]}, "version": 213, "at": 1756069253.5584311}
{"obj": {"type": "LogFloats", "path": ["metrics", "val", "accuracy"], "values": [{"value": 0.9687499999990328, "step": null, "ts": 1756069253.5588834}]}, "version": 214, "at": 1756069253.5589063}
{"obj": {"type": "LogFloats", "path": ["losses", "train", "loss"], "values": [{"value": 0.269981257585238, "step": null, "ts": 1756069259.3879402}]}, "version": 215, "at": 1756069259.3901052}
{"obj": {"type": "LogFloats", "path": ["metrics", "train", "accuracy"], "values": [{"value": 0.9226333333331797, "step": null, "ts": 1756069259.39353}]}, "version": 216, "at": 1756069259.3935645}
{"obj": {"type": "LogFloats", "path": ["losses", "val", "loss"], "values": [{"value": 0.3320066332711005, "step": null, "ts": 1756069259.394533}]}, "version": 217, "at": 1756069259.3945568}
{"obj": {"type": "LogFloats", "path": ["metrics", "val", "accuracy"], "values": [{"value": 0.9687499999990328, "step": null, "ts": 1756069259.3950956}]}, "version": 218, "at": 1756069259.3951194}
{"obj": {"type": "LogFloats", "path": ["losses", "train", "loss"], "values": [{"value": 0.27019258755003356, "step": null, "ts": 1756069267.155291}]}, "version": 219, "at": 1756069267.159532}
{"obj": {"type": "LogFloats", "path": ["metrics", "train", "accuracy"], "values": [{"value": 0.9232499999998461, "step": null, "ts": 1756069267.1701105}]}, "version": 220, "at": 1756069267.1701598}
{"obj": {"type": "LogFloats", "path": ["losses", "val", "loss"], "values": [{"value": 0.30738076566667794, "step": null, "ts": 1756069267.1711202}]}, "version": 221, "at": 1756069267.1711497}
{"obj": {"type": "LogFloats", "path": ["metrics", "val", "accuracy"], "values": [{"value": 0.9687499999990328, "step": null, "ts": 1756069267.17212}]}, "version": 222, "at": 1756069267.1723006}
{"obj": {"type": "LogFloats", "path": ["losses", "train", "loss"], "values": [{"value": 0.26843996370490275, "step": null, "ts": 1756069273.8603601}]}, "version": 223, "at": 1756069273.8608322}
{"obj": {"type": "LogFloats", "path": ["metrics", "train", "accuracy"], "values": [{"value": 0.9232666666665128, "step": null, "ts": 1756069273.8626597}]}, "version": 224, "at": 1756069273.8626883}
{"obj": {"type": "LogFloats", "path": ["losses", "val", "loss"], "values": [{"value": 0.3304468393220232, "step": null, "ts": 1756069273.8632624}]}, "version": 225, "at": 1756069273.863286}
{"obj": {"type": "LogFloats", "path": ["metrics", "val", "accuracy"], "values": [{"value": 0.9687499999990328, "step": null, "ts": 1756069273.8637247}]}, "version": 226, "at": 1756069273.8637419}
{"obj": {"type": "LogFloats", "path": ["losses", "train", "loss"], "values": [{"value": 0.26976484419708624, "step": null, "ts": 1756069279.225256}]}, "version": 227, "at": 1756069279.2256968}
{"obj": {"type": "LogFloats", "path": ["metrics", "train", "accuracy"], "values": [{"value": 0.9228999999998462, "step": null, "ts": 1756069279.227054}]}, "version": 228, "at": 1756069279.2271013}
{"obj": {"type": "LogFloats", "path": ["losses", "val", "loss"], "values": [{"value": 0.30247545241343193, "step": null, "ts": 1756069279.2274406}]}, "version": 229, "at": 1756069279.22746}
{"obj": {"type": "LogFloats", "path": ["metrics", "val", "accuracy"], "values": [{"value": 0.9687499999990328, "step": null, "ts": 1756069279.2277663}]}, "version": 230, "at": 1756069279.227783}
{"obj": {"type": "LogFloats", "path": ["losses", "train", "loss"], "values": [{"value": 0.2706636268790035, "step": null, "ts": 1756069283.054853}]}, "version": 231, "at": 1756069283.0550041}
{"obj": {"type": "LogFloats", "path": ["metrics", "train", "accuracy"], "values": [{"value": 0.922716666666513, "step": null, "ts": 1756069283.0558264}]}, "version": 232, "at": 1756069283.0558958}
{"obj": {"type": "LogFloats", "path": ["losses", "val", "loss"], "values": [{"value": 0.35774582623292467, "step": null, "ts": 1756069283.0562093}]}, "version": 233, "at": 1756069283.056222}
{"obj": {"type": "LogFloats", "path": ["metrics", "val", "accuracy"], "values": [{"value": 0.937499999999064, "step": null, "ts": 1756069283.056523}]}, "version": 234, "at": 1756069283.0565336}
{"obj": {"type": "LogFloats", "path": ["losses", "train", "loss"], "values": [{"value": 0.2680758040672151, "step": null, "ts": 1756069289.22224}]}, "version": 235, "at": 1756069289.2226179}
{"obj": {"type": "LogFloats", "path": ["metrics", "train", "accuracy"], "values": [{"value": 0.9234999999998461, "step": null, "ts": 1756069289.2237594}]}, "version": 236, "at": 1756069289.2237825}
{"obj": {"type": "LogFloats", "path": ["losses", "val", "loss"], "values": [{"value": 0.35333693026367463, "step": null, "ts": 1756069289.2241907}]}, "version": 237, "at": 1756069289.2242067}
{"obj": {"type": "LogFloats", "path": ["metrics", "val", "accuracy"], "values": [{"value": 0.9687499999990328, "step": null, "ts": 1756069289.2246225}]}, "version": 238, "at": 1756069289.2246425}
{"obj": {"type": "LogFloats", "path": ["losses", "train", "loss"], "values": [{"value": 0.26797067619617915, "step": null, "ts": 1756069295.0532882}]}, "version": 239, "at": 1756069295.0543678}
{"obj": {"type": "LogFloats", "path": ["metrics", "train", "accuracy"], "values": [{"value": 0.9227833333331796, "step": null, "ts": 1756069295.059784}]}, "version": 240, "at": 1756069295.0598254}
{"obj": {"type": "LogFloats", "path": ["losses", "val", "loss"], "values": [{"value": 0.29562827943811054, "step": null, "ts": 1756069295.0617523}]}, "version": 241, "at": 1756069295.0617828}
{"obj": {"type": "LogFloats", "path": ["metrics", "val", "accuracy"], "values": [{"value": 0.9687499999990328, "step": null, "ts": 1756069295.0626795}]}, "version": 242, "at": 1756069295.0627048}
{"obj": {"type": "LogFloats", "path": ["losses", "train", "loss"], "values": [{"value": 0.26934894475594556, "step": null, "ts": 1756069301.4749038}]}, "version": 243, "at": 1756069301.4755}
{"obj": {"type": "LogFloats", "path": ["metrics", "train", "accuracy"], "values": [{"value": 0.9219666666665131, "step": null, "ts": 1756069301.4774919}]}, "version": 244, "at": 1756069301.4775264}
{"obj": {"type": "LogFloats", "path": ["losses", "val", "loss"], "values": [{"value": 0.3537817001229744, "step": null, "ts": 1756069301.4781644}]}, "version": 245, "at": 1756069301.4781992}
{"obj": {"type": "LogFloats", "path": ["metrics", "val", "accuracy"], "values": [{"value": 0.9687499999990328, "step": null, "ts": 1756069301.4786346}]}, "version": 246, "at": 1756069301.4786575}
{"obj": {"type": "LogFloats", "path": ["losses", "train", "loss"], "values": [{"value": 0.2683783796067627, "step": null, "ts": 1756069307.6372614}]}, "version": 247, "at": 1756069307.6375399}
{"obj": {"type": "LogFloats", "path": ["metrics", "train", "accuracy"], "values": [{"value": 0.9238333333331794, "step": null, "ts": 1756069307.6385329}]}, "version": 248, "at": 1756069307.6385612}
{"obj": {"type": "LogFloats", "path": ["losses", "val", "loss"], "values": [{"value": 0.29417330025686733, "step": null, "ts": 1756069307.6395452}]}, "version": 249, "at": 1756069307.639569}
{"obj": {"type": "LogFloats", "path": ["metrics", "val", "accuracy"], "values": [{"value": 0.9687499999990328, "step": null, "ts": 1756069307.6405177}]}, "version": 250, "at": 1756069307.6405478}
{"obj": {"type": "LogFloats", "path": ["losses", "train", "loss"], "values": [{"value": 0.26869933536604784, "step": null, "ts": 1756069315.872273}]}, "version": 251, "at": 1756069315.8728821}
{"obj": {"type": "LogFloats", "path": ["metrics", "train", "accuracy"], "values": [{"value": 0.9236833333331794, "step": null, "ts": 1756069315.8749762}]}, "version": 252, "at": 1756069315.8751028}
{"obj": {"type": "LogFloats", "path": ["losses", "val", "loss"], "values": [{"value": 0.310391724099733, "step": null, "ts": 1756069315.8758612}]}, "version": 253, "at": 1756069315.8758838}
{"obj": {"type": "LogFloats", "path": ["metrics", "val", "accuracy"], "values": [{"value": 0.9687499999990328, "step": null, "ts": 1756069315.876265}]}, "version": 254, "at": 1756069315.8762858}
{"obj": {"type": "LogFloats", "path": ["losses", "train", "loss"], "values": [{"value": 0.2677643005793914, "step": null, "ts": 1756069322.7827396}]}, "version": 255, "at": 1756069322.783146}
{"obj": {"type": "LogFloats", "path": ["metrics", "train", "accuracy"], "values": [{"value": 0.9236833333331794, "step": null, "ts": 1756069322.784579}]}, "version": 256, "at": 1756069322.7846107}
{"obj": {"type": "LogFloats", "path": ["losses", "val", "loss"], "values": [{"value": 0.2739495336921906, "step": null, "ts": 1756069322.7853205}]}, "version": 257, "at": 1756069322.7853503}
{"obj": {"type": "LogFloats", "path": ["metrics", "val", "accuracy"], "values": [{"value": 0.9687499999990328, "step": null, "ts": 1756069322.7859125}]}, "version": 258, "at": 1756069322.785934}
{"obj": {"type": "LogFloats", "path": ["losses", "train", "loss"], "values": [{"value": 0.2700944512829681, "step": null, "ts": 1756069329.4794574}]}, "version": 259, "at": 1756069329.4800496}
{"obj": {"type": "LogFloats", "path": ["metrics", "train", "accuracy"], "values": [{"value": 0.922716666666513, "step": null, "ts": 1756069329.48231}]}, "version": 260, "at": 1756069329.4823623}
{"obj": {"type": "LogFloats", "path": ["losses", "val", "loss"], "values": [{"value": 0.30771142243355887, "step": null, "ts": 1756069329.4828932}]}, "version": 261, "at": 1756069329.482924}
{"obj": {"type": "LogFloats", "path": ["metrics", "val", "accuracy"], "values": [{"value": 0.937499999999064, "step": null, "ts": 1756069329.4835405}]}, "version": 262, "at": 1756069329.4836075}
{"obj": {"type": "LogFloats", "path": ["losses", "train", "loss"], "values": [{"value": 0.26902742747024266, "step": null, "ts": 1756069334.7932022}]}, "version": 263, "at": 1756069334.7936401}
{"obj": {"type": "LogFloats", "path": ["metrics", "train", "accuracy"], "values": [{"value": 0.9228499999998462, "step": null, "ts": 1756069334.7947817}]}, "version": 264, "at": 1756069334.7948015}
{"obj": {"type": "LogFloats", "path": ["losses", "val", "loss"], "values": [{"value": 0.2899344861414785, "step": null, "ts": 1756069334.7951763}]}, "version": 265, "at": 1756069334.7951899}
{"obj": {"type": "LogFloats", "path": ["metrics", "val", "accuracy"], "values": [{"value": 0.9687499999990328, "step": null, "ts": 1756069334.795539}]}, "version": 266, "at": 1756069334.7955534}
{"obj": {"type": "LogFloats", "path": ["losses", "train", "loss"], "values": [{"value": 0.26882368113453864, "step": null, "ts": 1756069338.4374876}]}, "version": 267, "at": 1756069338.4375882}
{"obj": {"type": "LogFloats", "path": ["metrics", "train", "accuracy"], "values": [{"value": 0.9222833333331797, "step": null, "ts": 1756069338.4393554}]}, "version": 268, "at": 1756069338.4393752}
{"obj": {"type": "LogFloats", "path": ["losses", "val", "loss"], "values": [{"value": 0.3204527497189184, "step": null, "ts": 1756069338.4397}]}, "version": 269, "at": 1756069338.439712}
{"obj": {"type": "LogFloats", "path": ["metrics", "val", "accuracy"], "values": [{"value": 0.9687499999990328, "step": null, "ts": 1756069338.4399896}]}, "version": 270, "at": 1756069338.4399993}
{"obj": {"type": "LogFloats", "path": ["losses", "train", "loss"], "values": [{"value": 0.2686950881168817, "step": null, "ts": 1756069343.1000552}]}, "version": 271, "at": 1756069343.1002889}
{"obj": {"type": "LogFloats", "path": ["metrics", "train", "accuracy"], "values": [{"value": 0.9231999999998461, "step": null, "ts": 1756069343.1011758}]}, "version": 272, "at": 1756069343.1011982}
{"obj": {"type": "LogFloats", "path": ["losses", "val", "loss"], "values": [{"value": 0.25597113370077584, "step": null, "ts": 1756069343.101636}]}, "version": 273, "at": 1756069343.101656}
{"obj": {"type": "LogFloats", "path": ["metrics", "val", "accuracy"], "values": [{"value": 0.9687499999990328, "step": null, "ts": 1756069343.101919}]}, "version": 274, "at": 1756069343.1019344}
{"obj": {"type": "LogFloats", "path": ["losses", "train", "loss"], "values": [{"value": 0.2677310528363413, "step": null, "ts": 1756069350.472969}]}, "version": 275, "at": 1756069350.4735363}
{"obj": {"type": "LogFloats", "path": ["metrics", "train", "accuracy"], "values": [{"value": 0.9241833333331794, "step": null, "ts": 1756069350.4768882}]}, "version": 276, "at": 1756069350.4769485}
{"obj": {"type": "LogFloats", "path": ["losses", "val", "loss"], "values": [{"value": 0.3174827694791451, "step": null, "ts": 1756069350.4785192}]}, "version": 277, "at": 1756069350.4788103}
{"obj": {"type": "LogFloats", "path": ["metrics", "val", "accuracy"], "values": [{"value": 0.9687499999990328, "step": null, "ts": 1756069350.4826922}]}, "version": 278, "at": 1756069350.4827487}
{"obj": {"type": "LogFloats", "path": ["losses", "train", "loss"], "values": [{"value": 0.2682725954091149, "step": null, "ts": 1756069356.5507376}]}, "version": 279, "at": 1756069356.5512693}
{"obj": {"type": "LogFloats", "path": ["metrics", "train", "accuracy"], "values": [{"value": 0.922016666666513, "step": null, "ts": 1756069356.552972}]}, "version": 280, "at": 1756069356.5530005}
{"obj": {"type": "LogFloats", "path": ["losses", "val", "loss"], "values": [{"value": 0.29165226220152796, "step": null, "ts": 1756069356.553513}]}, "version": 281, "at": 1756069356.5535362}
{"obj": {"type": "LogFloats", "path": ["metrics", "val", "accuracy"], "values": [{"value": 0.9687499999990328, "step": null, "ts": 1756069356.5539346}]}, "version": 282, "at": 1756069356.5539508}
{"obj": {"type": "LogFloats", "path": ["losses", "train", "loss"], "values": [{"value": 0.2688789832130636, "step": null, "ts": 1756069364.9630282}]}, "version": 283, "at": 1756069364.9635031}
{"obj": {"type": "LogFloats", "path": ["metrics", "train", "accuracy"], "values": [{"value": 0.9232499999998461, "step": null, "ts": 1756069364.9652247}]}, "version": 284, "at": 1756069364.9652536}
{"obj": {"type": "LogFloats", "path": ["losses", "val", "loss"], "values": [{"value": 0.34674355386579875, "step": null, "ts": 1756069364.9660122}]}, "version": 285, "at": 1756069364.9660375}
{"obj": {"type": "LogFloats", "path": ["metrics", "val", "accuracy"], "values": [{"value": 0.937499999999064, "step": null, "ts": 1756069364.9667048}]}, "version": 286, "at": 1756069364.9667294}
{"obj": {"type": "LogFloats", "path": ["losses", "train", "loss"], "values": [{"value": 0.269603750121149, "step": null, "ts": 1756069369.9937863}]}, "version": 287, "at": 1756069369.994085}
{"obj": {"type": "LogFloats", "path": ["metrics", "train", "accuracy"], "values": [{"value": 0.9229499999998462, "step": null, "ts": 1756069369.9953125}]}, "version": 288, "at": 1756069369.9953375}
{"obj": {"type": "LogFloats", "path": ["losses", "val", "loss"], "values": [{"value": 0.25079101323280173, "step": null, "ts": 1756069369.995814}]}, "version": 289, "at": 1756069369.995838}
{"obj": {"type": "LogFloats", "path": ["metrics", "val", "accuracy"], "values": [{"value": 0.9687499999990328, "step": null, "ts": 1756069369.996334}]}, "version": 290, "at": 1756069369.9963517}
{"obj": {"type": "LogFloats", "path": ["losses", "train", "loss"], "values": [{"value": 0.2660048264827052, "step": null, "ts": 1756069375.5318482}]}, "version": 291, "at": 1756069375.5321884}
{"obj": {"type": "LogFloats", "path": ["metrics", "train", "accuracy"], "values": [{"value": 0.9239499999998461, "step": null, "ts": 1756069375.5348244}]}, "version": 292, "at": 1756069375.534874}
{"obj": {"type": "LogFloats", "path": ["losses", "val", "loss"], "values": [{"value": 0.2940290570165155, "step": null, "ts": 1756069375.536028}]}, "version": 293, "at": 1756069375.5361645}
{"obj": {"type": "LogFloats", "path": ["metrics", "val", "accuracy"], "values": [{"value": 0.9687499999990328, "step": null, "ts": 1756069375.5374033}]}, "version": 294, "at": 1756069375.5375764}
{"obj": {"type": "LogFloats", "path": ["losses", "train", "loss"], "values": [{"value": 0.2674716640547554, "step": null, "ts": 1756069384.1402094}]}, "version": 295, "at": 1756069384.1405828}
{"obj": {"type": "LogFloats", "path": ["metrics", "train", "accuracy"], "values": [{"value": 0.9232833333331795, "step": null, "ts": 1756069384.1433232}]}, "version": 296, "at": 1756069384.1433556}
{"obj": {"type": "LogFloats", "path": ["losses", "val", "loss"], "values": [{"value": 0.3657166659715158, "step": null, "ts": 1756069384.1438036}]}, "version": 297, "at": 1756069384.1438274}
{"obj": {"type": "LogFloats", "path": ["metrics", "val", "accuracy"], "values": [{"value": 0.9687499999990328, "step": null, "ts": 1756069384.1441355}]}, "version": 298, "at": 1756069384.144151}
{"obj": {"type": "LogFloats", "path": ["losses", "train", "loss"], "values": [{"value": 0.266970376788146, "step": null, "ts": 1756069392.2374253}]}, "version": 299, "at": 1756069392.237972}
{"obj": {"type": "LogFloats", "path": ["metrics", "train", "accuracy"], "values": [{"value": 0.9233666666665128, "step": null, "ts": 1756069392.2392354}]}, "version": 300, "at": 1756069392.2392569}
{"obj": {"type": "LogFloats", "path": ["losses", "val", "loss"], "values": [{"value": 0.30048951505654653, "step": null, "ts": 1756069392.2396388}]}, "version": 301, "at": 1756069392.239659}
{"obj": {"type": "LogFloats", "path": ["metrics", "val", "accuracy"], "values": [{"value": 0.9687499999990328, "step": null, "ts": 1756069392.240005}]}, "version": 302, "at": 1756069392.2400181}
{"obj": {"type": "LogFloats", "path": ["losses", "train", "loss"], "values": [{"value": 0.2690388228183544, "step": null, "ts": 1756069400.543848}]}, "version": 303, "at": 1756069400.546991}
{"obj": {"type": "LogFloats", "path": ["metrics", "train", "accuracy"], "values": [{"value": 0.9229999999998462, "step": null, "ts": 1756069400.5514677}]}, "version": 304, "at": 1756069400.5514984}
{"obj": {"type": "LogFloats", "path": ["losses", "val", "loss"], "values": [{"value": 0.25820305942664146, "step": null, "ts": 1756069400.5521352}]}, "version": 305, "at": 1756069400.552165}
{"obj": {"type": "LogFloats", "path": ["metrics", "val", "accuracy"], "values": [{"value": 0.9687499999990328, "step": null, "ts": 1756069400.5526595}]}, "version": 306, "at": 1756069400.5526853}
{"obj": {"type": "LogFloats", "path": ["losses", "train", "loss"], "values": [{"value": 0.26609468255695845, "step": null, "ts": 1756069408.8647256}]}, "version": 307, "at": 1756069408.8652356}
{"obj": {"type": "LogFloats", "path": ["metrics", "train", "accuracy"], "values": [{"value": 0.9229166666665128, "step": null, "ts": 1756069408.8673196}]}, "version": 308, "at": 1756069408.867355}
{"obj": {"type": "LogFloats", "path": ["losses", "val", "loss"], "values": [{"value": 0.3532649278527883, "step": null, "ts": 1756069408.8684583}]}, "version": 309, "at": 1756069408.8685849}
{"obj": {"type": "LogFloats", "path": ["metrics", "val", "accuracy"], "values": [{"value": 0.9687499999990328, "step": null, "ts": 1756069408.8703504}]}, "version": 310, "at": 1756069408.870383}
{"obj": {"type": "LogFloats", "path": ["losses", "train", "loss"], "values": [{"value": 0.26706159018731734, "step": null, "ts": 1756069414.539354}]}, "version": 311, "at": 1756069414.5395052}
{"obj": {"type": "LogFloats", "path": ["metrics", "train", "accuracy"], "values": [{"value": 0.9240666666665127, "step": null, "ts": 1756069414.5408452}]}, "version": 312, "at": 1756069414.5408688}
{"obj": {"type": "LogFloats", "path": ["losses", "val", "loss"], "values": [{"value": 0.3380063474070325, "step": null, "ts": 1756069414.5412421}]}, "version": 313, "at": 1756069414.5412576}
{"obj": {"type": "LogFloats", "path": ["metrics", "val", "accuracy"], "values": [{"value": 0.937499999999064, "step": null, "ts": 1756069414.5416355}]}, "version": 314, "at": 1756069414.5416489}
{"obj": {"type": "LogFloats", "path": ["losses", "train", "loss"], "values": [{"value": 0.26756461645520085, "step": null, "ts": 1756069418.607872}]}, "version": 315, "at": 1756069418.6080384}
{"obj": {"type": "LogFloats", "path": ["metrics", "train", "accuracy"], "values": [{"value": 0.9232833333331795, "step": null, "ts": 1756069418.60929}]}, "version": 316, "at": 1756069418.609322}
{"obj": {"type": "LogFloats", "path": ["losses", "val", "loss"], "values": [{"value": 0.3289142846956073, "step": null, "ts": 1756069418.6097355}]}, "version": 317, "at": 1756069418.609755}
{"obj": {"type": "LogFloats", "path": ["metrics", "val", "accuracy"], "values": [{"value": 0.9687499999990328, "step": null, "ts": 1756069418.610524}]}, "version": 318, "at": 1756069418.6105473}
{"obj": {"type": "LogFloats", "path": ["losses", "train", "loss"], "values": [{"value": 0.2661433250626635, "step": null, "ts": 1756069422.8814964}]}, "version": 319, "at": 1756069422.881907}
{"obj": {"type": "LogFloats", "path": ["metrics", "train", "accuracy"], "values": [{"value": 0.9238499999998461, "step": null, "ts": 1756069422.8831358}]}, "version": 320, "at": 1756069422.8831534}
{"obj": {"type": "LogFloats", "path": ["losses", "val", "loss"], "values": [{"value": 0.31732279061257307, "step": null, "ts": 1756069422.8835719}]}, "version": 321, "at": 1756069422.883591}
{"obj": {"type": "LogFloats", "path": ["metrics", "val", "accuracy"], "values": [{"value": 0.9687499999990328, "step": null, "ts": 1756069422.883928}]}, "version": 322, "at": 1756069422.8839417}
{"obj": {"type": "LogFloats", "path": ["losses", "train", "loss"], "values": [{"value": 0.2675190526818869, "step": null, "ts": 1756069427.7663147}]}, "version": 323, "at": 1756069427.766747}
{"obj": {"type": "LogFloats", "path": ["metrics", "train", "accuracy"], "values": [{"value": 0.9239666666665127, "step": null, "ts": 1756069427.768244}]}, "version": 324, "at": 1756069427.7682707}
{"obj": {"type": "LogFloats", "path": ["losses", "val", "loss"], "values": [{"value": 0.2462949007670869, "step": null, "ts": 1756069427.768708}]}, "version": 325, "at": 1756069427.768729}
{"obj": {"type": "LogFloats", "path": ["metrics", "val", "accuracy"], "values": [{"value": 0.9687499999990328, "step": null, "ts": 1756069427.7693198}]}, "version": 326, "at": 1756069427.769338}
{"obj": {"type": "LogFloats", "path": ["losses", "train", "loss"], "values": [{"value": 0.26745518833256177, "step": null, "ts": 1756069431.596532}]}, "version": 327, "at": 1756069431.5970206}
{"obj": {"type": "LogFloats", "path": ["metrics", "train", "accuracy"], "values": [{"value": 0.9240166666665127, "step": null, "ts": 1756069431.5986133}]}, "version": 328, "at": 1756069431.5986652}
{"obj": {"type": "LogFloats", "path": ["losses", "val", "loss"], "values": [{"value": 0.3398177921663435, "step": null, "ts": 1756069431.5991247}]}, "version": 329, "at": 1756069431.5991404}
{"obj": {"type": "LogFloats", "path": ["metrics", "val", "accuracy"], "values": [{"value": 0.937499999999064, "step": null, "ts": 1756069431.599948}]}, "version": 330, "at": 1756069431.599973}
{"obj": {"type": "LogFloats", "path": ["losses", "train", "loss"], "values": [{"value": 0.26647745913820403, "step": null, "ts": 1756069435.5961049}]}, "version": 331, "at": 1756069435.5963752}
{"obj": {"type": "LogFloats", "path": ["metrics", "train", "accuracy"], "values": [{"value": 0.9237499999998461, "step": null, "ts": 1756069435.5972302}]}, "version": 332, "at": 1756069435.5972486}
{"obj": {"type": "LogFloats", "path": ["losses", "val", "loss"], "values": [{"value": 0.3544413149243602, "step": null, "ts": 1756069435.5975661}]}, "version": 333, "at": 1756069435.5975773}
{"obj": {"type": "LogFloats", "path": ["metrics", "val", "accuracy"], "values": [{"value": 0.9687499999990328, "step": null, "ts": 1756069435.5978582}]}, "version": 334, "at": 1756069435.597868}
{"obj": {"type": "LogFloats", "path": ["losses", "train", "loss"], "values": [{"value": 0.26818833861804026, "step": null, "ts": 1756069441.5595298}]}, "version": 335, "at": 1756069441.559897}
{"obj": {"type": "LogFloats", "path": ["metrics", "train", "accuracy"], "values": [{"value": 0.9240333333331794, "step": null, "ts": 1756069441.5610435}]}, "version": 336, "at": 1756069441.5610933}
{"obj": {"type": "LogFloats", "path": ["losses", "val", "loss"], "values": [{"value": 0.37298399208784555, "step": null, "ts": 1756069441.5615842}]}, "version": 337, "at": 1756069441.5616016}
{"obj": {"type": "LogFloats", "path": ["metrics", "val", "accuracy"], "values": [{"value": 0.9687499999990328, "step": null, "ts": 1756069441.5622213}]}, "version": 338, "at": 1756069441.5622413}
{"obj": {"type": "LogFloats", "path": ["losses", "train", "loss"], "values": [{"value": 0.26766310014184613, "step": null, "ts": 1756069447.7893865}]}, "version": 339, "at": 1756069447.7900934}
{"obj": {"type": "LogFloats", "path": ["metrics", "train", "accuracy"], "values": [{"value": 0.9238999999998461, "step": null, "ts": 1756069447.791925}]}, "version": 340, "at": 1756069447.7919836}
{"obj": {"type": "LogFloats", "path": ["losses", "val", "loss"], "values": [{"value": 0.3862466812010387, "step": null, "ts": 1756069447.7927504}]}, "version": 341, "at": 1756069447.792771}
{"obj": {"type": "LogFloats", "path": ["metrics", "val", "accuracy"], "values": [{"value": 0.9687499999990328, "step": null, "ts": 1756069447.7936122}]}, "version": 342, "at": 1756069447.7936432}
{"obj": {"type": "LogFloats", "path": ["losses", "train", "loss"], "values": [{"value": 0.26641203328228963, "step": null, "ts": 1756069452.7864347}]}, "version": 343, "at": 1756069452.787115}
{"obj": {"type": "LogFloats", "path": ["metrics", "train", "accuracy"], "values": [{"value": 0.9241666666665127, "step": null, "ts": 1756069452.7889323}]}, "version": 344, "at": 1756069452.78914}
{"obj": {"type": "LogFloats", "path": ["losses", "val", "loss"], "values": [{"value": 0.33114215730562824, "step": null, "ts": 1756069452.7910058}]}, "version": 345, "at": 1756069452.7910316}
{"obj": {"type": "LogFloats", "path": ["metrics", "val", "accuracy"], "values": [{"value": 0.9687499999990328, "step": null, "ts": 1756069452.792008}]}, "version": 346, "at": 1756069452.7920272}
{"obj": {"type": "LogFloats", "path": ["losses", "train", "loss"], "values": [{"value": 0.2652745423054455, "step": null, "ts": 1756069457.8314412}]}, "version": 347, "at": 1756069457.8318934}
{"obj": {"type": "LogFloats", "path": ["metrics", "train", "accuracy"], "values": [{"value": 0.9243166666665127, "step": null, "ts": 1756069457.8330736}]}, "version": 348, "at": 1756069457.8330965}
{"obj": {"type": "LogFloats", "path": ["losses", "val", "loss"], "values": [{"value": 0.31490638851113356, "step": null, "ts": 1756069457.8337502}]}, "version": 349, "at": 1756069457.833772}
{"obj": {"type": "LogFloats", "path": ["metrics", "val", "accuracy"], "values": [{"value": 0.9687499999990328, "step": null, "ts": 1756069457.834244}]}, "version": 350, "at": 1756069457.8342998}
{"obj": {"type": "LogFloats", "path": ["losses", "train", "loss"], "values": [{"value": 0.26844673025961596, "step": null, "ts": 1756069462.227967}]}, "version": 351, "at": 1756069462.228411}
{"obj": {"type": "LogFloats", "path": ["metrics", "train", "accuracy"], "values": [{"value": 0.9234499999998461, "step": null, "ts": 1756069462.2294302}]}, "version": 352, "at": 1756069462.2294493}
{"obj": {"type": "LogFloats", "path": ["losses", "val", "loss"], "values": [{"value": 0.29633730649001355, "step": null, "ts": 1756069462.229765}]}, "version": 353, "at": 1756069462.2297769}
{"obj": {"type": "LogFloats", "path": ["metrics", "val", "accuracy"], "values": [{"value": 0.9687499999990328, "step": null, "ts": 1756069462.2300828}]}, "version": 354, "at": 1756069462.230095}
{"obj": {"type": "LogFloats", "path": ["losses", "train", "loss"], "values": [{"value": 0.2662821113810643, "step": null, "ts": 1756069468.1525657}]}, "version": 355, "at": 1756069468.1528761}
{"obj": {"type": "LogFloats", "path": ["metrics", "train", "accuracy"], "values": [{"value": 0.9239833333331794, "step": null, "ts": 1756069468.1544912}]}, "version": 356, "at": 1756069468.1545236}
{"obj": {"type": "LogFloats", "path": ["losses", "val", "loss"], "values": [{"value": 0.3425935208688, "step": null, "ts": 1756069468.1601534}]}, "version": 357, "at": 1756069468.1601944}
{"obj": {"type": "LogFloats", "path": ["metrics", "val", "accuracy"], "values": [{"value": 0.9687499999990328, "step": null, "ts": 1756069468.1659853}]}, "version": 358, "at": 1756069468.1660826}
{"obj": {"type": "LogFloats", "path": ["losses", "train", "loss"], "values": [{"value": 0.26525988628424796, "step": null, "ts": 1756069484.1770551}]}, "version": 359, "at": 1756069484.1782103}
{"obj": {"type": "LogFloats", "path": ["metrics", "train", "accuracy"], "values": [{"value": 0.924149999999846, "step": null, "ts": 1756069484.1800928}]}, "version": 360, "at": 1756069484.1801186}
{"obj": {"type": "LogFloats", "path": ["losses", "val", "loss"], "values": [{"value": 0.2770156860263059, "step": null, "ts": 1756069484.180611}]}, "version": 361, "at": 1756069484.1806264}
{"obj": {"type": "LogFloats", "path": ["metrics", "val", "accuracy"], "values": [{"value": 0.9687499999990328, "step": null, "ts": 1756069484.1809385}]}, "version": 362, "at": 1756069484.1809561}
{"obj": {"type": "LogFloats", "path": ["losses", "train", "loss"], "values": [{"value": 0.2675800012723242, "step": null, "ts": 1756069489.0421734}]}, "version": 363, "at": 1756069489.0425477}
{"obj": {"type": "LogFloats", "path": ["metrics", "train", "accuracy"], "values": [{"value": 0.9233166666665128, "step": null, "ts": 1756069489.0433123}]}, "version": 364, "at": 1756069489.0433292}
{"obj": {"type": "LogFloats", "path": ["losses", "val", "loss"], "values": [{"value": 0.308413833369892, "step": null, "ts": 1756069489.0435982}]}, "version": 365, "at": 1756069489.0436163}
{"obj": {"type": "LogFloats", "path": ["metrics", "val", "accuracy"], "values": [{"value": 0.9687499999990328, "step": null, "ts": 1756069489.044407}]}, "version": 366, "at": 1756069489.0444188}
{"obj": {"type": "LogFloats", "path": ["losses", "train", "loss"], "values": [{"value": 0.26667805076893997, "step": null, "ts": 1756069491.9673212}]}, "version": 367, "at": 1756069491.9674459}
{"obj": {"type": "LogFloats", "path": ["metrics", "train", "accuracy"], "values": [{"value": 0.9237666666665127, "step": null, "ts": 1756069491.9680443}]}, "version": 368, "at": 1756069491.9680696}
{"obj": {"type": "LogFloats", "path": ["losses", "val", "loss"], "values": [{"value": 0.3655591308953795, "step": null, "ts": 1756069491.9685118}]}, "version": 369, "at": 1756069491.9685268}
{"obj": {"type": "LogFloats", "path": ["metrics", "val", "accuracy"], "values": [{"value": 0.9687499999990328, "step": null, "ts": 1756069491.9688075}]}, "version": 370, "at": 1756069491.968819}
{"obj": {"type": "LogFloats", "path": ["losses", "train", "loss"], "values": [{"value": 0.26764452224181406, "step": null, "ts": 1756069494.056952}]}, "version": 371, "at": 1756069494.0569768}
{"obj": {"type": "LogFloats", "path": ["metrics", "train", "accuracy"], "values": [{"value": 0.9235333333331794, "step": null, "ts": 1756069494.057356}]}, "version": 372, "at": 1756069494.0573657}
{"obj": {"type": "LogFloats", "path": ["losses", "val", "loss"], "values": [{"value": 0.30199924110401416, "step": null, "ts": 1756069494.057608}]}, "version": 373, "at": 1756069494.057615}
{"obj": {"type": "LogFloats", "path": ["metrics", "val", "accuracy"], "values": [{"value": 0.9687499999990328, "step": null, "ts": 1756069494.0578585}]}, "version": 374, "at": 1756069494.0578709}
{"obj": {"type": "LogFloats", "path": ["losses", "train", "loss"], "values": [{"value": 0.26683290466027204, "step": null, "ts": 1756069496.490675}]}, "version": 375, "at": 1756069496.4908109}
{"obj": {"type": "LogFloats", "path": ["metrics", "train", "accuracy"], "values": [{"value": 0.9242666666665127, "step": null, "ts": 1756069496.4914565}]}, "version": 376, "at": 1756069496.4914696}
{"obj": {"type": "LogFloats", "path": ["losses", "val", "loss"], "values": [{"value": 0.33426412938957395, "step": null, "ts": 1756069496.4917402}]}, "version": 377, "at": 1756069496.4917495}
{"obj": {"type": "LogFloats", "path": ["metrics", "val", "accuracy"], "values": [{"value": 0.9687499999990328, "step": null, "ts": 1756069496.4919736}]}, "version": 378, "at": 1756069496.4919832}
{"obj": {"type": "LogFloats", "path": ["losses", "train", "loss"], "values": [{"value": 0.2684807298665828, "step": null, "ts": 1756069499.0260496}]}, "version": 379, "at": 1756069499.026088}
{"obj": {"type": "LogFloats", "path": ["metrics", "train", "accuracy"], "values": [{"value": 0.9230999999998462, "step": null, "ts": 1756069499.026499}]}, "version": 380, "at": 1756069499.0265136}
{"obj": {"type": "LogFloats", "path": ["losses", "val", "loss"], "values": [{"value": 0.3442157506832776, "step": null, "ts": 1756069499.026756}]}, "version": 381, "at": 1756069499.0267723}
{"obj": {"type": "LogFloats", "path": ["metrics", "val", "accuracy"], "values": [{"value": 0.937499999999064, "step": null, "ts": 1756069499.0270011}]}, "version": 382, "at": 1756069499.0270102}
{"obj": {"type": "LogFloats", "path": ["losses", "train", "loss"], "values": [{"value": 0.2661691308841815, "step": null, "ts": 1756069501.2238164}]}, "version": 383, "at": 1756069501.2240436}
{"obj": {"type": "LogFloats", "path": ["metrics", "train", "accuracy"], "values": [{"value": 0.9239666666665127, "step": null, "ts": 1756069501.2249696}]}, "version": 384, "at": 1756069501.2249854}
{"obj": {"type": "LogFloats", "path": ["losses", "val", "loss"], "values": [{"value": 0.2649725973521454, "step": null, "ts": 1756069501.2252295}]}, "version": 385, "at": 1756069501.2252426}
{"obj": {"type": "LogFloats", "path": ["metrics", "val", "accuracy"], "values": [{"value": 0.9687499999990328, "step": null, "ts": 1756069501.2254336}]}, "version": 386, "at": 1756069501.2254426}
{"obj": {"type": "LogFloats", "path": ["losses", "train", "loss"], "values": [{"value": 0.26768625144815733, "step": null, "ts": 1756069503.2172627}]}, "version": 387, "at": 1756069503.2172906}
{"obj": {"type": "LogFloats", "path": ["metrics", "train", "accuracy"], "values": [{"value": 0.9237833333331794, "step": null, "ts": 1756069503.2177103}]}, "version": 388, "at": 1756069503.2177222}
{"obj": {"type": "LogFloats", "path": ["losses", "val", "loss"], "values": [{"value": 0.320037364949492, "step": null, "ts": 1756069503.2179298}]}, "version": 389, "at": 1756069503.2179382}
{"obj": {"type": "LogFloats", "path": ["metrics", "val", "accuracy"], "values": [{"value": 0.9687499999990328, "step": null, "ts": 1756069503.21815}]}, "version": 390, "at": 1756069503.2181573}
{"obj": {"type": "LogFloats", "path": ["losses", "train", "loss"], "values": [{"value": 0.26694194988068626, "step": null, "ts": 1756069506.9254363}]}, "version": 391, "at": 1756069506.9257927}
{"obj": {"type": "LogFloats", "path": ["metrics", "train", "accuracy"], "values": [{"value": 0.9234333333331795, "step": null, "ts": 1756069506.9267645}]}, "version": 392, "at": 1756069506.9267795}
{"obj": {"type": "LogFloats", "path": ["losses", "val", "loss"], "values": [{"value": 0.37142899631267245, "step": null, "ts": 1756069506.926925}]}, "version": 393, "at": 1756069506.9269392}
{"obj": {"type": "LogFloats", "path": ["metrics", "val", "accuracy"], "values": [{"value": 0.937499999999064, "step": null, "ts": 1756069506.9270506}]}, "version": 394, "at": 1756069506.9270556}
{"obj": {"type": "LogFloats", "path": ["losses", "train", "loss"], "values": [{"value": 0.2671054430887759, "step": null, "ts": 1756069509.4223747}]}, "version": 395, "at": 1756069509.4224966}
{"obj": {"type": "LogFloats", "path": ["metrics", "train", "accuracy"], "values": [{"value": 0.9239833333331794, "step": null, "ts": 1756069509.4229758}]}, "version": 396, "at": 1756069509.4229865}
{"obj": {"type": "LogFloats", "path": ["losses", "val", "loss"], "values": [{"value": 0.27791586517399747, "step": null, "ts": 1756069509.4232666}]}, "version": 397, "at": 1756069509.4232776}
{"obj": {"type": "LogFloats", "path": ["metrics", "val", "accuracy"], "values": [{"value": 0.9687499999990328, "step": null, "ts": 1756069509.423528}]}, "version": 398, "at": 1756069509.4235349}
{"obj": {"type": "LogFloats", "path": ["losses", "train", "loss"], "values": [{"value": 0.2673558030461914, "step": null, "ts": 1756069512.3499842}]}, "version": 399, "at": 1756069512.3502467}
{"obj": {"type": "LogFloats", "path": ["metrics", "train", "accuracy"], "values": [{"value": 0.9234499999998461, "step": null, "ts": 1756069512.3509972}]}, "version": 400, "at": 1756069512.3510084}
{"obj": {"type": "LogFloats", "path": ["losses", "val", "loss"], "values": [{"value": 0.47426331041728187, "step": null, "ts": 1756069512.3512218}]}, "version": 401, "at": 1756069512.3512397}
{"obj": {"type": "LogFloats", "path": ["metrics", "val", "accuracy"], "values": [{"value": 0.937499999999064, "step": null, "ts": 1756069512.3513787}]}, "version": 402, "at": 1756069512.3513882}
{"obj": {"type": "LogFloats", "path": ["losses", "train", "loss"], "values": [{"value": 0.2679268310477948, "step": null, "ts": 1756069514.7982612}]}, "version": 403, "at": 1756069514.7983906}
{"obj": {"type": "LogFloats", "path": ["metrics", "train", "accuracy"], "values": [{"value": 0.9232833333331795, "step": null, "ts": 1756069514.7989333}]}, "version": 404, "at": 1756069514.7989466}
{"obj": {"type": "LogFloats", "path": ["losses", "val", "loss"], "values": [{"value": 0.32078349589276645, "step": null, "ts": 1756069514.7991834}]}, "version": 405, "at": 1756069514.799192}
{"obj": {"type": "LogFloats", "path": ["metrics", "val", "accuracy"], "values": [{"value": 0.9687499999990328, "step": null, "ts": 1756069514.7998924}]}, "version": 406, "at": 1756069514.799901}
