{"obj": {"type": "AssignString", "path": ["sys", "description"], "value": ""}, "version": 1, "at": 1756569908.267783}
{"obj": {"type": "AssignString", "path": ["monitoring", "ea67664c", "hostname"], "value": "5e209612c6d1"}, "version": 2, "at": 1756569908.2684343}
{"obj": {"type": "AssignString", "path": ["sys", "hostname"], "value": "5e209612c6d1"}, "version": 3, "at": 1756569908.2688625}
{"obj": {"type": "AssignString", "path": ["monitoring", "ea67664c", "pid"], "value": "10091"}, "version": 4, "at": 1756569908.2692323}
{"obj": {"type": "AssignString", "path": ["monitoring", "ea67664c", "tid"], "value": "281472940818464"}, "version": 5, "at": 1756569908.2695856}
{"obj": {"type": "AssignBool", "path": ["sys", "failed"], "value": false}, "version": 6, "at": 1756569908.2700062}
{"obj": {"type": "LogFloats", "path": ["losses", "train", "loss"], "values": [{"value": 0.9247464475582394, "step": null, "ts": 1756569911.7294176}]}, "version": 7, "at": 1756569911.729513}
{"obj": {"type": "LogFloats", "path": ["losses", "val", "loss"], "values": [{"value": 0.9251680884202795, "step": null, "ts": 1756569911.7300704}]}, "version": 8, "at": 1756569911.730084}
{"obj": {"type": "LogFloats", "path": ["losses", "train", "loss"], "values": [{"value": 0.924746448352968, "step": null, "ts": 1756569915.1704876}]}, "version": 9, "at": 1756569915.17057}
{"obj": {"type": "LogFloats", "path": ["losses", "val", "loss"], "values": [{"value": 0.9251680884202795, "step": null, "ts": 1756569915.171008}]}, "version": 10, "at": 1756569915.1710193}
{"obj": {"type": "LogFloats", "path": ["losses", "train", "loss"], "values": [{"value": 0.9247464468588783, "step": null, "ts": 1756569917.8005238}]}, "version": 11, "at": 1756569917.8005474}
{"obj": {"type": "LogFloats", "path": ["losses", "val", "loss"], "values": [{"value": 0.9251680884202795, "step": null, "ts": 1756569917.8009322}]}, "version": 12, "at": 1756569917.8009477}
{"obj": {"type": "LogFloats", "path": ["losses", "train", "loss"], "values": [{"value": 0.9247464473675046, "step": null, "ts": 1756569920.731608}]}, "version": 13, "at": 1756569920.7316325}
{"obj": {"type": "LogFloats", "path": ["losses", "val", "loss"], "values": [{"value": 0.9251680884202795, "step": null, "ts": 1756569920.7320743}]}, "version": 14, "at": 1756569920.732091}
{"obj": {"type": "LogFloats", "path": ["losses", "train", "loss"], "values": [{"value": 0.9247464472085589, "step": null, "ts": 1756569925.3823059}]}, "version": 15, "at": 1756569925.3826804}
{"obj": {"type": "LogFloats", "path": ["losses", "val", "loss"], "values": [{"value": 0.9251680884202795, "step": null, "ts": 1756569925.383458}]}, "version": 16, "at": 1756569925.383472}
{"obj": {"type": "LogFloats", "path": ["losses", "train", "loss"], "values": [{"value": 0.9247464461277279, "step": null, "ts": 1756569928.078228}]}, "version": 17, "at": 1756569928.0782585}
{"obj": {"type": "LogFloats", "path": ["losses", "val", "loss"], "values": [{"value": 0.9251680884202795, "step": null, "ts": 1756569928.0786593}]}, "version": 18, "at": 1756569928.078674}
{"obj": {"type": "LogFloats", "path": ["losses", "train", "loss"], "values": [{"value": 0.9247464501649493, "step": null, "ts": 1756569931.0527363}]}, "version": 19, "at": 1756569931.0527723}
{"obj": {"type": "LogFloats", "path": ["losses", "val", "loss"], "values": [{"value": 0.9251680884202795, "step": null, "ts": 1756569931.0531147}]}, "version": 20, "at": 1756569931.053125}
{"obj": {"type": "LogFloats", "path": ["losses", "train", "loss"], "values": [{"value": 0.9247464489251727, "step": null, "ts": 1756569934.1594348}]}, "version": 21, "at": 1756569934.1595225}
{"obj": {"type": "LogFloats", "path": ["losses", "val", "loss"], "values": [{"value": 0.9251680884202795, "step": null, "ts": 1756569934.1599724}]}, "version": 22, "at": 1756569934.159986}
{"obj": {"type": "LogFloats", "path": ["losses", "train", "loss"], "values": [{"value": 0.9247464466045652, "step": null, "ts": 1756569939.316609}]}, "version": 23, "at": 1756569939.3167439}
{"obj": {"type": "LogFloats", "path": ["losses", "val", "loss"], "values": [{"value": 0.9251680884202795, "step": null, "ts": 1756569939.3172958}]}, "version": 24, "at": 1756569939.3173065}
{"obj": {"type": "LogFloats", "path": ["losses", "train", "loss"], "values": [{"value": 0.9247464476218178, "step": null, "ts": 1756569942.791873}]}, "version": 25, "at": 1756569942.7919624}
{"obj": {"type": "LogFloats", "path": ["losses", "val", "loss"], "values": [{"value": 0.9251680884202795, "step": null, "ts": 1756569942.7924385}]}, "version": 26, "at": 1756569942.7924516}
{"obj": {"type": "LogFloats", "path": ["losses", "train", "loss"], "values": [{"value": 0.9247464486708595, "step": null, "ts": 1756569946.0366127}]}, "version": 27, "at": 1756569946.0367582}
{"obj": {"type": "LogFloats", "path": ["losses", "val", "loss"], "values": [{"value": 0.9251680884202795, "step": null, "ts": 1756569946.0372837}]}, "version": 28, "at": 1756569946.037303}
{"obj": {"type": "LogFloats", "path": ["losses", "train", "loss"], "values": [{"value": 0.9247464466045652, "step": null, "ts": 1756569948.7832882}]}, "version": 29, "at": 1756569948.783314}
{"obj": {"type": "LogFloats", "path": ["losses", "val", "loss"], "values": [{"value": 0.9251680884202795, "step": null, "ts": 1756569948.7837245}]}, "version": 30, "at": 1756569948.7837353}
{"obj": {"type": "LogFloats", "path": ["losses", "train", "loss"], "values": [{"value": 0.9247464471449806, "step": null, "ts": 1756569951.921376}]}, "version": 31, "at": 1756569951.9214065}
{"obj": {"type": "LogFloats", "path": ["losses", "val", "loss"], "values": [{"value": 0.9251680884202795, "step": null, "ts": 1756569951.9217794}]}, "version": 32, "at": 1756569951.921794}
{"obj": {"type": "LogFloats", "path": ["losses", "train", "loss"], "values": [{"value": 0.9247464479397092, "step": null, "ts": 1756569954.698799}]}, "version": 33, "at": 1756569954.6988597}
{"obj": {"type": "LogFloats", "path": ["losses", "val", "loss"], "values": [{"value": 0.9251680884202795, "step": null, "ts": 1756569954.6993303}]}, "version": 34, "at": 1756569954.69934}
{"obj": {"type": "LogFloats", "path": ["losses", "train", "loss"], "values": [{"value": 0.924746447462872, "step": null, "ts": 1756569957.2754712}]}, "version": 35, "at": 1756569957.2754967}
{"obj": {"type": "LogFloats", "path": ["losses", "val", "loss"], "values": [{"value": 0.9251680884202795, "step": null, "ts": 1756569957.275839}]}, "version": 36, "at": 1756569957.2758532}
{"obj": {"type": "LogFloats", "path": ["losses", "train", "loss"], "values": [{"value": 0.924746449465588, "step": null, "ts": 1756569960.1466138}]}, "version": 37, "at": 1756569960.1466913}
{"obj": {"type": "LogFloats", "path": ["losses", "val", "loss"], "values": [{"value": 0.9251680884202795, "step": null, "ts": 1756569960.1471167}]}, "version": 38, "at": 1756569960.147129}
{"obj": {"type": "LogFloats", "path": ["losses", "train", "loss"], "values": [{"value": 0.9247464473357154, "step": null, "ts": 1756569962.817204}]}, "version": 39, "at": 1756569962.8172314}
{"obj": {"type": "LogFloats", "path": ["losses", "val", "loss"], "values": [{"value": 0.9251680884202795, "step": null, "ts": 1756569962.8176954}]}, "version": 40, "at": 1756569962.8177133}
{"obj": {"type": "LogFloats", "path": ["losses", "train", "loss"], "values": [{"value": 0.9247464505782081, "step": null, "ts": 1756569966.1656249}]}, "version": 41, "at": 1756569966.165691}
{"obj": {"type": "LogFloats", "path": ["losses", "val", "loss"], "values": [{"value": 0.9251680884202795, "step": null, "ts": 1756569966.166352}]}, "version": 42, "at": 1756569966.1663685}
{"obj": {"type": "LogFloats", "path": ["losses", "train", "loss"], "values": [{"value": 0.9247464480350767, "step": null, "ts": 1756569969.9006565}]}, "version": 43, "at": 1756569969.9008484}
{"obj": {"type": "LogFloats", "path": ["losses", "val", "loss"], "values": [{"value": 0.9251680884202795, "step": null, "ts": 1756569969.9023714}]}, "version": 44, "at": 1756569969.9023888}
{"obj": {"type": "LogFloats", "path": ["losses", "train", "loss"], "values": [{"value": 0.9247464481940223, "step": null, "ts": 1756569972.948792}]}, "version": 45, "at": 1756569972.9488323}
{"obj": {"type": "LogFloats", "path": ["losses", "val", "loss"], "values": [{"value": 0.9251680884202795, "step": null, "ts": 1756569972.9514313}]}, "version": 46, "at": 1756569972.9514477}
{"obj": {"type": "LogFloats", "path": ["losses", "train", "loss"], "values": [{"value": 0.9247464478125527, "step": null, "ts": 1756569975.9803965}]}, "version": 47, "at": 1756569975.9804757}
{"obj": {"type": "LogFloats", "path": ["losses", "val", "loss"], "values": [{"value": 0.9251680884202795, "step": null, "ts": 1756569975.9808583}]}, "version": 48, "at": 1756569975.9808686}
{"obj": {"type": "LogFloats", "path": ["losses", "train", "loss"], "values": [{"value": 0.924746448575492, "step": null, "ts": 1756569978.6946502}]}, "version": 49, "at": 1756569978.694671}
{"obj": {"type": "LogFloats", "path": ["losses", "val", "loss"], "values": [{"value": 0.9251680884202795, "step": null, "ts": 1756569978.6950283}]}, "version": 50, "at": 1756569978.6950405}
{"obj": {"type": "LogFloats", "path": ["losses", "train", "loss"], "values": [{"value": 0.9247464488615944, "step": null, "ts": 1756569981.5178998}]}, "version": 51, "at": 1756569981.517929}
{"obj": {"type": "LogFloats", "path": ["losses", "val", "loss"], "values": [{"value": 0.9251680884202795, "step": null, "ts": 1756569981.518381}]}, "version": 52, "at": 1756569981.5183938}
{"obj": {"type": "LogFloats", "path": ["losses", "train", "loss"], "values": [{"value": 0.9247464486390703, "step": null, "ts": 1756569984.342914}]}, "version": 53, "at": 1756569984.3429463}
{"obj": {"type": "LogFloats", "path": ["losses", "val", "loss"], "values": [{"value": 0.9251680884202795, "step": null, "ts": 1756569984.3434129}]}, "version": 54, "at": 1756569984.343429}
{"obj": {"type": "LogFloats", "path": ["losses", "train", "loss"], "values": [{"value": 0.924746448575492, "step": null, "ts": 1756569987.0141401}]}, "version": 55, "at": 1756569987.0141609}
{"obj": {"type": "LogFloats", "path": ["losses", "val", "loss"], "values": [{"value": 0.9251680884202795, "step": null, "ts": 1756569987.014535}]}, "version": 56, "at": 1756569987.0145452}
{"obj": {"type": "LogFloats", "path": ["losses", "train", "loss"], "values": [{"value": 0.9247464487662269, "step": null, "ts": 1756569989.90114}]}, "version": 57, "at": 1756569989.9011772}
{"obj": {"type": "LogFloats", "path": ["losses", "val", "loss"], "values": [{"value": 0.9251680884202795, "step": null, "ts": 1756569989.9018676}]}, "version": 58, "at": 1756569989.9018846}
{"obj": {"type": "LogFloats", "path": ["losses", "train", "loss"], "values": [{"value": 0.9247464495291664, "step": null, "ts": 1756569993.3603961}]}, "version": 59, "at": 1756569993.3604162}
{"obj": {"type": "LogFloats", "path": ["losses", "val", "loss"], "values": [{"value": 0.9251680884202795, "step": null, "ts": 1756569993.360792}]}, "version": 60, "at": 1756569993.360806}
{"obj": {"type": "LogFloats", "path": ["losses", "train", "loss"], "values": [{"value": 0.9247464501331601, "step": null, "ts": 1756569996.7797034}]}, "version": 61, "at": 1756569996.7797725}
{"obj": {"type": "LogFloats", "path": ["losses", "val", "loss"], "values": [{"value": 0.9251680884202795, "step": null, "ts": 1756569996.7805715}]}, "version": 62, "at": 1756569996.7805815}
{"obj": {"type": "LogFloats", "path": ["losses", "train", "loss"], "values": [{"value": 0.924746447240348, "step": null, "ts": 1756570000.2897723}]}, "version": 63, "at": 1756570000.289801}
{"obj": {"type": "LogFloats", "path": ["losses", "val", "loss"], "values": [{"value": 0.9251680884202795, "step": null, "ts": 1756570000.2902205}]}, "version": 64, "at": 1756570000.290236}
{"obj": {"type": "LogFloats", "path": ["losses", "train", "loss"], "values": [{"value": 0.924746448130444, "step": null, "ts": 1756570003.0364735}]}, "version": 65, "at": 1756570003.03651}
{"obj": {"type": "LogFloats", "path": ["losses", "val", "loss"], "values": [{"value": 0.9251680884202795, "step": null, "ts": 1756570003.0368586}]}, "version": 66, "at": 1756570003.0368743}
{"obj": {"type": "LogFloats", "path": ["losses", "train", "loss"], "values": [{"value": 0.9247464473039263, "step": null, "ts": 1756570005.8393104}]}, "version": 67, "at": 1756570005.839343}
{"obj": {"type": "LogFloats", "path": ["losses", "val", "loss"], "values": [{"value": 0.9251680884202795, "step": null, "ts": 1756570005.8397808}]}, "version": 68, "at": 1756570005.839797}
{"obj": {"type": "LogFloats", "path": ["losses", "train", "loss"], "values": [{"value": 0.9247464486072812, "step": null, "ts": 1756570008.6919076}]}, "version": 69, "at": 1756570008.691939}
{"obj": {"type": "LogFloats", "path": ["losses", "val", "loss"], "values": [{"value": 0.9251680884202795, "step": null, "ts": 1756570008.6923037}]}, "version": 70, "at": 1756570008.6923194}
{"obj": {"type": "LogFloats", "path": ["losses", "train", "loss"], "values": [{"value": 0.9247464488615944, "step": null, "ts": 1756570011.5815618}]}, "version": 71, "at": 1756570011.5815885}
{"obj": {"type": "LogFloats", "path": ["losses", "val", "loss"], "values": [{"value": 0.9251680884202795, "step": null, "ts": 1756570011.5819974}]}, "version": 72, "at": 1756570011.5820067}
{"obj": {"type": "LogFloats", "path": ["losses", "train", "loss"], "values": [{"value": 0.92474644790792, "step": null, "ts": 1756570014.2825823}]}, "version": 73, "at": 1756570014.282603}
{"obj": {"type": "LogFloats", "path": ["losses", "val", "loss"], "values": [{"value": 0.9251680884202795, "step": null, "ts": 1756570014.2829545}]}, "version": 74, "at": 1756570014.2829645}
{"obj": {"type": "LogFloats", "path": ["losses", "train", "loss"], "values": [{"value": 0.9247464489251727, "step": null, "ts": 1756570017.3173945}]}, "version": 75, "at": 1756570017.3174224}
{"obj": {"type": "LogFloats", "path": ["losses", "val", "loss"], "values": [{"value": 0.9251680884202795, "step": null, "ts": 1756570017.3177733}]}, "version": 76, "at": 1756570017.3177838}
{"obj": {"type": "LogFloats", "path": ["losses", "train", "loss"], "values": [{"value": 0.9247464500060035, "step": null, "ts": 1756570020.2609935}]}, "version": 77, "at": 1756570020.2610524}
{"obj": {"type": "LogFloats", "path": ["losses", "val", "loss"], "values": [{"value": 0.9251680884202795, "step": null, "ts": 1756570020.2614105}]}, "version": 78, "at": 1756570020.261423}
{"obj": {"type": "LogFloats", "path": ["losses", "train", "loss"], "values": [{"value": 0.9247464482258115, "step": null, "ts": 1756570024.1843705}]}, "version": 79, "at": 1756570024.1845121}
{"obj": {"type": "LogFloats", "path": ["losses", "val", "loss"], "values": [{"value": 0.9251680884202795, "step": null, "ts": 1756570024.1855798}]}, "version": 80, "at": 1756570024.1855974}
{"obj": {"type": "LogFloats", "path": ["losses", "train", "loss"], "values": [{"value": 0.9247464464774086, "step": null, "ts": 1756570028.9178581}]}, "version": 81, "at": 1756570028.9182265}
{"obj": {"type": "LogFloats", "path": ["losses", "val", "loss"], "values": [{"value": 0.9251680884202795, "step": null, "ts": 1756570028.9211836}]}, "version": 82, "at": 1756570028.9212024}
{"obj": {"type": "LogFloats", "path": ["losses", "train", "loss"], "values": [{"value": 0.9247464454601559, "step": null, "ts": 1756570032.1121767}]}, "version": 83, "at": 1756570032.1122034}
{"obj": {"type": "LogFloats", "path": ["losses", "val", "loss"], "values": [{"value": 0.9251680884202795, "step": null, "ts": 1756570032.112535}]}, "version": 84, "at": 1756570032.1125464}
{"obj": {"type": "LogFloats", "path": ["losses", "train", "loss"], "values": [{"value": 0.9247464471449806, "step": null, "ts": 1756570035.3750534}]}, "version": 85, "at": 1756570035.3751264}
{"obj": {"type": "LogFloats", "path": ["losses", "val", "loss"], "values": [{"value": 0.9251680884202795, "step": null, "ts": 1756570035.3756382}]}, "version": 86, "at": 1756570035.3756528}
{"obj": {"type": "LogFloats", "path": ["losses", "train", "loss"], "values": [{"value": 0.9247464487026487, "step": null, "ts": 1756570038.462703}]}, "version": 87, "at": 1756570038.4627316}
{"obj": {"type": "LogFloats", "path": ["losses", "val", "loss"], "values": [{"value": 0.9251680884202795, "step": null, "ts": 1756570038.4630778}]}, "version": 88, "at": 1756570038.4630916}
{"obj": {"type": "LogFloats", "path": ["losses", "train", "loss"], "values": [{"value": 0.9247464486708595, "step": null, "ts": 1756570041.8185477}]}, "version": 89, "at": 1756570041.8186214}
{"obj": {"type": "LogFloats", "path": ["losses", "val", "loss"], "values": [{"value": 0.9251680884202795, "step": null, "ts": 1756570041.819038}]}, "version": 90, "at": 1756570041.8190498}
{"obj": {"type": "LogFloats", "path": ["losses", "train", "loss"], "values": [{"value": 0.9247464464774086, "step": null, "ts": 1756570045.0065193}]}, "version": 91, "at": 1756570045.0065458}
{"obj": {"type": "LogFloats", "path": ["losses", "val", "loss"], "values": [{"value": 0.9251680884202795, "step": null, "ts": 1756570045.0071766}]}, "version": 92, "at": 1756570045.0071926}
{"obj": {"type": "LogFloats", "path": ["losses", "train", "loss"], "values": [{"value": 0.9247464472721372, "step": null, "ts": 1756570048.9684303}]}, "version": 93, "at": 1756570048.9685512}
{"obj": {"type": "LogFloats", "path": ["losses", "val", "loss"], "values": [{"value": 0.9251680884202795, "step": null, "ts": 1756570048.969043}]}, "version": 94, "at": 1756570048.9690537}
{"obj": {"type": "LogFloats", "path": ["losses", "train", "loss"], "values": [{"value": 0.9247464492112749, "step": null, "ts": 1756570052.6590567}]}, "version": 95, "at": 1756570052.6592934}
{"obj": {"type": "LogFloats", "path": ["losses", "val", "loss"], "values": [{"value": 0.9251680884202795, "step": null, "ts": 1756570052.6599257}]}, "version": 96, "at": 1756570052.6599407}
{"obj": {"type": "LogFloats", "path": ["losses", "train", "loss"], "values": [{"value": 0.9247464478125527, "step": null, "ts": 1756570056.9189177}]}, "version": 97, "at": 1756570056.9190242}
{"obj": {"type": "LogFloats", "path": ["losses", "val", "loss"], "values": [{"value": 0.9251680884202795, "step": null, "ts": 1756570056.919933}]}, "version": 98, "at": 1756570056.9199777}
{"obj": {"type": "LogFloats", "path": ["losses", "train", "loss"], "values": [{"value": 0.9247464493066424, "step": null, "ts": 1756570062.1326067}]}, "version": 99, "at": 1756570062.1328144}
{"obj": {"type": "LogFloats", "path": ["losses", "val", "loss"], "values": [{"value": 0.9251680884202795, "step": null, "ts": 1756570062.1337848}]}, "version": 100, "at": 1756570062.1337998}
{"obj": {"type": "LogFloats", "path": ["losses", "train", "loss"], "values": [{"value": 0.9247464477489743, "step": null, "ts": 1756570066.2899117}]}, "version": 101, "at": 1756570066.2899706}
{"obj": {"type": "LogFloats", "path": ["losses", "val", "loss"], "values": [{"value": 0.9251680884202795, "step": null, "ts": 1756570066.2904372}]}, "version": 102, "at": 1756570066.2904487}
{"obj": {"type": "LogFloats", "path": ["losses", "train", "loss"], "values": [{"value": 0.9247464475900286, "step": null, "ts": 1756570070.2251723}]}, "version": 103, "at": 1756570070.2255378}
{"obj": {"type": "LogFloats", "path": ["losses", "val", "loss"], "values": [{"value": 0.9251680884202795, "step": null, "ts": 1756570070.2262487}]}, "version": 104, "at": 1756570070.2262623}
{"obj": {"type": "LogFloats", "path": ["losses", "train", "loss"], "values": [{"value": 0.9247464490841184, "step": null, "ts": 1756570074.6287494}]}, "version": 105, "at": 1756570074.6287801}
{"obj": {"type": "LogFloats", "path": ["losses", "val", "loss"], "values": [{"value": 0.9251680884202795, "step": null, "ts": 1756570074.629263}]}, "version": 106, "at": 1756570074.6292799}
{"obj": {"type": "LogFloats", "path": ["losses", "train", "loss"], "values": [{"value": 0.9247464490841184, "step": null, "ts": 1756570078.6901882}]}, "version": 107, "at": 1756570078.690381}
{"obj": {"type": "LogFloats", "path": ["losses", "val", "loss"], "values": [{"value": 0.9251680884202795, "step": null, "ts": 1756570078.6909792}]}, "version": 108, "at": 1756570078.6909952}
{"obj": {"type": "LogFloats", "path": ["losses", "train", "loss"], "values": [{"value": 0.92474644790792, "step": null, "ts": 1756570083.0708888}]}, "version": 109, "at": 1756570083.0709188}
{"obj": {"type": "LogFloats", "path": ["losses", "val", "loss"], "values": [{"value": 0.9251680884202795, "step": null, "ts": 1756570083.0714927}]}, "version": 110, "at": 1756570083.0715137}
{"obj": {"type": "LogFloats", "path": ["losses", "train", "loss"], "values": [{"value": 0.9247464483211789, "step": null, "ts": 1756570087.045608}]}, "version": 111, "at": 1756570087.0456421}
{"obj": {"type": "LogFloats", "path": ["losses", "val", "loss"], "values": [{"value": 0.9251680884202795, "step": null, "ts": 1756570087.0480776}]}, "version": 112, "at": 1756570087.0480947}
{"obj": {"type": "LogFloats", "path": ["losses", "train", "loss"], "values": [{"value": 0.9247464463502519, "step": null, "ts": 1756570091.5561213}]}, "version": 113, "at": 1756570091.5570626}
{"obj": {"type": "LogFloats", "path": ["losses", "val", "loss"], "values": [{"value": 0.9251680884202795, "step": null, "ts": 1756570091.5590978}]}, "version": 114, "at": 1756570091.559115}
{"obj": {"type": "LogFloats", "path": ["losses", "train", "loss"], "values": [{"value": 0.9247464484165463, "step": null, "ts": 1756570096.0282178}]}, "version": 115, "at": 1756570096.02826}
{"obj": {"type": "LogFloats", "path": ["losses", "val", "loss"], "values": [{"value": 0.9251680884202795, "step": null, "ts": 1756570096.0287206}]}, "version": 116, "at": 1756570096.02874}
{"obj": {"type": "LogFloats", "path": ["losses", "train", "loss"], "values": [{"value": 0.9247464494337989, "step": null, "ts": 1756570101.26377}]}, "version": 117, "at": 1756570101.264314}
{"obj": {"type": "LogFloats", "path": ["losses", "val", "loss"], "values": [{"value": 0.9251680884202795, "step": null, "ts": 1756570101.2656922}]}, "version": 118, "at": 1756570101.265713}
{"obj": {"type": "LogFloats", "path": ["losses", "train", "loss"], "values": [{"value": 0.9247464473039263, "step": null, "ts": 1756570106.4832718}]}, "version": 119, "at": 1756570106.4834502}
{"obj": {"type": "LogFloats", "path": ["losses", "val", "loss"], "values": [{"value": 0.9251680884202795, "step": null, "ts": 1756570106.4840615}]}, "version": 120, "at": 1756570106.484076}
{"obj": {"type": "LogFloats", "path": ["losses", "train", "loss"], "values": [{"value": 0.9247464469542457, "step": null, "ts": 1756570110.782097}]}, "version": 121, "at": 1756570110.7821336}
{"obj": {"type": "LogFloats", "path": ["losses", "val", "loss"], "values": [{"value": 0.9251680884202795, "step": null, "ts": 1756570110.7826095}]}, "version": 122, "at": 1756570110.782623}
{"obj": {"type": "LogFloats", "path": ["losses", "train", "loss"], "values": [{"value": 0.9247464467953, "step": null, "ts": 1756570115.107202}]}, "version": 123, "at": 1756570115.1072288}
{"obj": {"type": "LogFloats", "path": ["losses", "val", "loss"], "values": [{"value": 0.9251680884202795, "step": null, "ts": 1756570115.1077235}]}, "version": 124, "at": 1756570115.107738}
{"obj": {"type": "LogFloats", "path": ["losses", "train", "loss"], "values": [{"value": 0.9247464475582394, "step": null, "ts": 1756570119.8919275}]}, "version": 125, "at": 1756570119.8920815}
{"obj": {"type": "LogFloats", "path": ["losses", "val", "loss"], "values": [{"value": 0.9251680884202795, "step": null, "ts": 1756570119.8926778}]}, "version": 126, "at": 1756570119.8926916}
{"obj": {"type": "LogFloats", "path": ["losses", "train", "loss"], "values": [{"value": 0.924746447462872, "step": null, "ts": 1756570124.6994245}]}, "version": 127, "at": 1756570124.699457}
{"obj": {"type": "LogFloats", "path": ["losses", "val", "loss"], "values": [{"value": 0.9251680884202795, "step": null, "ts": 1756570124.7001173}]}, "version": 128, "at": 1756570124.7001317}
{"obj": {"type": "LogFloats", "path": ["losses", "train", "loss"], "values": [{"value": 0.9247464480986549, "step": null, "ts": 1756570128.8289003}]}, "version": 129, "at": 1756570128.8289354}
{"obj": {"type": "LogFloats", "path": ["losses", "val", "loss"], "values": [{"value": 0.9251680884202795, "step": null, "ts": 1756570128.8293593}]}, "version": 130, "at": 1756570128.8293855}
{"obj": {"type": "LogFloats", "path": ["losses", "train", "loss"], "values": [{"value": 0.924746448130444, "step": null, "ts": 1756570132.8109593}]}, "version": 131, "at": 1756570132.8109906}
{"obj": {"type": "LogFloats", "path": ["losses", "val", "loss"], "values": [{"value": 0.9251680884202795, "step": null, "ts": 1756570132.811472}]}, "version": 132, "at": 1756570132.8114982}
{"obj": {"type": "LogFloats", "path": ["losses", "train", "loss"], "values": [{"value": 0.9247464480032874, "step": null, "ts": 1756570137.0851095}]}, "version": 133, "at": 1756570137.0852988}
{"obj": {"type": "LogFloats", "path": ["losses", "val", "loss"], "values": [{"value": 0.9251680884202795, "step": null, "ts": 1756570137.0858915}]}, "version": 134, "at": 1756570137.0859046}
{"obj": {"type": "LogFloats", "path": ["losses", "train", "loss"], "values": [{"value": 0.9247464473675046, "step": null, "ts": 1756570141.3267646}]}, "version": 135, "at": 1756570141.3267941}
{"obj": {"type": "LogFloats", "path": ["losses", "val", "loss"], "values": [{"value": 0.9251680884202795, "step": null, "ts": 1756570141.3272495}]}, "version": 136, "at": 1756570141.3272662}
{"obj": {"type": "LogFloats", "path": ["losses", "train", "loss"], "values": [{"value": 0.9247464477171852, "step": null, "ts": 1756570145.370714}]}, "version": 137, "at": 1756570145.3707507}
{"obj": {"type": "LogFloats", "path": ["losses", "val", "loss"], "values": [{"value": 0.9251680884202795, "step": null, "ts": 1756570145.371908}]}, "version": 138, "at": 1756570145.371928}
{"obj": {"type": "LogFloats", "path": ["losses", "train", "loss"], "values": [{"value": 0.9247464460323606, "step": null, "ts": 1756570150.053881}]}, "version": 139, "at": 1756570150.0540354}
{"obj": {"type": "LogFloats", "path": ["losses", "val", "loss"], "values": [{"value": 0.9251680884202795, "step": null, "ts": 1756570150.0545874}]}, "version": 140, "at": 1756570150.054602}
{"obj": {"type": "LogFloats", "path": ["losses", "train", "loss"], "values": [{"value": 0.9247464480032874, "step": null, "ts": 1756570154.5152287}]}, "version": 141, "at": 1756570154.5152578}
{"obj": {"type": "LogFloats", "path": ["losses", "val", "loss"], "values": [{"value": 0.9251680884202795, "step": null, "ts": 1756570154.515737}]}, "version": 142, "at": 1756570154.5157604}
{"obj": {"type": "LogFloats", "path": ["losses", "train", "loss"], "values": [{"value": 0.9247464470814023, "step": null, "ts": 1756570158.8617275}]}, "version": 143, "at": 1756570158.861761}
{"obj": {"type": "LogFloats", "path": ["losses", "val", "loss"], "values": [{"value": 0.9251680884202795, "step": null, "ts": 1756570158.8622208}]}, "version": 144, "at": 1756570158.8622386}
{"obj": {"type": "LogFloats", "path": ["losses", "train", "loss"], "values": [{"value": 0.9247464491159075, "step": null, "ts": 1756570162.7371233}]}, "version": 145, "at": 1756570162.73724}
{"obj": {"type": "LogFloats", "path": ["losses", "val", "loss"], "values": [{"value": 0.9251680884202795, "step": null, "ts": 1756570162.737783}]}, "version": 146, "at": 1756570162.7377968}
{"obj": {"type": "LogFloats", "path": ["losses", "train", "loss"], "values": [{"value": 0.9247464479397092, "step": null, "ts": 1756570167.197872}]}, "version": 147, "at": 1756570167.1980767}
{"obj": {"type": "LogFloats", "path": ["losses", "val", "loss"], "values": [{"value": 0.9251680884202795, "step": null, "ts": 1756570167.1985958}]}, "version": 148, "at": 1756570167.198608}
{"obj": {"type": "LogFloats", "path": ["losses", "train", "loss"], "values": [{"value": 0.9247464491159075, "step": null, "ts": 1756570171.984492}]}, "version": 149, "at": 1756570171.9846196}
{"obj": {"type": "LogFloats", "path": ["losses", "val", "loss"], "values": [{"value": 0.9251680884202795, "step": null, "ts": 1756570171.9852781}]}, "version": 150, "at": 1756570171.9852958}
{"obj": {"type": "LogFloats", "path": ["losses", "train", "loss"], "values": [{"value": 0.9247464473357154, "step": null, "ts": 1756570176.007469}]}, "version": 151, "at": 1756570176.0075476}
{"obj": {"type": "LogFloats", "path": ["losses", "val", "loss"], "values": [{"value": 0.9251680884202795, "step": null, "ts": 1756570176.0080092}]}, "version": 152, "at": 1756570176.0080264}
{"obj": {"type": "LogFloats", "path": ["losses", "train", "loss"], "values": [{"value": 0.924746448352968, "step": null, "ts": 1756570180.3937964}]}, "version": 153, "at": 1756570180.3938458}
{"obj": {"type": "LogFloats", "path": ["losses", "val", "loss"], "values": [{"value": 0.9251680884202795, "step": null, "ts": 1756570180.394337}]}, "version": 154, "at": 1756570180.3943563}
{"obj": {"type": "LogFloats", "path": ["losses", "train", "loss"], "values": [{"value": 0.924746446572776, "step": null, "ts": 1756570184.4210663}]}, "version": 155, "at": 1756570184.4210985}
{"obj": {"type": "LogFloats", "path": ["losses", "val", "loss"], "values": [{"value": 0.9251680884202795, "step": null, "ts": 1756570184.4214456}]}, "version": 156, "at": 1756570184.4214587}
{"obj": {"type": "LogFloats", "path": ["losses", "train", "loss"], "values": [{"value": 0.9247464472085589, "step": null, "ts": 1756570188.2550375}]}, "version": 157, "at": 1756570188.255074}
{"obj": {"type": "LogFloats", "path": ["losses", "val", "loss"], "values": [{"value": 0.9251680884202795, "step": null, "ts": 1756570188.2555315}]}, "version": 158, "at": 1756570188.2555525}
{"obj": {"type": "LogFloats", "path": ["losses", "train", "loss"], "values": [{"value": 0.9247464485437029, "step": null, "ts": 1756570192.202291}]}, "version": 159, "at": 1756570192.202375}
{"obj": {"type": "LogFloats", "path": ["losses", "val", "loss"], "values": [{"value": 0.9251680884202795, "step": null, "ts": 1756570192.2028785}]}, "version": 160, "at": 1756570192.2028906}
{"obj": {"type": "LogFloats", "path": ["losses", "train", "loss"], "values": [{"value": 0.9247464465409868, "step": null, "ts": 1756570196.0602117}]}, "version": 161, "at": 1756570196.0602403}
{"obj": {"type": "LogFloats", "path": ["losses", "val", "loss"], "values": [{"value": 0.9251680884202795, "step": null, "ts": 1756570196.0606682}]}, "version": 162, "at": 1756570196.0606842}
{"obj": {"type": "LogFloats", "path": ["losses", "train", "loss"], "values": [{"value": 0.9247464491476967, "step": null, "ts": 1756570199.936648}]}, "version": 163, "at": 1756570199.9366784}
{"obj": {"type": "LogFloats", "path": ["losses", "val", "loss"], "values": [{"value": 0.9251680884202795, "step": null, "ts": 1756570199.9371068}]}, "version": 164, "at": 1756570199.9371243}
{"obj": {"type": "LogFloats", "path": ["losses", "train", "loss"], "values": [{"value": 0.92474644902054, "step": null, "ts": 1756570204.0529978}]}, "version": 165, "at": 1756570204.0531163}
{"obj": {"type": "LogFloats", "path": ["losses", "val", "loss"], "values": [{"value": 0.9251680884202795, "step": null, "ts": 1756570204.0536299}]}, "version": 166, "at": 1756570204.0536437}
{"obj": {"type": "LogFloats", "path": ["losses", "train", "loss"], "values": [{"value": 0.9247464496245338, "step": null, "ts": 1756570207.7860665}]}, "version": 167, "at": 1756570207.7860909}
{"obj": {"type": "LogFloats", "path": ["losses", "val", "loss"], "values": [{"value": 0.9251680884202795, "step": null, "ts": 1756570207.7864974}]}, "version": 168, "at": 1756570207.7865136}
{"obj": {"type": "LogFloats", "path": ["losses", "train", "loss"], "values": [{"value": 0.9247464454919451, "step": null, "ts": 1756570212.4397197}]}, "version": 169, "at": 1756570212.439994}
{"obj": {"type": "LogFloats", "path": ["losses", "val", "loss"], "values": [{"value": 0.9251680884202795, "step": null, "ts": 1756570212.4409857}]}, "version": 170, "at": 1756570212.4410028}
